2026-04-15 20:30:09,633 : INFO : root : Loading config.
2026-04-15 20:30:09,637 : INFO : YamlMultifileConfigLoader : Machine config file #1: config.yaml
2026-04-15 20:30:09,638 : WARNING : ConfigProcessor : Config file in cache changed: C:\Users\Lukas\Documents\TSPP\config\config.yaml
2026-04-15 20:30:09,638 : INFO : ConfigProcessor : Loading config from file C:\Users\Lukas\mpftspp\lib\site-packages\mpf\mpfconfig.yaml.
2026-04-15 20:30:09,647 : INFO : ConfigProcessor : Loading config: C:\Users\Lukas\mpftspp\lib\site-packages\mpf\mpfconfig.yaml
2026-04-15 20:30:09,647 : INFO : ConfigProcessor : Loading config from file C:\Users\Lukas\Documents\TSPP\config\config.yaml.
2026-04-15 20:30:09,648 : INFO : ConfigProcessor : Loading config: C:\Users\Lukas\Documents\TSPP\config\config.yaml
2026-04-15 20:30:09,649 : INFO : ConfigProcessor : Loading config: C:\Users\Lukas\Documents\TSPP\config\config_ball_devices.yaml
2026-04-15 20:30:09,650 : INFO : ConfigProcessor : Loading config: C:\Users\Lukas\Documents\TSPP\config\config_coils.yaml
2026-04-15 20:30:09,652 : INFO : ConfigProcessor : Loading config: C:\Users\Lukas\Documents\TSPP\config\config_switches.yaml
2026-04-15 20:30:09,653 : INFO : ConfigProcessor : Loading config: C:\Users\Lukas\Documents\TSPP\config\config_common.yaml
2026-04-15 20:30:09,655 : INFO : ConfigProcessor : Config file cache created: C:\Users\Lukas\AppData\Local\Temp\32f39c1debf2d9ee836c41c94f408ffc.mpf_cache
2026-04-15 20:30:09,728 : INFO : ConfigProcessor : Loading config from cache: C:\Users\Lukas\AppData\Local\Temp\1cf6e080e232be7da984fc3f9f606af5.mpf_cache
2026-04-15 20:30:09,729 : INFO : ConfigProcessor : Loading config from cache: C:\Users\Lukas\AppData\Local\Temp\d5d281e4d67cd36b56e6e575dc21d22a.mpf_cache
2026-04-15 20:30:09,731 : INFO : ConfigProcessor : Loading config from cache: C:\Users\Lukas\AppData\Local\Temp\1cf6e080e232be7da984fc3f9f606af5.mpf_cache
2026-04-15 20:30:09,731 : INFO : ConfigProcessor : Loading config from cache: C:\Users\Lukas\AppData\Local\Temp\e915a77df2eb7c954f1557e6bd49ea48.mpf_cache
2026-04-15 20:30:09,733 : INFO : ConfigProcessor : Loading config from cache: C:\Users\Lukas\AppData\Local\Temp\6720abd7d78775ec476d92be447cc36c.mpf_cache
2026-04-15 20:30:09,735 : INFO : ConfigProcessor : Loading config from cache: C:\Users\Lukas\AppData\Local\Temp\5c55177e8fd0a80aca73e5066ec16461.mpf_cache
2026-04-15 20:30:09,736 : INFO : Machine : Mission Pinball Framework Core Engine v0.80.0.dev14
2026-04-15 20:30:09,736 : INFO : Machine : Command line arguments: {'no_load_cache': False, 'create_config_cache': True, 'bcp': True, 'configfile': ['config.yaml'], 'force_assets_load': False, 'platform_integration_test': False, 'jsonlogging': False, 'logfile': 'logs\\2026-04-15-20-30-09-mpf-DESKTOP-24N7989.log', 'pause': False, 'production': False, 'text_ui': True, 'loglevel': 15, 'consoleloglevel': 20, 'force_platform': 'smart_virtual', 'syslog_address': None, 'full_logfile_path': 'C:\\Users\\Lukas\\Documents\\TSPP\\logs\\2026-04-15-20-30-09-mpf-DESKTOP-24N7989.log'}
2026-04-15 20:30:09,736 : INFO : Machine : MPF path: C:\Users\Lukas\mpftspp\lib\site-packages\mpf
2026-04-15 20:30:09,736 : INFO : Machine : Machine path: C:\Users\Lukas\Documents\TSPP
2026-04-15 20:30:09,736 : INFO : Machine : Platform: win32
2026-04-15 20:30:09,736 : INFO : Machine : Python executable location: C:\Users\Lukas\mpftspp\Scripts\python.exe
2026-04-15 20:30:09,736 : INFO : Machine : Python version: 3.10.0 (64-bit)
2026-04-15 20:30:09,737 : INFO : Machine : Initializing MPF...
2026-04-15 20:30:09,947 : INFO : EventManager : Event: ======'machine_var_credits_string'====== Args={'value': 'FREE PLAY', 'prev_value': None, 'change': True}
2026-04-15 20:30:09,963 : INFO : EventManager : Event: ======'machine_var_master_volume'====== Args={'value': 0.5, 'prev_value': None, 'change': True}
2026-04-15 20:30:09,963 : INFO : EventManager : Event: ======'machine_var_mpf_version'====== Args={'value': 'Mission Pinball Framework v0.80.0.dev14', 'prev_value': None, 'change': True}
2026-04-15 20:30:09,963 : INFO : EventManager : Event: ======'machine_var_mpf_extended_version'====== Args={'value': 'Mission Pinball Framework v0.80.0.dev14, Config version:6, Show version: 6, BCP version:1.1', 'prev_value': None, 'change': True}
2026-04-15 20:30:09,963 : INFO : EventManager : Event: ======'machine_var_python_version'====== Args={'value': '3.10.0', 'prev_value': None, 'change': True}
2026-04-15 20:30:09,977 : INFO : EventManager : Event: ======'machine_var_platform'====== Args={'value': 'Windows-10-10.0.26200-SP0', 'prev_value': None, 'change': True}
2026-04-15 20:30:09,977 : INFO : EventManager : Event: ======'machine_var_platform_system'====== Args={'value': 'Windows', 'prev_value': None, 'change': True}
2026-04-15 20:30:09,977 : INFO : EventManager : Event: ======'machine_var_platform_release'====== Args={'value': '10', 'prev_value': None, 'change': True}
2026-04-15 20:30:09,977 : INFO : EventManager : Event: ======'machine_var_platform_version'====== Args={'value': '10.0.26200', 'prev_value': None, 'change': True}
2026-04-15 20:30:09,977 : INFO : EventManager : Event: ======'machine_var_platform_machine'====== Args={'value': 'AMD64', 'prev_value': None, 'change': True}
2026-04-15 20:30:09,977 : INFO : EventManager : Event: ======'machine_var_log_file_path'====== Args={'value': 'C:\\Users\\Lukas\\Documents\\TSPP\\logs\\2026-04-15-20-30-09-mpf-DESKTOP-24N7989.log', 'prev_value': None, 'change': True}
2026-04-15 20:30:09,977 : INFO : EventManager : Event: ======'init_phase_1'====== Args={}
2026-04-15 20:30:10,003 : INFO : EventManager : Event: ======'init_phase_2'====== Args={}
2026-04-15 20:30:10,003 : INFO : SwitchController : Found active switch: ('1-0-8', <Platform.SmartVirtual>) <switch.s_trough_1>
2026-04-15 20:30:10,003 : INFO : SwitchController : Found active switch: ('1-0-9', <Platform.SmartVirtual>) <switch.s_trough_2>
2026-04-15 20:30:10,003 : INFO : SwitchController : Found active switch: ('1-0-10', <Platform.SmartVirtual>) <switch.s_trough_3>
2026-04-15 20:30:10,005 : INFO : EventManager : Event: ======'bcp_connection_attempt'====== Args={'name': 'local_display', 'host': 'localhost', 'port': 5050}
2026-04-15 20:30:10,007 : INFO : BCPClientSocket : Connecting BCP to 'local_display' at localhost:5050...
2026-04-15 20:30:28,887 : INFO : Machine : Starting the main run loop with active modes: []
2026-04-15 20:30:28,888 : WARNING : Machine : Attract mode is not active, game will not be playable. Please check your attract mode configuration.
2026-04-15 20:30:28,888 : INFO : Machine : Shutting down...
2026-04-15 20:30:28,888 : INFO : EventManager : Event: ======'shutdown'====== Args={}
2026-04-15 20:30:29,909 : INFO : root : MPF run loop ended.
