2026-04-13 17:22:24,333 : INFO : root : Loading config.
2026-04-13 17:22:24,336 : INFO : YamlMultifileConfigLoader : Machine config file #1: config.yaml
2026-04-13 17:22:24,337 : INFO : ConfigProcessor : Loading config from cache: C:\Users\Lukas\AppData\Local\Temp\32f39c1debf2d9ee836c41c94f408ffc.mpf_cache
2026-04-13 17:22:24,404 : INFO : ConfigProcessor : Loading config from cache: C:\Users\Lukas\AppData\Local\Temp\1cf6e080e232be7da984fc3f9f606af5.mpf_cache
2026-04-13 17:22:24,405 : INFO : ConfigProcessor : Loading config from cache: C:\Users\Lukas\AppData\Local\Temp\d5d281e4d67cd36b56e6e575dc21d22a.mpf_cache
2026-04-13 17:22:24,405 : INFO : ConfigProcessor : Loading config from cache: C:\Users\Lukas\AppData\Local\Temp\1cf6e080e232be7da984fc3f9f606af5.mpf_cache
2026-04-13 17:22:24,405 : INFO : ConfigProcessor : Loading config from cache: C:\Users\Lukas\AppData\Local\Temp\e915a77df2eb7c954f1557e6bd49ea48.mpf_cache
2026-04-13 17:22:24,405 : INFO : ConfigProcessor : Loading config from cache: C:\Users\Lukas\AppData\Local\Temp\6720abd7d78775ec476d92be447cc36c.mpf_cache
2026-04-13 17:22:24,409 : INFO : ConfigProcessor : Loading config from cache: C:\Users\Lukas\AppData\Local\Temp\5c55177e8fd0a80aca73e5066ec16461.mpf_cache
2026-04-13 17:22:24,410 : INFO : Machine : Mission Pinball Framework Core Engine v0.80.0.dev14
2026-04-13 17:22:24,410 : INFO : Machine : Command line arguments: {'no_load_cache': False, 'create_config_cache': True, 'bcp': True, 'configfile': ['config.yaml'], 'force_assets_load': False, 'platform_integration_test': False, 'jsonlogging': False, 'logfile': 'logs\\2026-04-13-17-22-24-mpf-DESKTOP-24N7989.log', 'pause': False, 'production': False, 'text_ui': True, 'loglevel': 15, 'consoleloglevel': 20, 'force_platform': None, 'syslog_address': None, 'full_logfile_path': 'C:\\Users\\Lukas\\Documents\\TSPP\\logs\\2026-04-13-17-22-24-mpf-DESKTOP-24N7989.log'}
2026-04-13 17:22:24,410 : INFO : Machine : MPF path: C:\Users\Lukas\mpftspp\lib\site-packages\mpf
2026-04-13 17:22:24,410 : INFO : Machine : Machine path: C:\Users\Lukas\Documents\TSPP
2026-04-13 17:22:24,410 : INFO : Machine : Platform: win32
2026-04-13 17:22:24,410 : INFO : Machine : Python executable location: C:\Users\Lukas\mpftspp\Scripts\python.exe
2026-04-13 17:22:24,410 : INFO : Machine : Python version: 3.10.0 (64-bit)
2026-04-13 17:22:24,411 : INFO : Machine : Initializing MPF...
2026-04-13 17:22:24,665 : INFO : EventManager : Event: ======'machine_var_credits_string'====== Args={'value': 'FREE PLAY', 'prev_value': None, 'change': True}
2026-04-13 17:22:24,680 : INFO : EventManager : Event: ======'machine_var_master_volume'====== Args={'value': 0.5, 'prev_value': None, 'change': True}
2026-04-13 17:22:24,680 : INFO : EventManager : Event: ======'machine_var_mpf_version'====== Args={'value': 'Mission Pinball Framework v0.80.0.dev14', 'prev_value': None, 'change': True}
2026-04-13 17:22:24,680 : INFO : EventManager : Event: ======'machine_var_mpf_extended_version'====== Args={'value': 'Mission Pinball Framework v0.80.0.dev14, Config version:6, Show version: 6, BCP version:1.1', 'prev_value': None, 'change': True}
2026-04-13 17:22:24,680 : INFO : EventManager : Event: ======'machine_var_python_version'====== Args={'value': '3.10.0', 'prev_value': None, 'change': True}
2026-04-13 17:22:24,707 : INFO : EventManager : Event: ======'machine_var_platform'====== Args={'value': 'Windows-10-10.0.26200-SP0', 'prev_value': None, 'change': True}
2026-04-13 17:22:24,708 : INFO : EventManager : Event: ======'machine_var_platform_system'====== Args={'value': 'Windows', 'prev_value': None, 'change': True}
2026-04-13 17:22:24,708 : INFO : EventManager : Event: ======'machine_var_platform_release'====== Args={'value': '10', 'prev_value': None, 'change': True}
2026-04-13 17:22:24,708 : INFO : EventManager : Event: ======'machine_var_platform_version'====== Args={'value': '10.0.26200', 'prev_value': None, 'change': True}
2026-04-13 17:22:24,708 : INFO : EventManager : Event: ======'machine_var_platform_machine'====== Args={'value': 'AMD64', 'prev_value': None, 'change': True}
2026-04-13 17:22:24,708 : INFO : EventManager : Event: ======'machine_var_log_file_path'====== Args={'value': 'C:\\Users\\Lukas\\Documents\\TSPP\\logs\\2026-04-13-17-22-24-mpf-DESKTOP-24N7989.log', 'prev_value': None, 'change': True}
2026-04-13 17:22:24,708 : INFO : EventManager : Event: ======'init_phase_1'====== Args={}
2026-04-13 17:22:24,724 : INFO : EventManager : Event: ======'init_phase_2'====== Args={}
2026-04-13 17:22:24,725 : INFO : SwitchController : Found active switch: ('1-0-8', <Platform.SmartVirtual>) <switch.s_trough_1>
2026-04-13 17:22:24,725 : INFO : SwitchController : Found active switch: ('1-0-9', <Platform.SmartVirtual>) <switch.s_trough_2>
2026-04-13 17:22:24,725 : INFO : SwitchController : Found active switch: ('1-0-10', <Platform.SmartVirtual>) <switch.s_trough_3>
2026-04-13 17:22:24,726 : INFO : EventManager : Event: ======'bcp_connection_attempt'====== Args={'name': 'local_display', 'host': 'localhost', 'port': 5050}
2026-04-13 17:22:24,728 : INFO : BCPClientSocket : Connecting BCP to 'local_display' at localhost:5050...
2026-04-13 17:22:31,946 : INFO : BCPClientSocket : Connected BCP to 'local_display' localhost:5050
2026-04-13 17:22:31,947 : INFO : EventManager : Event: ======'bcp_clients_connected'====== Args={}
2026-04-13 17:22:32,281 : INFO : ball_device.bd_drain : BCH: Initial count: 0
2026-04-13 17:22:32,281 : INFO : ball_device.bd_drain : State: idle
2026-04-13 17:22:32,282 : INFO : ball_device.bd_trough : BCH: Initial count: 3
2026-04-13 17:22:32,283 : INFO : ball_device.bd_trough : State: idle
2026-04-13 17:22:32,284 : INFO : ball_device.bd_plunger : BCH: Initial count: 0
2026-04-13 17:22:32,284 : INFO : ball_device.bd_plunger : State: idle
2026-04-13 17:22:32,303 : INFO : EventManager : Event: ======'init_phase_3'====== Args={}
2026-04-13 17:22:32,306 : INFO : EventManager : Event: ======'init_phase_4'====== Args={}
2026-04-13 17:22:32,307 : INFO : BallController : Initial balls found: 3
2026-04-13 17:22:32,309 : INFO : EventManager : Event: ======'machine_var_audits_events_game_ended'====== Args={'value': 0, 'prev_value': None, 'change': True}
2026-04-13 17:22:32,309 : INFO : EventManager : Event: ======'machine_var_audits_events_game_started'====== Args={'value': 5, 'prev_value': None, 'change': True}
2026-04-13 17:22:32,309 : INFO : EventManager : Event: ======'machine_var_audits_missing_switches_s_drain'====== Args={'value': 5, 'prev_value': None, 'change': True}
2026-04-13 17:22:32,309 : INFO : EventManager : Event: ======'machine_var_audits_missing_switches_s_dt_m'====== Args={'value': 5, 'prev_value': None, 'change': True}
2026-04-13 17:22:32,309 : INFO : EventManager : Event: ======'machine_var_audits_missing_switches_s_dt_o'====== Args={'value': 5, 'prev_value': None, 'change': True}
2026-04-13 17:22:32,309 : INFO : EventManager : Event: ======'machine_var_audits_missing_switches_s_dt_u'====== Args={'value': 5, 'prev_value': None, 'change': True}
2026-04-13 17:22:32,310 : INFO : EventManager : Event: ======'machine_var_audits_missing_switches_s_flipper_left'====== Args={'value': 5, 'prev_value': None, 'change': True}
2026-04-13 17:22:32,310 : INFO : EventManager : Event: ======'machine_var_audits_missing_switches_s_flipper_rigt'====== Args={'value': 5, 'prev_value': None, 'change': True}
2026-04-13 17:22:32,310 : INFO : EventManager : Event: ======'machine_var_audits_missing_switches_s_kickout'====== Args={'value': 3, 'prev_value': None, 'change': True}
2026-04-13 17:22:32,310 : INFO : EventManager : Event: ======'machine_var_audits_missing_switches_s_plunger_lane'====== Args={'value': 5, 'prev_value': None, 'change': True}
2026-04-13 17:22:32,310 : INFO : EventManager : Event: ======'machine_var_audits_missing_switches_s_ramp_1'====== Args={'value': 5, 'prev_value': None, 'change': True}
2026-04-13 17:22:32,310 : INFO : EventManager : Event: ======'machine_var_audits_missing_switches_s_sling_left'====== Args={'value': 1, 'prev_value': None, 'change': True}
2026-04-13 17:22:32,310 : INFO : EventManager : Event: ======'machine_var_audits_missing_switches_s_start'====== Args={'value': 3, 'prev_value': None, 'change': True}
2026-04-13 17:22:32,310 : INFO : EventManager : Event: ======'machine_var_audits_missing_switches_s_trough_1'====== Args={'value': 5, 'prev_value': None, 'change': True}
2026-04-13 17:22:32,310 : INFO : EventManager : Event: ======'machine_var_audits_missing_switches_s_trough_2'====== Args={'value': 5, 'prev_value': None, 'change': True}
2026-04-13 17:22:32,310 : INFO : EventManager : Event: ======'machine_var_audits_missing_switches_s_trough_3'====== Args={'value': 5, 'prev_value': None, 'change': True}
2026-04-13 17:22:32,310 : INFO : EventManager : Event: ======'machine_var_audits_player_score'====== Args={'value': {'average': 0, 'top': [], 'total': 0}, 'prev_value': None, 'change': True}
2026-04-13 17:22:32,310 : INFO : EventManager : Event: ======'machine_var_audits_shots_homer_h'====== Args={'value': 8, 'prev_value': None, 'change': True}
2026-04-13 17:22:32,310 : INFO : EventManager : Event: ======'machine_var_audits_shots_hurryup'====== Args={'value': 3, 'prev_value': None, 'change': True}
2026-04-13 17:22:32,310 : INFO : EventManager : Event: ======'machine_var_audits_shots_slingshot_left'====== Args={'value': 35, 'prev_value': None, 'change': True}
2026-04-13 17:22:32,311 : INFO : EventManager : Event: ======'machine_var_audits_shots_slingshot_right'====== Args={'value': 25, 'prev_value': None, 'change': True}
2026-04-13 17:22:32,311 : INFO : EventManager : Event: ======'machine_var_audits_switches_s_drain'====== Args={'value': 0, 'prev_value': None, 'change': True}
2026-04-13 17:22:32,311 : INFO : EventManager : Event: ======'machine_var_audits_switches_s_dt_m'====== Args={'value': 0, 'prev_value': None, 'change': True}
2026-04-13 17:22:32,312 : INFO : EventManager : Event: ======'machine_var_audits_switches_s_dt_o'====== Args={'value': 0, 'prev_value': None, 'change': True}
2026-04-13 17:22:32,312 : INFO : EventManager : Event: ======'machine_var_audits_switches_s_dt_u'====== Args={'value': 0, 'prev_value': None, 'change': True}
2026-04-13 17:22:32,312 : INFO : EventManager : Event: ======'machine_var_audits_switches_s_flipper_left'====== Args={'value': 0, 'prev_value': None, 'change': True}
2026-04-13 17:22:32,312 : INFO : EventManager : Event: ======'machine_var_audits_switches_s_flipper_rigt'====== Args={'value': 0, 'prev_value': None, 'change': True}
2026-04-13 17:22:32,312 : INFO : EventManager : Event: ======'machine_var_audits_switches_s_homer_h'====== Args={'value': 8, 'prev_value': None, 'change': True}
2026-04-13 17:22:32,312 : INFO : EventManager : Event: ======'machine_var_audits_switches_s_kickout'====== Args={'value': 1, 'prev_value': None, 'change': True}
2026-04-13 17:22:32,312 : INFO : EventManager : Event: ======'machine_var_audits_switches_s_plunger_lane'====== Args={'value': 0, 'prev_value': None, 'change': True}
2026-04-13 17:22:32,312 : INFO : EventManager : Event: ======'machine_var_audits_switches_s_ramp_1'====== Args={'value': 0, 'prev_value': None, 'change': True}
2026-04-13 17:22:32,313 : INFO : EventManager : Event: ======'machine_var_audits_switches_s_sling_left'====== Args={'value': 35, 'prev_value': None, 'change': True}
2026-04-13 17:22:32,313 : INFO : EventManager : Event: ======'machine_var_audits_switches_s_sling_right'====== Args={'value': 25, 'prev_value': None, 'change': True}
2026-04-13 17:22:32,313 : INFO : EventManager : Event: ======'machine_var_audits_switches_s_start'====== Args={'value': 2, 'prev_value': None, 'change': True}
2026-04-13 17:22:32,313 : INFO : EventManager : Event: ======'machine_var_audits_switches_s_trough_1'====== Args={'value': 0, 'prev_value': None, 'change': True}
2026-04-13 17:22:32,313 : INFO : EventManager : Event: ======'machine_var_audits_switches_s_trough_2'====== Args={'value': 0, 'prev_value': None, 'change': True}
2026-04-13 17:22:32,313 : INFO : EventManager : Event: ======'machine_var_audits_switches_s_trough_3'====== Args={'value': 0, 'prev_value': None, 'change': True}
2026-04-13 17:22:32,314 : INFO : EventManager : Event: ======'init_phase_5'====== Args={}
2026-04-13 17:22:32,413 : INFO : EventManager : Event: ======'init_done'====== Args={}
2026-04-13 17:22:32,414 : INFO : EventManager : Event: ======'machine_reset_phase_1'====== Args={}
2026-04-13 17:22:32,420 : INFO : EventManager : Event: ======'machine_reset_phase_2'====== Args={}
2026-04-13 17:22:32,420 : INFO : EventManager : Event: ======'machine_reset_phase_3'====== Args={}
2026-04-13 17:22:32,420 : INFO : EventManager : Event: ======'reset_complete'====== Args={}
2026-04-13 17:22:32,421 : INFO : EventManager : Event: ======'mode_attract_will_start'====== Args={}
2026-04-13 17:22:32,421 : INFO : Timer.attract_carousel_timer : Starting Timer.
2026-04-13 17:22:32,421 : INFO : EventManager : Event: ======'timer_attract_carousel_timer_started'====== Args={'ticks': 0, 'ticks_remaining': 1}
2026-04-13 17:22:32,421 : INFO : EventManager : Event: ======'timer_attract_carousel_timer_tick'====== Args={'ticks': 0, 'ticks_remaining': 1}
2026-04-13 17:22:32,423 : INFO : EventManager : Event: ======'mode_attract_starting'====== Args={}
2026-04-13 17:22:32,423 : INFO : Mode.attract : Started. Priority: 10
2026-04-13 17:22:32,423 : INFO : EventManager : Event: ======'modes_active_modes_changed'====== Args={}
2026-04-13 17:22:32,423 : INFO : EventManager : Event: ======'mode_attract_started'====== Args={}
2026-04-13 17:22:32,424 : INFO : EventManager : Event: ======'collecting_balls_complete'====== Args={}
2026-04-13 17:22:32,424 : INFO : EventManager : Event: ======'carousel_item_highlighted'====== Args={'carousel': 'attract', 'direction': None, 'item': 'title'}
2026-04-13 17:22:32,425 : INFO : EventManager : Event: ======'timer_attract_carousel_timer_tick'====== Args={'ticks': 0, 'ticks_remaining': 1}
2026-04-13 17:22:32,440 : INFO : Machine : Starting the main run loop with active modes: [<Mode.attract>]
2026-04-13 17:22:32,441 : INFO : EventManager : Event: ======'slide_attract_created'====== Args={'_from_bcp': True}
2026-04-13 17:22:32,442 : INFO : EventManager : Event: ======'slide__removed'====== Args={'_from_bcp': True}
2026-04-13 17:22:32,442 : INFO : EventManager : Event: ======'slide_attract_active'====== Args={'original_context': 'attract', 'original_calling_context': 'mode_attract_started', 'priority': 10.0, 'cmd': 'slides_play', '_from_bcp': True}
2026-04-13 17:22:37,443 : INFO : Timer.attract_carousel_timer : Timer Complete
2026-04-13 17:22:37,443 : INFO : Timer.attract_carousel_timer : Stopping Timer
2026-04-13 17:22:37,443 : INFO : EventManager : Event: ======'timer_attract_carousel_timer_stopped'====== Args={'ticks': 1, 'ticks_remaining': 1}
2026-04-13 17:22:37,444 : INFO : EventManager : Event: ======'timer_attract_carousel_timer_complete'====== Args={'ticks': 1, 'ticks_remaining': 1}
2026-04-13 17:22:37,444 : INFO : EventManager : Event: ======'carousel_item_highlighted'====== Args={'carousel': 'attract', 'direction': 'forwards', 'item': 'credits'}
2026-04-13 17:22:37,445 : INFO : Timer.attract_carousel_timer : Starting Timer.
2026-04-13 17:22:37,445 : INFO : EventManager : Event: ======'timer_attract_carousel_timer_started'====== Args={'ticks': 0, 'ticks_remaining': 1}
2026-04-13 17:22:37,445 : INFO : EventManager : Event: ======'timer_attract_carousel_timer_tick'====== Args={'ticks': 0, 'ticks_remaining': 1}
2026-04-13 17:22:42,441 : INFO : Timer.attract_carousel_timer : Timer Complete
2026-04-13 17:22:42,443 : INFO : Timer.attract_carousel_timer : Stopping Timer
2026-04-13 17:22:42,443 : INFO : EventManager : Event: ======'timer_attract_carousel_timer_stopped'====== Args={'ticks': 1, 'ticks_remaining': 1}
2026-04-13 17:22:42,443 : INFO : EventManager : Event: ======'timer_attract_carousel_timer_complete'====== Args={'ticks': 1, 'ticks_remaining': 1}
2026-04-13 17:22:42,443 : INFO : EventManager : Event: ======'carousel_item_highlighted'====== Args={'carousel': 'attract', 'direction': 'forwards', 'item': 'mpf_logo'}
2026-04-13 17:22:42,445 : INFO : Timer.attract_carousel_timer : Starting Timer.
2026-04-13 17:22:42,446 : INFO : EventManager : Event: ======'timer_attract_carousel_timer_started'====== Args={'ticks': 0, 'ticks_remaining': 1}
2026-04-13 17:22:42,446 : INFO : EventManager : Event: ======'timer_attract_carousel_timer_tick'====== Args={'ticks': 0, 'ticks_remaining': 1}
2026-04-13 17:22:47,453 : INFO : Timer.attract_carousel_timer : Timer Complete
2026-04-13 17:22:47,454 : INFO : Timer.attract_carousel_timer : Stopping Timer
2026-04-13 17:22:47,454 : INFO : EventManager : Event: ======'timer_attract_carousel_timer_stopped'====== Args={'ticks': 1, 'ticks_remaining': 1}
2026-04-13 17:22:47,454 : INFO : EventManager : Event: ======'timer_attract_carousel_timer_complete'====== Args={'ticks': 1, 'ticks_remaining': 1}
2026-04-13 17:22:47,454 : INFO : EventManager : Event: ======'carousel_item_highlighted'====== Args={'carousel': 'attract', 'direction': 'forwards', 'item': 'title'}
2026-04-13 17:22:47,455 : INFO : Timer.attract_carousel_timer : Starting Timer.
2026-04-13 17:22:47,455 : INFO : EventManager : Event: ======'timer_attract_carousel_timer_started'====== Args={'ticks': 0, 'ticks_remaining': 1}
2026-04-13 17:22:47,456 : INFO : EventManager : Event: ======'timer_attract_carousel_timer_tick'====== Args={'ticks': 0, 'ticks_remaining': 1}
2026-04-13 17:22:51,012 : INFO : SwitchController : <<<<<<< 's_start' active >>>>>>>
2026-04-13 17:22:51,095 : INFO : SwitchController : <<<<<<< 's_start' inactive >>>>>>>
2026-04-13 17:22:51,095 : INFO : EventManager : Event: ======'request_to_start_game'====== Args={}
2026-04-13 17:22:51,095 : INFO : EventManager : Event: ======'game_start'====== Args={'buttons': [], 'hold_time': 0.09400000000005093}
2026-04-13 17:22:51,096 : INFO : EventManager : Event: ======'mode_game_will_start'====== Args={'buttons': [], 'hold_time': 0.09400000000005093}
2026-04-13 17:22:51,097 : INFO : EventManager : Event: ======'mode_game_starting'====== Args={'buttons': [], 'hold_time': 0.09400000000005093}
2026-04-13 17:22:51,097 : INFO : EventManager : Event: ======'mode_attract_will_stop'====== Args={}
2026-04-13 17:22:51,097 : INFO : EventManager : Event: ======'mode_attract_stopping'====== Args={}
2026-04-13 17:22:51,097 : INFO : Mode.attract : Stopped.
2026-04-13 17:22:51,097 : INFO : EventManager : Event: ======'modes_active_modes_changed'====== Args={}
2026-04-13 17:22:51,097 : INFO : EventManager : Event: ======'mode_attract_stopped'====== Args={}
2026-04-13 17:22:51,098 : INFO : EventManager : Event: ======'clear'====== Args={'key': 'attract'}
2026-04-13 17:22:51,098 : INFO : Timer.attract_carousel_timer : Stopping Timer
2026-04-13 17:22:51,098 : INFO : EventManager : Event: ======'timer_attract_carousel_timer_stopped'====== Args={'ticks': 0, 'ticks_remaining': 1}
2026-04-13 17:22:51,098 : INFO : Mode.game : Started. Priority: 20
2026-04-13 17:22:51,098 : INFO : EventManager : Event: ======'modes_active_modes_changed'====== Args={}
2026-04-13 17:22:51,098 : INFO : EventManager : Event: ======'mode_game_started'====== Args={'buttons': [], 'hold_time': 0.09400000000005093}
2026-04-13 17:22:51,113 : INFO : EventManager : Event: ======'game_will_start'====== Args={}
2026-04-13 17:22:51,113 : INFO : EventManager : Event: ======'game_starting'====== Args={'game': <Mode.game>}
2026-04-13 17:22:51,114 : INFO : EventManager : Unordered handler for class <Auditor> on event game_ended with priority 1. Handlers: [RegisteredHandler(callback=<bound method Auditor.disable of <Auditor>>, priority=1, kwargs={}, key=UUID('ff36ceed-acf4-4e35-ae35-1a390537b687'), condition=None, blocking_facility=None), RegisteredHandler(callback=<bound method Auditor._save_audits of <Auditor>>, priority=1, kwargs={}, key=UUID('c3f80278-a765-4b9a-97f9-de9c38d9ee1f'), condition=None, blocking_facility=None)]. The order of those handlers is not defined and they will be executed in random order. This might lead to race conditions and potential bugs.
2026-04-13 17:22:51,114 : INFO : EventManager : Event: ======'player_add_request'====== Args={}
2026-04-13 17:22:51,114 : INFO : EventManager : Event: ======'player_will_add'====== Args={'number': 1}
2026-04-13 17:22:51,115 : INFO : EventManager : Event: ======'player_adding'====== Args={'player': <Player 1>, 'number': 1}
2026-04-13 17:22:51,115 : INFO : EventManager : Event: ======'player_added'====== Args={'player': <Player 1>, 'num': 1}
2026-04-13 17:22:51,115 : INFO : Mode.game : Player added successfully. Total players: 1
2026-04-13 17:22:51,115 : INFO : EventManager : Event: ======'player_index'====== Args={'value': 0, 'prev_value': 0, 'change': 0, 'player_num': 1}
2026-04-13 17:22:51,115 : INFO : EventManager : Event: ======'player_number'====== Args={'value': 1, 'prev_value': 1, 'change': 0, 'player_num': 1}
2026-04-13 17:22:51,116 : INFO : EventManager : Event: ======'player_score'====== Args={'value': 0, 'prev_value': 0, 'change': 0, 'player_num': 1}
2026-04-13 17:22:51,117 : INFO : EventManager : Event: ======'game_started'====== Args={}
2026-04-13 17:22:51,138 : INFO : EventManager : Event: ======'player_turn_will_start'====== Args={'player': <Player 1>, 'number': 1}
2026-04-13 17:22:51,138 : INFO : EventManager : Event: ======'player_turn_starting'====== Args={'player': <Player 1>, 'number': 1}
2026-04-13 17:22:51,140 : INFO : EventManager : Event: ======'player_ball'====== Args={'value': 1, 'prev_value': 0, 'change': 1, 'player_num': 1}
2026-04-13 17:22:51,141 : INFO : EventManager : Event: ======'player_turn_started'====== Args={'player': <Player 1>, 'number': 1}
2026-04-13 17:22:51,146 : INFO : EventManager : Event: ======'ball_will_start'====== Args={'player': 1, 'ball': 1, 'balls_remaining': 2, 'is_extra_ball': False}
2026-04-13 17:22:51,150 : INFO : EventManager : Event: ======'ball_starting'====== Args={'player': 1, 'ball': 1, 'balls_remaining': 2, 'is_extra_ball': False}
2026-04-13 17:22:51,150 : INFO : EventManager : Event: ======'mode_base_will_start'====== Args={'queue': <QueuedEvent>, 'player': 1, 'ball': 1, 'balls_remaining': 2, 'is_extra_ball': False}
2026-04-13 17:22:51,150 : INFO : EventManager : Event: ======'player_shot_homer_h_enabled'====== Args={'value': True, 'prev_value': 0, 'change': 1, 'player_num': 1}
2026-04-13 17:22:51,152 : INFO : EventManager : Event: ======'mode_base_starting'====== Args={'queue': <QueuedEvent>, 'player': 1, 'ball': 1, 'balls_remaining': 2, 'is_extra_ball': False}
2026-04-13 17:22:51,153 : INFO : Mode.base : Started. Priority: 100
2026-04-13 17:22:51,153 : INFO : EventManager : Event: ======'modes_active_modes_changed'====== Args={}
2026-04-13 17:22:51,153 : INFO : EventManager : Event: ======'mode_base_started'====== Args={'queue': <QueuedEvent>, 'player': 1, 'ball': 1, 'balls_remaining': 2, 'is_extra_ball': False}
2026-04-13 17:22:51,153 : INFO : EventManager : Event: ======'start_mode_slingshots'====== Args={'priority': 0}
2026-04-13 17:22:51,154 : INFO : EventManager : Event: ======'mode_slingshots_will_start'====== Args={'priority': 0}
2026-04-13 17:22:51,154 : INFO : EventManager : Event: ======'player_shot_slingshot_left_enabled'====== Args={'value': True, 'prev_value': 0, 'change': 1, 'player_num': 1}
2026-04-13 17:22:51,154 : INFO : EventManager : Event: ======'player_shot_slingshot_right_enabled'====== Args={'value': True, 'prev_value': 0, 'change': 1, 'player_num': 1}
2026-04-13 17:22:51,155 : INFO : EventManager : Event: ======'slingshots_complete'====== Args={'state': 'unlit'}
2026-04-13 17:22:51,155 : INFO : EventManager : Event: ======'slingshots_unlit_complete'====== Args={}
2026-04-13 17:22:51,155 : INFO : EventManager : Event: ======'mode_slingshots_starting'====== Args={'priority': 0}
2026-04-13 17:22:51,156 : INFO : Mode.slingshots : Started. Priority: 200
2026-04-13 17:22:51,156 : INFO : EventManager : Event: ======'modes_active_modes_changed'====== Args={}
2026-04-13 17:22:51,156 : INFO : EventManager : Event: ======'mode_slingshots_started'====== Args={'priority': 0}
2026-04-13 17:22:51,156 : INFO : EventManager : Event: ======'balls_in_play'====== Args={'balls': 1}
2026-04-13 17:22:51,156 : INFO : EventManager : Event: ======'ball_started'====== Args={'player': 1, 'ball': 1, 'balls_remaining': 2, 'is_extra_ball': False}
2026-04-13 17:22:51,172 : INFO : EventManager : Event: ======'single_player_ball_started'====== Args={}
2026-04-13 17:22:51,172 : INFO : EventManager : Event: ======'slide_base_slide_created'====== Args={'_from_bcp': True}
2026-04-13 17:22:51,172 : INFO : EventManager : Event: ======'slide_attract_inactive'====== Args={'is_removing': True, '_from_bcp': True}
2026-04-13 17:22:51,173 : INFO : EventManager : Event: ======'slide_base_slide_active'====== Args={'original_context': 'base', 'original_calling_context': 'mode_base_started', 'priority': 100.0, 'queue': '<QueuedEvent>', 'player': 1.0, 'ball': 1.0, 'balls_remaining': 2.0, 'is_extra_ball': False, 'cmd': 'slides_play', '_from_bcp': True}
2026-04-13 17:22:51,173 : INFO : EventManager : Event: ======'slide_attract_removed'====== Args={'_from_bcp': True}
2026-04-13 17:22:51,173 : INFO : EventManager : Event: ======'ball_start_target'====== Args={'target': 'playfield'}
2026-04-13 17:22:51,173 : INFO : ball_device.bd_trough : Setting up player-controlled eject. Balls: 1, Target: <playfield.playfield>, player_controlled_eject_event: None
2026-04-13 17:22:51,173 : INFO : ball_device.bd_trough : Adding 1 ball(s) to the eject_queue with target <playfield.playfield>.
2026-04-13 17:22:51,173 : INFO : EventManager : Event: ======'balldevice_balls_available'====== Args={}
2026-04-13 17:22:51,174 : INFO : ball_device.bd_trough : State: waiting_for_target_ready
2026-04-13 17:22:51,174 : INFO : EventManager : Event: ======'balldevice_bd_trough_ball_eject_attempt'====== Args={'balls': 1, 'target': <ball_device.bd_plunger>, 'source': <ball_device.bd_trough>, 'mechanical_eject': False, 'num_attempts': 0}
2026-04-13 17:22:51,174 : INFO : ball_device.bd_plunger : State: waiting_for_ball
2026-04-13 17:22:51,175 : INFO : ball_device.bd_trough : State: ejecting
2026-04-13 17:22:51,175 : INFO : ball_device.bd_trough : Ejecting ball to <ball_device.bd_plunger>
2026-04-13 17:22:51,175 : INFO : EventManager : Event: ======'balldevice_bd_trough_ejecting_ball'====== Args={'balls': 1, 'target': <ball_device.bd_plunger>, 'source': <ball_device.bd_trough>, 'mechanical_eject': False, 'num_attempts': 0}
2026-04-13 17:22:51,176 : INFO : ball_device.bd_trough : Wait for ball to leave device
2026-04-13 17:22:51,176 : INFO : coil.c_trough_release : Pulsing Driver for 20ms (1.0 pulse_power)
2026-04-13 17:22:51,176 : INFO : SwitchController : <<<<<<< 's_trough_1' inactive >>>>>>>
2026-04-13 17:22:51,181 : INFO : ball_device.bd_trough : State: ball_left
2026-04-13 17:22:51,181 : INFO : ball_device.bd_trough : Ball left
2026-04-13 17:22:51,181 : INFO : ball_device.bd_trough : Wait for confirm with timeout 3.0
2026-04-13 17:22:51,283 : INFO : SwitchController : <<<<<<< 's_plunger_lane' active >>>>>>>
2026-04-13 17:22:51,283 : INFO : EventManager : Event: ======'machine_var_audits_switches_s_plunger_lane'====== Args={'value': 1, 'prev_value': 0, 'change': 1}
2026-04-13 17:22:51,800 : INFO : ball_device.bd_plunger : Received ball from <ball_device.bd_trough>
2026-04-13 17:22:51,801 : INFO : EventManager : Event: ======'balldevice_bd_plunger_ball_enter'====== Args={'new_balls': 1, 'unclaimed_balls': 0, 'new_available_balls': 0, 'device': <ball_device.bd_plunger>}
2026-04-13 17:22:51,801 : INFO : EventManager : Event: ======'balldevice_bd_plunger_ball_entered'====== Args={'new_balls': 0, 'device': <ball_device.bd_plunger>}
2026-04-13 17:22:51,801 : INFO : EventManager : Event: ======'balldevice_bd_plunger_ball_count_changed'====== Args={'balls': 1}
2026-04-13 17:22:51,801 : INFO : ball_device.bd_trough : Got eject confirm
2026-04-13 17:22:51,801 : INFO : ball_device.bd_trough : Eject successful
2026-04-13 17:22:51,801 : INFO : EventManager : Event: ======'balldevice_bd_trough_ball_eject_success'====== Args={'balls': 1, 'target': <ball_device.bd_plunger>}
2026-04-13 17:22:51,802 : INFO : ball_device.bd_plunger : State: waiting_for_target_ready
2026-04-13 17:22:51,802 : INFO : EventManager : Event: ======'balldevice_bd_plunger_ball_eject_attempt'====== Args={'balls': 1, 'target': <playfield.playfield>, 'source': <ball_device.bd_plunger>, 'mechanical_eject': False, 'num_attempts': 0}
2026-04-13 17:22:51,802 : INFO : EventManager : Event: ======'balldevice_bd_trough_ball_count_changed'====== Args={'balls': 2}
2026-04-13 17:22:51,802 : INFO : ball_device.bd_trough : State: idle
2026-04-13 17:22:51,803 : INFO : ball_device.bd_plunger : State: ejecting
2026-04-13 17:22:51,803 : INFO : ball_device.bd_plunger : Ejecting ball to <playfield.playfield>
2026-04-13 17:22:51,803 : INFO : EventManager : Event: ======'balldevice_bd_plunger_ejecting_ball'====== Args={'balls': 1, 'target': <playfield.playfield>, 'source': <ball_device.bd_plunger>, 'mechanical_eject': False, 'num_attempts': 0}
2026-04-13 17:22:51,804 : INFO : ball_device.bd_plunger : Wait for ball to leave device
2026-04-13 17:23:01,818 : INFO : EventManager : Event: ======'balldevice_bd_plunger_ball_eject_failed'====== Args={'target': <playfield.playfield>, 'balls': 1, 'retry': True, 'num_attempts': 1}
2026-04-13 17:23:01,820 : INFO : ball_device.bd_plunger : State: waiting_for_target_ready
2026-04-13 17:23:01,820 : INFO : EventManager : Event: ======'balldevice_bd_plunger_ball_eject_attempt'====== Args={'balls': 1, 'target': <playfield.playfield>, 'source': <ball_device.bd_plunger>, 'mechanical_eject': False, 'num_attempts': 1}
2026-04-13 17:23:01,821 : INFO : ball_device.bd_plunger : State: ejecting
2026-04-13 17:23:01,821 : INFO : ball_device.bd_plunger : Ejecting ball to <playfield.playfield>
2026-04-13 17:23:01,821 : INFO : EventManager : Event: ======'balldevice_bd_plunger_ejecting_ball'====== Args={'balls': 1, 'target': <playfield.playfield>, 'source': <ball_device.bd_plunger>, 'mechanical_eject': False, 'num_attempts': 1}
2026-04-13 17:23:01,823 : INFO : ball_device.bd_plunger : Wait for ball to leave device
2026-04-13 17:23:11,832 : INFO : EventManager : Event: ======'balldevice_bd_plunger_ball_eject_failed'====== Args={'target': <playfield.playfield>, 'balls': 1, 'retry': True, 'num_attempts': 2}
2026-04-13 17:23:11,834 : INFO : ball_device.bd_plunger : State: waiting_for_target_ready
2026-04-13 17:23:11,835 : INFO : EventManager : Event: ======'balldevice_bd_plunger_ball_eject_attempt'====== Args={'balls': 1, 'target': <playfield.playfield>, 'source': <ball_device.bd_plunger>, 'mechanical_eject': False, 'num_attempts': 2}
2026-04-13 17:23:11,835 : INFO : ball_device.bd_plunger : State: ejecting
2026-04-13 17:23:11,835 : INFO : ball_device.bd_plunger : Ejecting ball to <playfield.playfield>
2026-04-13 17:23:11,835 : INFO : EventManager : Event: ======'balldevice_bd_plunger_ejecting_ball'====== Args={'balls': 1, 'target': <playfield.playfield>, 'source': <ball_device.bd_plunger>, 'mechanical_eject': False, 'num_attempts': 2}
2026-04-13 17:23:11,836 : INFO : ball_device.bd_plunger : Wait for ball to leave device
2026-04-13 17:23:21,846 : INFO : EventManager : Event: ======'balldevice_bd_plunger_ball_eject_failed'====== Args={'target': <playfield.playfield>, 'balls': 1, 'retry': True, 'num_attempts': 3}
2026-04-13 17:23:21,848 : INFO : ball_device.bd_plunger : State: waiting_for_target_ready
2026-04-13 17:23:21,848 : INFO : EventManager : Event: ======'balldevice_bd_plunger_ball_eject_attempt'====== Args={'balls': 1, 'target': <playfield.playfield>, 'source': <ball_device.bd_plunger>, 'mechanical_eject': False, 'num_attempts': 3}
2026-04-13 17:23:21,848 : INFO : ball_device.bd_plunger : State: ejecting
2026-04-13 17:23:21,848 : INFO : ball_device.bd_plunger : Ejecting ball to <playfield.playfield>
2026-04-13 17:23:21,848 : INFO : EventManager : Event: ======'balldevice_bd_plunger_ejecting_ball'====== Args={'balls': 1, 'target': <playfield.playfield>, 'source': <ball_device.bd_plunger>, 'mechanical_eject': False, 'num_attempts': 3}
2026-04-13 17:23:21,848 : INFO : ball_device.bd_plunger : Wait for ball to leave device
2026-04-13 17:23:31,856 : INFO : EventManager : Event: ======'balldevice_bd_plunger_ball_eject_failed'====== Args={'target': <playfield.playfield>, 'balls': 1, 'retry': True, 'num_attempts': 4}
2026-04-13 17:23:31,858 : INFO : ball_device.bd_plunger : State: waiting_for_target_ready
2026-04-13 17:23:31,858 : INFO : EventManager : Event: ======'balldevice_bd_plunger_ball_eject_attempt'====== Args={'balls': 1, 'target': <playfield.playfield>, 'source': <ball_device.bd_plunger>, 'mechanical_eject': False, 'num_attempts': 4}
2026-04-13 17:23:31,858 : INFO : ball_device.bd_plunger : State: ejecting
2026-04-13 17:23:31,858 : INFO : ball_device.bd_plunger : Ejecting ball to <playfield.playfield>
2026-04-13 17:23:31,858 : INFO : EventManager : Event: ======'balldevice_bd_plunger_ejecting_ball'====== Args={'balls': 1, 'target': <playfield.playfield>, 'source': <ball_device.bd_plunger>, 'mechanical_eject': False, 'num_attempts': 4}
2026-04-13 17:23:31,859 : INFO : ball_device.bd_plunger : Wait for ball to leave device
2026-04-13 17:23:41,876 : INFO : EventManager : Event: ======'balldevice_bd_plunger_ball_eject_failed'====== Args={'target': <playfield.playfield>, 'balls': 1, 'retry': True, 'num_attempts': 5}
2026-04-13 17:23:41,877 : INFO : ball_device.bd_plunger : State: waiting_for_target_ready
2026-04-13 17:23:41,877 : INFO : EventManager : Event: ======'balldevice_bd_plunger_ball_eject_attempt'====== Args={'balls': 1, 'target': <playfield.playfield>, 'source': <ball_device.bd_plunger>, 'mechanical_eject': False, 'num_attempts': 5}
2026-04-13 17:23:41,877 : INFO : ball_device.bd_plunger : State: ejecting
2026-04-13 17:23:41,877 : INFO : ball_device.bd_plunger : Ejecting ball to <playfield.playfield>
2026-04-13 17:23:41,878 : INFO : EventManager : Event: ======'balldevice_bd_plunger_ejecting_ball'====== Args={'balls': 1, 'target': <playfield.playfield>, 'source': <ball_device.bd_plunger>, 'mechanical_eject': False, 'num_attempts': 5}
2026-04-13 17:23:41,878 : INFO : ball_device.bd_plunger : Wait for ball to leave device
2026-04-13 17:23:51,882 : INFO : EventManager : Event: ======'balldevice_bd_plunger_ball_eject_failed'====== Args={'target': <playfield.playfield>, 'balls': 1, 'retry': True, 'num_attempts': 6}
2026-04-13 17:23:51,883 : INFO : ball_device.bd_plunger : State: waiting_for_target_ready
2026-04-13 17:23:51,883 : INFO : EventManager : Event: ======'balldevice_bd_plunger_ball_eject_attempt'====== Args={'balls': 1, 'target': <playfield.playfield>, 'source': <ball_device.bd_plunger>, 'mechanical_eject': False, 'num_attempts': 6}
2026-04-13 17:23:51,883 : INFO : ball_device.bd_plunger : State: ejecting
2026-04-13 17:23:51,883 : INFO : ball_device.bd_plunger : Ejecting ball to <playfield.playfield>
2026-04-13 17:23:51,884 : INFO : EventManager : Event: ======'balldevice_bd_plunger_ejecting_ball'====== Args={'balls': 1, 'target': <playfield.playfield>, 'source': <ball_device.bd_plunger>, 'mechanical_eject': False, 'num_attempts': 6}
2026-04-13 17:23:51,884 : INFO : ball_device.bd_plunger : Wait for ball to leave device
2026-04-13 17:24:01,893 : INFO : EventManager : Event: ======'balldevice_bd_plunger_ball_eject_failed'====== Args={'target': <playfield.playfield>, 'balls': 1, 'retry': True, 'num_attempts': 7}
2026-04-13 17:24:01,895 : INFO : ball_device.bd_plunger : State: waiting_for_target_ready
2026-04-13 17:24:01,895 : INFO : EventManager : Event: ======'balldevice_bd_plunger_ball_eject_attempt'====== Args={'balls': 1, 'target': <playfield.playfield>, 'source': <ball_device.bd_plunger>, 'mechanical_eject': False, 'num_attempts': 7}
2026-04-13 17:24:01,895 : INFO : ball_device.bd_plunger : State: ejecting
2026-04-13 17:24:01,896 : INFO : ball_device.bd_plunger : Ejecting ball to <playfield.playfield>
2026-04-13 17:24:01,896 : INFO : EventManager : Event: ======'balldevice_bd_plunger_ejecting_ball'====== Args={'balls': 1, 'target': <playfield.playfield>, 'source': <ball_device.bd_plunger>, 'mechanical_eject': False, 'num_attempts': 7}
2026-04-13 17:24:01,896 : INFO : ball_device.bd_plunger : Wait for ball to leave device
2026-04-13 17:24:11,899 : INFO : EventManager : Event: ======'balldevice_bd_plunger_ball_eject_failed'====== Args={'target': <playfield.playfield>, 'balls': 1, 'retry': True, 'num_attempts': 8}
2026-04-13 17:24:11,900 : INFO : ball_device.bd_plunger : State: waiting_for_target_ready
2026-04-13 17:24:11,900 : INFO : EventManager : Event: ======'balldevice_bd_plunger_ball_eject_attempt'====== Args={'balls': 1, 'target': <playfield.playfield>, 'source': <ball_device.bd_plunger>, 'mechanical_eject': False, 'num_attempts': 8}
2026-04-13 17:24:11,900 : INFO : ball_device.bd_plunger : State: ejecting
2026-04-13 17:24:11,901 : INFO : ball_device.bd_plunger : Ejecting ball to <playfield.playfield>
2026-04-13 17:24:11,901 : INFO : EventManager : Event: ======'balldevice_bd_plunger_ejecting_ball'====== Args={'balls': 1, 'target': <playfield.playfield>, 'source': <ball_device.bd_plunger>, 'mechanical_eject': False, 'num_attempts': 8}
2026-04-13 17:24:11,902 : INFO : ball_device.bd_plunger : Wait for ball to leave device
2026-04-13 17:24:21,917 : INFO : EventManager : Event: ======'balldevice_bd_plunger_ball_eject_failed'====== Args={'target': <playfield.playfield>, 'balls': 1, 'retry': True, 'num_attempts': 9}
2026-04-13 17:24:21,918 : INFO : ball_device.bd_plunger : State: waiting_for_target_ready
2026-04-13 17:24:21,918 : INFO : EventManager : Event: ======'balldevice_bd_plunger_ball_eject_attempt'====== Args={'balls': 1, 'target': <playfield.playfield>, 'source': <ball_device.bd_plunger>, 'mechanical_eject': False, 'num_attempts': 9}
2026-04-13 17:24:21,918 : INFO : ball_device.bd_plunger : State: ejecting
2026-04-13 17:24:21,918 : INFO : ball_device.bd_plunger : Ejecting ball to <playfield.playfield>
2026-04-13 17:24:21,918 : INFO : EventManager : Event: ======'balldevice_bd_plunger_ejecting_ball'====== Args={'balls': 1, 'target': <playfield.playfield>, 'source': <ball_device.bd_plunger>, 'mechanical_eject': False, 'num_attempts': 9}
2026-04-13 17:24:21,919 : INFO : ball_device.bd_plunger : Wait for ball to leave device
2026-04-13 17:24:31,933 : INFO : EventManager : Event: ======'balldevice_bd_plunger_ball_eject_failed'====== Args={'target': <playfield.playfield>, 'balls': 1, 'retry': True, 'num_attempts': 10}
2026-04-13 17:24:31,934 : INFO : ball_device.bd_plunger : State: waiting_for_target_ready
2026-04-13 17:24:31,934 : INFO : EventManager : Event: ======'balldevice_bd_plunger_ball_eject_attempt'====== Args={'balls': 1, 'target': <playfield.playfield>, 'source': <ball_device.bd_plunger>, 'mechanical_eject': False, 'num_attempts': 10}
2026-04-13 17:24:31,935 : INFO : ball_device.bd_plunger : State: ejecting
2026-04-13 17:24:31,935 : INFO : ball_device.bd_plunger : Ejecting ball to <playfield.playfield>
2026-04-13 17:24:31,935 : INFO : EventManager : Event: ======'balldevice_bd_plunger_ejecting_ball'====== Args={'balls': 1, 'target': <playfield.playfield>, 'source': <ball_device.bd_plunger>, 'mechanical_eject': False, 'num_attempts': 10}
2026-04-13 17:24:31,936 : INFO : ball_device.bd_plunger : Wait for ball to leave device
2026-04-13 17:24:41,963 : INFO : EventManager : Event: ======'balldevice_bd_plunger_ball_eject_failed'====== Args={'target': <playfield.playfield>, 'balls': 1, 'retry': True, 'num_attempts': 11}
2026-04-13 17:24:41,967 : INFO : ball_device.bd_plunger : State: waiting_for_target_ready
2026-04-13 17:24:41,967 : INFO : EventManager : Event: ======'balldevice_bd_plunger_ball_eject_attempt'====== Args={'balls': 1, 'target': <playfield.playfield>, 'source': <ball_device.bd_plunger>, 'mechanical_eject': False, 'num_attempts': 11}
2026-04-13 17:24:41,969 : INFO : ball_device.bd_plunger : State: ejecting
2026-04-13 17:24:41,969 : INFO : ball_device.bd_plunger : Ejecting ball to <playfield.playfield>
2026-04-13 17:24:41,969 : INFO : EventManager : Event: ======'balldevice_bd_plunger_ejecting_ball'====== Args={'balls': 1, 'target': <playfield.playfield>, 'source': <ball_device.bd_plunger>, 'mechanical_eject': False, 'num_attempts': 11}
2026-04-13 17:24:41,971 : INFO : ball_device.bd_plunger : Wait for ball to leave device
2026-04-13 17:24:51,982 : INFO : EventManager : Event: ======'balldevice_bd_plunger_ball_eject_failed'====== Args={'target': <playfield.playfield>, 'balls': 1, 'retry': True, 'num_attempts': 12}
2026-04-13 17:24:51,983 : INFO : ball_device.bd_plunger : State: waiting_for_target_ready
2026-04-13 17:24:51,983 : INFO : EventManager : Event: ======'balldevice_bd_plunger_ball_eject_attempt'====== Args={'balls': 1, 'target': <playfield.playfield>, 'source': <ball_device.bd_plunger>, 'mechanical_eject': False, 'num_attempts': 12}
2026-04-13 17:24:51,983 : INFO : ball_device.bd_plunger : State: ejecting
2026-04-13 17:24:51,984 : INFO : ball_device.bd_plunger : Ejecting ball to <playfield.playfield>
2026-04-13 17:24:51,984 : INFO : EventManager : Event: ======'balldevice_bd_plunger_ejecting_ball'====== Args={'balls': 1, 'target': <playfield.playfield>, 'source': <ball_device.bd_plunger>, 'mechanical_eject': False, 'num_attempts': 12}
2026-04-13 17:24:51,984 : INFO : ball_device.bd_plunger : Wait for ball to leave device
2026-04-13 17:25:01,996 : INFO : EventManager : Event: ======'balldevice_bd_plunger_ball_eject_failed'====== Args={'target': <playfield.playfield>, 'balls': 1, 'retry': True, 'num_attempts': 13}
2026-04-13 17:25:01,999 : INFO : ball_device.bd_plunger : State: waiting_for_target_ready
2026-04-13 17:25:02,000 : INFO : EventManager : Event: ======'balldevice_bd_plunger_ball_eject_attempt'====== Args={'balls': 1, 'target': <playfield.playfield>, 'source': <ball_device.bd_plunger>, 'mechanical_eject': False, 'num_attempts': 13}
2026-04-13 17:25:02,000 : INFO : ball_device.bd_plunger : State: ejecting
2026-04-13 17:25:02,000 : INFO : ball_device.bd_plunger : Ejecting ball to <playfield.playfield>
2026-04-13 17:25:02,000 : INFO : EventManager : Event: ======'balldevice_bd_plunger_ejecting_ball'====== Args={'balls': 1, 'target': <playfield.playfield>, 'source': <ball_device.bd_plunger>, 'mechanical_eject': False, 'num_attempts': 13}
2026-04-13 17:25:02,001 : INFO : ball_device.bd_plunger : Wait for ball to leave device
2026-04-13 17:25:12,020 : INFO : EventManager : Event: ======'balldevice_bd_plunger_ball_eject_failed'====== Args={'target': <playfield.playfield>, 'balls': 1, 'retry': True, 'num_attempts': 14}
2026-04-13 17:25:12,021 : INFO : ball_device.bd_plunger : State: waiting_for_target_ready
2026-04-13 17:25:12,021 : INFO : EventManager : Event: ======'balldevice_bd_plunger_ball_eject_attempt'====== Args={'balls': 1, 'target': <playfield.playfield>, 'source': <ball_device.bd_plunger>, 'mechanical_eject': False, 'num_attempts': 14}
2026-04-13 17:25:12,022 : INFO : ball_device.bd_plunger : State: ejecting
2026-04-13 17:25:12,022 : INFO : ball_device.bd_plunger : Ejecting ball to <playfield.playfield>
2026-04-13 17:25:12,022 : INFO : EventManager : Event: ======'balldevice_bd_plunger_ejecting_ball'====== Args={'balls': 1, 'target': <playfield.playfield>, 'source': <ball_device.bd_plunger>, 'mechanical_eject': False, 'num_attempts': 14}
2026-04-13 17:25:12,022 : INFO : ball_device.bd_plunger : Wait for ball to leave device
2026-04-13 17:25:17,284 : INFO : Machine : Shutting down...
2026-04-13 17:25:17,284 : INFO : EventManager : Event: ======'shutdown'====== Args={}
2026-04-13 17:25:17,286 : INFO : EventManager : Event: ======'mode_game_will_stop'====== Args={}
2026-04-13 17:25:17,286 : INFO : EventManager : Event: ======'mode_game_stopping'====== Args={}
2026-04-13 17:25:17,287 : INFO : EventManager : Event: ======'mode_slingshots_will_stop'====== Args={}
2026-04-13 17:25:17,287 : INFO : EventManager : Event: ======'mode_slingshots_stopping'====== Args={}
2026-04-13 17:25:17,288 : INFO : EventManager : Event: ======'mode_base_will_stop'====== Args={}
2026-04-13 17:25:17,288 : INFO : EventManager : Event: ======'mode_base_stopping'====== Args={}
2026-04-13 17:25:17,288 : INFO : EventManager : Event: ======'stop_mode_slingshots'====== Args={'priority': 0}
2026-04-13 17:25:17,288 : INFO : Mode.base : Stopped.
2026-04-13 17:25:17,289 : INFO : EventManager : Event: ======'modes_active_modes_changed'====== Args={}
2026-04-13 17:25:17,289 : INFO : EventManager : Event: ======'mode_base_stopped'====== Args={}
2026-04-13 17:25:17,289 : INFO : EventManager : Event: ======'clear'====== Args={'key': 'base'}
2026-04-13 17:25:17,289 : INFO : Mode.slingshots : Stopped.
2026-04-13 17:25:17,289 : INFO : EventManager : Event: ======'modes_active_modes_changed'====== Args={}
2026-04-13 17:25:17,289 : INFO : EventManager : Event: ======'mode_slingshots_stopped'====== Args={}
2026-04-13 17:25:17,289 : INFO : EventManager : Event: ======'clear'====== Args={'key': 'slingshots'}
2026-04-13 17:25:17,290 : INFO : Mode.game : Stopped.
2026-04-13 17:25:17,290 : INFO : EventManager : Event: ======'modes_active_modes_changed'====== Args={}
2026-04-13 17:25:17,290 : INFO : EventManager : Event: ======'mode_game_stopped'====== Args={}
2026-04-13 17:25:17,291 : INFO : EventManager : Event: ======'clear'====== Args={'key': 'game'}
2026-04-13 17:25:17,296 : INFO : root : MPF run loop ended.
