2026-04-11 12:17:58,690 : INFO : root : Loading config.
2026-04-11 12:17:58,694 : INFO : YamlMultifileConfigLoader : Machine config file #1: config.yaml
2026-04-11 12:17:58,694 : INFO : ConfigProcessor : Loading config from cache: C:\Users\Lukas\AppData\Local\Temp\32f39c1debf2d9ee836c41c94f408ffc.mpf_cache
2026-04-11 12:17:58,749 : WARNING : ConfigProcessor : Config file in cache changed: C:\Users\Lukas\Documents\TSPP\modes\attract\config\attract.yaml
2026-04-11 12:17:58,749 : INFO : ConfigProcessor : Loading config from file C:\Users\Lukas\mpftspp\lib\site-packages\mpf\modes\attract\config\attract.yaml.
2026-04-11 12:17:58,751 : INFO : ConfigProcessor : Loading config: C:\Users\Lukas\mpftspp\lib\site-packages\mpf\modes\attract\config\attract.yaml
2026-04-11 12:17:58,751 : INFO : ConfigProcessor : Loading config from file C:\Users\Lukas\Documents\TSPP\modes\attract\config\attract.yaml.
2026-04-11 12:17:58,753 : INFO : ConfigProcessor : Loading config: C:\Users\Lukas\Documents\TSPP\modes\attract\config\attract.yaml
2026-04-11 12:17:58,753 : INFO : ConfigProcessor : Config file cache created: C:\Users\Lukas\AppData\Local\Temp\1cf6e080e232be7da984fc3f9f606af5.mpf_cache
2026-04-11 12:17:58,754 : INFO : ConfigProcessor : Loading config from cache: C:\Users\Lukas\AppData\Local\Temp\d5d281e4d67cd36b56e6e575dc21d22a.mpf_cache
2026-04-11 12:17:58,755 : INFO : ConfigProcessor : Loading config from cache: C:\Users\Lukas\AppData\Local\Temp\1cf6e080e232be7da984fc3f9f606af5.mpf_cache
2026-04-11 12:17:58,755 : INFO : ConfigProcessor : Loading config from cache: C:\Users\Lukas\AppData\Local\Temp\e915a77df2eb7c954f1557e6bd49ea48.mpf_cache
2026-04-11 12:17:58,756 : INFO : Machine : Mission Pinball Framework Core Engine v0.80.0.dev14
2026-04-11 12:17:58,756 : INFO : Machine : Command line arguments: {'no_load_cache': False, 'create_config_cache': True, 'bcp': True, 'configfile': ['config.yaml'], 'force_assets_load': False, 'platform_integration_test': False, 'jsonlogging': False, 'logfile': 'logs\\2026-04-11-12-17-58-mpf-DESKTOP-24N7989.log', 'pause': False, 'production': False, 'text_ui': False, 'loglevel': 15, 'consoleloglevel': 20, 'force_platform': 'virtual', 'syslog_address': None, 'full_logfile_path': 'C:\\Users\\Lukas\\Documents\\TSPP\\logs\\2026-04-11-12-17-58-mpf-DESKTOP-24N7989.log'}
2026-04-11 12:17:58,756 : INFO : Machine : MPF path: C:\Users\Lukas\mpftspp\lib\site-packages\mpf
2026-04-11 12:17:58,756 : INFO : Machine : Machine path: C:\Users\Lukas\Documents\TSPP
2026-04-11 12:17:58,756 : INFO : Machine : Platform: win32
2026-04-11 12:17:58,757 : INFO : Machine : Python executable location: C:\Users\Lukas\mpftspp\Scripts\python.exe
2026-04-11 12:17:58,757 : INFO : Machine : Python version: 3.10.0 (64-bit)
2026-04-11 12:17:58,759 : INFO : Machine : Initializing MPF...
2026-04-11 12:17:58,824 : INFO : EventManager : Event: ======'machine_var_credits_string'====== Args={'value': 'FREE PLAY', 'prev_value': None, 'change': True}
2026-04-11 12:17:58,838 : INFO : EventManager : Event: ======'machine_var_master_volume'====== Args={'value': 0.5, 'prev_value': None, 'change': True}
2026-04-11 12:17:58,838 : INFO : EventManager : Event: ======'machine_var_mpf_version'====== Args={'value': 'Mission Pinball Framework v0.80.0.dev14', 'prev_value': None, 'change': True}
2026-04-11 12:17:58,838 : INFO : EventManager : Event: ======'machine_var_mpf_extended_version'====== Args={'value': 'Mission Pinball Framework v0.80.0.dev14, Config version:6, Show version: 6, BCP version:1.1', 'prev_value': None, 'change': True}
2026-04-11 12:17:58,838 : INFO : EventManager : Event: ======'machine_var_python_version'====== Args={'value': '3.10.0', 'prev_value': None, 'change': True}
2026-04-11 12:17:58,886 : INFO : EventManager : Event: ======'machine_var_platform'====== Args={'value': 'Windows-10-10.0.26100-SP0', 'prev_value': None, 'change': True}
2026-04-11 12:17:58,886 : INFO : EventManager : Event: ======'machine_var_platform_system'====== Args={'value': 'Windows', 'prev_value': None, 'change': True}
2026-04-11 12:17:58,886 : INFO : EventManager : Event: ======'machine_var_platform_release'====== Args={'value': '10', 'prev_value': None, 'change': True}
2026-04-11 12:17:58,886 : INFO : EventManager : Event: ======'machine_var_platform_version'====== Args={'value': '10.0.26100', 'prev_value': None, 'change': True}
2026-04-11 12:17:58,886 : INFO : EventManager : Event: ======'machine_var_platform_machine'====== Args={'value': 'AMD64', 'prev_value': None, 'change': True}
2026-04-11 12:17:58,886 : INFO : EventManager : Event: ======'machine_var_log_file_path'====== Args={'value': 'C:\\Users\\Lukas\\Documents\\TSPP\\logs\\2026-04-11-12-17-58-mpf-DESKTOP-24N7989.log', 'prev_value': None, 'change': True}
2026-04-11 12:17:58,886 : INFO : EventManager : Event: ======'init_phase_1'====== Args={}
2026-04-11 12:17:58,895 : INFO : EventManager : Event: ======'init_phase_2'====== Args={}
2026-04-11 12:17:58,895 : INFO : EventManager : Event: ======'bcp_connection_attempt'====== Args={'name': 'local_display', 'host': 'localhost', 'port': 5050}
2026-04-11 12:17:58,903 : INFO : BCPClientSocket : Connecting BCP to 'local_display' at localhost:5050...
2026-04-11 12:17:58,928 : INFO : BCPClientSocket : Connected BCP to 'local_display' localhost:5050
2026-04-11 12:17:58,929 : INFO : EventManager : Event: ======'bcp_clients_connected'====== Args={}
2026-04-11 12:17:58,934 : INFO : EventManager : Event: ======'init_phase_3'====== Args={}
2026-04-11 12:17:58,936 : INFO : EventManager : Event: ======'init_phase_4'====== Args={}
2026-04-11 12:17:58,937 : INFO : EventManager : Event: ======'machine_var_audits_events_game_started'====== Args={'value': 0, 'prev_value': None, 'change': True}
2026-04-11 12:17:58,937 : INFO : EventManager : Event: ======'machine_var_audits_events_game_ended'====== Args={'value': 0, 'prev_value': None, 'change': True}
2026-04-11 12:17:58,937 : INFO : EventManager : Event: ======'machine_var_audits_player_score'====== Args={'value': {'top': [], 'average': 0, 'total': 0}, 'prev_value': None, 'change': True}
2026-04-11 12:17:58,937 : INFO : EventManager : Event: ======'init_phase_5'====== Args={}
2026-04-11 12:17:58,937 : INFO : EventManager : Event: ======'init_done'====== Args={}
2026-04-11 12:17:58,937 : INFO : EventManager : Event: ======'machine_reset_phase_1'====== Args={}
2026-04-11 12:17:58,942 : INFO : EventManager : Event: ======'machine_reset_phase_2'====== Args={}
2026-04-11 12:17:58,943 : INFO : EventManager : Event: ======'machine_reset_phase_3'====== Args={}
2026-04-11 12:17:58,943 : INFO : EventManager : Event: ======'reset_complete'====== Args={}
2026-04-11 12:17:58,943 : INFO : EventManager : Event: ======'mode_attract_will_start'====== Args={}
2026-04-11 12:17:58,943 : INFO : EventManager : Event: ======'mode_attract_starting'====== Args={}
2026-04-11 12:17:58,943 : INFO : Mode.attract : Started. Priority: 10
2026-04-11 12:17:58,943 : INFO : EventManager : Event: ======'modes_active_modes_changed'====== Args={}
2026-04-11 12:17:58,943 : INFO : EventManager : Event: ======'mode_attract_started'====== Args={}
2026-04-11 12:17:58,944 : INFO : EventManager : Event: ======'collecting_balls_complete'====== Args={}
2026-04-11 12:17:58,944 : INFO : Machine : Starting the main run loop with active modes: [<Mode.attract>]
2026-04-11 12:17:58,968 : INFO : EventManager : Event: ======'slide_attract_created'====== Args={'_from_bcp': True}
2026-04-11 12:17:58,968 : INFO : EventManager : Event: ======'slide__removed'====== Args={'_from_bcp': True}
2026-04-11 12:17:58,968 : INFO : EventManager : Event: ======'slide_attract_active'====== Args={'original_context': 'attract', 'original_calling_context': 'mode_attract_started', 'priority': 10.0, 'cmd': 'slides_play', '_from_bcp': True}
2026-04-11 12:18:24,467 : INFO : Machine : Shutting down...
2026-04-11 12:18:24,467 : INFO : EventManager : Event: ======'shutdown'====== Args={}
2026-04-11 12:18:24,470 : INFO : root : MPF run loop ended.
