2026-04-13 17:19:34,725 : INFO : root : Loading config.
2026-04-13 17:19:34,729 : INFO : YamlMultifileConfigLoader : Machine config file #1: config.yaml
2026-04-13 17:19:34,730 : WARNING : ConfigProcessor : Config file in cache changed: C:\Users\Lukas\Documents\TSPP\config\config.yaml
2026-04-13 17:19:34,730 : INFO : ConfigProcessor : Loading config from file C:\Users\Lukas\mpftspp\lib\site-packages\mpf\mpfconfig.yaml.
2026-04-13 17:19:34,741 : INFO : ConfigProcessor : Loading config: C:\Users\Lukas\mpftspp\lib\site-packages\mpf\mpfconfig.yaml
2026-04-13 17:19:34,741 : INFO : ConfigProcessor : Loading config from file C:\Users\Lukas\Documents\TSPP\config\config.yaml.
2026-04-13 17:19:34,742 : INFO : ConfigProcessor : Loading config: C:\Users\Lukas\Documents\TSPP\config\config.yaml
2026-04-13 17:19:34,743 : INFO : ConfigProcessor : Loading config: C:\Users\Lukas\Documents\TSPP\config\config_ball_devices.yaml
2026-04-13 17:19:34,744 : INFO : ConfigProcessor : Loading config: C:\Users\Lukas\Documents\TSPP\config\config_coils.yaml
2026-04-13 17:19:34,746 : INFO : ConfigProcessor : Loading config: C:\Users\Lukas\Documents\TSPP\config\config_switches.yaml
2026-04-13 17:19:34,747 : INFO : ConfigProcessor : Config file cache created: C:\Users\Lukas\AppData\Local\Temp\32f39c1debf2d9ee836c41c94f408ffc.mpf_cache
2026-04-13 17:19:34,803 : INFO : ConfigProcessor : Loading config from cache: C:\Users\Lukas\AppData\Local\Temp\1cf6e080e232be7da984fc3f9f606af5.mpf_cache
2026-04-13 17:19:34,804 : INFO : ConfigProcessor : Loading config from cache: C:\Users\Lukas\AppData\Local\Temp\d5d281e4d67cd36b56e6e575dc21d22a.mpf_cache
2026-04-13 17:19:34,805 : INFO : ConfigProcessor : Loading config from cache: C:\Users\Lukas\AppData\Local\Temp\1cf6e080e232be7da984fc3f9f606af5.mpf_cache
2026-04-13 17:19:34,806 : INFO : ConfigProcessor : Loading config from cache: C:\Users\Lukas\AppData\Local\Temp\e915a77df2eb7c954f1557e6bd49ea48.mpf_cache
2026-04-13 17:19:34,806 : INFO : ConfigProcessor : Loading config from cache: C:\Users\Lukas\AppData\Local\Temp\6720abd7d78775ec476d92be447cc36c.mpf_cache
2026-04-13 17:19:34,807 : INFO : ConfigProcessor : Loading config from cache: C:\Users\Lukas\AppData\Local\Temp\5c55177e8fd0a80aca73e5066ec16461.mpf_cache
2026-04-13 17:19:34,808 : INFO : Machine : Mission Pinball Framework Core Engine v0.80.0.dev14
2026-04-13 17:19:34,808 : INFO : Machine : Command line arguments: {'no_load_cache': False, 'create_config_cache': True, 'bcp': True, 'configfile': ['config.yaml'], 'force_assets_load': False, 'platform_integration_test': False, 'jsonlogging': False, 'logfile': 'logs\\2026-04-13-17-19-34-mpf-DESKTOP-24N7989.log', 'pause': False, 'production': False, 'text_ui': False, 'loglevel': 15, 'consoleloglevel': 20, 'force_platform': 'virtual', 'syslog_address': None, 'full_logfile_path': 'C:\\Users\\Lukas\\Documents\\TSPP\\logs\\2026-04-13-17-19-34-mpf-DESKTOP-24N7989.log'}
2026-04-13 17:19:34,808 : INFO : Machine : MPF path: C:\Users\Lukas\mpftspp\lib\site-packages\mpf
2026-04-13 17:19:34,808 : INFO : Machine : Machine path: C:\Users\Lukas\Documents\TSPP
2026-04-13 17:19:34,808 : INFO : Machine : Platform: win32
2026-04-13 17:19:34,808 : INFO : Machine : Python executable location: C:\Users\Lukas\mpftspp\Scripts\python.exe
2026-04-13 17:19:34,808 : INFO : Machine : Python version: 3.10.0 (64-bit)
2026-04-13 17:19:34,810 : INFO : Machine : Initializing MPF...
2026-04-13 17:19:34,877 : INFO : EventManager : Event: ======'machine_var_credits_string'====== Args={'value': 'FREE PLAY', 'prev_value': None, 'change': True}
2026-04-13 17:19:34,901 : INFO : EventManager : Event: ======'machine_var_master_volume'====== Args={'value': 0.5, 'prev_value': None, 'change': True}
2026-04-13 17:19:34,901 : INFO : EventManager : Event: ======'machine_var_mpf_version'====== Args={'value': 'Mission Pinball Framework v0.80.0.dev14', 'prev_value': None, 'change': True}
2026-04-13 17:19:34,901 : INFO : EventManager : Event: ======'machine_var_mpf_extended_version'====== Args={'value': 'Mission Pinball Framework v0.80.0.dev14, Config version:6, Show version: 6, BCP version:1.1', 'prev_value': None, 'change': True}
2026-04-13 17:19:34,901 : INFO : EventManager : Event: ======'machine_var_python_version'====== Args={'value': '3.10.0', 'prev_value': None, 'change': True}
2026-04-13 17:19:34,933 : INFO : EventManager : Event: ======'machine_var_platform'====== Args={'value': 'Windows-10-10.0.26200-SP0', 'prev_value': None, 'change': True}
2026-04-13 17:19:34,935 : INFO : EventManager : Event: ======'machine_var_platform_system'====== Args={'value': 'Windows', 'prev_value': None, 'change': True}
2026-04-13 17:19:34,935 : INFO : EventManager : Event: ======'machine_var_platform_release'====== Args={'value': '10', 'prev_value': None, 'change': True}
2026-04-13 17:19:34,935 : INFO : EventManager : Event: ======'machine_var_platform_version'====== Args={'value': '10.0.26200', 'prev_value': None, 'change': True}
2026-04-13 17:19:34,935 : INFO : EventManager : Event: ======'machine_var_platform_machine'====== Args={'value': 'AMD64', 'prev_value': None, 'change': True}
2026-04-13 17:19:34,935 : INFO : EventManager : Event: ======'machine_var_log_file_path'====== Args={'value': 'C:\\Users\\Lukas\\Documents\\TSPP\\logs\\2026-04-13-17-19-34-mpf-DESKTOP-24N7989.log', 'prev_value': None, 'change': True}
2026-04-13 17:19:34,935 : INFO : EventManager : Event: ======'init_phase_1'====== Args={}
2026-04-13 17:19:34,953 : INFO : EventManager : Event: ======'init_phase_2'====== Args={}
2026-04-13 17:19:34,953 : INFO : SwitchController : Found active switch: ('1-0-8', <Platform.Virtual>) <switch.s_trough_1>
2026-04-13 17:19:34,953 : INFO : SwitchController : Found active switch: ('1-0-9', <Platform.Virtual>) <switch.s_trough_2>
2026-04-13 17:19:34,953 : INFO : SwitchController : Found active switch: ('1-0-10', <Platform.Virtual>) <switch.s_trough_3>
2026-04-13 17:19:34,954 : INFO : EventManager : Event: ======'bcp_connection_attempt'====== Args={'name': 'local_display', 'host': 'localhost', 'port': 5050}
2026-04-13 17:19:34,956 : INFO : BCPClientSocket : Connecting BCP to 'local_display' at localhost:5050...
2026-04-13 17:19:34,980 : INFO : BCPClientSocket : Connected BCP to 'local_display' localhost:5050
2026-04-13 17:19:34,980 : INFO : EventManager : Event: ======'bcp_clients_connected'====== Args={}
2026-04-13 17:19:34,981 : INFO : ball_device.bd_drain : BCH: Initial count: 0
2026-04-13 17:19:34,981 : INFO : ball_device.bd_drain : State: idle
2026-04-13 17:19:34,990 : INFO : ball_device.bd_trough : BCH: Initial count: 3
2026-04-13 17:19:34,991 : INFO : ball_device.bd_trough : State: idle
2026-04-13 17:19:34,991 : INFO : ball_device.bd_plunger : BCH: Initial count: 0
2026-04-13 17:19:34,991 : INFO : ball_device.bd_plunger : State: idle
2026-04-13 17:19:35,001 : INFO : EventManager : Event: ======'init_phase_3'====== Args={}
2026-04-13 17:19:35,003 : INFO : EventManager : Event: ======'init_phase_4'====== Args={}
2026-04-13 17:19:35,004 : INFO : BallController : Initial balls found: 3
2026-04-13 17:19:35,004 : INFO : EventManager : Event: ======'machine_var_audits_events_game_ended'====== Args={'value': 0, 'prev_value': None, 'change': True}
2026-04-13 17:19:35,004 : INFO : EventManager : Event: ======'machine_var_audits_events_game_started'====== Args={'value': 4, 'prev_value': None, 'change': True}
2026-04-13 17:19:35,005 : INFO : EventManager : Event: ======'machine_var_audits_missing_switches_s_drain'====== Args={'value': 4, 'prev_value': None, 'change': True}
2026-04-13 17:19:35,005 : INFO : EventManager : Event: ======'machine_var_audits_missing_switches_s_dt_m'====== Args={'value': 4, 'prev_value': None, 'change': True}
2026-04-13 17:19:35,005 : INFO : EventManager : Event: ======'machine_var_audits_missing_switches_s_dt_o'====== Args={'value': 4, 'prev_value': None, 'change': True}
2026-04-13 17:19:35,005 : INFO : EventManager : Event: ======'machine_var_audits_missing_switches_s_dt_u'====== Args={'value': 4, 'prev_value': None, 'change': True}
2026-04-13 17:19:35,005 : INFO : EventManager : Event: ======'machine_var_audits_missing_switches_s_flipper_left'====== Args={'value': 4, 'prev_value': None, 'change': True}
2026-04-13 17:19:35,005 : INFO : EventManager : Event: ======'machine_var_audits_missing_switches_s_flipper_rigt'====== Args={'value': 4, 'prev_value': None, 'change': True}
2026-04-13 17:19:35,005 : INFO : EventManager : Event: ======'machine_var_audits_missing_switches_s_kickout'====== Args={'value': 2, 'prev_value': None, 'change': True}
2026-04-13 17:19:35,005 : INFO : EventManager : Event: ======'machine_var_audits_missing_switches_s_plunger_lane'====== Args={'value': 4, 'prev_value': None, 'change': True}
2026-04-13 17:19:35,005 : INFO : EventManager : Event: ======'machine_var_audits_missing_switches_s_ramp_1'====== Args={'value': 4, 'prev_value': None, 'change': True}
2026-04-13 17:19:35,005 : INFO : EventManager : Event: ======'machine_var_audits_missing_switches_s_start'====== Args={'value': 2, 'prev_value': None, 'change': True}
2026-04-13 17:19:35,005 : INFO : EventManager : Event: ======'machine_var_audits_missing_switches_s_trough_1'====== Args={'value': 4, 'prev_value': None, 'change': True}
2026-04-13 17:19:35,005 : INFO : EventManager : Event: ======'machine_var_audits_missing_switches_s_trough_2'====== Args={'value': 4, 'prev_value': None, 'change': True}
2026-04-13 17:19:35,005 : INFO : EventManager : Event: ======'machine_var_audits_missing_switches_s_trough_3'====== Args={'value': 4, 'prev_value': None, 'change': True}
2026-04-13 17:19:35,005 : INFO : EventManager : Event: ======'machine_var_audits_player_score'====== Args={'value': {'average': 0, 'top': [], 'total': 0}, 'prev_value': None, 'change': True}
2026-04-13 17:19:35,005 : INFO : EventManager : Event: ======'machine_var_audits_shots_homer_h'====== Args={'value': 6, 'prev_value': None, 'change': True}
2026-04-13 17:19:35,005 : INFO : EventManager : Event: ======'machine_var_audits_shots_hurryup'====== Args={'value': 2, 'prev_value': None, 'change': True}
2026-04-13 17:19:35,005 : INFO : EventManager : Event: ======'machine_var_audits_shots_slingshot_left'====== Args={'value': 35, 'prev_value': None, 'change': True}
2026-04-13 17:19:35,005 : INFO : EventManager : Event: ======'machine_var_audits_shots_slingshot_right'====== Args={'value': 24, 'prev_value': None, 'change': True}
2026-04-13 17:19:35,005 : INFO : EventManager : Event: ======'machine_var_audits_switches_s_drain'====== Args={'value': 0, 'prev_value': None, 'change': True}
2026-04-13 17:19:35,005 : INFO : EventManager : Event: ======'machine_var_audits_switches_s_dt_m'====== Args={'value': 0, 'prev_value': None, 'change': True}
2026-04-13 17:19:35,005 : INFO : EventManager : Event: ======'machine_var_audits_switches_s_dt_o'====== Args={'value': 0, 'prev_value': None, 'change': True}
2026-04-13 17:19:35,005 : INFO : EventManager : Event: ======'machine_var_audits_switches_s_dt_u'====== Args={'value': 0, 'prev_value': None, 'change': True}
2026-04-13 17:19:35,005 : INFO : EventManager : Event: ======'machine_var_audits_switches_s_flipper_left'====== Args={'value': 0, 'prev_value': None, 'change': True}
2026-04-13 17:19:35,005 : INFO : EventManager : Event: ======'machine_var_audits_switches_s_flipper_rigt'====== Args={'value': 0, 'prev_value': None, 'change': True}
2026-04-13 17:19:35,005 : INFO : EventManager : Event: ======'machine_var_audits_switches_s_homer_h'====== Args={'value': 6, 'prev_value': None, 'change': True}
2026-04-13 17:19:35,005 : INFO : EventManager : Event: ======'machine_var_audits_switches_s_kickout'====== Args={'value': 1, 'prev_value': None, 'change': True}
2026-04-13 17:19:35,005 : INFO : EventManager : Event: ======'machine_var_audits_switches_s_plunger_lane'====== Args={'value': 0, 'prev_value': None, 'change': True}
2026-04-13 17:19:35,005 : INFO : EventManager : Event: ======'machine_var_audits_switches_s_ramp_1'====== Args={'value': 0, 'prev_value': None, 'change': True}
2026-04-13 17:19:35,005 : INFO : EventManager : Event: ======'machine_var_audits_switches_s_sling_left'====== Args={'value': 35, 'prev_value': None, 'change': True}
2026-04-13 17:19:35,005 : INFO : EventManager : Event: ======'machine_var_audits_switches_s_sling_right'====== Args={'value': 24, 'prev_value': None, 'change': True}
2026-04-13 17:19:35,005 : INFO : EventManager : Event: ======'machine_var_audits_switches_s_start'====== Args={'value': 2, 'prev_value': None, 'change': True}
2026-04-13 17:19:35,005 : INFO : EventManager : Event: ======'machine_var_audits_switches_s_trough_1'====== Args={'value': 0, 'prev_value': None, 'change': True}
2026-04-13 17:19:35,005 : INFO : EventManager : Event: ======'machine_var_audits_switches_s_trough_2'====== Args={'value': 0, 'prev_value': None, 'change': True}
2026-04-13 17:19:35,005 : INFO : EventManager : Event: ======'machine_var_audits_switches_s_trough_3'====== Args={'value': 0, 'prev_value': None, 'change': True}
2026-04-13 17:19:35,006 : INFO : EventManager : Event: ======'init_phase_5'====== Args={}
2026-04-13 17:19:35,006 : INFO : EventManager : Event: ======'init_done'====== Args={}
2026-04-13 17:19:35,006 : INFO : EventManager : Event: ======'machine_reset_phase_1'====== Args={}
2026-04-13 17:19:35,016 : INFO : EventManager : Event: ======'machine_reset_phase_2'====== Args={}
2026-04-13 17:19:35,016 : INFO : EventManager : Event: ======'machine_reset_phase_3'====== Args={}
2026-04-13 17:19:35,016 : INFO : EventManager : Event: ======'reset_complete'====== Args={}
2026-04-13 17:19:35,016 : INFO : EventManager : Event: ======'mode_attract_will_start'====== Args={}
2026-04-13 17:19:35,017 : INFO : Timer.attract_carousel_timer : Starting Timer.
2026-04-13 17:19:35,017 : INFO : EventManager : Event: ======'timer_attract_carousel_timer_started'====== Args={'ticks': 0, 'ticks_remaining': 1}
2026-04-13 17:19:35,017 : INFO : EventManager : Event: ======'timer_attract_carousel_timer_tick'====== Args={'ticks': 0, 'ticks_remaining': 1}
2026-04-13 17:19:35,017 : INFO : EventManager : Event: ======'mode_attract_starting'====== Args={}
2026-04-13 17:19:35,017 : INFO : Mode.attract : Started. Priority: 10
2026-04-13 17:19:35,017 : INFO : EventManager : Event: ======'modes_active_modes_changed'====== Args={}
2026-04-13 17:19:35,017 : INFO : EventManager : Event: ======'mode_attract_started'====== Args={}
2026-04-13 17:19:35,018 : INFO : EventManager : Event: ======'collecting_balls_complete'====== Args={}
2026-04-13 17:19:35,018 : INFO : EventManager : Event: ======'carousel_item_highlighted'====== Args={'carousel': 'attract', 'direction': None, 'item': 'title'}
2026-04-13 17:19:35,018 : INFO : EventManager : Event: ======'timer_attract_carousel_timer_tick'====== Args={'ticks': 0, 'ticks_remaining': 1}
2026-04-13 17:19:35,019 : INFO : Machine : Starting the main run loop with active modes: [<Mode.attract>]
2026-04-13 17:19:35,039 : INFO : EventManager : Event: ======'slide_attract_created'====== Args={'_from_bcp': True}
2026-04-13 17:19:35,040 : INFO : EventManager : Event: ======'slide__removed'====== Args={'_from_bcp': True}
2026-04-13 17:19:35,040 : INFO : EventManager : Event: ======'slide_attract_active'====== Args={'original_context': 'attract', 'original_calling_context': 'mode_attract_started', 'priority': 10.0, 'cmd': 'slides_play', '_from_bcp': True}
2026-04-13 17:19:38,335 : INFO : SwitchController : <<<<<<< 's_start' active >>>>>>>
2026-04-13 17:19:38,435 : INFO : SwitchController : <<<<<<< 's_start' inactive >>>>>>>
2026-04-13 17:19:38,435 : INFO : EventManager : Event: ======'request_to_start_game'====== Args={}
2026-04-13 17:19:38,436 : INFO : EventManager : Event: ======'game_start'====== Args={'buttons': [], 'hold_time': 0.10999999999989996}
2026-04-13 17:19:38,436 : INFO : EventManager : Event: ======'mode_game_will_start'====== Args={'buttons': [], 'hold_time': 0.10999999999989996}
2026-04-13 17:19:38,438 : INFO : EventManager : Event: ======'mode_game_starting'====== Args={'buttons': [], 'hold_time': 0.10999999999989996}
2026-04-13 17:19:38,438 : INFO : EventManager : Event: ======'mode_attract_will_stop'====== Args={}
2026-04-13 17:19:38,438 : INFO : EventManager : Event: ======'mode_attract_stopping'====== Args={}
2026-04-13 17:19:38,438 : INFO : Mode.attract : Stopped.
2026-04-13 17:19:38,439 : INFO : EventManager : Event: ======'modes_active_modes_changed'====== Args={}
2026-04-13 17:19:38,439 : INFO : EventManager : Event: ======'mode_attract_stopped'====== Args={}
2026-04-13 17:19:38,439 : INFO : EventManager : Event: ======'clear'====== Args={'key': 'attract'}
2026-04-13 17:19:38,440 : INFO : Timer.attract_carousel_timer : Stopping Timer
2026-04-13 17:19:38,440 : INFO : EventManager : Event: ======'timer_attract_carousel_timer_stopped'====== Args={'ticks': 0, 'ticks_remaining': 1}
2026-04-13 17:19:38,440 : INFO : Mode.game : Started. Priority: 20
2026-04-13 17:19:38,440 : INFO : EventManager : Event: ======'modes_active_modes_changed'====== Args={}
2026-04-13 17:19:38,440 : INFO : EventManager : Event: ======'mode_game_started'====== Args={'buttons': [], 'hold_time': 0.10999999999989996}
2026-04-13 17:19:38,442 : INFO : EventManager : Event: ======'game_will_start'====== Args={}
2026-04-13 17:19:38,442 : INFO : EventManager : Event: ======'game_starting'====== Args={'game': <Mode.game>}
2026-04-13 17:19:38,443 : INFO : EventManager : Unordered handler for class <Auditor> on event game_ended with priority 1. Handlers: [RegisteredHandler(callback=<bound method Auditor.disable of <Auditor>>, priority=1, kwargs={}, key=UUID('02fa0e68-f6b8-4cb3-83b6-99d7bc7f8781'), condition=None, blocking_facility=None), RegisteredHandler(callback=<bound method Auditor._save_audits of <Auditor>>, priority=1, kwargs={}, key=UUID('55d1fef4-10af-4982-bf87-5b3bb1ce66f4'), condition=None, blocking_facility=None)]. The order of those handlers is not defined and they will be executed in random order. This might lead to race conditions and potential bugs.
2026-04-13 17:19:38,443 : INFO : EventManager : Event: ======'player_add_request'====== Args={}
2026-04-13 17:19:38,443 : INFO : EventManager : Event: ======'player_will_add'====== Args={'number': 1}
2026-04-13 17:19:38,444 : INFO : EventManager : Event: ======'player_adding'====== Args={'player': <Player 1>, 'number': 1}
2026-04-13 17:19:38,444 : INFO : EventManager : Event: ======'player_added'====== Args={'player': <Player 1>, 'num': 1}
2026-04-13 17:19:38,444 : INFO : Mode.game : Player added successfully. Total players: 1
2026-04-13 17:19:38,444 : INFO : EventManager : Event: ======'player_index'====== Args={'value': 0, 'prev_value': 0, 'change': 0, 'player_num': 1}
2026-04-13 17:19:38,445 : INFO : EventManager : Event: ======'player_number'====== Args={'value': 1, 'prev_value': 1, 'change': 0, 'player_num': 1}
2026-04-13 17:19:38,445 : INFO : EventManager : Event: ======'player_score'====== Args={'value': 0, 'prev_value': 0, 'change': 0, 'player_num': 1}
2026-04-13 17:19:38,445 : INFO : EventManager : Event: ======'game_started'====== Args={}
2026-04-13 17:19:38,447 : INFO : EventManager : Event: ======'player_turn_will_start'====== Args={'player': <Player 1>, 'number': 1}
2026-04-13 17:19:38,447 : INFO : EventManager : Event: ======'player_turn_starting'====== Args={'player': <Player 1>, 'number': 1}
2026-04-13 17:19:38,447 : INFO : EventManager : Event: ======'player_ball'====== Args={'value': 1, 'prev_value': 0, 'change': 1, 'player_num': 1}
2026-04-13 17:19:38,448 : INFO : EventManager : Event: ======'player_turn_started'====== Args={'player': <Player 1>, 'number': 1}
2026-04-13 17:19:38,452 : INFO : EventManager : Event: ======'ball_will_start'====== Args={'player': 1, 'ball': 1, 'balls_remaining': 2, 'is_extra_ball': False}
2026-04-13 17:19:38,452 : INFO : EventManager : Event: ======'ball_starting'====== Args={'player': 1, 'ball': 1, 'balls_remaining': 2, 'is_extra_ball': False}
2026-04-13 17:19:38,452 : INFO : EventManager : Event: ======'mode_base_will_start'====== Args={'queue': <QueuedEvent>, 'player': 1, 'ball': 1, 'balls_remaining': 2, 'is_extra_ball': False}
2026-04-13 17:19:38,453 : INFO : EventManager : Event: ======'player_shot_homer_h_enabled'====== Args={'value': True, 'prev_value': 0, 'change': 1, 'player_num': 1}
2026-04-13 17:19:38,455 : INFO : EventManager : Event: ======'mode_base_starting'====== Args={'queue': <QueuedEvent>, 'player': 1, 'ball': 1, 'balls_remaining': 2, 'is_extra_ball': False}
2026-04-13 17:19:38,456 : INFO : Mode.base : Started. Priority: 100
2026-04-13 17:19:38,456 : INFO : EventManager : Event: ======'modes_active_modes_changed'====== Args={}
2026-04-13 17:19:38,456 : INFO : EventManager : Event: ======'mode_base_started'====== Args={'queue': <QueuedEvent>, 'player': 1, 'ball': 1, 'balls_remaining': 2, 'is_extra_ball': False}
2026-04-13 17:19:38,456 : INFO : EventManager : Event: ======'start_mode_slingshots'====== Args={'priority': 0}
2026-04-13 17:19:38,456 : INFO : EventManager : Event: ======'mode_slingshots_will_start'====== Args={'priority': 0}
2026-04-13 17:19:38,457 : INFO : EventManager : Event: ======'player_shot_slingshot_left_enabled'====== Args={'value': True, 'prev_value': 0, 'change': 1, 'player_num': 1}
2026-04-13 17:19:38,457 : INFO : EventManager : Event: ======'player_shot_slingshot_right_enabled'====== Args={'value': True, 'prev_value': 0, 'change': 1, 'player_num': 1}
2026-04-13 17:19:38,458 : INFO : EventManager : Event: ======'slingshots_complete'====== Args={'state': 'unlit'}
2026-04-13 17:19:38,458 : INFO : EventManager : Event: ======'slingshots_unlit_complete'====== Args={}
2026-04-13 17:19:38,458 : INFO : EventManager : Event: ======'mode_slingshots_starting'====== Args={'priority': 0}
2026-04-13 17:19:38,458 : INFO : Mode.slingshots : Started. Priority: 200
2026-04-13 17:19:38,458 : INFO : EventManager : Event: ======'modes_active_modes_changed'====== Args={}
2026-04-13 17:19:38,458 : INFO : EventManager : Event: ======'mode_slingshots_started'====== Args={'priority': 0}
2026-04-13 17:19:38,458 : INFO : EventManager : Event: ======'balls_in_play'====== Args={'balls': 1}
2026-04-13 17:19:38,458 : INFO : EventManager : Event: ======'ball_started'====== Args={'player': 1, 'ball': 1, 'balls_remaining': 2, 'is_extra_ball': False}
2026-04-13 17:19:38,459 : INFO : EventManager : Event: ======'single_player_ball_started'====== Args={}
2026-04-13 17:19:38,459 : INFO : EventManager : Event: ======'ball_start_target'====== Args={'target': 'playfield'}
2026-04-13 17:19:38,459 : INFO : ball_device.bd_trough : Setting up player-controlled eject. Balls: 1, Target: <playfield.playfield>, player_controlled_eject_event: None
2026-04-13 17:19:38,459 : INFO : ball_device.bd_trough : Adding 1 ball(s) to the eject_queue with target <playfield.playfield>.
2026-04-13 17:19:38,459 : INFO : EventManager : Event: ======'balldevice_balls_available'====== Args={}
2026-04-13 17:19:38,460 : INFO : ball_device.bd_trough : State: waiting_for_target_ready
2026-04-13 17:19:38,460 : INFO : EventManager : Event: ======'balldevice_bd_trough_ball_eject_attempt'====== Args={'balls': 1, 'target': <ball_device.bd_plunger>, 'source': <ball_device.bd_trough>, 'mechanical_eject': False, 'num_attempts': 0}
2026-04-13 17:19:38,460 : INFO : ball_device.bd_plunger : State: waiting_for_ball
2026-04-13 17:19:38,460 : INFO : ball_device.bd_trough : State: ejecting
2026-04-13 17:19:38,460 : INFO : ball_device.bd_trough : Ejecting ball to <ball_device.bd_plunger>
2026-04-13 17:19:38,460 : INFO : EventManager : Event: ======'balldevice_bd_trough_ejecting_ball'====== Args={'balls': 1, 'target': <ball_device.bd_plunger>, 'source': <ball_device.bd_trough>, 'mechanical_eject': False, 'num_attempts': 0}
2026-04-13 17:19:38,461 : INFO : ball_device.bd_trough : Wait for ball to leave device
2026-04-13 17:19:38,461 : INFO : coil.c_trough_release : Pulsing Driver for 20ms (1.0 pulse_power)
2026-04-13 17:19:38,472 : INFO : EventManager : Event: ======'slide_base_slide_created'====== Args={'_from_bcp': True}
2026-04-13 17:19:38,472 : INFO : EventManager : Event: ======'slide_attract_inactive'====== Args={'is_removing': True, '_from_bcp': True}
2026-04-13 17:19:38,472 : INFO : EventManager : Event: ======'slide_base_slide_active'====== Args={'original_context': 'base', 'original_calling_context': 'mode_base_started', 'priority': 100.0, 'queue': '<QueuedEvent>', 'player': 1.0, 'ball': 1.0, 'balls_remaining': 2.0, 'is_extra_ball': False, 'cmd': 'slides_play', '_from_bcp': True}
2026-04-13 17:19:38,473 : INFO : EventManager : Event: ======'slide_attract_removed'====== Args={'_from_bcp': True}
2026-04-13 17:19:40,030 : INFO : SwitchController : <<<<<<< 's_sling_right' active >>>>>>>
2026-04-13 17:19:40,030 : INFO : EventManager : Event: ======'playfield_active'====== Args={'source': 'slingshot_right'}
2026-04-13 17:19:40,031 : INFO : EventManager : Event: ======'unexpected_ball_on_playfield'====== Args={}
2026-04-13 17:19:40,031 : INFO : EventManager : Event: ======'s_sling_right_active'====== Args={}
2026-04-13 17:19:40,031 : INFO : EventManager : Event: ======'machine_var_audits_switches_s_sling_right'====== Args={'value': 25, 'prev_value': 24, 'change': 1}
2026-04-13 17:19:40,032 : INFO : EventManager : Event: ======'player_shot_slingshot_right'====== Args={'value': 1, 'prev_value': 0, 'change': 1, 'player_num': 1}
2026-04-13 17:19:40,033 : INFO : EventManager : Event: ======'machine_var_audits_shots_slingshot_right'====== Args={'value': 25, 'prev_value': 24, 'change': 1}
2026-04-13 17:19:40,034 : INFO : EventManager : Event: ======'slingshot_right_hit'====== Args={'profile': 'default', 'state': 'unlit', 'advancing': True}
2026-04-13 17:19:40,034 : INFO : EventManager : Event: ======'slingshot_right_default_hit'====== Args={'profile': 'default', 'state': 'unlit', 'advancing': True}
2026-04-13 17:19:40,034 : INFO : EventManager : Event: ======'slingshot_right_default_unlit_hit'====== Args={'profile': 'default', 'state': 'unlit', 'advancing': True}
2026-04-13 17:19:40,034 : INFO : EventManager : Event: ======'slingshot_right_unlit_hit'====== Args={'profile': 'default', 'state': 'unlit', 'advancing': True}
2026-04-13 17:19:40,034 : INFO : EventManager : Event: ======'slingshots_hit'====== Args={'shot': 'slingshot_right'}
2026-04-13 17:19:40,034 : INFO : EventManager : Event: ======'slingshots_unlit_hit'====== Args={'shot': 'slingshot_right'}
2026-04-13 17:19:40,034 : INFO : EventManager : Event: ======'player_score'====== Args={'value': 1000, 'prev_value': 0, 'change': 1000, 'player_num': 1, 'source': 'slingshots'}
2026-04-13 17:19:40,128 : INFO : SwitchController : <<<<<<< 's_sling_right' inactive >>>>>>>
2026-04-13 17:19:40,561 : INFO : SwitchController : <<<<<<< 's_homer_h' active >>>>>>>
2026-04-13 17:19:40,562 : INFO : EventManager : Event: ======'playfield_active'====== Args={'source': 'homer_h'}
2026-04-13 17:19:40,562 : INFO : EventManager : Event: ======'unexpected_ball_on_playfield'====== Args={}
2026-04-13 17:19:40,562 : INFO : EventManager : Event: ======'playfield_active'====== Args={'source': 'hurryup'}
2026-04-13 17:19:40,562 : INFO : EventManager : Event: ======'unexpected_ball_on_playfield'====== Args={}
2026-04-13 17:19:40,562 : INFO : EventManager : Event: ======'s_homer_h_active'====== Args={}
2026-04-13 17:19:40,562 : INFO : EventManager : Event: ======'machine_var_audits_switches_s_homer_h'====== Args={'value': 7, 'prev_value': 6, 'change': 1}
2026-04-13 17:19:40,564 : INFO : EventManager : Event: ======'player_shot_homer_h'====== Args={'value': 1, 'prev_value': 0, 'change': 1, 'player_num': 1}
2026-04-13 17:19:40,565 : INFO : EventManager : Event: ======'machine_var_audits_shots_homer_h'====== Args={'value': 7, 'prev_value': 6, 'change': 1}
2026-04-13 17:19:40,565 : INFO : EventManager : Event: ======'homer_h_hit'====== Args={'profile': 'default', 'state': 'unlit', 'advancing': True}
2026-04-13 17:19:40,566 : INFO : EventManager : Event: ======'homer_h_default_hit'====== Args={'profile': 'default', 'state': 'unlit', 'advancing': True}
2026-04-13 17:19:40,566 : INFO : EventManager : Event: ======'homer_h_default_unlit_hit'====== Args={'profile': 'default', 'state': 'unlit', 'advancing': True}
2026-04-13 17:19:40,566 : INFO : EventManager : Event: ======'homer_h_unlit_hit'====== Args={'profile': 'default', 'state': 'unlit', 'advancing': True}
2026-04-13 17:19:40,566 : INFO : EventManager : Event: ======'start_mode_hurryup'====== Args={'priority': 0}
2026-04-13 17:19:40,566 : INFO : EventManager : Event: ======'mode_hurryup_will_start'====== Args={'priority': 0}
2026-04-13 17:19:40,566 : INFO : EventManager : Event: ======'player_shot_hurryup_enabled'====== Args={'value': True, 'prev_value': 0, 'change': 1, 'player_num': 1}
2026-04-13 17:19:40,567 : INFO : EventManager : Event: ======'player_hurryup_hurryup_timer_tick'====== Args={'value': 0, 'prev_value': 0, 'change': 0, 'player_num': 1}
2026-04-13 17:19:40,567 : INFO : Timer.hurryup_timer : Starting Timer.
2026-04-13 17:19:40,568 : INFO : EventManager : Event: ======'timer_hurryup_timer_started'====== Args={'ticks': 0, 'ticks_remaining': 25}
2026-04-13 17:19:40,568 : INFO : EventManager : Event: ======'timer_hurryup_timer_tick'====== Args={'ticks': 0, 'ticks_remaining': 25}
2026-04-13 17:19:40,569 : INFO : EventManager : Event: ======'mode_hurryup_starting'====== Args={'priority': 0}
2026-04-13 17:19:40,569 : INFO : Mode.hurryup : Started. Priority: 1000
2026-04-13 17:19:40,570 : INFO : EventManager : Event: ======'modes_active_modes_changed'====== Args={}
2026-04-13 17:19:40,570 : INFO : EventManager : Event: ======'mode_hurryup_started'====== Args={'priority': 0}
2026-04-13 17:19:40,579 : INFO : EventManager : Event: ======'slide_hurryup_created'====== Args={'_from_bcp': True}
2026-04-13 17:19:40,580 : INFO : EventManager : Event: ======'slide_base_slide_inactive'====== Args={'is_removing': False, '_from_bcp': True}
2026-04-13 17:19:40,581 : INFO : EventManager : Event: ======'slide_hurryup_active'====== Args={'original_context': 'hurryup', 'original_calling_context': 'mode_hurryup_started', 'priority': 1000.0, 'cmd': 'slides_play', '_from_bcp': True}
2026-04-13 17:19:40,709 : INFO : SwitchController : <<<<<<< 's_homer_h' inactive >>>>>>>
2026-04-13 17:19:40,781 : INFO : EventManager : Event: ======'player_hurryup_hurryup_timer_tick'====== Args={'value': 1, 'prev_value': 0, 'change': 1, 'player_num': 1}
2026-04-13 17:19:40,783 : INFO : EventManager : Event: ======'timer_hurryup_timer_tick'====== Args={'ticks': 1, 'ticks_remaining': 24}
2026-04-13 17:19:40,784 : INFO : EventManager : Event: ======'hurryup_value'====== Args={'priority': 0, 'current_hurryup': 98000}
2026-04-13 17:19:40,969 : INFO : EventManager : Event: ======'player_hurryup_hurryup_timer_tick'====== Args={'value': 2, 'prev_value': 1, 'change': 1, 'player_num': 1}
2026-04-13 17:19:40,971 : INFO : EventManager : Event: ======'timer_hurryup_timer_tick'====== Args={'ticks': 2, 'ticks_remaining': 23}
2026-04-13 17:19:40,972 : INFO : EventManager : Event: ======'hurryup_value'====== Args={'priority': 0, 'current_hurryup': 96000}
2026-04-13 17:19:41,173 : INFO : EventManager : Event: ======'player_hurryup_hurryup_timer_tick'====== Args={'value': 3, 'prev_value': 2, 'change': 1, 'player_num': 1}
2026-04-13 17:19:41,176 : INFO : EventManager : Event: ======'timer_hurryup_timer_tick'====== Args={'ticks': 3, 'ticks_remaining': 22}
2026-04-13 17:19:41,177 : INFO : EventManager : Event: ======'hurryup_value'====== Args={'priority': 0, 'current_hurryup': 94000}
2026-04-13 17:19:41,377 : INFO : EventManager : Event: ======'player_hurryup_hurryup_timer_tick'====== Args={'value': 4, 'prev_value': 3, 'change': 1, 'player_num': 1}
2026-04-13 17:19:41,377 : INFO : EventManager : Event: ======'timer_hurryup_timer_tick'====== Args={'ticks': 4, 'ticks_remaining': 21}
2026-04-13 17:19:41,379 : INFO : EventManager : Event: ======'hurryup_value'====== Args={'priority': 0, 'current_hurryup': 92000}
2026-04-13 17:19:41,472 : INFO : EventManager : Event: ======'balldevice_bd_trough_ball_eject_failed'====== Args={'target': <ball_device.bd_plunger>, 'balls': 1, 'retry': True, 'num_attempts': 1}
2026-04-13 17:19:41,475 : INFO : ball_device.bd_trough : State: waiting_for_target_ready
2026-04-13 17:19:41,476 : INFO : EventManager : Event: ======'balldevice_bd_trough_ball_eject_attempt'====== Args={'balls': 1, 'target': <ball_device.bd_plunger>, 'source': <ball_device.bd_trough>, 'mechanical_eject': False, 'num_attempts': 1}
2026-04-13 17:19:41,476 : INFO : ball_device.bd_trough : State: ejecting
2026-04-13 17:19:41,476 : INFO : ball_device.bd_trough : Ejecting ball to <ball_device.bd_plunger>
2026-04-13 17:19:41,477 : INFO : EventManager : Event: ======'balldevice_bd_trough_ejecting_ball'====== Args={'balls': 1, 'target': <ball_device.bd_plunger>, 'source': <ball_device.bd_trough>, 'mechanical_eject': False, 'num_attempts': 1}
2026-04-13 17:19:41,477 : INFO : ball_device.bd_trough : Wait for ball to leave device
2026-04-13 17:19:41,478 : INFO : coil.c_trough_release : Pulsing Driver for 20ms (1.0 pulse_power)
2026-04-13 17:19:41,582 : INFO : EventManager : Event: ======'player_hurryup_hurryup_timer_tick'====== Args={'value': 5, 'prev_value': 4, 'change': 1, 'player_num': 1}
2026-04-13 17:19:41,584 : INFO : EventManager : Event: ======'timer_hurryup_timer_tick'====== Args={'ticks': 5, 'ticks_remaining': 20}
2026-04-13 17:19:41,585 : INFO : EventManager : Event: ======'hurryup_value'====== Args={'priority': 0, 'current_hurryup': 90000}
2026-04-13 17:19:41,606 : INFO : SwitchController : <<<<<<< 's_homer_h' active >>>>>>>
2026-04-13 17:19:41,607 : INFO : EventManager : Event: ======'playfield_active'====== Args={'source': 'homer_h'}
2026-04-13 17:19:41,607 : INFO : EventManager : Event: ======'unexpected_ball_on_playfield'====== Args={}
2026-04-13 17:19:41,607 : INFO : EventManager : Event: ======'playfield_active'====== Args={'source': 'hurryup'}
2026-04-13 17:19:41,607 : INFO : EventManager : Event: ======'unexpected_ball_on_playfield'====== Args={}
2026-04-13 17:19:41,607 : INFO : EventManager : Event: ======'s_homer_h_active'====== Args={}
2026-04-13 17:19:41,608 : INFO : EventManager : Event: ======'machine_var_audits_switches_s_homer_h'====== Args={'value': 8, 'prev_value': 7, 'change': 1}
2026-04-13 17:19:41,609 : INFO : EventManager : Event: ======'player_shot_hurryup'====== Args={'value': 1, 'prev_value': 0, 'change': 1, 'player_num': 1}
2026-04-13 17:19:41,610 : INFO : EventManager : Event: ======'machine_var_audits_shots_hurryup'====== Args={'value': 3, 'prev_value': 2, 'change': 1}
2026-04-13 17:19:41,610 : INFO : EventManager : Event: ======'hurryup_hit'====== Args={'profile': 'default', 'state': 'unlit', 'advancing': True}
2026-04-13 17:19:41,610 : INFO : EventManager : Event: ======'hurryup_default_hit'====== Args={'profile': 'default', 'state': 'unlit', 'advancing': True}
2026-04-13 17:19:41,610 : INFO : EventManager : Event: ======'hurryup_default_unlit_hit'====== Args={'profile': 'default', 'state': 'unlit', 'advancing': True}
2026-04-13 17:19:41,610 : INFO : EventManager : Event: ======'hurryup_unlit_hit'====== Args={'profile': 'default', 'state': 'unlit', 'advancing': True}
2026-04-13 17:19:41,610 : INFO : EventManager : Event: ======'machine_var_audits_shots_homer_h'====== Args={'value': 8, 'prev_value': 7, 'change': 1}
2026-04-13 17:19:41,610 : INFO : EventManager : Event: ======'homer_h_hit'====== Args={'profile': 'default', 'state': 'lit', 'advancing': False}
2026-04-13 17:19:41,611 : INFO : EventManager : Event: ======'homer_h_default_hit'====== Args={'profile': 'default', 'state': 'lit', 'advancing': False}
2026-04-13 17:19:41,611 : INFO : EventManager : Event: ======'homer_h_default_lit_hit'====== Args={'profile': 'default', 'state': 'lit', 'advancing': False}
2026-04-13 17:19:41,611 : INFO : EventManager : Event: ======'homer_h_lit_hit'====== Args={'profile': 'default', 'state': 'lit', 'advancing': False}
2026-04-13 17:19:41,611 : INFO : EventManager : Event: ======'stop_mode_hurryup'====== Args={'priority': 0}
2026-04-13 17:19:41,611 : INFO : EventManager : Event: ======'player_score'====== Args={'value': 91000, 'prev_value': 1000, 'change': 90000, 'player_num': 1, 'source': 'hurryup'}
2026-04-13 17:19:41,611 : INFO : EventManager : Event: ======'mode_hurryup_will_stop'====== Args={}
2026-04-13 17:19:41,612 : INFO : EventManager : Event: ======'mode_hurryup_stopping'====== Args={}
2026-04-13 17:19:41,612 : INFO : EventManager : Event: ======'start_mode_hurryup'====== Args={'priority': 0}
2026-04-13 17:19:41,612 : INFO : Mode.hurryup : Stopped.
2026-04-13 17:19:41,612 : INFO : EventManager : Event: ======'modes_active_modes_changed'====== Args={}
2026-04-13 17:19:41,612 : INFO : EventManager : Event: ======'mode_hurryup_stopped'====== Args={}
2026-04-13 17:19:41,612 : INFO : EventManager : Event: ======'clear'====== Args={'key': 'hurryup'}
2026-04-13 17:19:41,612 : INFO : Timer.hurryup_timer : Stopping Timer
2026-04-13 17:19:41,612 : INFO : EventManager : Event: ======'timer_hurryup_timer_stopped'====== Args={'ticks': 5, 'ticks_remaining': 20}
2026-04-13 17:19:41,622 : INFO : EventManager : Event: ======'slide_hurryup_inactive'====== Args={'is_removing': True, '_from_bcp': True}
2026-04-13 17:19:41,622 : INFO : EventManager : Event: ======'slide_base_slide_active'====== Args={'_from_bcp': True}
2026-04-13 17:19:41,622 : INFO : EventManager : Event: ======'slide_hurryup_removed'====== Args={'_from_bcp': True}
2026-04-13 17:19:41,723 : INFO : SwitchController : <<<<<<< 's_homer_h' inactive >>>>>>>
2026-04-13 17:19:44,014 : INFO : Machine : Shutting down...
2026-04-13 17:19:44,014 : INFO : EventManager : Event: ======'shutdown'====== Args={}
2026-04-13 17:19:44,015 : INFO : EventManager : Event: ======'mode_game_will_stop'====== Args={}
2026-04-13 17:19:44,015 : INFO : EventManager : Event: ======'mode_game_stopping'====== Args={}
2026-04-13 17:19:44,016 : INFO : EventManager : Event: ======'mode_base_will_stop'====== Args={}
2026-04-13 17:19:44,016 : INFO : EventManager : Event: ======'mode_base_stopping'====== Args={}
2026-04-13 17:19:44,016 : INFO : EventManager : Event: ======'mode_slingshots_will_stop'====== Args={}
2026-04-13 17:19:44,016 : INFO : EventManager : Event: ======'mode_slingshots_stopping'====== Args={}
2026-04-13 17:19:44,017 : INFO : EventManager : Event: ======'stop_mode_slingshots'====== Args={'priority': 0}
2026-04-13 17:19:44,017 : INFO : Mode.slingshots : Stopped.
2026-04-13 17:19:44,017 : INFO : EventManager : Event: ======'modes_active_modes_changed'====== Args={}
2026-04-13 17:19:44,017 : INFO : EventManager : Event: ======'mode_slingshots_stopped'====== Args={}
2026-04-13 17:19:44,017 : INFO : EventManager : Event: ======'clear'====== Args={'key': 'slingshots'}
2026-04-13 17:19:44,017 : INFO : Mode.base : Stopped.
2026-04-13 17:19:44,017 : INFO : EventManager : Event: ======'modes_active_modes_changed'====== Args={}
2026-04-13 17:19:44,017 : INFO : EventManager : Event: ======'mode_base_stopped'====== Args={}
2026-04-13 17:19:44,017 : INFO : EventManager : Event: ======'clear'====== Args={'key': 'base'}
2026-04-13 17:19:44,018 : INFO : Mode.game : Stopped.
2026-04-13 17:19:44,018 : INFO : EventManager : Event: ======'modes_active_modes_changed'====== Args={}
2026-04-13 17:19:44,018 : INFO : EventManager : Event: ======'mode_game_stopped'====== Args={}
2026-04-13 17:19:44,018 : INFO : EventManager : Event: ======'clear'====== Args={'key': 'game'}
2026-04-13 17:19:44,022 : INFO : root : MPF run loop ended.
