2026-04-15 20:47:54,500 : INFO : root : Loading config.
2026-04-15 20:47:54,504 : INFO : YamlMultifileConfigLoader : Machine config file #1: config.yaml
2026-04-15 20:47:54,504 : WARNING : ConfigProcessor : Config file in cache changed: C:\Users\Lukas\Documents\TSPP\config\config.yaml
2026-04-15 20:47:54,504 : INFO : ConfigProcessor : Loading config from file C:\Users\Lukas\mpftspp\lib\site-packages\mpf\mpfconfig.yaml.
2026-04-15 20:47:54,513 : INFO : ConfigProcessor : Loading config: C:\Users\Lukas\mpftspp\lib\site-packages\mpf\mpfconfig.yaml
2026-04-15 20:47:54,513 : INFO : ConfigProcessor : Loading config from file C:\Users\Lukas\Documents\TSPP\config\config.yaml.
2026-04-15 20:47:54,517 : INFO : ConfigProcessor : Loading config: C:\Users\Lukas\Documents\TSPP\config\config.yaml
2026-04-15 20:47:54,517 : INFO : ConfigProcessor : Loading config: C:\Users\Lukas\Documents\TSPP\config\config_ball_devices.yaml
2026-04-15 20:47:54,519 : INFO : ConfigProcessor : Loading config: C:\Users\Lukas\Documents\TSPP\config\config_coils.yaml
2026-04-15 20:47:54,520 : INFO : ConfigProcessor : Loading config: C:\Users\Lukas\Documents\TSPP\config\config_switches.yaml
2026-04-15 20:47:54,522 : INFO : ConfigProcessor : Loading config: C:\Users\Lukas\Documents\TSPP\config\config_common.yaml
2026-04-15 20:47:54,523 : INFO : ConfigProcessor : Config file cache created: C:\Users\Lukas\AppData\Local\Temp\32f39c1debf2d9ee836c41c94f408ffc.mpf_cache
2026-04-15 20:47:54,586 : INFO : ConfigProcessor : Loading config from cache: C:\Users\Lukas\AppData\Local\Temp\1cf6e080e232be7da984fc3f9f606af5.mpf_cache
2026-04-15 20:47:54,587 : INFO : ConfigProcessor : Loading config from cache: C:\Users\Lukas\AppData\Local\Temp\d5d281e4d67cd36b56e6e575dc21d22a.mpf_cache
2026-04-15 20:47:54,589 : INFO : ConfigProcessor : Loading config from cache: C:\Users\Lukas\AppData\Local\Temp\1cf6e080e232be7da984fc3f9f606af5.mpf_cache
2026-04-15 20:47:54,589 : INFO : ConfigProcessor : Loading config from cache: C:\Users\Lukas\AppData\Local\Temp\e915a77df2eb7c954f1557e6bd49ea48.mpf_cache
2026-04-15 20:47:54,591 : INFO : ConfigProcessor : Loading config from cache: C:\Users\Lukas\AppData\Local\Temp\6720abd7d78775ec476d92be447cc36c.mpf_cache
2026-04-15 20:47:54,592 : INFO : ConfigProcessor : Loading config from cache: C:\Users\Lukas\AppData\Local\Temp\5c55177e8fd0a80aca73e5066ec16461.mpf_cache
2026-04-15 20:47:54,593 : INFO : Machine : Mission Pinball Framework Core Engine v0.80.0.dev14
2026-04-15 20:47:54,593 : INFO : Machine : Command line arguments: {'no_load_cache': False, 'create_config_cache': True, 'bcp': True, 'configfile': ['config.yaml'], 'force_assets_load': False, 'platform_integration_test': False, 'jsonlogging': False, 'logfile': 'logs\\2026-04-15-20-47-54-mpf-DESKTOP-24N7989.log', 'pause': False, 'production': False, 'text_ui': True, 'loglevel': 15, 'consoleloglevel': 20, 'force_platform': 'smart_virtual', 'syslog_address': None, 'full_logfile_path': 'C:\\Users\\Lukas\\Documents\\TSPP\\logs\\2026-04-15-20-47-54-mpf-DESKTOP-24N7989.log'}
2026-04-15 20:47:54,593 : INFO : Machine : MPF path: C:\Users\Lukas\mpftspp\lib\site-packages\mpf
2026-04-15 20:47:54,593 : INFO : Machine : Machine path: C:\Users\Lukas\Documents\TSPP
2026-04-15 20:47:54,593 : INFO : Machine : Platform: win32
2026-04-15 20:47:54,593 : INFO : Machine : Python executable location: C:\Users\Lukas\mpftspp\Scripts\python.exe
2026-04-15 20:47:54,593 : INFO : Machine : Python version: 3.10.0 (64-bit)
2026-04-15 20:47:54,594 : INFO : Machine : Initializing MPF...
2026-04-15 20:47:54,791 : INFO : EventManager : Event: ======'machine_var_credits_string'====== Args={'value': 'FREE PLAY', 'prev_value': None, 'change': True}
2026-04-15 20:47:54,807 : INFO : EventManager : Event: ======'machine_var_master_volume'====== Args={'value': 0.5, 'prev_value': None, 'change': True}
2026-04-15 20:47:54,807 : INFO : EventManager : Event: ======'machine_var_mpf_version'====== Args={'value': 'Mission Pinball Framework v0.80.0.dev14', 'prev_value': None, 'change': True}
2026-04-15 20:47:54,807 : INFO : EventManager : Event: ======'machine_var_mpf_extended_version'====== Args={'value': 'Mission Pinball Framework v0.80.0.dev14, Config version:6, Show version: 6, BCP version:1.1', 'prev_value': None, 'change': True}
2026-04-15 20:47:54,807 : INFO : EventManager : Event: ======'machine_var_python_version'====== Args={'value': '3.10.0', 'prev_value': None, 'change': True}
2026-04-15 20:47:54,820 : INFO : EventManager : Event: ======'machine_var_platform'====== Args={'value': 'Windows-10-10.0.26200-SP0', 'prev_value': None, 'change': True}
2026-04-15 20:47:54,820 : INFO : EventManager : Event: ======'machine_var_platform_system'====== Args={'value': 'Windows', 'prev_value': None, 'change': True}
2026-04-15 20:47:54,820 : INFO : EventManager : Event: ======'machine_var_platform_release'====== Args={'value': '10', 'prev_value': None, 'change': True}
2026-04-15 20:47:54,820 : INFO : EventManager : Event: ======'machine_var_platform_version'====== Args={'value': '10.0.26200', 'prev_value': None, 'change': True}
2026-04-15 20:47:54,820 : INFO : EventManager : Event: ======'machine_var_platform_machine'====== Args={'value': 'AMD64', 'prev_value': None, 'change': True}
2026-04-15 20:47:54,821 : INFO : EventManager : Event: ======'machine_var_log_file_path'====== Args={'value': 'C:\\Users\\Lukas\\Documents\\TSPP\\logs\\2026-04-15-20-47-54-mpf-DESKTOP-24N7989.log', 'prev_value': None, 'change': True}
2026-04-15 20:47:54,821 : INFO : EventManager : Event: ======'init_phase_1'====== Args={}
2026-04-15 20:47:54,846 : INFO : EventManager : Event: ======'init_phase_2'====== Args={}
2026-04-15 20:47:54,846 : INFO : SwitchController : Found active switch: ('1-0-8', <Platform.SmartVirtual>) <switch.s_trough_1>
2026-04-15 20:47:54,846 : INFO : SwitchController : Found active switch: ('1-0-9', <Platform.SmartVirtual>) <switch.s_trough_2>
2026-04-15 20:47:54,846 : INFO : SwitchController : Found active switch: ('1-0-10', <Platform.SmartVirtual>) <switch.s_trough_3>
2026-04-15 20:47:54,848 : INFO : EventManager : Event: ======'bcp_connection_attempt'====== Args={'name': 'local_display', 'host': 'localhost', 'port': 5050}
2026-04-15 20:47:54,850 : INFO : BCPClientSocket : Connecting BCP to 'local_display' at localhost:5050...
2026-04-15 20:48:12,567 : INFO : BCPClientSocket : Connected BCP to 'local_display' localhost:5050
2026-04-15 20:48:12,569 : INFO : EventManager : Event: ======'bcp_clients_connected'====== Args={}
2026-04-15 20:48:13,025 : INFO : ball_device.bd_drain : BCH: Initial count: 0
2026-04-15 20:48:13,067 : INFO : ball_device.bd_drain : State: idle
2026-04-15 20:48:13,068 : INFO : ball_device.bd_trough : BCH: Initial count: 3
2026-04-15 20:48:13,069 : INFO : ball_device.bd_trough : State: idle
2026-04-15 20:48:13,069 : INFO : ball_device.bd_plunger : BCH: Initial count: 0
2026-04-15 20:48:13,070 : INFO : ball_device.bd_plunger : State: idle
2026-04-15 20:48:13,087 : INFO : EventManager : Event: ======'init_phase_3'====== Args={}
2026-04-15 20:48:13,089 : INFO : EventManager : Event: ======'init_phase_4'====== Args={}
2026-04-15 20:48:13,090 : INFO : BallController : Initial balls found: 3
2026-04-15 20:48:13,092 : INFO : EventManager : Event: ======'machine_var_audits_events_game_ended'====== Args={'value': 0, 'prev_value': None, 'change': True}
2026-04-15 20:48:13,092 : INFO : EventManager : Event: ======'machine_var_audits_events_game_started'====== Args={'value': 16, 'prev_value': None, 'change': True}
2026-04-15 20:48:13,092 : INFO : EventManager : Event: ======'machine_var_audits_missing_switches_s_drain'====== Args={'value': 16, 'prev_value': None, 'change': True}
2026-04-15 20:48:13,092 : INFO : EventManager : Event: ======'machine_var_audits_missing_switches_s_dt_m'====== Args={'value': 16, 'prev_value': None, 'change': True}
2026-04-15 20:48:13,093 : INFO : EventManager : Event: ======'machine_var_audits_missing_switches_s_dt_o'====== Args={'value': 16, 'prev_value': None, 'change': True}
2026-04-15 20:48:13,093 : INFO : EventManager : Event: ======'machine_var_audits_missing_switches_s_dt_u'====== Args={'value': 16, 'prev_value': None, 'change': True}
2026-04-15 20:48:13,093 : INFO : EventManager : Event: ======'machine_var_audits_missing_switches_s_flipper_left'====== Args={'value': 1, 'prev_value': None, 'change': True}
2026-04-15 20:48:13,093 : INFO : EventManager : Event: ======'machine_var_audits_missing_switches_s_flipper_right'====== Args={'value': 1, 'prev_value': None, 'change': True}
2026-04-15 20:48:13,093 : INFO : EventManager : Event: ======'machine_var_audits_missing_switches_s_flipper_rigt'====== Args={'value': 7, 'prev_value': None, 'change': True}
2026-04-15 20:48:13,093 : INFO : EventManager : Event: ======'machine_var_audits_missing_switches_s_homer_h'====== Args={'value': 1, 'prev_value': None, 'change': True}
2026-04-15 20:48:13,093 : INFO : EventManager : Event: ======'machine_var_audits_missing_switches_s_kickout'====== Args={'value': 14, 'prev_value': None, 'change': True}
2026-04-15 20:48:13,093 : INFO : EventManager : Event: ======'machine_var_audits_missing_switches_s_ramp_1'====== Args={'value': 16, 'prev_value': None, 'change': True}
2026-04-15 20:48:13,093 : INFO : EventManager : Event: ======'machine_var_audits_missing_switches_s_sling_left'====== Args={'value': 1, 'prev_value': None, 'change': True}
2026-04-15 20:48:13,093 : INFO : EventManager : Event: ======'machine_var_audits_missing_switches_s_sling_right'====== Args={'value': 1, 'prev_value': None, 'change': True}
2026-04-15 20:48:13,094 : INFO : EventManager : Event: ======'machine_var_audits_missing_switches_s_start'====== Args={'value': 4, 'prev_value': None, 'change': True}
2026-04-15 20:48:13,094 : INFO : EventManager : Event: ======'machine_var_audits_missing_switches_s_trough_1'====== Args={'value': 16, 'prev_value': None, 'change': True}
2026-04-15 20:48:13,094 : INFO : EventManager : Event: ======'machine_var_audits_missing_switches_s_trough_2'====== Args={'value': 16, 'prev_value': None, 'change': True}
2026-04-15 20:48:13,094 : INFO : EventManager : Event: ======'machine_var_audits_missing_switches_s_trough_3'====== Args={'value': 16, 'prev_value': None, 'change': True}
2026-04-15 20:48:13,094 : INFO : EventManager : Event: ======'machine_var_audits_player_score'====== Args={'value': {'average': 0, 'top': [], 'total': 0}, 'prev_value': None, 'change': True}
2026-04-15 20:48:13,094 : INFO : EventManager : Event: ======'machine_var_audits_shots_homer_h'====== Args={'value': 22, 'prev_value': None, 'change': True}
2026-04-15 20:48:13,094 : INFO : EventManager : Event: ======'machine_var_audits_shots_hurryup'====== Args={'value': 10, 'prev_value': None, 'change': True}
2026-04-15 20:48:13,094 : INFO : EventManager : Event: ======'machine_var_audits_shots_slingshot_left'====== Args={'value': 44, 'prev_value': None, 'change': True}
2026-04-15 20:48:13,094 : INFO : EventManager : Event: ======'machine_var_audits_shots_slingshot_right'====== Args={'value': 34, 'prev_value': None, 'change': True}
2026-04-15 20:48:13,095 : INFO : EventManager : Event: ======'machine_var_audits_switches_s_drain'====== Args={'value': 0, 'prev_value': None, 'change': True}
2026-04-15 20:48:13,095 : INFO : EventManager : Event: ======'machine_var_audits_switches_s_dt_m'====== Args={'value': 0, 'prev_value': None, 'change': True}
2026-04-15 20:48:13,095 : INFO : EventManager : Event: ======'machine_var_audits_switches_s_dt_o'====== Args={'value': 0, 'prev_value': None, 'change': True}
2026-04-15 20:48:13,095 : INFO : EventManager : Event: ======'machine_var_audits_switches_s_dt_u'====== Args={'value': 0, 'prev_value': None, 'change': True}
2026-04-15 20:48:13,095 : INFO : EventManager : Event: ======'machine_var_audits_switches_s_flipper_left'====== Args={'value': 5, 'prev_value': None, 'change': True}
2026-04-15 20:48:13,095 : INFO : EventManager : Event: ======'machine_var_audits_switches_s_flipper_right'====== Args={'value': 3, 'prev_value': None, 'change': True}
2026-04-15 20:48:13,095 : INFO : EventManager : Event: ======'machine_var_audits_switches_s_flipper_rigt'====== Args={'value': 0, 'prev_value': None, 'change': True}
2026-04-15 20:48:13,096 : INFO : EventManager : Event: ======'machine_var_audits_switches_s_homer_h'====== Args={'value': 22, 'prev_value': None, 'change': True}
2026-04-15 20:48:13,096 : INFO : EventManager : Event: ======'machine_var_audits_switches_s_kickout'====== Args={'value': 1, 'prev_value': None, 'change': True}
2026-04-15 20:48:13,096 : INFO : EventManager : Event: ======'machine_var_audits_switches_s_plunger_lane'====== Args={'value': 6, 'prev_value': None, 'change': True}
2026-04-15 20:48:13,096 : INFO : EventManager : Event: ======'machine_var_audits_switches_s_ramp_1'====== Args={'value': 0, 'prev_value': None, 'change': True}
2026-04-15 20:48:13,096 : INFO : EventManager : Event: ======'machine_var_audits_switches_s_sling_left'====== Args={'value': 44, 'prev_value': None, 'change': True}
2026-04-15 20:48:13,096 : INFO : EventManager : Event: ======'machine_var_audits_switches_s_sling_right'====== Args={'value': 34, 'prev_value': None, 'change': True}
2026-04-15 20:48:13,096 : INFO : EventManager : Event: ======'machine_var_audits_switches_s_start'====== Args={'value': 3, 'prev_value': None, 'change': True}
2026-04-15 20:48:13,096 : INFO : EventManager : Event: ======'machine_var_audits_switches_s_trough_1'====== Args={'value': 0, 'prev_value': None, 'change': True}
2026-04-15 20:48:13,096 : INFO : EventManager : Event: ======'machine_var_audits_switches_s_trough_2'====== Args={'value': 0, 'prev_value': None, 'change': True}
2026-04-15 20:48:13,097 : INFO : EventManager : Event: ======'machine_var_audits_switches_s_trough_3'====== Args={'value': 0, 'prev_value': None, 'change': True}
2026-04-15 20:48:13,098 : INFO : EventManager : Event: ======'init_phase_5'====== Args={}
2026-04-15 20:48:13,124 : INFO : EventManager : Event: ======'init_done'====== Args={}
2026-04-15 20:48:13,126 : INFO : EventManager : Event: ======'machine_reset_phase_1'====== Args={}
2026-04-15 20:48:13,138 : INFO : EventManager : Event: ======'machine_reset_phase_2'====== Args={}
2026-04-15 20:48:13,138 : INFO : EventManager : Event: ======'machine_reset_phase_3'====== Args={}
2026-04-15 20:48:13,138 : INFO : EventManager : Event: ======'mode_attract_will_start'====== Args={'queue': <QueuedEvent>}
2026-04-15 20:48:13,139 : INFO : Timer.attract_carousel_timer : Starting Timer.
2026-04-15 20:48:13,139 : INFO : EventManager : Event: ======'timer_attract_carousel_timer_started'====== Args={'ticks': 0, 'ticks_remaining': 1}
2026-04-15 20:48:13,139 : INFO : EventManager : Event: ======'timer_attract_carousel_timer_tick'====== Args={'ticks': 0, 'ticks_remaining': 1}
2026-04-15 20:48:13,140 : INFO : EventManager : Event: ======'mode_attract_starting'====== Args={'queue': <QueuedEvent>}
2026-04-15 20:48:13,141 : INFO : Mode.attract : Started. Priority: 10
2026-04-15 20:48:13,141 : INFO : EventManager : Event: ======'modes_active_modes_changed'====== Args={}
2026-04-15 20:48:13,141 : INFO : EventManager : Event: ======'mode_attract_started'====== Args={'queue': <QueuedEvent>}
2026-04-15 20:48:13,143 : INFO : EventManager : Event: ======'collecting_balls_complete'====== Args={}
2026-04-15 20:48:13,144 : INFO : EventManager : Event: ======'carousel_item_highlighted'====== Args={'carousel': 'attract', 'direction': None, 'item': 'title'}
2026-04-15 20:48:13,144 : INFO : EventManager : Event: ======'timer_attract_carousel_timer_tick'====== Args={'ticks': 0, 'ticks_remaining': 1}
2026-04-15 20:48:13,144 : INFO : EventManager : Event: ======'reset_complete'====== Args={}
2026-04-15 20:48:13,164 : INFO : Machine : Starting the main run loop with active modes: [<Mode.attract>]
2026-04-15 20:48:13,165 : INFO : EventManager : Event: ======'slide_attract_created'====== Args={'_from_bcp': True}
2026-04-15 20:48:13,166 : INFO : EventManager : Event: ======'slide__removed'====== Args={'_from_bcp': True}
2026-04-15 20:48:13,166 : INFO : EventManager : Event: ======'slide_attract_active'====== Args={'original_context': 'attract', 'original_calling_context': 'mode_attract_started', 'priority': 10.0, 'queue': '<QueuedEvent>', 'cmd': 'slides_play', '_from_bcp': True}
2026-04-15 20:48:18,161 : INFO : Timer.attract_carousel_timer : Timer Complete
2026-04-15 20:48:18,162 : INFO : Timer.attract_carousel_timer : Stopping Timer
2026-04-15 20:48:18,162 : INFO : EventManager : Event: ======'timer_attract_carousel_timer_stopped'====== Args={'ticks': 1, 'ticks_remaining': 1}
2026-04-15 20:48:18,162 : INFO : EventManager : Event: ======'timer_attract_carousel_timer_complete'====== Args={'ticks': 1, 'ticks_remaining': 1}
2026-04-15 20:48:18,162 : INFO : EventManager : Event: ======'carousel_item_highlighted'====== Args={'carousel': 'attract', 'direction': 'forwards', 'item': 'credits'}
2026-04-15 20:48:18,164 : INFO : Timer.attract_carousel_timer : Starting Timer.
2026-04-15 20:48:18,165 : INFO : EventManager : Event: ======'timer_attract_carousel_timer_started'====== Args={'ticks': 0, 'ticks_remaining': 1}
2026-04-15 20:48:18,165 : INFO : EventManager : Event: ======'timer_attract_carousel_timer_tick'====== Args={'ticks': 0, 'ticks_remaining': 1}
2026-04-15 20:48:22,940 : INFO : SwitchController : <<<<<<< 's_start' active >>>>>>>
2026-04-15 20:48:23,006 : INFO : SwitchController : <<<<<<< 's_start' inactive >>>>>>>
2026-04-15 20:48:23,006 : INFO : EventManager : Event: ======'request_to_start_game'====== Args={}
2026-04-15 20:48:23,006 : INFO : EventManager : Event: ======'game_start'====== Args={'buttons': [], 'hold_time': 0.0629999999946449}
2026-04-15 20:48:23,007 : INFO : EventManager : Event: ======'mode_game_will_start'====== Args={'buttons': [], 'hold_time': 0.0629999999946449}
2026-04-15 20:48:23,008 : INFO : EventManager : Event: ======'mode_game_starting'====== Args={'buttons': [], 'hold_time': 0.0629999999946449}
2026-04-15 20:48:23,008 : INFO : EventManager : Event: ======'mode_attract_will_stop'====== Args={}
2026-04-15 20:48:23,009 : INFO : EventManager : Event: ======'mode_attract_stopping'====== Args={}
2026-04-15 20:48:23,009 : INFO : Mode.attract : Stopped.
2026-04-15 20:48:23,009 : INFO : EventManager : Event: ======'modes_active_modes_changed'====== Args={}
2026-04-15 20:48:23,009 : INFO : EventManager : Event: ======'mode_attract_stopped'====== Args={}
2026-04-15 20:48:23,009 : INFO : EventManager : Event: ======'clear'====== Args={'key': 'attract'}
2026-04-15 20:48:23,009 : INFO : Timer.attract_carousel_timer : Stopping Timer
2026-04-15 20:48:23,009 : INFO : EventManager : Event: ======'timer_attract_carousel_timer_stopped'====== Args={'ticks': 0, 'ticks_remaining': 1}
2026-04-15 20:48:23,010 : INFO : Mode.game : Started. Priority: 20
2026-04-15 20:48:23,010 : INFO : EventManager : Event: ======'modes_active_modes_changed'====== Args={}
2026-04-15 20:48:23,010 : INFO : EventManager : Event: ======'mode_game_started'====== Args={'buttons': [], 'hold_time': 0.0629999999946449}
2026-04-15 20:48:23,025 : INFO : EventManager : Event: ======'game_will_start'====== Args={}
2026-04-15 20:48:23,025 : INFO : EventManager : Event: ======'game_starting'====== Args={'game': <Mode.game>}
2026-04-15 20:48:23,026 : INFO : EventManager : Unordered handler for class <Auditor> on event game_ended with priority 1. Handlers: [RegisteredHandler(callback=<bound method Auditor.disable of <Auditor>>, priority=1, kwargs={}, key=UUID('c0359009-095f-43d2-9838-4de18ec5decd'), condition=None, blocking_facility=None), RegisteredHandler(callback=<bound method Auditor._save_audits of <Auditor>>, priority=1, kwargs={}, key=UUID('a429315a-6e23-4e81-8bab-99f71b155f1e'), condition=None, blocking_facility=None)]. The order of those handlers is not defined and they will be executed in random order. This might lead to race conditions and potential bugs.
2026-04-15 20:48:23,026 : INFO : EventManager : Event: ======'player_add_request'====== Args={}
2026-04-15 20:48:23,026 : INFO : EventManager : Event: ======'player_will_add'====== Args={'number': 1}
2026-04-15 20:48:23,027 : INFO : EventManager : Event: ======'player_adding'====== Args={'player': <Player 1>, 'number': 1}
2026-04-15 20:48:23,027 : INFO : EventManager : Event: ======'player_added'====== Args={'player': <Player 1>, 'num': 1}
2026-04-15 20:48:23,027 : INFO : Mode.game : Player added successfully. Total players: 1
2026-04-15 20:48:23,027 : INFO : EventManager : Event: ======'player_index'====== Args={'value': 0, 'prev_value': 0, 'change': 0, 'player_num': 1}
2026-04-15 20:48:23,027 : INFO : EventManager : Event: ======'player_number'====== Args={'value': 1, 'prev_value': 1, 'change': 0, 'player_num': 1}
2026-04-15 20:48:23,028 : INFO : EventManager : Event: ======'player_score'====== Args={'value': 0, 'prev_value': 0, 'change': 0, 'player_num': 1}
2026-04-15 20:48:23,029 : INFO : EventManager : Event: ======'game_started'====== Args={}
2026-04-15 20:48:23,055 : INFO : EventManager : Event: ======'player_turn_will_start'====== Args={'player': <Player 1>, 'number': 1}
2026-04-15 20:48:23,055 : INFO : EventManager : Event: ======'player_turn_starting'====== Args={'player': <Player 1>, 'number': 1}
2026-04-15 20:48:23,056 : INFO : EventManager : Event: ======'player_ball'====== Args={'value': 1, 'prev_value': 0, 'change': 1, 'player_num': 1}
2026-04-15 20:48:23,056 : INFO : EventManager : Event: ======'player_turn_started'====== Args={'player': <Player 1>, 'number': 1}
2026-04-15 20:48:23,058 : INFO : EventManager : Event: ======'ball_will_start'====== Args={'player': 1, 'ball': 1, 'balls_remaining': 2, 'is_extra_ball': False}
2026-04-15 20:48:23,064 : INFO : EventManager : Event: ======'ball_starting'====== Args={'player': 1, 'ball': 1, 'balls_remaining': 2, 'is_extra_ball': False}
2026-04-15 20:48:23,065 : INFO : EventManager : Event: ======'mode_base_will_start'====== Args={'queue': <QueuedEvent>, 'player': 1, 'ball': 1, 'balls_remaining': 2, 'is_extra_ball': False}
2026-04-15 20:48:23,065 : INFO : EventManager : Event: ======'player_shot_homer_h_enabled'====== Args={'value': True, 'prev_value': 0, 'change': 1, 'player_num': 1}
2026-04-15 20:48:23,066 : INFO : EventManager : Event: ======'mode_base_starting'====== Args={'queue': <QueuedEvent>, 'player': 1, 'ball': 1, 'balls_remaining': 2, 'is_extra_ball': False}
2026-04-15 20:48:23,068 : INFO : Mode.base : Started. Priority: 100
2026-04-15 20:48:23,068 : INFO : EventManager : Event: ======'modes_active_modes_changed'====== Args={}
2026-04-15 20:48:23,068 : INFO : EventManager : Event: ======'mode_base_started'====== Args={'queue': <QueuedEvent>, 'player': 1, 'ball': 1, 'balls_remaining': 2, 'is_extra_ball': False}
2026-04-15 20:48:23,068 : INFO : EventManager : Event: ======'start_mode_slingshots'====== Args={'priority': 0}
2026-04-15 20:48:23,068 : INFO : EventManager : Event: ======'mode_slingshots_will_start'====== Args={'priority': 0}
2026-04-15 20:48:23,069 : INFO : EventManager : Event: ======'player_shot_slingshot_left_enabled'====== Args={'value': True, 'prev_value': 0, 'change': 1, 'player_num': 1}
2026-04-15 20:48:23,070 : INFO : EventManager : Event: ======'player_shot_slingshot_right_enabled'====== Args={'value': True, 'prev_value': 0, 'change': 1, 'player_num': 1}
2026-04-15 20:48:23,070 : INFO : EventManager : Event: ======'slingshots_complete'====== Args={'state': 'unlit'}
2026-04-15 20:48:23,070 : INFO : EventManager : Event: ======'slingshots_unlit_complete'====== Args={}
2026-04-15 20:48:23,071 : INFO : EventManager : Event: ======'mode_slingshots_starting'====== Args={'priority': 0}
2026-04-15 20:48:23,071 : INFO : Mode.slingshots : Started. Priority: 200
2026-04-15 20:48:23,071 : INFO : EventManager : Event: ======'modes_active_modes_changed'====== Args={}
2026-04-15 20:48:23,071 : INFO : EventManager : Event: ======'mode_slingshots_started'====== Args={'priority': 0}
2026-04-15 20:48:23,072 : INFO : EventManager : Event: ======'balls_in_play'====== Args={'balls': 1}
2026-04-15 20:48:23,072 : INFO : EventManager : Event: ======'ball_started'====== Args={'player': 1, 'ball': 1, 'balls_remaining': 2, 'is_extra_ball': False}
2026-04-15 20:48:23,098 : INFO : EventManager : Event: ======'single_player_ball_started'====== Args={}
2026-04-15 20:48:23,099 : INFO : EventManager : Event: ======'slide_base_slide_created'====== Args={'_from_bcp': True}
2026-04-15 20:48:23,099 : INFO : EventManager : Event: ======'slide_attract_inactive'====== Args={'is_removing': True, '_from_bcp': True}
2026-04-15 20:48:23,100 : INFO : EventManager : Event: ======'slide_base_slide_active'====== Args={'original_context': 'base', 'original_calling_context': 'mode_base_started', 'priority': 100.0, 'queue': '<QueuedEvent>', 'player': 1.0, 'ball': 1.0, 'balls_remaining': 2.0, 'is_extra_ball': False, 'cmd': 'slides_play', '_from_bcp': True}
2026-04-15 20:48:23,100 : INFO : EventManager : Event: ======'slide_attract_removed'====== Args={'_from_bcp': True}
2026-04-15 20:48:23,100 : INFO : EventManager : Event: ======'ball_start_target'====== Args={'target': 'playfield'}
2026-04-15 20:48:23,100 : INFO : ball_device.bd_plunger : Setting up player-controlled eject. Balls: 1, Target: <playfield.playfield>, player_controlled_eject_event: None
2026-04-15 20:48:23,100 : INFO : EventManager : Event: ======'balldevice_balls_available'====== Args={}
2026-04-15 20:48:23,101 : INFO : ball_device.bd_trough : State: waiting_for_target_ready
2026-04-15 20:48:23,101 : INFO : EventManager : Event: ======'balldevice_bd_trough_ball_eject_attempt'====== Args={'balls': 1, 'target': <ball_device.bd_plunger>, 'source': <ball_device.bd_trough>, 'mechanical_eject': True, 'num_attempts': 0}
2026-04-15 20:48:23,102 : INFO : ball_device.bd_plunger : State: waiting_for_ball
2026-04-15 20:48:23,102 : INFO : ball_device.bd_trough : State: ejecting
2026-04-15 20:48:23,102 : INFO : ball_device.bd_trough : Ejecting ball to <ball_device.bd_plunger>
2026-04-15 20:48:23,102 : INFO : EventManager : Event: ======'balldevice_bd_trough_ejecting_ball'====== Args={'balls': 1, 'target': <ball_device.bd_plunger>, 'source': <ball_device.bd_trough>, 'mechanical_eject': True, 'num_attempts': 0}
2026-04-15 20:48:23,102 : INFO : ball_device.bd_trough : Wait for ball to leave device
2026-04-15 20:48:23,104 : INFO : coil.c_trough_release : Pulsing Driver for 20ms (1.0 pulse_power)
2026-04-15 20:48:23,104 : INFO : SwitchController : <<<<<<< 's_trough_1' inactive >>>>>>>
2026-04-15 20:48:23,113 : INFO : ball_device.bd_trough : State: ball_left
2026-04-15 20:48:23,113 : INFO : ball_device.bd_trough : Ball left
2026-04-15 20:48:23,113 : INFO : ball_device.bd_trough : Wait for confirm with timeout 3.0
2026-04-15 20:48:23,201 : INFO : SwitchController : <<<<<<< 's_plunger_lane' active >>>>>>>
2026-04-15 20:48:23,201 : INFO : EventManager : Event: ======'machine_var_audits_switches_s_plunger_lane'====== Args={'value': 7, 'prev_value': 6, 'change': 1}
2026-04-15 20:48:23,701 : INFO : ball_device.bd_plunger : Received ball from <ball_device.bd_trough>
2026-04-15 20:48:23,702 : INFO : EventManager : Event: ======'balldevice_bd_plunger_ball_enter'====== Args={'new_balls': 1, 'unclaimed_balls': 0, 'new_available_balls': 0, 'device': <ball_device.bd_plunger>}
2026-04-15 20:48:23,702 : INFO : EventManager : Event: ======'balldevice_bd_plunger_ball_entered'====== Args={'new_balls': 0, 'device': <ball_device.bd_plunger>}
2026-04-15 20:48:23,702 : INFO : EventManager : Event: ======'balldevice_bd_plunger_ball_count_changed'====== Args={'balls': 1}
2026-04-15 20:48:23,702 : INFO : ball_device.bd_trough : Got eject confirm
2026-04-15 20:48:23,703 : INFO : ball_device.bd_trough : Eject successful
2026-04-15 20:48:23,703 : INFO : EventManager : Event: ======'balldevice_bd_trough_ball_eject_success'====== Args={'balls': 1, 'target': <ball_device.bd_plunger>}
2026-04-15 20:48:23,703 : INFO : ball_device.bd_plunger : State: waiting_for_target_ready
2026-04-15 20:48:23,704 : INFO : EventManager : Event: ======'balldevice_bd_plunger_ball_eject_attempt'====== Args={'balls': 1, 'target': <playfield.playfield>, 'source': <ball_device.bd_plunger>, 'mechanical_eject': True, 'num_attempts': 0}
2026-04-15 20:48:23,704 : INFO : EventManager : Event: ======'balldevice_bd_trough_ball_count_changed'====== Args={'balls': 2}
2026-04-15 20:48:23,704 : INFO : ball_device.bd_trough : State: idle
2026-04-15 20:48:23,705 : INFO : ball_device.bd_plunger : State: ejecting
2026-04-15 20:48:23,705 : INFO : ball_device.bd_plunger : Ejecting ball to <playfield.playfield>
2026-04-15 20:48:23,705 : INFO : EventManager : Event: ======'balldevice_bd_plunger_ejecting_ball'====== Args={'balls': 1, 'target': <playfield.playfield>, 'source': <ball_device.bd_plunger>, 'mechanical_eject': True, 'num_attempts': 0}
2026-04-15 20:48:23,706 : INFO : ball_device.bd_plunger : Wait for ball to leave device
2026-04-15 20:48:35,939 : INFO : Machine : Shutting down...
2026-04-15 20:48:35,939 : INFO : EventManager : Event: ======'shutdown'====== Args={}
2026-04-15 20:48:35,941 : INFO : EventManager : Event: ======'mode_game_will_stop'====== Args={}
2026-04-15 20:48:35,942 : INFO : EventManager : Event: ======'mode_game_stopping'====== Args={}
2026-04-15 20:48:35,942 : INFO : EventManager : Event: ======'mode_slingshots_will_stop'====== Args={}
2026-04-15 20:48:35,943 : INFO : EventManager : Event: ======'mode_slingshots_stopping'====== Args={}
2026-04-15 20:48:35,943 : INFO : EventManager : Event: ======'mode_base_will_stop'====== Args={}
2026-04-15 20:48:35,943 : INFO : EventManager : Event: ======'mode_base_stopping'====== Args={}
2026-04-15 20:48:35,943 : INFO : EventManager : Event: ======'stop_mode_slingshots'====== Args={'priority': 0}
2026-04-15 20:48:35,943 : INFO : Mode.base : Stopped.
2026-04-15 20:48:35,943 : INFO : EventManager : Event: ======'modes_active_modes_changed'====== Args={}
2026-04-15 20:48:35,943 : INFO : EventManager : Event: ======'mode_base_stopped'====== Args={}
2026-04-15 20:48:35,943 : INFO : EventManager : Event: ======'clear'====== Args={'key': 'base'}
2026-04-15 20:48:35,944 : INFO : Mode.slingshots : Stopped.
2026-04-15 20:48:35,944 : INFO : EventManager : Event: ======'modes_active_modes_changed'====== Args={}
2026-04-15 20:48:35,944 : INFO : EventManager : Event: ======'mode_slingshots_stopped'====== Args={}
2026-04-15 20:48:35,944 : INFO : EventManager : Event: ======'clear'====== Args={'key': 'slingshots'}
2026-04-15 20:48:35,945 : INFO : Mode.game : Stopped.
2026-04-15 20:48:35,946 : INFO : EventManager : Event: ======'modes_active_modes_changed'====== Args={}
2026-04-15 20:48:35,946 : INFO : EventManager : Event: ======'mode_game_stopped'====== Args={}
2026-04-15 20:48:35,946 : INFO : EventManager : Event: ======'clear'====== Args={'key': 'game'}
2026-04-15 20:48:35,951 : INFO : root : MPF run loop ended.
