2026-04-15 20:23:26,457 : INFO : root : Loading config.
2026-04-15 20:23:26,464 : INFO : YamlMultifileConfigLoader : Machine config file #1: config.yaml
2026-04-15 20:23:26,465 : INFO : ConfigProcessor : Loading config from cache: C:\Users\Lukas\AppData\Local\Temp\32f39c1debf2d9ee836c41c94f408ffc.mpf_cache
2026-04-15 20:23:26,573 : DEBUG : YamlMultifileConfigLoader : Loading mode attract from C:\Users\Lukas\mpftspp\lib\site-packages\mpf\modes\attract\config\attract.yaml
2026-04-15 20:23:26,573 : DEBUG : YamlMultifileConfigLoader : Loading mode attract from C:\Users\Lukas\mpftspp\lib\site-packages\mpf\modes\attract\config\attract.yaml
2026-04-15 20:23:26,575 : INFO : ConfigProcessor : Loading config from cache: C:\Users\Lukas\AppData\Local\Temp\1cf6e080e232be7da984fc3f9f606af5.mpf_cache
2026-04-15 20:23:26,575 : DEBUG : YamlMultifileConfigLoader : Loading mode game from C:\Users\Lukas\mpftspp\lib\site-packages\mpf\modes\game\config\game.yaml
2026-04-15 20:23:26,576 : INFO : ConfigProcessor : Loading config from cache: C:\Users\Lukas\AppData\Local\Temp\d5d281e4d67cd36b56e6e575dc21d22a.mpf_cache
2026-04-15 20:23:26,577 : DEBUG : YamlMultifileConfigLoader : Loading mode attract from C:\Users\Lukas\mpftspp\lib\site-packages\mpf\modes\attract\config\attract.yaml
2026-04-15 20:23:26,577 : DEBUG : YamlMultifileConfigLoader : Loading mode attract from C:\Users\Lukas\mpftspp\lib\site-packages\mpf\modes\attract\config\attract.yaml
2026-04-15 20:23:26,577 : INFO : ConfigProcessor : Loading config from cache: C:\Users\Lukas\AppData\Local\Temp\1cf6e080e232be7da984fc3f9f606af5.mpf_cache
2026-04-15 20:23:26,579 : DEBUG : YamlMultifileConfigLoader : Loading mode base from C:\Users\Lukas\mpftspp\lib\site-packages\mpf\modes\base\config\base.yaml
2026-04-15 20:23:26,581 : INFO : ConfigProcessor : Loading config from cache: C:\Users\Lukas\AppData\Local\Temp\e915a77df2eb7c954f1557e6bd49ea48.mpf_cache
2026-04-15 20:23:26,581 : DEBUG : YamlMultifileConfigLoader : Loading mode slingshots from C:\Users\Lukas\mpftspp\lib\site-packages\mpf\modes\slingshots\config\slingshots.yaml
2026-04-15 20:23:26,582 : INFO : ConfigProcessor : Loading config from cache: C:\Users\Lukas\AppData\Local\Temp\6720abd7d78775ec476d92be447cc36c.mpf_cache
2026-04-15 20:23:26,584 : DEBUG : YamlMultifileConfigLoader : Loading mode hurryup from C:\Users\Lukas\mpftspp\lib\site-packages\mpf\modes\hurryup\config\hurryup.yaml
2026-04-15 20:23:26,584 : INFO : ConfigProcessor : Loading config from cache: C:\Users\Lukas\AppData\Local\Temp\5c55177e8fd0a80aca73e5066ec16461.mpf_cache
2026-04-15 20:23:26,586 : INFO : Machine : Mission Pinball Framework Core Engine v0.80.0.dev14
2026-04-15 20:23:26,586 : INFO : Machine : Command line arguments: {'no_load_cache': False, 'create_config_cache': True, 'bcp': True, 'configfile': ['config.yaml'], 'force_assets_load': False, 'platform_integration_test': False, 'jsonlogging': False, 'logfile': 'logs\\2026-04-15-20-23-26-mpf-DESKTOP-24N7989.log', 'pause': False, 'production': False, 'text_ui': True, 'loglevel': 10, 'consoleloglevel': 20, 'force_platform': None, 'syslog_address': None, 'full_logfile_path': 'C:\\Users\\Lukas\\Documents\\TSPP\\logs\\2026-04-15-20-23-26-mpf-DESKTOP-24N7989.log'}
2026-04-15 20:23:26,586 : INFO : Machine : MPF path: C:\Users\Lukas\mpftspp\lib\site-packages\mpf
2026-04-15 20:23:26,586 : INFO : Machine : Machine path: C:\Users\Lukas\Documents\TSPP
2026-04-15 20:23:26,586 : INFO : Machine : Platform: win32
2026-04-15 20:23:26,586 : INFO : Machine : Python executable location: C:\Users\Lukas\mpftspp\Scripts\python.exe
2026-04-15 20:23:26,586 : INFO : Machine : Python version: 3.10.0 (64-bit)
2026-04-15 20:23:26,587 : DEBUG : asyncio : Using proactor: IocpProactor
2026-04-15 20:23:26,589 : INFO : Machine : Initializing MPF...
2026-04-15 20:23:26,704 : DEBUG : asciimatics.widgets.layout : Updating: None
2026-04-15 20:23:26,704 : DEBUG : asciimatics.widgets.layout : Updating: None
2026-04-15 20:23:26,704 : DEBUG : asciimatics.widgets.layout : Updating: None
2026-04-15 20:23:26,704 : DEBUG : asciimatics.widgets.layout : Updating: None
2026-04-15 20:23:26,704 : DEBUG : asciimatics.widgets.layout : Updating: None
2026-04-15 20:23:26,704 : DEBUG : asciimatics.widgets.layout : Updating: None
2026-04-15 20:23:26,704 : DEBUG : asciimatics.widgets.layout : Updating: None
2026-04-15 20:23:26,704 : DEBUG : asciimatics.widgets.layout : Updating: None
2026-04-15 20:23:26,704 : DEBUG : asciimatics.widgets.layout : Updating: None
2026-04-15 20:23:26,704 : DEBUG : asciimatics.widgets.layout : Updating: None
2026-04-15 20:23:26,704 : DEBUG : asciimatics.widgets.layout : Updating: None
2026-04-15 20:23:26,704 : DEBUG : asciimatics.widgets.layout : Updating: None
2026-04-15 20:23:26,704 : DEBUG : asciimatics.widgets.widget : Widget blur: <asciimatics.widgets.label.Label object at 0x000001F6E8679E50>
2026-04-15 20:23:26,706 : DEBUG : asciimatics.widgets.widget : Widget blur: <asciimatics.widgets.label.Label object at 0x000001F6E89913C0>
2026-04-15 20:23:26,706 : DEBUG : asciimatics.widgets.widget : Widget blur: <asciimatics.widgets.label.Label object at 0x000001F6E8991560>
2026-04-15 20:23:26,706 : DEBUG : asciimatics.widgets.layout : Blur: <asciimatics.widgets.layout.Layout object at 0x000001F6E8A86500>
2026-04-15 20:23:26,706 : DEBUG : asciimatics.widgets.layout : Blur: <mpf.core.text_ui.MpfLayout object at 0x000001F6E8A98B30>
2026-04-15 20:23:26,706 : DEBUG : asciimatics.widgets.layout : Updating: None
2026-04-15 20:23:26,706 : DEBUG : asciimatics.widgets.layout : Updating: None
2026-04-15 20:23:26,706 : DEBUG : asciimatics.widgets.layout : Updating: None
2026-04-15 20:23:26,706 : DEBUG : asciimatics.widgets.layout : Updating: None
2026-04-15 20:23:26,706 : DEBUG : asciimatics.widgets.layout : Updating: None
2026-04-15 20:23:26,706 : DEBUG : asciimatics.widgets.layout : Updating: None
2026-04-15 20:23:26,706 : DEBUG : asciimatics.widgets.widget : Widget blur: <asciimatics.widgets.label.Label object at 0x000001F6E8991970>
2026-04-15 20:23:26,706 : DEBUG : asciimatics.widgets.widget : Widget blur: <asciimatics.widgets.label.Label object at 0x000001F6E89918A0>
2026-04-15 20:23:26,706 : DEBUG : asciimatics.widgets.widget : Widget blur: <asciimatics.widgets.label.Label object at 0x000001F6E8991A40>
2026-04-15 20:23:26,706 : DEBUG : asciimatics.widgets.widget : Widget blur: <asciimatics.widgets.label.Label object at 0x000001F6E89917D0>
2026-04-15 20:23:26,706 : DEBUG : asciimatics.widgets.widget : Widget blur: <asciimatics.widgets.label.Label object at 0x000001F6E8991700>
2026-04-15 20:23:26,706 : DEBUG : asciimatics.widgets.widget : Widget blur: <asciimatics.widgets.label.Label object at 0x000001F6E8991630>
2026-04-15 20:23:26,706 : DEBUG : asciimatics.widgets.layout : Blur: <asciimatics.widgets.layout.Layout object at 0x000001F6E8A865C0>
2026-04-15 20:23:26,707 : DEBUG : asciimatics.widgets.layout : Focus: <asciimatics.widgets.layout.Layout object at 0x000001F6E8A86500>
2026-04-15 20:23:26,707 : DEBUG : asciimatics.widgets.layout : Focus: <mpf.core.text_ui.MpfLayout object at 0x000001F6E8A98B30>
2026-04-15 20:23:26,707 : DEBUG : asciimatics.widgets.layout : Focus: <asciimatics.widgets.layout.Layout object at 0x000001F6E8A865C0>
2026-04-15 20:23:26,707 : DEBUG : asciimatics.widgets.frame : Cloning: Test
2026-04-15 20:23:26,707 : DEBUG : asciimatics.widgets.layout : Updating: None
2026-04-15 20:23:26,707 : DEBUG : asciimatics.widgets.layout : Updating: None
2026-04-15 20:23:26,707 : DEBUG : asciimatics.widgets.layout : Updating: None
2026-04-15 20:23:26,707 : DEBUG : asciimatics.widgets.layout : Updating: None
2026-04-15 20:23:26,707 : DEBUG : asciimatics.widgets.layout : Updating: None
2026-04-15 20:23:26,707 : DEBUG : asciimatics.widgets.layout : Updating: None
2026-04-15 20:23:26,707 : DEBUG : asciimatics.widgets.layout : Updating: None
2026-04-15 20:23:26,707 : DEBUG : asciimatics.widgets.layout : Updating: None
2026-04-15 20:23:26,707 : DEBUG : asciimatics.widgets.layout : Updating: None
2026-04-15 20:23:26,707 : DEBUG : asciimatics.widgets.layout : Updating: None
2026-04-15 20:23:26,707 : DEBUG : asciimatics.widgets.layout : Updating: None
2026-04-15 20:23:26,707 : DEBUG : asciimatics.widgets.layout : Updating: None
2026-04-15 20:23:26,707 : DEBUG : asciimatics.widgets.layout : Updating: None
2026-04-15 20:23:26,707 : DEBUG : asciimatics.widgets.layout : Updating: None
2026-04-15 20:23:26,707 : DEBUG : asciimatics.widgets.layout : Updating: None
2026-04-15 20:23:26,708 : DEBUG : asciimatics.widgets.layout : Updating: None
2026-04-15 20:23:26,708 : DEBUG : asciimatics.widgets.layout : Updating: None
2026-04-15 20:23:26,708 : DEBUG : asciimatics.widgets.layout : Updating: None
2026-04-15 20:23:26,709 : DEBUG : asciimatics.screen : Processing key: d
2026-04-15 20:23:26,954 : INFO : OPP : Connecting to COM4 at 115200bps
2026-04-15 20:23:27,703 : DEBUG : asciimatics.screen : Processing mouse: 79, 29
2026-04-15 20:23:27,705 : DEBUG : asciimatics.widgets.frame : New event: MouseEvent (79, 29) 0
2026-04-15 20:23:28,708 : DEBUG : asciimatics.screen : Processing mouse: 79, 15
2026-04-15 20:23:28,709 : DEBUG : asciimatics.widgets.frame : New event: MouseEvent (79, 15) 0
2026-04-15 20:23:29,710 : DEBUG : asciimatics.screen : Processing mouse: 84, 0
2026-04-15 20:23:29,711 : DEBUG : asciimatics.widgets.frame : New event: MouseEvent (84, 0) 0
2026-04-15 20:23:36,715 : DEBUG : asciimatics.screen : Processing mouse: 65, 9
2026-04-15 20:23:36,715 : DEBUG : asciimatics.widgets.frame : New event: MouseEvent (65, 9) 0
2026-04-15 20:23:36,717 : DEBUG : asciimatics.screen : Processing mouse: 65, 9
2026-04-15 20:23:36,717 : DEBUG : asciimatics.widgets.frame : New event: MouseEvent (65, 9) 1
2026-04-15 20:23:36,717 : DEBUG : asciimatics.widgets.frame : Blurring: [<asciimatics.widgets.frame.Frame object at 0x000001F6E87938E0>]
2026-04-15 20:23:36,717 : DEBUG : asciimatics.screen : Processing mouse: 65, 9
2026-04-15 20:23:36,717 : DEBUG : asciimatics.widgets.frame : New event: MouseEvent (65, 9) 0
2026-04-15 20:23:36,718 : DEBUG : asciimatics.screen : Processing mouse: 65, 9
2026-04-15 20:23:36,718 : DEBUG : asciimatics.widgets.frame : New event: MouseEvent (65, 9) 4
2026-04-15 20:23:36,718 : DEBUG : asciimatics.widgets.frame : Blurring: [<asciimatics.widgets.frame.Frame object at 0x000001F6E87938E0>]
2026-04-15 20:23:36,719 : DEBUG : asciimatics.screen : Processing mouse: 65, 9
2026-04-15 20:23:36,719 : DEBUG : asciimatics.widgets.frame : New event: MouseEvent (65, 9) 0
2026-04-15 20:23:37,706 : DEBUG : asciimatics.screen : Processing mouse: 65, 9
2026-04-15 20:23:37,706 : DEBUG : asciimatics.widgets.frame : New event: MouseEvent (65, 9) 1
2026-04-15 20:23:37,707 : DEBUG : asciimatics.widgets.frame : Blurring: [<asciimatics.widgets.frame.Frame object at 0x000001F6E87938E0>]
2026-04-15 20:23:37,707 : DEBUG : asciimatics.screen : Processing mouse: 65, 9
2026-04-15 20:23:37,707 : DEBUG : asciimatics.widgets.frame : New event: MouseEvent (65, 9) 0
2026-04-15 20:23:37,707 : DEBUG : asciimatics.screen : Processing mouse: 65, 9
2026-04-15 20:23:37,707 : DEBUG : asciimatics.widgets.frame : New event: MouseEvent (65, 9) 0
2026-04-15 20:23:37,708 : DEBUG : asciimatics.screen : Processing mouse: 65, 9
2026-04-15 20:23:37,708 : DEBUG : asciimatics.widgets.frame : New event: MouseEvent (65, 9) 4
2026-04-15 20:23:37,708 : DEBUG : asciimatics.widgets.frame : Blurring: [<asciimatics.widgets.frame.Frame object at 0x000001F6E87938E0>]
2026-04-15 20:23:37,709 : DEBUG : asciimatics.screen : Processing mouse: 65, 9
2026-04-15 20:23:37,709 : DEBUG : asciimatics.widgets.frame : New event: MouseEvent (65, 9) 0
2026-04-15 20:23:37,709 : DEBUG : asciimatics.screen : Processing mouse: 65, 9
2026-04-15 20:23:37,709 : DEBUG : asciimatics.widgets.frame : New event: MouseEvent (65, 9) 1
2026-04-15 20:23:37,709 : DEBUG : asciimatics.widgets.frame : Blurring: [<asciimatics.widgets.frame.Frame object at 0x000001F6E87938E0>]
2026-04-15 20:23:37,710 : DEBUG : asciimatics.screen : Processing mouse: 65, 9
2026-04-15 20:23:37,710 : DEBUG : asciimatics.widgets.frame : New event: MouseEvent (65, 9) 0
2026-04-15 20:23:37,711 : DEBUG : asciimatics.screen : Processing mouse: 65, 9
2026-04-15 20:23:37,711 : DEBUG : asciimatics.widgets.frame : New event: MouseEvent (65, 9) 0
2026-04-15 20:23:38,709 : DEBUG : asciimatics.screen : Processing mouse: 60, 14
2026-04-15 20:23:38,709 : DEBUG : asciimatics.widgets.frame : New event: MouseEvent (60, 14) 0
2026-04-15 20:23:39,707 : DEBUG : asciimatics.screen : Processing mouse: 72, 21
2026-04-15 20:23:39,709 : DEBUG : asciimatics.widgets.frame : New event: MouseEvent (72, 21) 0
2026-04-15 20:23:40,585 : INFO : Machine : Starting the main run loop with active modes: []
2026-04-15 20:23:40,586 : ERROR : root : 'attract'
Traceback (most recent call last):
  File "C:\Users\Lukas\mpftspp\lib\site-packages\mpf\commands\game.py", line 229, in __init__
    self.machine.run()
  File "C:\Users\Lukas\mpftspp\lib\site-packages\mpf\core\machine.py", line 703, in run
    if not self.modes['attract'] in self.mode_controller.active_modes:
KeyError: 'attract'
