2026-04-11 13:24:01,309 : INFO : root : Loading config.
2026-04-11 13:24:01,309 : INFO : YamlMultifileConfigLoader : Machine config file #1: config.yaml
2026-04-11 13:24:01,309 : WARNING : ConfigProcessor : Config file in cache changed: C:\Users\Lukas\Documents\TSPP\config\config.yaml
2026-04-11 13:24:01,309 : INFO : ConfigProcessor : Loading config from file C:\Users\Lukas\mpftspp\lib\site-packages\mpf\mpfconfig.yaml.
2026-04-11 13:24:01,327 : INFO : ConfigProcessor : Loading config: C:\Users\Lukas\mpftspp\lib\site-packages\mpf\mpfconfig.yaml
2026-04-11 13:24:01,329 : INFO : ConfigProcessor : Loading config from file C:\Users\Lukas\Documents\TSPP\config\config.yaml.
2026-04-11 13:24:01,329 : INFO : ConfigProcessor : Loading config: C:\Users\Lukas\Documents\TSPP\config\config.yaml
2026-04-11 13:24:01,329 : INFO : ConfigProcessor : Loading config: C:\Users\Lukas\Documents\TSPP\config\config_ball_devices.yaml
2026-04-11 13:24:01,329 : INFO : ConfigProcessor : Loading config: C:\Users\Lukas\Documents\TSPP\config\config_coils.yaml
2026-04-11 13:24:01,329 : INFO : ConfigProcessor : Loading config: C:\Users\Lukas\Documents\TSPP\config\config_switches.yaml
2026-04-11 13:24:01,329 : INFO : ConfigProcessor : Config file cache created: C:\Users\Lukas\AppData\Local\Temp\32f39c1debf2d9ee836c41c94f408ffc.mpf_cache
2026-04-11 13:24:01,372 : INFO : ConfigProcessor : Loading config from cache: C:\Users\Lukas\AppData\Local\Temp\1cf6e080e232be7da984fc3f9f606af5.mpf_cache
2026-04-11 13:24:01,372 : INFO : ConfigProcessor : Loading config from cache: C:\Users\Lukas\AppData\Local\Temp\d5d281e4d67cd36b56e6e575dc21d22a.mpf_cache
2026-04-11 13:24:01,372 : INFO : ConfigProcessor : Loading config from cache: C:\Users\Lukas\AppData\Local\Temp\1cf6e080e232be7da984fc3f9f606af5.mpf_cache
2026-04-11 13:24:01,388 : INFO : ConfigProcessor : Loading config from cache: C:\Users\Lukas\AppData\Local\Temp\e915a77df2eb7c954f1557e6bd49ea48.mpf_cache
2026-04-11 13:24:01,388 : INFO : Machine : Mission Pinball Framework Core Engine v0.80.0.dev14
2026-04-11 13:24:01,388 : INFO : Machine : Command line arguments: {'no_load_cache': False, 'create_config_cache': True, 'bcp': False, 'configfile': ['config.yaml'], 'force_assets_load': False, 'platform_integration_test': False, 'jsonlogging': False, 'logfile': 'logs\\2026-04-11-13-24-01-mpf-DESKTOP-24N7989.log', 'pause': False, 'production': False, 'text_ui': False, 'loglevel': 15, 'consoleloglevel': 20, 'force_platform': 'virtual', 'syslog_address': None, 'full_logfile_path': 'C:\\Users\\Lukas\\Documents\\TSPP\\logs\\2026-04-11-13-24-01-mpf-DESKTOP-24N7989.log'}
2026-04-11 13:24:01,388 : INFO : Machine : MPF path: C:\Users\Lukas\mpftspp\lib\site-packages\mpf
2026-04-11 13:24:01,388 : INFO : Machine : Machine path: C:\Users\Lukas\Documents\TSPP
2026-04-11 13:24:01,388 : INFO : Machine : Platform: win32
2026-04-11 13:24:01,388 : INFO : Machine : Python executable location: C:\Users\Lukas\mpftspp\Scripts\python.exe
2026-04-11 13:24:01,388 : INFO : Machine : Python version: 3.10.0 (64-bit)
2026-04-11 13:24:01,392 : INFO : Machine : Initializing MPF...
2026-04-11 13:24:01,452 : INFO : EventManager : Event: ======'machine_var_credits_string'====== Args={'value': 'FREE PLAY', 'prev_value': None, 'change': True}
2026-04-11 13:24:01,457 : INFO : EventManager : Event: ======'machine_var_master_volume'====== Args={'value': 0.5, 'prev_value': None, 'change': True}
2026-04-11 13:24:01,457 : INFO : EventManager : Event: ======'machine_var_mpf_version'====== Args={'value': 'Mission Pinball Framework v0.80.0.dev14', 'prev_value': None, 'change': True}
2026-04-11 13:24:01,457 : INFO : EventManager : Event: ======'machine_var_mpf_extended_version'====== Args={'value': 'Mission Pinball Framework v0.80.0.dev14, Config version:6, Show version: 6, BCP version:1.1', 'prev_value': None, 'change': True}
2026-04-11 13:24:01,457 : INFO : EventManager : Event: ======'machine_var_python_version'====== Args={'value': '3.10.0', 'prev_value': None, 'change': True}
2026-04-11 13:24:01,509 : INFO : EventManager : Event: ======'machine_var_platform'====== Args={'value': 'Windows-10-10.0.26100-SP0', 'prev_value': None, 'change': True}
2026-04-11 13:24:01,509 : INFO : EventManager : Event: ======'machine_var_platform_system'====== Args={'value': 'Windows', 'prev_value': None, 'change': True}
2026-04-11 13:24:01,509 : INFO : EventManager : Event: ======'machine_var_platform_release'====== Args={'value': '10', 'prev_value': None, 'change': True}
2026-04-11 13:24:01,509 : INFO : EventManager : Event: ======'machine_var_platform_version'====== Args={'value': '10.0.26100', 'prev_value': None, 'change': True}
2026-04-11 13:24:01,509 : INFO : EventManager : Event: ======'machine_var_platform_machine'====== Args={'value': 'AMD64', 'prev_value': None, 'change': True}
2026-04-11 13:24:01,509 : INFO : EventManager : Event: ======'machine_var_log_file_path'====== Args={'value': 'C:\\Users\\Lukas\\Documents\\TSPP\\logs\\2026-04-11-13-24-01-mpf-DESKTOP-24N7989.log', 'prev_value': None, 'change': True}
2026-04-11 13:24:01,509 : INFO : EventManager : Event: ======'init_phase_1'====== Args={}
2026-04-11 13:24:01,516 : ERROR : asyncio : Exception in callback EventManager._async_handler_done(<QueuedEvent>)(<Task finishe...our config.')>) at C:\Users\Lukas\mpftspp\lib\site-packages\mpf\core\events.py:124
handle: <Handle EventManager._async_handler_done(<QueuedEvent>)(<Task finishe...our config.')>) at C:\Users\Lukas\mpftspp\lib\site-packages\mpf\core\events.py:124>
Traceback (most recent call last):
  File "C:\Program Files\Python310\lib\asyncio\events.py", line 80, in _run
    self._context.run(self._callback, *self._args)
  File "C:\Users\Lukas\mpftspp\lib\site-packages\mpf\core\events.py", line 127, in _async_handler_done
    future.result()
  File "C:\Users\Lukas\mpftspp\lib\site-packages\mpf\core\device_manager.py", line 88, in _load_device_modules
    self.load_devices_config(validate=True)
  File "C:\Users\Lukas\mpftspp\lib\site-packages\mpf\core\device_manager.py", line 146, in load_devices_config
    config[device_name] = collection[device_name].validate_and_parse_config(config[device_name], False)
  File "C:\Users\Lukas\mpftspp\lib\site-packages\mpf\devices\switch.py", line 89, in validate_and_parse_config
    config = super().validate_and_parse_config(config, is_mode_config, debug_prefix)
  File "C:\Users\Lukas\mpftspp\lib\site-packages\mpf\core\device.py", line 108, in validate_and_parse_config
    self.machine.config_validator.validate_config(
  File "C:\Users\Lukas\mpftspp\lib\site-packages\mpf\core\config_validator.py", line 164, in validate_config
    return self._validate_config(config_spec, source, base_spec=base_spec, add_missing_keys=add_missing_keys,
  File "C:\Users\Lukas\mpftspp\lib\site-packages\mpf\core\config_validator.py", line 214, in _validate_config
    processed_config[k] = self.validate_config_item(
  File "C:\Users\Lukas\mpftspp\lib\site-packages\mpf\core\config_validator.py", line 243, in validate_config_item
    return self.validate_item(item, validation, validation_failure_info)
  File "C:\Users\Lukas\mpftspp\lib\site-packages\mpf\core\config_validator.py", line 699, in validate_item
    return self.validator_list[validator](item, validation_failure_info=validation_failure_info, param=param)
  File "C:\Users\Lukas\mpftspp\lib\site-packages\mpf\core\config_validator.py", line 413, in _validate_type_machine
    raise self.validation_error(item, validation_failure_info,
mpf.exceptions.config_file_error.ConfigFileError: Config File Error in ConfigValidator: Config validation error: Entry switches:s_flipper_left:playfield = "playfield" is not valid. Device "playfield" not found in "playfields:" section in your config. Error Code: CFE-ConfigValidator-6 (https://missionpinball.org/latest/logs)
2026-04-11 13:24:01,516 : INFO : Machine : Starting the main run loop with active modes: []
2026-04-11 13:24:01,516 : WARNING : Machine : Attract mode is not active, game will not be playable. Please check your attract mode configuration.
2026-04-11 13:24:01,516 : INFO : Machine : Shutting down...
2026-04-11 13:24:01,516 : INFO : EventManager : Event: ======'shutdown'====== Args={}
2026-04-11 13:24:02,525 : ERROR : Machine : Runtime Exception
Traceback (most recent call last):
  File "C:\Users\Lukas\mpftspp\lib\site-packages\mpf\core\machine.py", line 810, in _run_loop
    raise self._exception['exception']
  File "C:\Program Files\Python310\lib\asyncio\events.py", line 80, in _run
    self._context.run(self._callback, *self._args)
  File "C:\Users\Lukas\mpftspp\lib\site-packages\mpf\core\events.py", line 127, in _async_handler_done
    future.result()
  File "C:\Users\Lukas\mpftspp\lib\site-packages\mpf\core\device_manager.py", line 88, in _load_device_modules
    self.load_devices_config(validate=True)
  File "C:\Users\Lukas\mpftspp\lib\site-packages\mpf\core\device_manager.py", line 146, in load_devices_config
    config[device_name] = collection[device_name].validate_and_parse_config(config[device_name], False)
  File "C:\Users\Lukas\mpftspp\lib\site-packages\mpf\devices\switch.py", line 89, in validate_and_parse_config
    config = super().validate_and_parse_config(config, is_mode_config, debug_prefix)
  File "C:\Users\Lukas\mpftspp\lib\site-packages\mpf\core\device.py", line 108, in validate_and_parse_config
    self.machine.config_validator.validate_config(
  File "C:\Users\Lukas\mpftspp\lib\site-packages\mpf\core\config_validator.py", line 164, in validate_config
    return self._validate_config(config_spec, source, base_spec=base_spec, add_missing_keys=add_missing_keys,
  File "C:\Users\Lukas\mpftspp\lib\site-packages\mpf\core\config_validator.py", line 214, in _validate_config
    processed_config[k] = self.validate_config_item(
  File "C:\Users\Lukas\mpftspp\lib\site-packages\mpf\core\config_validator.py", line 243, in validate_config_item
    return self.validate_item(item, validation, validation_failure_info)
  File "C:\Users\Lukas\mpftspp\lib\site-packages\mpf\core\config_validator.py", line 699, in validate_item
    return self.validator_list[validator](item, validation_failure_info=validation_failure_info, param=param)
  File "C:\Users\Lukas\mpftspp\lib\site-packages\mpf\core\config_validator.py", line 413, in _validate_type_machine
    raise self.validation_error(item, validation_failure_info,
mpf.exceptions.config_file_error.ConfigFileError: Config File Error in ConfigValidator: Config validation error: Entry switches:s_flipper_left:playfield = "playfield" is not valid. Device "playfield" not found in "playfields:" section in your config. Error Code: CFE-ConfigValidator-6 (https://missionpinball.org/latest/logs)
2026-04-11 13:24:02,531 : INFO : root : MPF run loop ended.
