2026-04-15 18:20:13,446 : INFO : root : Loading config.
2026-04-15 18:20:13,450 : INFO : YamlMultifileConfigLoader : Machine config file #1: config.yaml
2026-04-15 18:20:13,451 : INFO : ConfigProcessor : Loading config from cache: C:\Users\Lukas\AppData\Local\Temp\32f39c1debf2d9ee836c41c94f408ffc.mpf_cache
2026-04-15 18:20:13,509 : INFO : ConfigProcessor : Loading config from cache: C:\Users\Lukas\AppData\Local\Temp\1cf6e080e232be7da984fc3f9f606af5.mpf_cache
2026-04-15 18:20:13,510 : INFO : ConfigProcessor : Loading config from cache: C:\Users\Lukas\AppData\Local\Temp\d5d281e4d67cd36b56e6e575dc21d22a.mpf_cache
2026-04-15 18:20:13,511 : INFO : ConfigProcessor : Loading config from cache: C:\Users\Lukas\AppData\Local\Temp\1cf6e080e232be7da984fc3f9f606af5.mpf_cache
2026-04-15 18:20:13,513 : INFO : ConfigProcessor : Loading config from cache: C:\Users\Lukas\AppData\Local\Temp\e915a77df2eb7c954f1557e6bd49ea48.mpf_cache
2026-04-15 18:20:13,514 : INFO : ConfigProcessor : Loading config from cache: C:\Users\Lukas\AppData\Local\Temp\6720abd7d78775ec476d92be447cc36c.mpf_cache
2026-04-15 18:20:13,515 : INFO : ConfigProcessor : Loading config from cache: C:\Users\Lukas\AppData\Local\Temp\5c55177e8fd0a80aca73e5066ec16461.mpf_cache
2026-04-15 18:20:13,516 : INFO : Machine : Mission Pinball Framework Core Engine v0.80.0.dev14
2026-04-15 18:20:13,516 : INFO : Machine : Command line arguments: {'no_load_cache': False, 'create_config_cache': True, 'bcp': True, 'configfile': ['config.yaml'], 'force_assets_load': False, 'platform_integration_test': False, 'jsonlogging': False, 'logfile': 'logs\\2026-04-15-18-20-13-mpf-DESKTOP-24N7989.log', 'pause': False, 'production': False, 'text_ui': False, 'loglevel': 15, 'consoleloglevel': 20, 'force_platform': 'virtual', 'syslog_address': None, 'full_logfile_path': 'C:\\Users\\Lukas\\Documents\\TSPP\\logs\\2026-04-15-18-20-13-mpf-DESKTOP-24N7989.log'}
2026-04-15 18:20:13,516 : INFO : Machine : MPF path: C:\Users\Lukas\mpftspp\lib\site-packages\mpf
2026-04-15 18:20:13,516 : INFO : Machine : Machine path: C:\Users\Lukas\Documents\TSPP
2026-04-15 18:20:13,516 : INFO : Machine : Platform: win32
2026-04-15 18:20:13,516 : INFO : Machine : Python executable location: C:\Users\Lukas\mpftspp\Scripts\python.exe
2026-04-15 18:20:13,516 : INFO : Machine : Python version: 3.10.0 (64-bit)
2026-04-15 18:20:13,518 : INFO : Machine : Initializing MPF...
2026-04-15 18:20:13,587 : INFO : EventManager : Event: ======'machine_var_credits_string'====== Args={'value': 'FREE PLAY', 'prev_value': None, 'change': True}
2026-04-15 18:20:13,615 : INFO : EventManager : Event: ======'machine_var_master_volume'====== Args={'value': 0.5, 'prev_value': None, 'change': True}
2026-04-15 18:20:13,615 : INFO : EventManager : Event: ======'machine_var_mpf_version'====== Args={'value': 'Mission Pinball Framework v0.80.0.dev14', 'prev_value': None, 'change': True}
2026-04-15 18:20:13,615 : INFO : EventManager : Event: ======'machine_var_mpf_extended_version'====== Args={'value': 'Mission Pinball Framework v0.80.0.dev14, Config version:6, Show version: 6, BCP version:1.1', 'prev_value': None, 'change': True}
2026-04-15 18:20:13,615 : INFO : EventManager : Event: ======'machine_var_python_version'====== Args={'value': '3.10.0', 'prev_value': None, 'change': True}
2026-04-15 18:20:13,631 : INFO : EventManager : Event: ======'machine_var_platform'====== Args={'value': 'Windows-10-10.0.26200-SP0', 'prev_value': None, 'change': True}
2026-04-15 18:20:13,631 : INFO : EventManager : Event: ======'machine_var_platform_system'====== Args={'value': 'Windows', 'prev_value': None, 'change': True}
2026-04-15 18:20:13,631 : INFO : EventManager : Event: ======'machine_var_platform_release'====== Args={'value': '10', 'prev_value': None, 'change': True}
2026-04-15 18:20:13,631 : INFO : EventManager : Event: ======'machine_var_platform_version'====== Args={'value': '10.0.26200', 'prev_value': None, 'change': True}
2026-04-15 18:20:13,631 : INFO : EventManager : Event: ======'machine_var_platform_machine'====== Args={'value': 'AMD64', 'prev_value': None, 'change': True}
2026-04-15 18:20:13,631 : INFO : EventManager : Event: ======'machine_var_log_file_path'====== Args={'value': 'C:\\Users\\Lukas\\Documents\\TSPP\\logs\\2026-04-15-18-20-13-mpf-DESKTOP-24N7989.log', 'prev_value': None, 'change': True}
2026-04-15 18:20:13,631 : INFO : EventManager : Event: ======'init_phase_1'====== Args={}
2026-04-15 18:20:13,650 : INFO : EventManager : Event: ======'init_phase_2'====== Args={}
2026-04-15 18:20:13,650 : INFO : SwitchController : Found active switch: ('1-0-8', <Platform.Virtual>) <switch.s_trough_1>
2026-04-15 18:20:13,650 : INFO : SwitchController : Found active switch: ('1-0-9', <Platform.Virtual>) <switch.s_trough_2>
2026-04-15 18:20:13,650 : INFO : SwitchController : Found active switch: ('1-0-10', <Platform.Virtual>) <switch.s_trough_3>
2026-04-15 18:20:13,652 : INFO : EventManager : Event: ======'bcp_connection_attempt'====== Args={'name': 'local_display', 'host': 'localhost', 'port': 5050}
2026-04-15 18:20:13,655 : INFO : BCPClientSocket : Connecting BCP to 'local_display' at localhost:5050...
2026-04-15 18:20:13,677 : INFO : BCPClientSocket : Connected BCP to 'local_display' localhost:5050
2026-04-15 18:20:13,677 : INFO : EventManager : Event: ======'bcp_clients_connected'====== Args={}
2026-04-15 18:20:13,677 : INFO : ball_device.bd_drain : BCH: Initial count: 0
2026-04-15 18:20:13,677 : INFO : ball_device.bd_drain : State: idle
2026-04-15 18:20:13,678 : INFO : ball_device.bd_trough : BCH: Initial count: 3
2026-04-15 18:20:13,678 : INFO : ball_device.bd_trough : State: idle
2026-04-15 18:20:13,678 : INFO : ball_device.bd_plunger : BCH: Initial count: 0
2026-04-15 18:20:13,678 : INFO : ball_device.bd_plunger : State: idle
2026-04-15 18:20:13,703 : INFO : EventManager : Event: ======'init_phase_3'====== Args={}
2026-04-15 18:20:13,704 : INFO : EventManager : Event: ======'init_phase_4'====== Args={}
2026-04-15 18:20:13,705 : INFO : BallController : Initial balls found: 3
2026-04-15 18:20:13,706 : INFO : EventManager : Event: ======'machine_var_audits_events_game_ended'====== Args={'value': 0, 'prev_value': None, 'change': True}
2026-04-15 18:20:13,706 : INFO : EventManager : Event: ======'machine_var_audits_events_game_started'====== Args={'value': 11, 'prev_value': None, 'change': True}
2026-04-15 18:20:13,706 : INFO : EventManager : Event: ======'machine_var_audits_missing_switches_s_drain'====== Args={'value': 11, 'prev_value': None, 'change': True}
2026-04-15 18:20:13,706 : INFO : EventManager : Event: ======'machine_var_audits_missing_switches_s_dt_m'====== Args={'value': 11, 'prev_value': None, 'change': True}
2026-04-15 18:20:13,706 : INFO : EventManager : Event: ======'machine_var_audits_missing_switches_s_dt_o'====== Args={'value': 11, 'prev_value': None, 'change': True}
2026-04-15 18:20:13,706 : INFO : EventManager : Event: ======'machine_var_audits_missing_switches_s_dt_u'====== Args={'value': 11, 'prev_value': None, 'change': True}
2026-04-15 18:20:13,706 : INFO : EventManager : Event: ======'machine_var_audits_missing_switches_s_flipper_left'====== Args={'value': 1, 'prev_value': None, 'change': True}
2026-04-15 18:20:13,706 : INFO : EventManager : Event: ======'machine_var_audits_missing_switches_s_flipper_right'====== Args={'value': 1, 'prev_value': None, 'change': True}
2026-04-15 18:20:13,706 : INFO : EventManager : Event: ======'machine_var_audits_missing_switches_s_flipper_rigt'====== Args={'value': 7, 'prev_value': None, 'change': True}
2026-04-15 18:20:13,706 : INFO : EventManager : Event: ======'machine_var_audits_missing_switches_s_homer_h'====== Args={'value': 1, 'prev_value': None, 'change': True}
2026-04-15 18:20:13,706 : INFO : EventManager : Event: ======'machine_var_audits_missing_switches_s_kickout'====== Args={'value': 9, 'prev_value': None, 'change': True}
2026-04-15 18:20:13,706 : INFO : EventManager : Event: ======'machine_var_audits_missing_switches_s_plunger_lane'====== Args={'value': 4, 'prev_value': None, 'change': True}
2026-04-15 18:20:13,706 : INFO : EventManager : Event: ======'machine_var_audits_missing_switches_s_ramp_1'====== Args={'value': 11, 'prev_value': None, 'change': True}
2026-04-15 18:20:13,706 : INFO : EventManager : Event: ======'machine_var_audits_missing_switches_s_sling_left'====== Args={'value': 4, 'prev_value': None, 'change': True}
2026-04-15 18:20:13,706 : INFO : EventManager : Event: ======'machine_var_audits_missing_switches_s_sling_right'====== Args={'value': 1, 'prev_value': None, 'change': True}
2026-04-15 18:20:13,706 : INFO : EventManager : Event: ======'machine_var_audits_missing_switches_s_start'====== Args={'value': 9, 'prev_value': None, 'change': True}
2026-04-15 18:20:13,706 : INFO : EventManager : Event: ======'machine_var_audits_missing_switches_s_trough_1'====== Args={'value': 11, 'prev_value': None, 'change': True}
2026-04-15 18:20:13,706 : INFO : EventManager : Event: ======'machine_var_audits_missing_switches_s_trough_2'====== Args={'value': 11, 'prev_value': None, 'change': True}
2026-04-15 18:20:13,706 : INFO : EventManager : Event: ======'machine_var_audits_missing_switches_s_trough_3'====== Args={'value': 11, 'prev_value': None, 'change': True}
2026-04-15 18:20:13,706 : INFO : EventManager : Event: ======'machine_var_audits_player_score'====== Args={'value': {'average': 0, 'top': [], 'total': 0}, 'prev_value': None, 'change': True}
2026-04-15 18:20:13,706 : INFO : EventManager : Event: ======'machine_var_audits_shots_homer_h'====== Args={'value': 14, 'prev_value': None, 'change': True}
2026-04-15 18:20:13,706 : INFO : EventManager : Event: ======'machine_var_audits_shots_hurryup'====== Args={'value': 6, 'prev_value': None, 'change': True}
2026-04-15 18:20:13,706 : INFO : EventManager : Event: ======'machine_var_audits_shots_slingshot_left'====== Args={'value': 39, 'prev_value': None, 'change': True}
2026-04-15 18:20:13,706 : INFO : EventManager : Event: ======'machine_var_audits_shots_slingshot_right'====== Args={'value': 29, 'prev_value': None, 'change': True}
2026-04-15 18:20:13,706 : INFO : EventManager : Event: ======'machine_var_audits_switches_s_drain'====== Args={'value': 0, 'prev_value': None, 'change': True}
2026-04-15 18:20:13,706 : INFO : EventManager : Event: ======'machine_var_audits_switches_s_dt_m'====== Args={'value': 0, 'prev_value': None, 'change': True}
2026-04-15 18:20:13,706 : INFO : EventManager : Event: ======'machine_var_audits_switches_s_dt_o'====== Args={'value': 0, 'prev_value': None, 'change': True}
2026-04-15 18:20:13,706 : INFO : EventManager : Event: ======'machine_var_audits_switches_s_dt_u'====== Args={'value': 0, 'prev_value': None, 'change': True}
2026-04-15 18:20:13,706 : INFO : EventManager : Event: ======'machine_var_audits_switches_s_flipper_left'====== Args={'value': 4, 'prev_value': None, 'change': True}
2026-04-15 18:20:13,707 : INFO : EventManager : Event: ======'machine_var_audits_switches_s_flipper_right'====== Args={'value': 2, 'prev_value': None, 'change': True}
2026-04-15 18:20:13,707 : INFO : EventManager : Event: ======'machine_var_audits_switches_s_flipper_rigt'====== Args={'value': 0, 'prev_value': None, 'change': True}
2026-04-15 18:20:13,707 : INFO : EventManager : Event: ======'machine_var_audits_switches_s_homer_h'====== Args={'value': 14, 'prev_value': None, 'change': True}
2026-04-15 18:20:13,707 : INFO : EventManager : Event: ======'machine_var_audits_switches_s_kickout'====== Args={'value': 1, 'prev_value': None, 'change': True}
2026-04-15 18:20:13,707 : INFO : EventManager : Event: ======'machine_var_audits_switches_s_plunger_lane'====== Args={'value': 2, 'prev_value': None, 'change': True}
2026-04-15 18:20:13,707 : INFO : EventManager : Event: ======'machine_var_audits_switches_s_ramp_1'====== Args={'value': 0, 'prev_value': None, 'change': True}
2026-04-15 18:20:13,707 : INFO : EventManager : Event: ======'machine_var_audits_switches_s_sling_left'====== Args={'value': 39, 'prev_value': None, 'change': True}
2026-04-15 18:20:13,707 : INFO : EventManager : Event: ======'machine_var_audits_switches_s_sling_right'====== Args={'value': 29, 'prev_value': None, 'change': True}
2026-04-15 18:20:13,707 : INFO : EventManager : Event: ======'machine_var_audits_switches_s_start'====== Args={'value': 2, 'prev_value': None, 'change': True}
2026-04-15 18:20:13,707 : INFO : EventManager : Event: ======'machine_var_audits_switches_s_trough_1'====== Args={'value': 0, 'prev_value': None, 'change': True}
2026-04-15 18:20:13,707 : INFO : EventManager : Event: ======'machine_var_audits_switches_s_trough_2'====== Args={'value': 0, 'prev_value': None, 'change': True}
2026-04-15 18:20:13,707 : INFO : EventManager : Event: ======'machine_var_audits_switches_s_trough_3'====== Args={'value': 0, 'prev_value': None, 'change': True}
2026-04-15 18:20:13,707 : INFO : EventManager : Event: ======'init_phase_5'====== Args={}
2026-04-15 18:20:13,707 : INFO : EventManager : Event: ======'init_done'====== Args={}
2026-04-15 18:20:13,707 : INFO : EventManager : Event: ======'machine_reset_phase_1'====== Args={}
2026-04-15 18:20:13,719 : INFO : EventManager : Event: ======'machine_reset_phase_2'====== Args={}
2026-04-15 18:20:13,719 : INFO : EventManager : Event: ======'machine_reset_phase_3'====== Args={}
2026-04-15 18:20:13,719 : INFO : EventManager : Event: ======'reset_complete'====== Args={}
2026-04-15 18:20:13,719 : INFO : EventManager : Event: ======'mode_attract_will_start'====== Args={}
2026-04-15 18:20:13,719 : INFO : Timer.attract_carousel_timer : Starting Timer.
2026-04-15 18:20:13,720 : INFO : EventManager : Event: ======'timer_attract_carousel_timer_started'====== Args={'ticks': 0, 'ticks_remaining': 1}
2026-04-15 18:20:13,720 : INFO : EventManager : Event: ======'timer_attract_carousel_timer_tick'====== Args={'ticks': 0, 'ticks_remaining': 1}
2026-04-15 18:20:13,720 : INFO : EventManager : Event: ======'mode_attract_starting'====== Args={}
2026-04-15 18:20:13,720 : INFO : Mode.attract : Started. Priority: 10
2026-04-15 18:20:13,720 : INFO : EventManager : Event: ======'modes_active_modes_changed'====== Args={}
2026-04-15 18:20:13,720 : INFO : EventManager : Event: ======'mode_attract_started'====== Args={}
2026-04-15 18:20:13,721 : INFO : EventManager : Event: ======'collecting_balls_complete'====== Args={}
2026-04-15 18:20:13,721 : INFO : EventManager : Event: ======'carousel_item_highlighted'====== Args={'carousel': 'attract', 'direction': None, 'item': 'title'}
2026-04-15 18:20:13,721 : INFO : EventManager : Event: ======'timer_attract_carousel_timer_tick'====== Args={'ticks': 0, 'ticks_remaining': 1}
2026-04-15 18:20:13,722 : INFO : Machine : Starting the main run loop with active modes: [<Mode.attract>]
2026-04-15 18:20:13,740 : INFO : EventManager : Event: ======'slide_attract_created'====== Args={'_from_bcp': True}
2026-04-15 18:20:13,740 : INFO : EventManager : Event: ======'slide__removed'====== Args={'_from_bcp': True}
2026-04-15 18:20:13,741 : INFO : EventManager : Event: ======'slide_attract_active'====== Args={'original_context': 'attract', 'original_calling_context': 'mode_attract_started', 'priority': 10.0, 'cmd': 'slides_play', '_from_bcp': True}
2026-04-15 18:20:16,006 : INFO : SwitchController : <<<<<<< 's_start' active >>>>>>>
2026-04-15 18:20:16,089 : INFO : SwitchController : <<<<<<< 's_start' inactive >>>>>>>
2026-04-15 18:20:16,089 : INFO : EventManager : Event: ======'request_to_start_game'====== Args={}
2026-04-15 18:20:16,089 : INFO : EventManager : Event: ======'game_start'====== Args={'buttons': [], 'hold_time': 0.07799999999406282}
2026-04-15 18:20:16,089 : INFO : EventManager : Event: ======'mode_game_will_start'====== Args={'buttons': [], 'hold_time': 0.07799999999406282}
2026-04-15 18:20:16,090 : INFO : EventManager : Event: ======'mode_game_starting'====== Args={'buttons': [], 'hold_time': 0.07799999999406282}
2026-04-15 18:20:16,090 : INFO : EventManager : Event: ======'mode_attract_will_stop'====== Args={}
2026-04-15 18:20:16,090 : INFO : EventManager : Event: ======'mode_attract_stopping'====== Args={}
2026-04-15 18:20:16,090 : INFO : Mode.attract : Stopped.
2026-04-15 18:20:16,090 : INFO : EventManager : Event: ======'modes_active_modes_changed'====== Args={}
2026-04-15 18:20:16,090 : INFO : EventManager : Event: ======'mode_attract_stopped'====== Args={}
2026-04-15 18:20:16,090 : INFO : EventManager : Event: ======'clear'====== Args={'key': 'attract'}
2026-04-15 18:20:16,090 : INFO : Timer.attract_carousel_timer : Stopping Timer
2026-04-15 18:20:16,091 : INFO : EventManager : Event: ======'timer_attract_carousel_timer_stopped'====== Args={'ticks': 0, 'ticks_remaining': 1}
2026-04-15 18:20:16,091 : INFO : Mode.game : Started. Priority: 20
2026-04-15 18:20:16,091 : INFO : EventManager : Event: ======'modes_active_modes_changed'====== Args={}
2026-04-15 18:20:16,091 : INFO : EventManager : Event: ======'mode_game_started'====== Args={'buttons': [], 'hold_time': 0.07799999999406282}
2026-04-15 18:20:16,091 : INFO : EventManager : Event: ======'game_will_start'====== Args={}
2026-04-15 18:20:16,091 : INFO : EventManager : Event: ======'game_starting'====== Args={'game': <Mode.game>}
2026-04-15 18:20:16,092 : INFO : EventManager : Unordered handler for class <Auditor> on event game_ended with priority 1. Handlers: [RegisteredHandler(callback=<bound method Auditor.disable of <Auditor>>, priority=1, kwargs={}, key=UUID('47de6c05-638e-4e6c-abe8-04b355d84fed'), condition=None, blocking_facility=None), RegisteredHandler(callback=<bound method Auditor._save_audits of <Auditor>>, priority=1, kwargs={}, key=UUID('20d16c47-dcbe-4773-a0cd-73804889544e'), condition=None, blocking_facility=None)]. The order of those handlers is not defined and they will be executed in random order. This might lead to race conditions and potential bugs.
2026-04-15 18:20:16,092 : INFO : EventManager : Event: ======'player_add_request'====== Args={}
2026-04-15 18:20:16,092 : INFO : EventManager : Event: ======'player_will_add'====== Args={'number': 1}
2026-04-15 18:20:16,092 : INFO : EventManager : Event: ======'player_adding'====== Args={'player': <Player 1>, 'number': 1}
2026-04-15 18:20:16,092 : INFO : EventManager : Event: ======'player_added'====== Args={'player': <Player 1>, 'num': 1}
2026-04-15 18:20:16,092 : INFO : Mode.game : Player added successfully. Total players: 1
2026-04-15 18:20:16,092 : INFO : EventManager : Event: ======'player_index'====== Args={'value': 0, 'prev_value': 0, 'change': 0, 'player_num': 1}
2026-04-15 18:20:16,092 : INFO : EventManager : Event: ======'player_number'====== Args={'value': 1, 'prev_value': 1, 'change': 0, 'player_num': 1}
2026-04-15 18:20:16,092 : INFO : EventManager : Event: ======'player_score'====== Args={'value': 0, 'prev_value': 0, 'change': 0, 'player_num': 1}
2026-04-15 18:20:16,093 : INFO : EventManager : Event: ======'game_started'====== Args={}
2026-04-15 18:20:16,093 : INFO : EventManager : Event: ======'player_turn_will_start'====== Args={'player': <Player 1>, 'number': 1}
2026-04-15 18:20:16,094 : INFO : EventManager : Event: ======'player_turn_starting'====== Args={'player': <Player 1>, 'number': 1}
2026-04-15 18:20:16,094 : INFO : EventManager : Event: ======'player_ball'====== Args={'value': 1, 'prev_value': 0, 'change': 1, 'player_num': 1}
2026-04-15 18:20:16,095 : INFO : EventManager : Event: ======'player_turn_started'====== Args={'player': <Player 1>, 'number': 1}
2026-04-15 18:20:16,098 : INFO : EventManager : Event: ======'ball_will_start'====== Args={'player': 1, 'ball': 1, 'balls_remaining': 2, 'is_extra_ball': False}
2026-04-15 18:20:16,098 : INFO : EventManager : Event: ======'ball_starting'====== Args={'player': 1, 'ball': 1, 'balls_remaining': 2, 'is_extra_ball': False}
2026-04-15 18:20:16,098 : INFO : EventManager : Event: ======'mode_base_will_start'====== Args={'queue': <QueuedEvent>, 'player': 1, 'ball': 1, 'balls_remaining': 2, 'is_extra_ball': False}
2026-04-15 18:20:16,098 : INFO : EventManager : Event: ======'player_shot_homer_h_enabled'====== Args={'value': True, 'prev_value': 0, 'change': 1, 'player_num': 1}
2026-04-15 18:20:16,099 : INFO : EventManager : Event: ======'mode_base_starting'====== Args={'queue': <QueuedEvent>, 'player': 1, 'ball': 1, 'balls_remaining': 2, 'is_extra_ball': False}
2026-04-15 18:20:16,099 : INFO : Mode.base : Started. Priority: 100
2026-04-15 18:20:16,099 : INFO : EventManager : Event: ======'modes_active_modes_changed'====== Args={}
2026-04-15 18:20:16,099 : INFO : EventManager : Event: ======'mode_base_started'====== Args={'queue': <QueuedEvent>, 'player': 1, 'ball': 1, 'balls_remaining': 2, 'is_extra_ball': False}
2026-04-15 18:20:16,099 : INFO : EventManager : Event: ======'start_mode_slingshots'====== Args={'priority': 0}
2026-04-15 18:20:16,099 : INFO : EventManager : Event: ======'mode_slingshots_will_start'====== Args={'priority': 0}
2026-04-15 18:20:16,100 : INFO : EventManager : Event: ======'player_shot_slingshot_left_enabled'====== Args={'value': True, 'prev_value': 0, 'change': 1, 'player_num': 1}
2026-04-15 18:20:16,100 : INFO : EventManager : Event: ======'player_shot_slingshot_right_enabled'====== Args={'value': True, 'prev_value': 0, 'change': 1, 'player_num': 1}
2026-04-15 18:20:16,100 : INFO : EventManager : Event: ======'slingshots_complete'====== Args={'state': 'unlit'}
2026-04-15 18:20:16,100 : INFO : EventManager : Event: ======'slingshots_unlit_complete'====== Args={}
2026-04-15 18:20:16,100 : INFO : EventManager : Event: ======'mode_slingshots_starting'====== Args={'priority': 0}
2026-04-15 18:20:16,100 : INFO : Mode.slingshots : Started. Priority: 200
2026-04-15 18:20:16,100 : INFO : EventManager : Event: ======'modes_active_modes_changed'====== Args={}
2026-04-15 18:20:16,100 : INFO : EventManager : Event: ======'mode_slingshots_started'====== Args={'priority': 0}
2026-04-15 18:20:16,100 : INFO : EventManager : Event: ======'balls_in_play'====== Args={'balls': 1}
2026-04-15 18:20:16,100 : INFO : EventManager : Event: ======'ball_started'====== Args={'player': 1, 'ball': 1, 'balls_remaining': 2, 'is_extra_ball': False}
2026-04-15 18:20:16,101 : INFO : EventManager : Event: ======'single_player_ball_started'====== Args={}
2026-04-15 18:20:16,101 : INFO : EventManager : Event: ======'ball_start_target'====== Args={'target': 'playfield'}
2026-04-15 18:20:16,101 : INFO : ball_device.bd_trough : Setting up player-controlled eject. Balls: 1, Target: <playfield.playfield>, player_controlled_eject_event: None
2026-04-15 18:20:16,101 : INFO : ball_device.bd_trough : Adding 1 ball(s) to the eject_queue with target <playfield.playfield>.
2026-04-15 18:20:16,101 : INFO : EventManager : Event: ======'balldevice_balls_available'====== Args={}
2026-04-15 18:20:16,101 : INFO : ball_device.bd_trough : State: waiting_for_target_ready
2026-04-15 18:20:16,101 : INFO : EventManager : Event: ======'balldevice_bd_trough_ball_eject_attempt'====== Args={'balls': 1, 'target': <ball_device.bd_plunger>, 'source': <ball_device.bd_trough>, 'mechanical_eject': False, 'num_attempts': 0}
2026-04-15 18:20:16,101 : INFO : ball_device.bd_plunger : State: waiting_for_ball
2026-04-15 18:20:16,101 : INFO : ball_device.bd_trough : State: ejecting
2026-04-15 18:20:16,101 : INFO : ball_device.bd_trough : Ejecting ball to <ball_device.bd_plunger>
2026-04-15 18:20:16,101 : INFO : EventManager : Event: ======'balldevice_bd_trough_ejecting_ball'====== Args={'balls': 1, 'target': <ball_device.bd_plunger>, 'source': <ball_device.bd_trough>, 'mechanical_eject': False, 'num_attempts': 0}
2026-04-15 18:20:16,103 : INFO : ball_device.bd_trough : Wait for ball to leave device
2026-04-15 18:20:16,103 : INFO : coil.c_trough_release : Pulsing Driver for 20ms (1.0 pulse_power)
2026-04-15 18:20:16,114 : INFO : EventManager : Event: ======'slide_base_slide_created'====== Args={'_from_bcp': True}
2026-04-15 18:20:16,114 : INFO : EventManager : Event: ======'slide_attract_inactive'====== Args={'is_removing': True, '_from_bcp': True}
2026-04-15 18:20:16,115 : INFO : EventManager : Event: ======'slide_base_slide_active'====== Args={'original_context': 'base', 'original_calling_context': 'mode_base_started', 'priority': 100.0, 'queue': '<QueuedEvent>', 'player': 1.0, 'ball': 1.0, 'balls_remaining': 2.0, 'is_extra_ball': False, 'cmd': 'slides_play', '_from_bcp': True}
2026-04-15 18:20:16,115 : INFO : EventManager : Event: ======'slide_attract_removed'====== Args={'_from_bcp': True}
2026-04-15 18:20:17,500 : INFO : SwitchController : <<<<<<< 's_sling_right' active >>>>>>>
2026-04-15 18:20:17,501 : INFO : EventManager : Event: ======'playfield_active'====== Args={'source': 'slingshot_right'}
2026-04-15 18:20:17,501 : INFO : EventManager : Event: ======'unexpected_ball_on_playfield'====== Args={}
2026-04-15 18:20:17,501 : INFO : EventManager : Event: ======'s_sling_right_active'====== Args={}
2026-04-15 18:20:17,501 : INFO : EventManager : Event: ======'machine_var_audits_switches_s_sling_right'====== Args={'value': 30, 'prev_value': 29, 'change': 1}
2026-04-15 18:20:17,502 : INFO : EventManager : Event: ======'player_shot_slingshot_right'====== Args={'value': 1, 'prev_value': 0, 'change': 1, 'player_num': 1}
2026-04-15 18:20:17,502 : INFO : EventManager : Event: ======'machine_var_audits_shots_slingshot_right'====== Args={'value': 30, 'prev_value': 29, 'change': 1}
2026-04-15 18:20:17,502 : INFO : EventManager : Event: ======'slingshot_right_hit'====== Args={'profile': 'default', 'state': 'unlit', 'advancing': True}
2026-04-15 18:20:17,502 : INFO : EventManager : Event: ======'slingshot_right_default_hit'====== Args={'profile': 'default', 'state': 'unlit', 'advancing': True}
2026-04-15 18:20:17,502 : INFO : EventManager : Event: ======'slingshot_right_default_unlit_hit'====== Args={'profile': 'default', 'state': 'unlit', 'advancing': True}
2026-04-15 18:20:17,502 : INFO : EventManager : Event: ======'slingshot_right_unlit_hit'====== Args={'profile': 'default', 'state': 'unlit', 'advancing': True}
2026-04-15 18:20:17,503 : INFO : EventManager : Event: ======'slingshots_hit'====== Args={'shot': 'slingshot_right'}
2026-04-15 18:20:17,503 : INFO : EventManager : Event: ======'slingshots_unlit_hit'====== Args={'shot': 'slingshot_right'}
2026-04-15 18:20:17,503 : INFO : EventManager : Event: ======'player_score'====== Args={'value': 1000, 'prev_value': 0, 'change': 1000, 'player_num': 1, 'source': 'slingshots'}
2026-04-15 18:20:17,600 : INFO : SwitchController : <<<<<<< 's_sling_right' inactive >>>>>>>
2026-04-15 18:20:18,230 : INFO : SwitchController : <<<<<<< 's_sling_right' active >>>>>>>
2026-04-15 18:20:18,231 : INFO : EventManager : Event: ======'playfield_active'====== Args={'source': 'slingshot_right'}
2026-04-15 18:20:18,231 : INFO : EventManager : Event: ======'unexpected_ball_on_playfield'====== Args={}
2026-04-15 18:20:18,231 : INFO : EventManager : Event: ======'s_sling_right_active'====== Args={}
2026-04-15 18:20:18,231 : INFO : EventManager : Event: ======'machine_var_audits_switches_s_sling_right'====== Args={'value': 31, 'prev_value': 30, 'change': 1}
2026-04-15 18:20:18,232 : INFO : EventManager : Event: ======'machine_var_audits_shots_slingshot_right'====== Args={'value': 31, 'prev_value': 30, 'change': 1}
2026-04-15 18:20:18,232 : INFO : EventManager : Event: ======'slingshot_right_hit'====== Args={'profile': 'default', 'state': 'lit', 'advancing': False}
2026-04-15 18:20:18,232 : INFO : EventManager : Event: ======'slingshot_right_default_hit'====== Args={'profile': 'default', 'state': 'lit', 'advancing': False}
2026-04-15 18:20:18,233 : INFO : EventManager : Event: ======'slingshot_right_default_lit_hit'====== Args={'profile': 'default', 'state': 'lit', 'advancing': False}
2026-04-15 18:20:18,233 : INFO : EventManager : Event: ======'slingshot_right_lit_hit'====== Args={'profile': 'default', 'state': 'lit', 'advancing': False}
2026-04-15 18:20:18,233 : INFO : EventManager : Event: ======'slingshots_hit'====== Args={'shot': 'slingshot_right'}
2026-04-15 18:20:18,233 : INFO : EventManager : Event: ======'slingshots_lit_hit'====== Args={'shot': 'slingshot_right'}
2026-04-15 18:20:18,234 : INFO : EventManager : Event: ======'player_score'====== Args={'value': 2000, 'prev_value': 1000, 'change': 1000, 'player_num': 1, 'source': 'slingshots'}
2026-04-15 18:20:18,347 : INFO : SwitchController : <<<<<<< 's_sling_right' inactive >>>>>>>
2026-04-15 18:20:18,446 : INFO : SwitchController : <<<<<<< 's_homer_h' active >>>>>>>
2026-04-15 18:20:18,446 : INFO : EventManager : Event: ======'playfield_active'====== Args={'source': 'homer_h'}
2026-04-15 18:20:18,447 : INFO : EventManager : Event: ======'unexpected_ball_on_playfield'====== Args={}
2026-04-15 18:20:18,447 : INFO : EventManager : Event: ======'playfield_active'====== Args={'source': 'hurryup'}
2026-04-15 18:20:18,447 : INFO : EventManager : Event: ======'unexpected_ball_on_playfield'====== Args={}
2026-04-15 18:20:18,447 : INFO : EventManager : Event: ======'s_homer_h_active'====== Args={}
2026-04-15 18:20:18,447 : INFO : EventManager : Event: ======'machine_var_audits_switches_s_homer_h'====== Args={'value': 15, 'prev_value': 14, 'change': 1}
2026-04-15 18:20:18,447 : INFO : EventManager : Event: ======'player_shot_homer_h'====== Args={'value': 1, 'prev_value': 0, 'change': 1, 'player_num': 1}
2026-04-15 18:20:18,447 : INFO : EventManager : Event: ======'machine_var_audits_shots_homer_h'====== Args={'value': 15, 'prev_value': 14, 'change': 1}
2026-04-15 18:20:18,448 : INFO : EventManager : Event: ======'homer_h_hit'====== Args={'profile': 'default', 'state': 'unlit', 'advancing': True}
2026-04-15 18:20:18,448 : INFO : EventManager : Event: ======'homer_h_default_hit'====== Args={'profile': 'default', 'state': 'unlit', 'advancing': True}
2026-04-15 18:20:18,448 : INFO : EventManager : Event: ======'homer_h_default_unlit_hit'====== Args={'profile': 'default', 'state': 'unlit', 'advancing': True}
2026-04-15 18:20:18,448 : INFO : EventManager : Event: ======'homer_h_unlit_hit'====== Args={'profile': 'default', 'state': 'unlit', 'advancing': True}
2026-04-15 18:20:18,448 : INFO : EventManager : Event: ======'start_mode_hurryup'====== Args={'priority': 0}
2026-04-15 18:20:18,448 : INFO : EventManager : Event: ======'mode_hurryup_will_start'====== Args={'priority': 0}
2026-04-15 18:20:18,448 : INFO : EventManager : Event: ======'player_shot_hurryup_enabled'====== Args={'value': True, 'prev_value': 0, 'change': 1, 'player_num': 1}
2026-04-15 18:20:18,449 : INFO : EventManager : Event: ======'player_hurryup_hurryup_timer_tick'====== Args={'value': 0, 'prev_value': 0, 'change': 0, 'player_num': 1}
2026-04-15 18:20:18,449 : INFO : Timer.hurryup_timer : Starting Timer.
2026-04-15 18:20:18,449 : INFO : EventManager : Event: ======'timer_hurryup_timer_started'====== Args={'ticks': 0, 'ticks_remaining': 25}
2026-04-15 18:20:18,449 : INFO : EventManager : Event: ======'timer_hurryup_timer_tick'====== Args={'ticks': 0, 'ticks_remaining': 25}
2026-04-15 18:20:18,449 : INFO : EventManager : Event: ======'mode_hurryup_starting'====== Args={'priority': 0}
2026-04-15 18:20:18,450 : INFO : Mode.hurryup : Started. Priority: 1000
2026-04-15 18:20:18,450 : INFO : EventManager : Event: ======'modes_active_modes_changed'====== Args={}
2026-04-15 18:20:18,450 : INFO : EventManager : Event: ======'mode_hurryup_started'====== Args={'priority': 0}
2026-04-15 18:20:18,465 : INFO : EventManager : Event: ======'slide_hurryup_created'====== Args={'_from_bcp': True}
2026-04-15 18:20:18,467 : INFO : EventManager : Event: ======'slide_base_slide_inactive'====== Args={'is_removing': False, '_from_bcp': True}
2026-04-15 18:20:18,467 : INFO : EventManager : Event: ======'slide_hurryup_active'====== Args={'original_context': 'hurryup', 'original_calling_context': 'mode_hurryup_started', 'priority': 1000.0, 'cmd': 'slides_play', '_from_bcp': True}
2026-04-15 18:20:18,579 : INFO : SwitchController : <<<<<<< 's_homer_h' inactive >>>>>>>
2026-04-15 18:20:18,664 : INFO : EventManager : Event: ======'player_hurryup_hurryup_timer_tick'====== Args={'value': 1, 'prev_value': 0, 'change': 1, 'player_num': 1}
2026-04-15 18:20:18,665 : INFO : EventManager : Event: ======'timer_hurryup_timer_tick'====== Args={'ticks': 1, 'ticks_remaining': 24}
2026-04-15 18:20:18,665 : INFO : EventManager : Event: ======'hurryup_value'====== Args={'priority': 0, 'current_hurryup': 98000}
2026-04-15 18:20:18,867 : INFO : EventManager : Event: ======'player_hurryup_hurryup_timer_tick'====== Args={'value': 2, 'prev_value': 1, 'change': 1, 'player_num': 1}
2026-04-15 18:20:18,868 : INFO : EventManager : Event: ======'timer_hurryup_timer_tick'====== Args={'ticks': 2, 'ticks_remaining': 23}
2026-04-15 18:20:18,869 : INFO : EventManager : Event: ======'hurryup_value'====== Args={'priority': 0, 'current_hurryup': 96000}
2026-04-15 18:20:19,071 : INFO : EventManager : Event: ======'player_hurryup_hurryup_timer_tick'====== Args={'value': 3, 'prev_value': 2, 'change': 1, 'player_num': 1}
2026-04-15 18:20:19,072 : INFO : EventManager : Event: ======'timer_hurryup_timer_tick'====== Args={'ticks': 3, 'ticks_remaining': 22}
2026-04-15 18:20:19,072 : INFO : EventManager : Event: ======'hurryup_value'====== Args={'priority': 0, 'current_hurryup': 94000}
2026-04-15 18:20:19,118 : INFO : EventManager : Event: ======'balldevice_bd_trough_ball_eject_failed'====== Args={'target': <ball_device.bd_plunger>, 'balls': 1, 'retry': True, 'num_attempts': 1}
2026-04-15 18:20:19,118 : INFO : ball_device.bd_trough : State: waiting_for_target_ready
2026-04-15 18:20:19,118 : INFO : EventManager : Event: ======'balldevice_bd_trough_ball_eject_attempt'====== Args={'balls': 1, 'target': <ball_device.bd_plunger>, 'source': <ball_device.bd_trough>, 'mechanical_eject': False, 'num_attempts': 1}
2026-04-15 18:20:19,118 : INFO : ball_device.bd_trough : State: ejecting
2026-04-15 18:20:19,118 : INFO : ball_device.bd_trough : Ejecting ball to <ball_device.bd_plunger>
2026-04-15 18:20:19,119 : INFO : EventManager : Event: ======'balldevice_bd_trough_ejecting_ball'====== Args={'balls': 1, 'target': <ball_device.bd_plunger>, 'source': <ball_device.bd_trough>, 'mechanical_eject': False, 'num_attempts': 1}
2026-04-15 18:20:19,119 : INFO : ball_device.bd_trough : Wait for ball to leave device
2026-04-15 18:20:19,119 : INFO : coil.c_trough_release : Pulsing Driver for 20ms (1.0 pulse_power)
2026-04-15 18:20:19,178 : INFO : SwitchController : <<<<<<< 's_homer_h' active >>>>>>>
2026-04-15 18:20:19,178 : INFO : EventManager : Event: ======'playfield_active'====== Args={'source': 'homer_h'}
2026-04-15 18:20:19,178 : INFO : EventManager : Event: ======'unexpected_ball_on_playfield'====== Args={}
2026-04-15 18:20:19,178 : INFO : EventManager : Event: ======'playfield_active'====== Args={'source': 'hurryup'}
2026-04-15 18:20:19,178 : INFO : EventManager : Event: ======'unexpected_ball_on_playfield'====== Args={}
2026-04-15 18:20:19,178 : INFO : EventManager : Event: ======'s_homer_h_active'====== Args={}
2026-04-15 18:20:19,179 : INFO : EventManager : Event: ======'machine_var_audits_switches_s_homer_h'====== Args={'value': 16, 'prev_value': 15, 'change': 1}
2026-04-15 18:20:19,180 : INFO : EventManager : Event: ======'player_shot_hurryup'====== Args={'value': 1, 'prev_value': 0, 'change': 1, 'player_num': 1}
2026-04-15 18:20:19,180 : INFO : EventManager : Event: ======'machine_var_audits_shots_hurryup'====== Args={'value': 7, 'prev_value': 6, 'change': 1}
2026-04-15 18:20:19,181 : INFO : EventManager : Event: ======'hurryup_hit'====== Args={'profile': 'default', 'state': 'unlit', 'advancing': True}
2026-04-15 18:20:19,181 : INFO : EventManager : Event: ======'hurryup_default_hit'====== Args={'profile': 'default', 'state': 'unlit', 'advancing': True}
2026-04-15 18:20:19,181 : INFO : EventManager : Event: ======'hurryup_default_unlit_hit'====== Args={'profile': 'default', 'state': 'unlit', 'advancing': True}
2026-04-15 18:20:19,181 : INFO : EventManager : Event: ======'hurryup_unlit_hit'====== Args={'profile': 'default', 'state': 'unlit', 'advancing': True}
2026-04-15 18:20:19,181 : INFO : EventManager : Event: ======'machine_var_audits_shots_homer_h'====== Args={'value': 16, 'prev_value': 15, 'change': 1}
2026-04-15 18:20:19,181 : INFO : EventManager : Event: ======'homer_h_hit'====== Args={'profile': 'default', 'state': 'lit', 'advancing': False}
2026-04-15 18:20:19,182 : INFO : EventManager : Event: ======'homer_h_default_hit'====== Args={'profile': 'default', 'state': 'lit', 'advancing': False}
2026-04-15 18:20:19,182 : INFO : EventManager : Event: ======'homer_h_default_lit_hit'====== Args={'profile': 'default', 'state': 'lit', 'advancing': False}
2026-04-15 18:20:19,182 : INFO : EventManager : Event: ======'homer_h_lit_hit'====== Args={'profile': 'default', 'state': 'lit', 'advancing': False}
2026-04-15 18:20:19,182 : INFO : EventManager : Event: ======'stop_mode_hurryup'====== Args={'priority': 0}
2026-04-15 18:20:19,182 : INFO : EventManager : Event: ======'player_score'====== Args={'value': 96000, 'prev_value': 2000, 'change': 94000, 'player_num': 1, 'source': 'hurryup'}
2026-04-15 18:20:19,182 : INFO : EventManager : Event: ======'mode_hurryup_will_stop'====== Args={}
2026-04-15 18:20:19,182 : INFO : EventManager : Event: ======'mode_hurryup_stopping'====== Args={}
2026-04-15 18:20:19,182 : INFO : EventManager : Event: ======'start_mode_hurryup'====== Args={'priority': 0}
2026-04-15 18:20:19,182 : INFO : Mode.hurryup : Stopped.
2026-04-15 18:20:19,183 : INFO : EventManager : Event: ======'modes_active_modes_changed'====== Args={}
2026-04-15 18:20:19,183 : INFO : EventManager : Event: ======'mode_hurryup_stopped'====== Args={}
2026-04-15 18:20:19,183 : INFO : EventManager : Event: ======'clear'====== Args={'key': 'hurryup'}
2026-04-15 18:20:19,183 : INFO : Timer.hurryup_timer : Stopping Timer
2026-04-15 18:20:19,184 : INFO : EventManager : Event: ======'timer_hurryup_timer_stopped'====== Args={'ticks': 3, 'ticks_remaining': 22}
2026-04-15 18:20:19,193 : INFO : EventManager : Event: ======'slide_hurryup_inactive'====== Args={'is_removing': True, '_from_bcp': True}
2026-04-15 18:20:19,194 : INFO : EventManager : Event: ======'slide_base_slide_active'====== Args={'_from_bcp': True}
2026-04-15 18:20:19,194 : INFO : EventManager : Event: ======'slide_hurryup_removed'====== Args={'_from_bcp': True}
2026-04-15 18:20:19,276 : INFO : SwitchController : <<<<<<< 's_homer_h' inactive >>>>>>>
2026-04-15 18:20:20,406 : INFO : SwitchController : <<<<<<< 's_homer_h' active >>>>>>>
2026-04-15 18:20:20,406 : INFO : EventManager : Event: ======'playfield_active'====== Args={'source': 'homer_h'}
2026-04-15 18:20:20,406 : INFO : EventManager : Event: ======'unexpected_ball_on_playfield'====== Args={}
2026-04-15 18:20:20,406 : INFO : EventManager : Event: ======'playfield_active'====== Args={'source': 'hurryup'}
2026-04-15 18:20:20,406 : INFO : EventManager : Event: ======'unexpected_ball_on_playfield'====== Args={}
2026-04-15 18:20:20,406 : INFO : EventManager : Event: ======'s_homer_h_active'====== Args={}
2026-04-15 18:20:20,406 : INFO : EventManager : Event: ======'machine_var_audits_switches_s_homer_h'====== Args={'value': 17, 'prev_value': 16, 'change': 1}
2026-04-15 18:20:20,407 : INFO : EventManager : Event: ======'machine_var_audits_shots_homer_h'====== Args={'value': 17, 'prev_value': 16, 'change': 1}
2026-04-15 18:20:20,407 : INFO : EventManager : Event: ======'homer_h_hit'====== Args={'profile': 'default', 'state': 'lit', 'advancing': False}
2026-04-15 18:20:20,408 : INFO : EventManager : Event: ======'homer_h_default_hit'====== Args={'profile': 'default', 'state': 'lit', 'advancing': False}
2026-04-15 18:20:20,408 : INFO : EventManager : Event: ======'homer_h_default_lit_hit'====== Args={'profile': 'default', 'state': 'lit', 'advancing': False}
2026-04-15 18:20:20,408 : INFO : EventManager : Event: ======'homer_h_lit_hit'====== Args={'profile': 'default', 'state': 'lit', 'advancing': False}
2026-04-15 18:20:20,408 : INFO : EventManager : Event: ======'start_mode_hurryup'====== Args={'priority': 0}
2026-04-15 18:20:20,408 : INFO : EventManager : Event: ======'mode_hurryup_will_start'====== Args={'priority': 0}
2026-04-15 18:20:20,408 : INFO : EventManager : Event: ======'player_hurryup_hurryup_timer_tick'====== Args={'value': 0, 'prev_value': 3, 'change': -3, 'player_num': 1}
2026-04-15 18:20:20,408 : INFO : Timer.hurryup_timer : Starting Timer.
2026-04-15 18:20:20,408 : INFO : EventManager : Event: ======'timer_hurryup_timer_started'====== Args={'ticks': 0, 'ticks_remaining': 25}
2026-04-15 18:20:20,408 : INFO : EventManager : Event: ======'timer_hurryup_timer_tick'====== Args={'ticks': 0, 'ticks_remaining': 25}
2026-04-15 18:20:20,409 : INFO : EventManager : Event: ======'mode_hurryup_starting'====== Args={'priority': 0}
2026-04-15 18:20:20,409 : INFO : Mode.hurryup : Started. Priority: 1000
2026-04-15 18:20:20,409 : INFO : EventManager : Event: ======'modes_active_modes_changed'====== Args={}
2026-04-15 18:20:20,409 : INFO : EventManager : Event: ======'mode_hurryup_started'====== Args={'priority': 0}
2026-04-15 18:20:20,423 : INFO : EventManager : Event: ======'slide_hurryup_created'====== Args={'_from_bcp': True}
2026-04-15 18:20:20,423 : INFO : EventManager : Event: ======'slide_base_slide_inactive'====== Args={'is_removing': False, '_from_bcp': True}
2026-04-15 18:20:20,423 : INFO : EventManager : Event: ======'slide_hurryup_active'====== Args={'original_context': 'hurryup', 'original_calling_context': 'mode_hurryup_started', 'priority': 1000.0, 'cmd': 'slides_play', '_from_bcp': True}
2026-04-15 18:20:20,506 : INFO : SwitchController : <<<<<<< 's_homer_h' inactive >>>>>>>
2026-04-15 18:20:20,627 : INFO : EventManager : Event: ======'player_hurryup_hurryup_timer_tick'====== Args={'value': 1, 'prev_value': 0, 'change': 1, 'player_num': 1}
2026-04-15 18:20:20,628 : INFO : EventManager : Event: ======'timer_hurryup_timer_tick'====== Args={'ticks': 1, 'ticks_remaining': 24}
2026-04-15 18:20:20,629 : INFO : EventManager : Event: ======'hurryup_value'====== Args={'priority': 0, 'current_hurryup': 98000}
2026-04-15 18:20:20,814 : INFO : EventManager : Event: ======'player_hurryup_hurryup_timer_tick'====== Args={'value': 2, 'prev_value': 1, 'change': 1, 'player_num': 1}
2026-04-15 18:20:20,815 : INFO : EventManager : Event: ======'timer_hurryup_timer_tick'====== Args={'ticks': 2, 'ticks_remaining': 23}
2026-04-15 18:20:20,815 : INFO : EventManager : Event: ======'hurryup_value'====== Args={'priority': 0, 'current_hurryup': 96000}
2026-04-15 18:20:21,017 : INFO : EventManager : Event: ======'player_hurryup_hurryup_timer_tick'====== Args={'value': 3, 'prev_value': 2, 'change': 1, 'player_num': 1}
2026-04-15 18:20:21,017 : INFO : EventManager : Event: ======'timer_hurryup_timer_tick'====== Args={'ticks': 3, 'ticks_remaining': 22}
2026-04-15 18:20:21,019 : INFO : EventManager : Event: ======'hurryup_value'====== Args={'priority': 0, 'current_hurryup': 94000}
2026-04-15 18:20:21,220 : INFO : EventManager : Event: ======'player_hurryup_hurryup_timer_tick'====== Args={'value': 4, 'prev_value': 3, 'change': 1, 'player_num': 1}
2026-04-15 18:20:21,221 : INFO : EventManager : Event: ======'timer_hurryup_timer_tick'====== Args={'ticks': 4, 'ticks_remaining': 21}
2026-04-15 18:20:21,221 : INFO : EventManager : Event: ======'hurryup_value'====== Args={'priority': 0, 'current_hurryup': 92000}
2026-04-15 18:20:21,286 : INFO : SwitchController : <<<<<<< 's_start' active >>>>>>>
2026-04-15 18:20:21,286 : INFO : EventManager : Event: ======'sw_start'====== Args={}
2026-04-15 18:20:21,286 : INFO : EventManager : Event: ======'machine_var_audits_switches_s_start'====== Args={'value': 3, 'prev_value': 2, 'change': 1}
2026-04-15 18:20:21,288 : INFO : EventManager : Event: ======'player_add_request'====== Args={}
2026-04-15 18:20:21,288 : INFO : EventManager : Event: ======'player_will_add'====== Args={'number': 2}
2026-04-15 18:20:21,288 : INFO : EventManager : Event: ======'player_adding'====== Args={'player': <Player 2>, 'number': 2}
2026-04-15 18:20:21,288 : INFO : EventManager : Event: ======'player_added'====== Args={'player': <Player 2>, 'num': 2}
2026-04-15 18:20:21,289 : INFO : Mode.game : Player added successfully. Total players: 2
2026-04-15 18:20:21,289 : INFO : EventManager : Event: ======'multiplayer_game'====== Args={}
2026-04-15 18:20:21,289 : INFO : EventManager : Event: ======'player_index'====== Args={'value': 1, 'prev_value': 1, 'change': 0, 'player_num': 2}
2026-04-15 18:20:21,290 : INFO : EventManager : Event: ======'player_number'====== Args={'value': 2, 'prev_value': 2, 'change': 0, 'player_num': 2}
2026-04-15 18:20:21,290 : INFO : EventManager : Event: ======'player_score'====== Args={'value': 0, 'prev_value': 0, 'change': 0, 'player_num': 2}
2026-04-15 18:20:21,369 : INFO : SwitchController : <<<<<<< 's_start' inactive >>>>>>>
2026-04-15 18:20:21,420 : INFO : EventManager : Event: ======'player_hurryup_hurryup_timer_tick'====== Args={'value': 5, 'prev_value': 4, 'change': 1, 'player_num': 1}
2026-04-15 18:20:21,421 : INFO : EventManager : Event: ======'timer_hurryup_timer_tick'====== Args={'ticks': 5, 'ticks_remaining': 20}
2026-04-15 18:20:21,422 : INFO : EventManager : Event: ======'hurryup_value'====== Args={'priority': 0, 'current_hurryup': 90000}
2026-04-15 18:20:21,607 : INFO : EventManager : Event: ======'player_hurryup_hurryup_timer_tick'====== Args={'value': 6, 'prev_value': 5, 'change': 1, 'player_num': 1}
2026-04-15 18:20:21,608 : INFO : EventManager : Event: ======'timer_hurryup_timer_tick'====== Args={'ticks': 6, 'ticks_remaining': 19}
2026-04-15 18:20:21,609 : INFO : EventManager : Event: ======'hurryup_value'====== Args={'priority': 0, 'current_hurryup': 88000}
2026-04-15 18:20:21,809 : INFO : EventManager : Event: ======'player_hurryup_hurryup_timer_tick'====== Args={'value': 7, 'prev_value': 6, 'change': 1, 'player_num': 1}
2026-04-15 18:20:21,809 : INFO : EventManager : Event: ======'timer_hurryup_timer_tick'====== Args={'ticks': 7, 'ticks_remaining': 18}
2026-04-15 18:20:21,810 : INFO : EventManager : Event: ======'hurryup_value'====== Args={'priority': 0, 'current_hurryup': 86000}
2026-04-15 18:20:22,009 : INFO : EventManager : Event: ======'player_hurryup_hurryup_timer_tick'====== Args={'value': 8, 'prev_value': 7, 'change': 1, 'player_num': 1}
2026-04-15 18:20:22,010 : INFO : EventManager : Event: ======'timer_hurryup_timer_tick'====== Args={'ticks': 8, 'ticks_remaining': 17}
2026-04-15 18:20:22,010 : INFO : EventManager : Event: ======'hurryup_value'====== Args={'priority': 0, 'current_hurryup': 84000}
2026-04-15 18:20:22,134 : INFO : EventManager : Event: ======'balldevice_bd_trough_ball_eject_failed'====== Args={'target': <ball_device.bd_plunger>, 'balls': 1, 'retry': True, 'num_attempts': 2}
2026-04-15 18:20:22,134 : INFO : ball_device.bd_trough : State: waiting_for_target_ready
2026-04-15 18:20:22,134 : INFO : EventManager : Event: ======'balldevice_bd_trough_ball_eject_attempt'====== Args={'balls': 1, 'target': <ball_device.bd_plunger>, 'source': <ball_device.bd_trough>, 'mechanical_eject': False, 'num_attempts': 2}
2026-04-15 18:20:22,135 : INFO : ball_device.bd_trough : State: ejecting
2026-04-15 18:20:22,135 : INFO : ball_device.bd_trough : Ejecting ball to <ball_device.bd_plunger>
2026-04-15 18:20:22,135 : INFO : EventManager : Event: ======'balldevice_bd_trough_ejecting_ball'====== Args={'balls': 1, 'target': <ball_device.bd_plunger>, 'source': <ball_device.bd_trough>, 'mechanical_eject': False, 'num_attempts': 2}
2026-04-15 18:20:22,136 : INFO : ball_device.bd_trough : Wait for ball to leave device
2026-04-15 18:20:22,137 : INFO : coil.c_trough_release : Pulsing Driver for 20ms (1.0 pulse_power)
2026-04-15 18:20:22,212 : INFO : EventManager : Event: ======'player_hurryup_hurryup_timer_tick'====== Args={'value': 9, 'prev_value': 8, 'change': 1, 'player_num': 1}
2026-04-15 18:20:22,213 : INFO : EventManager : Event: ======'timer_hurryup_timer_tick'====== Args={'ticks': 9, 'ticks_remaining': 16}
2026-04-15 18:20:22,213 : INFO : EventManager : Event: ======'hurryup_value'====== Args={'priority': 0, 'current_hurryup': 82000}
2026-04-15 18:20:22,249 : INFO : SwitchController : <<<<<<< 's_homer_h' active >>>>>>>
2026-04-15 18:20:22,249 : INFO : EventManager : Event: ======'playfield_active'====== Args={'source': 'homer_h'}
2026-04-15 18:20:22,249 : INFO : EventManager : Event: ======'unexpected_ball_on_playfield'====== Args={}
2026-04-15 18:20:22,249 : INFO : EventManager : Event: ======'playfield_active'====== Args={'source': 'hurryup'}
2026-04-15 18:20:22,249 : INFO : EventManager : Event: ======'unexpected_ball_on_playfield'====== Args={}
2026-04-15 18:20:22,249 : INFO : EventManager : Event: ======'s_homer_h_active'====== Args={}
2026-04-15 18:20:22,249 : INFO : EventManager : Event: ======'machine_var_audits_switches_s_homer_h'====== Args={'value': 18, 'prev_value': 17, 'change': 1}
2026-04-15 18:20:22,250 : INFO : EventManager : Event: ======'machine_var_audits_shots_hurryup'====== Args={'value': 8, 'prev_value': 7, 'change': 1}
2026-04-15 18:20:22,250 : INFO : EventManager : Event: ======'hurryup_hit'====== Args={'profile': 'default', 'state': 'lit', 'advancing': False}
2026-04-15 18:20:22,250 : INFO : EventManager : Event: ======'hurryup_default_hit'====== Args={'profile': 'default', 'state': 'lit', 'advancing': False}
2026-04-15 18:20:22,252 : INFO : EventManager : Event: ======'hurryup_default_lit_hit'====== Args={'profile': 'default', 'state': 'lit', 'advancing': False}
2026-04-15 18:20:22,252 : INFO : EventManager : Event: ======'hurryup_lit_hit'====== Args={'profile': 'default', 'state': 'lit', 'advancing': False}
2026-04-15 18:20:22,252 : INFO : EventManager : Event: ======'machine_var_audits_shots_homer_h'====== Args={'value': 18, 'prev_value': 17, 'change': 1}
2026-04-15 18:20:22,252 : INFO : EventManager : Event: ======'homer_h_hit'====== Args={'profile': 'default', 'state': 'lit', 'advancing': False}
2026-04-15 18:20:22,252 : INFO : EventManager : Event: ======'homer_h_default_hit'====== Args={'profile': 'default', 'state': 'lit', 'advancing': False}
2026-04-15 18:20:22,252 : INFO : EventManager : Event: ======'homer_h_default_lit_hit'====== Args={'profile': 'default', 'state': 'lit', 'advancing': False}
2026-04-15 18:20:22,252 : INFO : EventManager : Event: ======'homer_h_lit_hit'====== Args={'profile': 'default', 'state': 'lit', 'advancing': False}
2026-04-15 18:20:22,252 : INFO : EventManager : Event: ======'stop_mode_hurryup'====== Args={'priority': 0}
2026-04-15 18:20:22,252 : INFO : EventManager : Event: ======'player_score'====== Args={'value': 178000, 'prev_value': 96000, 'change': 82000, 'player_num': 1, 'source': 'hurryup'}
2026-04-15 18:20:22,252 : INFO : EventManager : Event: ======'mode_hurryup_will_stop'====== Args={}
2026-04-15 18:20:22,252 : INFO : EventManager : Event: ======'mode_hurryup_stopping'====== Args={}
2026-04-15 18:20:22,253 : INFO : EventManager : Event: ======'start_mode_hurryup'====== Args={'priority': 0}
2026-04-15 18:20:22,253 : INFO : Mode.hurryup : Stopped.
2026-04-15 18:20:22,253 : INFO : EventManager : Event: ======'modes_active_modes_changed'====== Args={}
2026-04-15 18:20:22,253 : INFO : EventManager : Event: ======'mode_hurryup_stopped'====== Args={}
2026-04-15 18:20:22,253 : INFO : EventManager : Event: ======'clear'====== Args={'key': 'hurryup'}
2026-04-15 18:20:22,253 : INFO : Timer.hurryup_timer : Stopping Timer
2026-04-15 18:20:22,253 : INFO : EventManager : Event: ======'timer_hurryup_timer_stopped'====== Args={'ticks': 9, 'ticks_remaining': 16}
2026-04-15 18:20:22,265 : INFO : EventManager : Event: ======'slide_hurryup_inactive'====== Args={'is_removing': True, '_from_bcp': True}
2026-04-15 18:20:22,265 : INFO : EventManager : Event: ======'slide_base_slide_active'====== Args={'_from_bcp': True}
2026-04-15 18:20:22,266 : INFO : EventManager : Event: ======'slide_hurryup_removed'====== Args={'_from_bcp': True}
2026-04-15 18:20:22,332 : INFO : SwitchController : <<<<<<< 's_homer_h' inactive >>>>>>>
2026-04-15 18:20:23,444 : INFO : SwitchController : <<<<<<< 's_sling_right' active >>>>>>>
2026-04-15 18:20:23,445 : INFO : EventManager : Event: ======'playfield_active'====== Args={'source': 'slingshot_right'}
2026-04-15 18:20:23,445 : INFO : EventManager : Event: ======'unexpected_ball_on_playfield'====== Args={}
2026-04-15 18:20:23,445 : INFO : EventManager : Event: ======'s_sling_right_active'====== Args={}
2026-04-15 18:20:23,445 : INFO : EventManager : Event: ======'machine_var_audits_switches_s_sling_right'====== Args={'value': 32, 'prev_value': 31, 'change': 1}
2026-04-15 18:20:23,445 : INFO : EventManager : Event: ======'machine_var_audits_shots_slingshot_right'====== Args={'value': 32, 'prev_value': 31, 'change': 1}
2026-04-15 18:20:23,445 : INFO : EventManager : Event: ======'slingshot_right_hit'====== Args={'profile': 'default', 'state': 'lit', 'advancing': False}
2026-04-15 18:20:23,446 : INFO : EventManager : Event: ======'slingshot_right_default_hit'====== Args={'profile': 'default', 'state': 'lit', 'advancing': False}
2026-04-15 18:20:23,446 : INFO : EventManager : Event: ======'slingshot_right_default_lit_hit'====== Args={'profile': 'default', 'state': 'lit', 'advancing': False}
2026-04-15 18:20:23,446 : INFO : EventManager : Event: ======'slingshot_right_lit_hit'====== Args={'profile': 'default', 'state': 'lit', 'advancing': False}
2026-04-15 18:20:23,446 : INFO : EventManager : Event: ======'slingshots_hit'====== Args={'shot': 'slingshot_right'}
2026-04-15 18:20:23,446 : INFO : EventManager : Event: ======'slingshots_lit_hit'====== Args={'shot': 'slingshot_right'}
2026-04-15 18:20:23,446 : INFO : EventManager : Event: ======'player_score'====== Args={'value': 179000, 'prev_value': 178000, 'change': 1000, 'player_num': 1, 'source': 'slingshots'}
2026-04-15 18:20:23,528 : INFO : SwitchController : <<<<<<< 's_sling_right' inactive >>>>>>>
2026-04-15 18:20:23,644 : INFO : SwitchController : <<<<<<< 's_sling_left' active >>>>>>>
2026-04-15 18:20:23,645 : INFO : EventManager : Event: ======'playfield_active'====== Args={'source': 'slingshot_left'}
2026-04-15 18:20:23,645 : INFO : EventManager : Event: ======'unexpected_ball_on_playfield'====== Args={}
2026-04-15 18:20:23,645 : INFO : EventManager : Event: ======'s_sling_left_active'====== Args={}
2026-04-15 18:20:23,645 : INFO : EventManager : Event: ======'machine_var_audits_switches_s_sling_left'====== Args={'value': 40, 'prev_value': 39, 'change': 1}
2026-04-15 18:20:23,646 : INFO : EventManager : Event: ======'player_shot_slingshot_left'====== Args={'value': 1, 'prev_value': 0, 'change': 1, 'player_num': 1}
2026-04-15 18:20:23,646 : INFO : EventManager : Event: ======'machine_var_audits_shots_slingshot_left'====== Args={'value': 40, 'prev_value': 39, 'change': 1}
2026-04-15 18:20:23,646 : INFO : EventManager : Event: ======'slingshot_left_hit'====== Args={'profile': 'default', 'state': 'unlit', 'advancing': True}
2026-04-15 18:20:23,646 : INFO : EventManager : Event: ======'slingshot_left_default_hit'====== Args={'profile': 'default', 'state': 'unlit', 'advancing': True}
2026-04-15 18:20:23,647 : INFO : EventManager : Event: ======'slingshot_left_default_unlit_hit'====== Args={'profile': 'default', 'state': 'unlit', 'advancing': True}
2026-04-15 18:20:23,647 : INFO : EventManager : Event: ======'slingshot_left_unlit_hit'====== Args={'profile': 'default', 'state': 'unlit', 'advancing': True}
2026-04-15 18:20:23,647 : INFO : EventManager : Event: ======'slingshots_complete'====== Args={'state': 'lit'}
2026-04-15 18:20:23,647 : INFO : EventManager : Event: ======'slingshots_lit_complete'====== Args={}
2026-04-15 18:20:23,647 : INFO : EventManager : Event: ======'slingshots_hit'====== Args={'shot': 'slingshot_left'}
2026-04-15 18:20:23,647 : INFO : EventManager : Event: ======'slingshots_unlit_hit'====== Args={'shot': 'slingshot_left'}
2026-04-15 18:20:23,647 : INFO : EventManager : Event: ======'player_score'====== Args={'value': 180000, 'prev_value': 179000, 'change': 1000, 'player_num': 1, 'source': 'slingshots'}
2026-04-15 18:20:23,744 : INFO : SwitchController : <<<<<<< 's_sling_left' inactive >>>>>>>
2026-04-15 18:20:23,861 : INFO : SwitchController : <<<<<<< 's_sling_right' active >>>>>>>
2026-04-15 18:20:23,861 : INFO : EventManager : Event: ======'playfield_active'====== Args={'source': 'slingshot_right'}
2026-04-15 18:20:23,861 : INFO : EventManager : Event: ======'unexpected_ball_on_playfield'====== Args={}
2026-04-15 18:20:23,861 : INFO : EventManager : Event: ======'s_sling_right_active'====== Args={}
2026-04-15 18:20:23,861 : INFO : EventManager : Event: ======'machine_var_audits_switches_s_sling_right'====== Args={'value': 33, 'prev_value': 32, 'change': 1}
2026-04-15 18:20:23,862 : INFO : EventManager : Event: ======'machine_var_audits_shots_slingshot_right'====== Args={'value': 33, 'prev_value': 32, 'change': 1}
2026-04-15 18:20:23,862 : INFO : EventManager : Event: ======'slingshot_right_hit'====== Args={'profile': 'default', 'state': 'lit', 'advancing': False}
2026-04-15 18:20:23,863 : INFO : EventManager : Event: ======'slingshot_right_default_hit'====== Args={'profile': 'default', 'state': 'lit', 'advancing': False}
2026-04-15 18:20:23,863 : INFO : EventManager : Event: ======'slingshot_right_default_lit_hit'====== Args={'profile': 'default', 'state': 'lit', 'advancing': False}
2026-04-15 18:20:23,863 : INFO : EventManager : Event: ======'slingshot_right_lit_hit'====== Args={'profile': 'default', 'state': 'lit', 'advancing': False}
2026-04-15 18:20:23,863 : INFO : EventManager : Event: ======'slingshots_hit'====== Args={'shot': 'slingshot_right'}
2026-04-15 18:20:23,863 : INFO : EventManager : Event: ======'slingshots_lit_hit'====== Args={'shot': 'slingshot_right'}
2026-04-15 18:20:23,863 : INFO : EventManager : Event: ======'player_score'====== Args={'value': 181000, 'prev_value': 180000, 'change': 1000, 'player_num': 1, 'source': 'slingshots'}
2026-04-15 18:20:23,960 : INFO : SwitchController : <<<<<<< 's_sling_right' inactive >>>>>>>
2026-04-15 18:20:25,163 : INFO : EventManager : Event: ======'balldevice_bd_trough_ball_eject_failed'====== Args={'target': <ball_device.bd_plunger>, 'balls': 1, 'retry': True, 'num_attempts': 3}
2026-04-15 18:20:25,163 : INFO : ball_device.bd_trough : State: waiting_for_target_ready
2026-04-15 18:20:25,163 : INFO : EventManager : Event: ======'balldevice_bd_trough_ball_eject_attempt'====== Args={'balls': 1, 'target': <ball_device.bd_plunger>, 'source': <ball_device.bd_trough>, 'mechanical_eject': False, 'num_attempts': 3}
2026-04-15 18:20:25,164 : INFO : ball_device.bd_trough : State: ejecting
2026-04-15 18:20:25,164 : INFO : ball_device.bd_trough : Ejecting ball to <ball_device.bd_plunger>
2026-04-15 18:20:25,164 : INFO : EventManager : Event: ======'balldevice_bd_trough_ejecting_ball'====== Args={'balls': 1, 'target': <ball_device.bd_plunger>, 'source': <ball_device.bd_trough>, 'mechanical_eject': False, 'num_attempts': 3}
2026-04-15 18:20:25,165 : INFO : ball_device.bd_trough : Wait for ball to leave device
2026-04-15 18:20:25,165 : INFO : coil.c_trough_release : Pulsing Driver for 20ms (1.0 pulse_power)
2026-04-15 18:20:25,505 : INFO : Machine : Shutting down...
2026-04-15 18:20:25,505 : INFO : EventManager : Event: ======'shutdown'====== Args={}
2026-04-15 18:20:25,506 : INFO : EventManager : Event: ======'mode_game_will_stop'====== Args={}
2026-04-15 18:20:25,507 : INFO : EventManager : Event: ======'mode_game_stopping'====== Args={}
2026-04-15 18:20:25,507 : INFO : EventManager : Event: ======'mode_base_will_stop'====== Args={}
2026-04-15 18:20:25,508 : INFO : EventManager : Event: ======'mode_base_stopping'====== Args={}
2026-04-15 18:20:25,508 : INFO : EventManager : Event: ======'mode_slingshots_will_stop'====== Args={}
2026-04-15 18:20:25,508 : INFO : EventManager : Event: ======'mode_slingshots_stopping'====== Args={}
2026-04-15 18:20:25,508 : INFO : EventManager : Event: ======'stop_mode_slingshots'====== Args={'priority': 0}
2026-04-15 18:20:25,508 : INFO : Mode.slingshots : Stopped.
2026-04-15 18:20:25,508 : INFO : EventManager : Event: ======'modes_active_modes_changed'====== Args={}
2026-04-15 18:20:25,508 : INFO : EventManager : Event: ======'mode_slingshots_stopped'====== Args={}
2026-04-15 18:20:25,508 : INFO : EventManager : Event: ======'clear'====== Args={'key': 'slingshots'}
2026-04-15 18:20:25,509 : INFO : Mode.base : Stopped.
2026-04-15 18:20:25,509 : INFO : EventManager : Event: ======'modes_active_modes_changed'====== Args={}
2026-04-15 18:20:25,509 : INFO : EventManager : Event: ======'mode_base_stopped'====== Args={}
2026-04-15 18:20:25,509 : INFO : EventManager : Event: ======'clear'====== Args={'key': 'base'}
2026-04-15 18:20:25,509 : INFO : Mode.game : Stopped.
2026-04-15 18:20:25,509 : INFO : EventManager : Event: ======'modes_active_modes_changed'====== Args={}
2026-04-15 18:20:25,509 : INFO : EventManager : Event: ======'mode_game_stopped'====== Args={}
2026-04-15 18:20:25,509 : INFO : EventManager : Event: ======'clear'====== Args={'key': 'game'}
2026-04-15 18:20:25,514 : INFO : root : MPF run loop ended.
