2026-04-13 19:47:34,808 : INFO : root : Loading config.
2026-04-13 19:47:34,815 : INFO : YamlMultifileConfigLoader : Machine config file #1: config.yaml
2026-04-13 19:47:34,816 : INFO : ConfigProcessor : Loading config from cache: C:\Users\Lukas\AppData\Local\Temp\32f39c1debf2d9ee836c41c94f408ffc.mpf_cache
2026-04-13 19:47:34,883 : DEBUG : YamlMultifileConfigLoader : Loading mode attract from C:\Users\Lukas\mpftspp\lib\site-packages\mpf\modes\attract\config\attract.yaml
2026-04-13 19:47:34,884 : DEBUG : YamlMultifileConfigLoader : Loading mode attract from C:\Users\Lukas\mpftspp\lib\site-packages\mpf\modes\attract\config\attract.yaml
2026-04-13 19:47:34,884 : INFO : ConfigProcessor : Loading config from cache: C:\Users\Lukas\AppData\Local\Temp\1cf6e080e232be7da984fc3f9f606af5.mpf_cache
2026-04-13 19:47:34,884 : DEBUG : YamlMultifileConfigLoader : Loading mode game from C:\Users\Lukas\mpftspp\lib\site-packages\mpf\modes\game\config\game.yaml
2026-04-13 19:47:34,884 : INFO : ConfigProcessor : Loading config from cache: C:\Users\Lukas\AppData\Local\Temp\d5d281e4d67cd36b56e6e575dc21d22a.mpf_cache
2026-04-13 19:47:34,887 : DEBUG : YamlMultifileConfigLoader : Loading mode attract from C:\Users\Lukas\mpftspp\lib\site-packages\mpf\modes\attract\config\attract.yaml
2026-04-13 19:47:34,887 : DEBUG : YamlMultifileConfigLoader : Loading mode attract from C:\Users\Lukas\mpftspp\lib\site-packages\mpf\modes\attract\config\attract.yaml
2026-04-13 19:47:34,887 : INFO : ConfigProcessor : Loading config from cache: C:\Users\Lukas\AppData\Local\Temp\1cf6e080e232be7da984fc3f9f606af5.mpf_cache
2026-04-13 19:47:34,887 : DEBUG : YamlMultifileConfigLoader : Loading mode base from C:\Users\Lukas\mpftspp\lib\site-packages\mpf\modes\base\config\base.yaml
2026-04-13 19:47:34,889 : INFO : ConfigProcessor : Loading config from cache: C:\Users\Lukas\AppData\Local\Temp\e915a77df2eb7c954f1557e6bd49ea48.mpf_cache
2026-04-13 19:47:34,889 : DEBUG : YamlMultifileConfigLoader : Loading mode slingshots from C:\Users\Lukas\mpftspp\lib\site-packages\mpf\modes\slingshots\config\slingshots.yaml
2026-04-13 19:47:34,889 : INFO : ConfigProcessor : Loading config from cache: C:\Users\Lukas\AppData\Local\Temp\6720abd7d78775ec476d92be447cc36c.mpf_cache
2026-04-13 19:47:34,890 : DEBUG : YamlMultifileConfigLoader : Loading mode hurryup from C:\Users\Lukas\mpftspp\lib\site-packages\mpf\modes\hurryup\config\hurryup.yaml
2026-04-13 19:47:34,891 : INFO : ConfigProcessor : Loading config from cache: C:\Users\Lukas\AppData\Local\Temp\5c55177e8fd0a80aca73e5066ec16461.mpf_cache
2026-04-13 19:47:34,891 : INFO : Machine : Mission Pinball Framework Core Engine v0.80.0.dev14
2026-04-13 19:47:34,891 : INFO : Machine : Command line arguments: {'no_load_cache': False, 'create_config_cache': True, 'bcp': True, 'configfile': ['config.yaml'], 'force_assets_load': False, 'platform_integration_test': False, 'jsonlogging': False, 'logfile': 'logs\\2026-04-13-19-47-34-mpf-DESKTOP-24N7989.log', 'pause': False, 'production': False, 'text_ui': True, 'loglevel': 10, 'consoleloglevel': 20, 'force_platform': None, 'syslog_address': None, 'full_logfile_path': 'C:\\Users\\Lukas\\Documents\\TSPP\\logs\\2026-04-13-19-47-34-mpf-DESKTOP-24N7989.log'}
2026-04-13 19:47:34,891 : INFO : Machine : MPF path: C:\Users\Lukas\mpftspp\lib\site-packages\mpf
2026-04-13 19:47:34,891 : INFO : Machine : Machine path: C:\Users\Lukas\Documents\TSPP
2026-04-13 19:47:34,891 : INFO : Machine : Platform: win32
2026-04-13 19:47:34,891 : INFO : Machine : Python executable location: C:\Users\Lukas\mpftspp\Scripts\python.exe
2026-04-13 19:47:34,891 : INFO : Machine : Python version: 3.10.0 (64-bit)
2026-04-13 19:47:34,893 : DEBUG : asyncio : Using proactor: IocpProactor
2026-04-13 19:47:34,894 : INFO : Machine : Initializing MPF...
2026-04-13 19:47:34,966 : DEBUG : asciimatics.widgets.layout : Updating: None
2026-04-13 19:47:34,967 : DEBUG : asciimatics.widgets.layout : Updating: None
2026-04-13 19:47:34,967 : DEBUG : asciimatics.widgets.layout : Updating: None
2026-04-13 19:47:34,967 : DEBUG : asciimatics.widgets.layout : Updating: None
2026-04-13 19:47:34,967 : DEBUG : asciimatics.widgets.layout : Updating: None
2026-04-13 19:47:34,967 : DEBUG : asciimatics.widgets.layout : Updating: None
2026-04-13 19:47:34,967 : DEBUG : asciimatics.widgets.layout : Updating: None
2026-04-13 19:47:34,967 : DEBUG : asciimatics.widgets.layout : Updating: None
2026-04-13 19:47:34,967 : DEBUG : asciimatics.widgets.layout : Updating: None
2026-04-13 19:47:34,967 : DEBUG : asciimatics.widgets.layout : Updating: None
2026-04-13 19:47:34,967 : DEBUG : asciimatics.widgets.layout : Updating: None
2026-04-13 19:47:34,967 : DEBUG : asciimatics.widgets.layout : Updating: None
2026-04-13 19:47:34,967 : DEBUG : asciimatics.widgets.widget : Widget blur: <asciimatics.widgets.label.Label object at 0x0000019CADB4DBE0>
2026-04-13 19:47:34,967 : DEBUG : asciimatics.widgets.widget : Widget blur: <asciimatics.widgets.label.Label object at 0x0000019CADD01150>
2026-04-13 19:47:34,967 : DEBUG : asciimatics.widgets.widget : Widget blur: <asciimatics.widgets.label.Label object at 0x0000019CADD012F0>
2026-04-13 19:47:34,967 : DEBUG : asciimatics.widgets.layout : Blur: <asciimatics.widgets.layout.Layout object at 0x0000019CADF65240>
2026-04-13 19:47:34,967 : DEBUG : asciimatics.widgets.layout : Blur: <mpf.core.text_ui.MpfLayout object at 0x0000019CADF74270>
2026-04-13 19:47:34,967 : DEBUG : asciimatics.widgets.layout : Updating: None
2026-04-13 19:47:34,967 : DEBUG : asciimatics.widgets.layout : Updating: None
2026-04-13 19:47:34,967 : DEBUG : asciimatics.widgets.layout : Updating: None
2026-04-13 19:47:34,967 : DEBUG : asciimatics.widgets.layout : Updating: None
2026-04-13 19:47:34,967 : DEBUG : asciimatics.widgets.layout : Updating: None
2026-04-13 19:47:34,967 : DEBUG : asciimatics.widgets.layout : Updating: None
2026-04-13 19:47:34,967 : DEBUG : asciimatics.widgets.widget : Widget blur: <asciimatics.widgets.label.Label object at 0x0000019CADD01700>
2026-04-13 19:47:34,967 : DEBUG : asciimatics.widgets.widget : Widget blur: <asciimatics.widgets.label.Label object at 0x0000019CADD01630>
2026-04-13 19:47:34,967 : DEBUG : asciimatics.widgets.widget : Widget blur: <asciimatics.widgets.label.Label object at 0x0000019CADD017D0>
2026-04-13 19:47:34,967 : DEBUG : asciimatics.widgets.widget : Widget blur: <asciimatics.widgets.label.Label object at 0x0000019CADD01560>
2026-04-13 19:47:34,967 : DEBUG : asciimatics.widgets.widget : Widget blur: <asciimatics.widgets.label.Label object at 0x0000019CADD01490>
2026-04-13 19:47:34,968 : DEBUG : asciimatics.widgets.widget : Widget blur: <asciimatics.widgets.label.Label object at 0x0000019CADD013C0>
2026-04-13 19:47:34,968 : DEBUG : asciimatics.widgets.layout : Blur: <asciimatics.widgets.layout.Layout object at 0x0000019CADF65300>
2026-04-13 19:47:34,968 : DEBUG : asciimatics.widgets.layout : Focus: <asciimatics.widgets.layout.Layout object at 0x0000019CADF65240>
2026-04-13 19:47:34,968 : DEBUG : asciimatics.widgets.layout : Focus: <mpf.core.text_ui.MpfLayout object at 0x0000019CADF74270>
2026-04-13 19:47:34,968 : DEBUG : asciimatics.widgets.layout : Focus: <asciimatics.widgets.layout.Layout object at 0x0000019CADF65300>
2026-04-13 19:47:34,968 : DEBUG : asciimatics.widgets.frame : Cloning: Test
2026-04-13 19:47:34,968 : DEBUG : asciimatics.widgets.layout : Updating: None
2026-04-13 19:47:34,968 : DEBUG : asciimatics.widgets.layout : Updating: None
2026-04-13 19:47:34,968 : DEBUG : asciimatics.widgets.layout : Updating: None
2026-04-13 19:47:34,968 : DEBUG : asciimatics.widgets.layout : Updating: None
2026-04-13 19:47:34,968 : DEBUG : asciimatics.widgets.layout : Updating: None
2026-04-13 19:47:34,968 : DEBUG : asciimatics.widgets.layout : Updating: None
2026-04-13 19:47:34,968 : DEBUG : asciimatics.widgets.layout : Updating: None
2026-04-13 19:47:34,968 : DEBUG : asciimatics.widgets.layout : Updating: None
2026-04-13 19:47:34,968 : DEBUG : asciimatics.widgets.layout : Updating: None
2026-04-13 19:47:34,968 : DEBUG : asciimatics.widgets.layout : Updating: None
2026-04-13 19:47:34,968 : DEBUG : asciimatics.widgets.layout : Updating: None
2026-04-13 19:47:34,968 : DEBUG : asciimatics.widgets.layout : Updating: None
2026-04-13 19:47:34,968 : DEBUG : asciimatics.widgets.layout : Updating: None
2026-04-13 19:47:34,968 : DEBUG : asciimatics.widgets.layout : Updating: None
2026-04-13 19:47:34,968 : DEBUG : asciimatics.widgets.layout : Updating: None
2026-04-13 19:47:34,968 : DEBUG : asciimatics.widgets.layout : Updating: None
2026-04-13 19:47:34,968 : DEBUG : asciimatics.widgets.layout : Updating: None
2026-04-13 19:47:34,968 : DEBUG : asciimatics.widgets.layout : Updating: None
2026-04-13 19:47:34,969 : DEBUG : asciimatics.screen : Processing key: d
2026-04-13 19:47:35,092 : INFO : OPP : Connecting to COM4 at 115200bps
2026-04-13 19:47:35,960 : DEBUG : asciimatics.screen : Processing mouse: 79, 17
2026-04-13 19:47:35,961 : DEBUG : asciimatics.widgets.frame : New event: MouseEvent (79, 17) 0
2026-04-13 19:47:37,962 : DEBUG : asciimatics.screen : Processing mouse: 62, 3
2026-04-13 19:47:37,962 : DEBUG : asciimatics.widgets.frame : New event: MouseEvent (62, 3) 0
2026-04-13 19:47:38,967 : DEBUG : asciimatics.screen : Processing mouse: 56, 9
2026-04-13 19:47:38,968 : DEBUG : asciimatics.widgets.frame : New event: MouseEvent (56, 9) 0
2026-04-13 19:47:38,969 : DEBUG : asciimatics.screen : Processing mouse: 56, 9
2026-04-13 19:47:38,969 : DEBUG : asciimatics.widgets.frame : New event: MouseEvent (56, 9) 0
2026-04-13 19:47:38,969 : DEBUG : asciimatics.screen : Processing mouse: 56, 9
2026-04-13 19:47:38,969 : DEBUG : asciimatics.widgets.frame : New event: MouseEvent (56, 9) 0
2026-04-13 19:47:39,962 : DEBUG : asciimatics.screen : Processing mouse: 105, 13
2026-04-13 19:47:39,963 : DEBUG : asciimatics.widgets.frame : New event: MouseEvent (105, 13) 0
2026-04-13 19:47:39,963 : DEBUG : asciimatics.screen : Processing mouse: 106, 14
2026-04-13 19:47:39,965 : DEBUG : asciimatics.widgets.frame : New event: MouseEvent (106, 14) 0
2026-04-13 19:47:40,951 : DEBUG : asciimatics.screen : Processing mouse: 115, 25
2026-04-13 19:47:40,953 : DEBUG : asciimatics.widgets.frame : New event: MouseEvent (115, 25) 0
2026-04-13 19:47:42,953 : DEBUG : asciimatics.screen : Processing mouse: 69, 0
2026-04-13 19:47:42,953 : DEBUG : asciimatics.widgets.frame : New event: MouseEvent (69, 0) 0
2026-04-13 19:47:43,953 : DEBUG : asciimatics.screen : Processing mouse: 60, 0
2026-04-13 19:47:43,954 : DEBUG : asciimatics.widgets.frame : New event: MouseEvent (60, 0) 0
2026-04-13 19:47:44,955 : DEBUG : asciimatics.screen : Processing mouse: 43, 0
2026-04-13 19:47:44,956 : DEBUG : asciimatics.widgets.frame : New event: MouseEvent (43, 0) 0
2026-04-13 19:47:45,964 : DEBUG : asciimatics.screen : Processing mouse: 47, 0
2026-04-13 19:47:45,964 : DEBUG : asciimatics.widgets.frame : New event: MouseEvent (47, 0) 0
2026-04-13 19:47:46,962 : DEBUG : asciimatics.screen : Processing mouse: 51, 0
2026-04-13 19:47:46,962 : DEBUG : asciimatics.widgets.frame : New event: MouseEvent (51, 0) 0
2026-04-13 19:47:47,963 : DEBUG : asciimatics.screen : Processing mouse: 51, 0
2026-04-13 19:47:47,964 : DEBUG : asciimatics.widgets.frame : New event: MouseEvent (51, 0) 0
2026-04-13 19:47:49,953 : DEBUG : asciimatics.screen : Processing mouse: 51, 0
2026-04-13 19:47:49,953 : DEBUG : asciimatics.widgets.frame : New event: MouseEvent (51, 0) 1
2026-04-13 19:47:49,954 : DEBUG : asciimatics.widgets.frame : Blurring: [<asciimatics.widgets.frame.Frame object at 0x0000019CADC5E9B0>]
2026-04-13 19:47:49,954 : DEBUG : asciimatics.screen : Processing mouse: 51, 0
2026-04-13 19:47:49,955 : DEBUG : asciimatics.widgets.frame : New event: MouseEvent (51, 0) 0
2026-04-13 19:47:50,958 : DEBUG : asciimatics.screen : Processing mouse: 51, 0
2026-04-13 19:47:50,958 : DEBUG : asciimatics.widgets.frame : New event: MouseEvent (51, 0) 0
2026-04-13 19:47:51,955 : DEBUG : asciimatics.screen : Processing mouse: 41, 0
2026-04-13 19:47:51,955 : DEBUG : asciimatics.widgets.frame : New event: MouseEvent (41, 0) 0
2026-04-13 19:47:52,962 : DEBUG : asciimatics.screen : Processing mouse: 41, 0
2026-04-13 19:47:52,962 : DEBUG : asciimatics.widgets.frame : New event: MouseEvent (41, 0) 1
2026-04-13 19:47:52,962 : DEBUG : asciimatics.widgets.frame : Blurring: [<asciimatics.widgets.frame.Frame object at 0x0000019CADC5E9B0>]
2026-04-13 19:47:52,963 : DEBUG : asciimatics.screen : Processing mouse: 41, 0
2026-04-13 19:47:52,963 : DEBUG : asciimatics.widgets.frame : New event: MouseEvent (41, 0) 4
2026-04-13 19:47:52,963 : DEBUG : asciimatics.widgets.frame : Blurring: [<asciimatics.widgets.frame.Frame object at 0x0000019CADC5E9B0>]
2026-04-13 19:47:52,964 : DEBUG : asciimatics.screen : Processing mouse: 34, 0
2026-04-13 19:47:52,964 : DEBUG : asciimatics.widgets.frame : New event: MouseEvent (34, 0) 0
2026-04-13 19:47:52,964 : DEBUG : asciimatics.screen : Processing mouse: 34, 0
2026-04-13 19:47:52,965 : DEBUG : asciimatics.widgets.frame : New event: MouseEvent (34, 0) 0
2026-04-13 19:47:52,965 : DEBUG : asciimatics.screen : Processing mouse: 29, 0
2026-04-13 19:47:52,965 : DEBUG : asciimatics.widgets.frame : New event: MouseEvent (29, 0) 0
2026-04-13 19:47:53,965 : DEBUG : asciimatics.screen : Processing mouse: 29, 0
2026-04-13 19:47:53,965 : DEBUG : asciimatics.widgets.frame : New event: MouseEvent (29, 0) 1
2026-04-13 19:47:53,965 : DEBUG : asciimatics.widgets.frame : Blurring: [<asciimatics.widgets.frame.Frame object at 0x0000019CADC5E9B0>]
2026-04-13 19:47:53,966 : DEBUG : asciimatics.screen : Processing mouse: 29, 0
2026-04-13 19:47:53,966 : DEBUG : asciimatics.widgets.frame : New event: MouseEvent (29, 0) 0
2026-04-13 19:47:53,967 : DEBUG : asciimatics.screen : Processing mouse: 29, 0
2026-04-13 19:47:53,967 : DEBUG : asciimatics.widgets.frame : New event: MouseEvent (29, 0) 4
2026-04-13 19:47:53,967 : DEBUG : asciimatics.widgets.frame : Blurring: [<asciimatics.widgets.frame.Frame object at 0x0000019CADC5E9B0>]
2026-04-13 19:47:53,968 : DEBUG : asciimatics.screen : Processing mouse: 29, 0
2026-04-13 19:47:53,968 : DEBUG : asciimatics.widgets.frame : New event: MouseEvent (29, 0) 0
2026-04-13 19:47:53,969 : DEBUG : asciimatics.screen : Processing mouse: 44, 0
2026-04-13 19:47:53,969 : DEBUG : asciimatics.widgets.frame : New event: MouseEvent (44, 0) 0
2026-04-13 19:47:54,961 : DEBUG : asciimatics.screen : Processing mouse: 45, 0
2026-04-13 19:47:54,962 : DEBUG : asciimatics.widgets.frame : New event: MouseEvent (45, 0) 0
2026-04-13 19:47:54,962 : DEBUG : asciimatics.screen : Processing mouse: 45, 0
2026-04-13 19:47:54,963 : DEBUG : asciimatics.widgets.frame : New event: MouseEvent (45, 0) 0
2026-04-13 19:47:54,963 : DEBUG : asciimatics.screen : Processing mouse: 45, 0
2026-04-13 19:47:54,964 : DEBUG : asciimatics.widgets.frame : New event: MouseEvent (45, 0) 0
2026-04-13 19:47:55,958 : DEBUG : asciimatics.screen : Processing mouse: 45, 0
2026-04-13 19:47:55,958 : DEBUG : asciimatics.widgets.frame : New event: MouseEvent (45, 0) 0
2026-04-13 19:47:55,959 : DEBUG : asciimatics.screen : Processing mouse: 45, 0
2026-04-13 19:47:55,959 : DEBUG : asciimatics.widgets.frame : New event: MouseEvent (45, 0) 1
2026-04-13 19:47:55,959 : DEBUG : asciimatics.widgets.frame : Blurring: [<asciimatics.widgets.frame.Frame object at 0x0000019CADC5E9B0>]
2026-04-13 19:47:55,960 : DEBUG : asciimatics.screen : Processing mouse: 45, 0
2026-04-13 19:47:55,960 : DEBUG : asciimatics.widgets.frame : New event: MouseEvent (45, 0) 4
2026-04-13 19:47:55,960 : DEBUG : asciimatics.widgets.frame : Blurring: [<asciimatics.widgets.frame.Frame object at 0x0000019CADC5E9B0>]
2026-04-13 19:47:55,961 : DEBUG : asciimatics.screen : Processing mouse: 45, 0
2026-04-13 19:47:55,961 : DEBUG : asciimatics.widgets.frame : New event: MouseEvent (45, 0) 0
2026-04-13 19:47:55,961 : DEBUG : asciimatics.screen : Processing mouse: 45, 0
2026-04-13 19:47:55,961 : DEBUG : asciimatics.widgets.frame : New event: MouseEvent (45, 0) 0
2026-04-13 19:47:56,954 : DEBUG : asciimatics.screen : Processing mouse: 45, 0
2026-04-13 19:47:56,955 : DEBUG : asciimatics.widgets.frame : New event: MouseEvent (45, 0) 0
2026-04-13 19:47:56,955 : DEBUG : asciimatics.screen : Processing mouse: 45, 0
2026-04-13 19:47:56,956 : DEBUG : asciimatics.widgets.frame : New event: MouseEvent (45, 0) 0
2026-04-13 19:47:56,956 : DEBUG : asciimatics.screen : Processing mouse: 45, 0
2026-04-13 19:47:56,956 : DEBUG : asciimatics.widgets.frame : New event: MouseEvent (45, 0) 1
2026-04-13 19:47:56,957 : DEBUG : asciimatics.widgets.frame : Blurring: [<asciimatics.widgets.frame.Frame object at 0x0000019CADC5E9B0>]
2026-04-13 19:47:56,957 : DEBUG : asciimatics.screen : Processing mouse: 45, 0
2026-04-13 19:47:56,957 : DEBUG : asciimatics.widgets.frame : New event: MouseEvent (45, 0) 0
2026-04-13 19:47:57,520 : INFO : Machine : Starting the main run loop with active modes: []
2026-04-13 19:47:57,520 : ERROR : root : 'attract'
Traceback (most recent call last):
  File "C:\Users\Lukas\mpftspp\lib\site-packages\mpf\commands\game.py", line 229, in __init__
    self.machine.run()
  File "C:\Users\Lukas\mpftspp\lib\site-packages\mpf\core\machine.py", line 703, in run
    if not self.modes['attract'] in self.mode_controller.active_modes:
KeyError: 'attract'
