2026-04-13 20:19:24,957 : INFO : root : Loading config.
2026-04-13 20:19:24,957 : INFO : YamlMultifileConfigLoader : Machine config file #1: config.yaml
2026-04-13 20:19:24,957 : INFO : ConfigProcessor : Loading config from cache: C:\Users\Lukas\AppData\Local\Temp\32f39c1debf2d9ee836c41c94f408ffc.mpf_cache
2026-04-13 20:19:25,021 : DEBUG : YamlMultifileConfigLoader : Loading mode attract from C:\Users\Lukas\mpftspp\lib\site-packages\mpf\modes\attract\config\attract.yaml
2026-04-13 20:19:25,021 : DEBUG : YamlMultifileConfigLoader : Loading mode attract from C:\Users\Lukas\mpftspp\lib\site-packages\mpf\modes\attract\config\attract.yaml
2026-04-13 20:19:25,021 : INFO : ConfigProcessor : Loading config from cache: C:\Users\Lukas\AppData\Local\Temp\1cf6e080e232be7da984fc3f9f606af5.mpf_cache
2026-04-13 20:19:25,021 : DEBUG : YamlMultifileConfigLoader : Loading mode game from C:\Users\Lukas\mpftspp\lib\site-packages\mpf\modes\game\config\game.yaml
2026-04-13 20:19:25,021 : INFO : ConfigProcessor : Loading config from cache: C:\Users\Lukas\AppData\Local\Temp\d5d281e4d67cd36b56e6e575dc21d22a.mpf_cache
2026-04-13 20:19:25,021 : DEBUG : YamlMultifileConfigLoader : Loading mode attract from C:\Users\Lukas\mpftspp\lib\site-packages\mpf\modes\attract\config\attract.yaml
2026-04-13 20:19:25,021 : DEBUG : YamlMultifileConfigLoader : Loading mode attract from C:\Users\Lukas\mpftspp\lib\site-packages\mpf\modes\attract\config\attract.yaml
2026-04-13 20:19:25,021 : INFO : ConfigProcessor : Loading config from cache: C:\Users\Lukas\AppData\Local\Temp\1cf6e080e232be7da984fc3f9f606af5.mpf_cache
2026-04-13 20:19:25,021 : DEBUG : YamlMultifileConfigLoader : Loading mode base from C:\Users\Lukas\mpftspp\lib\site-packages\mpf\modes\base\config\base.yaml
2026-04-13 20:19:25,021 : INFO : ConfigProcessor : Loading config from cache: C:\Users\Lukas\AppData\Local\Temp\e915a77df2eb7c954f1557e6bd49ea48.mpf_cache
2026-04-13 20:19:25,021 : DEBUG : YamlMultifileConfigLoader : Loading mode slingshots from C:\Users\Lukas\mpftspp\lib\site-packages\mpf\modes\slingshots\config\slingshots.yaml
2026-04-13 20:19:25,021 : INFO : ConfigProcessor : Loading config from cache: C:\Users\Lukas\AppData\Local\Temp\6720abd7d78775ec476d92be447cc36c.mpf_cache
2026-04-13 20:19:25,021 : DEBUG : YamlMultifileConfigLoader : Loading mode hurryup from C:\Users\Lukas\mpftspp\lib\site-packages\mpf\modes\hurryup\config\hurryup.yaml
2026-04-13 20:19:25,021 : INFO : ConfigProcessor : Loading config from cache: C:\Users\Lukas\AppData\Local\Temp\5c55177e8fd0a80aca73e5066ec16461.mpf_cache
2026-04-13 20:19:25,021 : INFO : Machine : Mission Pinball Framework Core Engine v0.80.0.dev14
2026-04-13 20:19:25,021 : INFO : Machine : Command line arguments: {'no_load_cache': False, 'create_config_cache': True, 'bcp': True, 'configfile': ['config.yaml'], 'force_assets_load': False, 'platform_integration_test': False, 'jsonlogging': False, 'logfile': 'logs\\2026-04-13-20-19-24-mpf-DESKTOP-24N7989.log', 'pause': False, 'production': False, 'text_ui': True, 'loglevel': 10, 'consoleloglevel': 20, 'force_platform': None, 'syslog_address': None, 'full_logfile_path': 'C:\\Users\\Lukas\\Documents\\TSPP\\logs\\2026-04-13-20-19-24-mpf-DESKTOP-24N7989.log'}
2026-04-13 20:19:25,021 : INFO : Machine : MPF path: C:\Users\Lukas\mpftspp\lib\site-packages\mpf
2026-04-13 20:19:25,021 : INFO : Machine : Machine path: C:\Users\Lukas\Documents\TSPP
2026-04-13 20:19:25,021 : INFO : Machine : Platform: win32
2026-04-13 20:19:25,021 : INFO : Machine : Python executable location: C:\Users\Lukas\mpftspp\Scripts\python.exe
2026-04-13 20:19:25,021 : INFO : Machine : Python version: 3.10.0 (64-bit)
2026-04-13 20:19:25,021 : DEBUG : asyncio : Using proactor: IocpProactor
2026-04-13 20:19:25,021 : INFO : Machine : Initializing MPF...
2026-04-13 20:19:25,086 : DEBUG : asciimatics.widgets.layout : Updating: None
2026-04-13 20:19:25,086 : DEBUG : asciimatics.widgets.layout : Updating: None
2026-04-13 20:19:25,086 : DEBUG : asciimatics.widgets.layout : Updating: None
2026-04-13 20:19:25,086 : DEBUG : asciimatics.widgets.layout : Updating: None
2026-04-13 20:19:25,086 : DEBUG : asciimatics.widgets.layout : Updating: None
2026-04-13 20:19:25,086 : DEBUG : asciimatics.widgets.layout : Updating: None
2026-04-13 20:19:25,086 : DEBUG : asciimatics.widgets.layout : Updating: None
2026-04-13 20:19:25,086 : DEBUG : asciimatics.widgets.layout : Updating: None
2026-04-13 20:19:25,086 : DEBUG : asciimatics.widgets.layout : Updating: None
2026-04-13 20:19:25,086 : DEBUG : asciimatics.widgets.layout : Updating: None
2026-04-13 20:19:25,086 : DEBUG : asciimatics.widgets.layout : Updating: None
2026-04-13 20:19:25,086 : DEBUG : asciimatics.widgets.layout : Updating: None
2026-04-13 20:19:25,086 : DEBUG : asciimatics.widgets.widget : Widget blur: <asciimatics.widgets.label.Label object at 0x0000021029DBDBE0>
2026-04-13 20:19:25,086 : DEBUG : asciimatics.widgets.widget : Widget blur: <asciimatics.widgets.label.Label object at 0x0000021029F6D150>
2026-04-13 20:19:25,086 : DEBUG : asciimatics.widgets.widget : Widget blur: <asciimatics.widgets.label.Label object at 0x0000021029F6D2F0>
2026-04-13 20:19:25,086 : DEBUG : asciimatics.widgets.layout : Blur: <asciimatics.widgets.layout.Layout object at 0x000002102A1D1240>
2026-04-13 20:19:25,086 : DEBUG : asciimatics.widgets.layout : Blur: <mpf.core.text_ui.MpfLayout object at 0x000002102A1E0270>
2026-04-13 20:19:25,086 : DEBUG : asciimatics.widgets.layout : Updating: None
2026-04-13 20:19:25,086 : DEBUG : asciimatics.widgets.layout : Updating: None
2026-04-13 20:19:25,086 : DEBUG : asciimatics.widgets.layout : Updating: None
2026-04-13 20:19:25,086 : DEBUG : asciimatics.widgets.layout : Updating: None
2026-04-13 20:19:25,086 : DEBUG : asciimatics.widgets.layout : Updating: None
2026-04-13 20:19:25,086 : DEBUG : asciimatics.widgets.layout : Updating: None
2026-04-13 20:19:25,086 : DEBUG : asciimatics.widgets.widget : Widget blur: <asciimatics.widgets.label.Label object at 0x0000021029F6D700>
2026-04-13 20:19:25,086 : DEBUG : asciimatics.widgets.widget : Widget blur: <asciimatics.widgets.label.Label object at 0x0000021029F6D630>
2026-04-13 20:19:25,086 : DEBUG : asciimatics.widgets.widget : Widget blur: <asciimatics.widgets.label.Label object at 0x0000021029F6D7D0>
2026-04-13 20:19:25,086 : DEBUG : asciimatics.widgets.widget : Widget blur: <asciimatics.widgets.label.Label object at 0x0000021029F6D560>
2026-04-13 20:19:25,086 : DEBUG : asciimatics.widgets.widget : Widget blur: <asciimatics.widgets.label.Label object at 0x0000021029F6D490>
2026-04-13 20:19:25,086 : DEBUG : asciimatics.widgets.widget : Widget blur: <asciimatics.widgets.label.Label object at 0x0000021029F6D3C0>
2026-04-13 20:19:25,086 : DEBUG : asciimatics.widgets.layout : Blur: <asciimatics.widgets.layout.Layout object at 0x000002102A1D1300>
2026-04-13 20:19:25,086 : DEBUG : asciimatics.widgets.layout : Focus: <asciimatics.widgets.layout.Layout object at 0x000002102A1D1240>
2026-04-13 20:19:25,086 : DEBUG : asciimatics.widgets.layout : Focus: <mpf.core.text_ui.MpfLayout object at 0x000002102A1E0270>
2026-04-13 20:19:25,086 : DEBUG : asciimatics.widgets.layout : Focus: <asciimatics.widgets.layout.Layout object at 0x000002102A1D1300>
2026-04-13 20:19:25,086 : DEBUG : asciimatics.widgets.frame : Cloning: Test
2026-04-13 20:19:25,086 : DEBUG : asciimatics.widgets.layout : Updating: None
2026-04-13 20:19:25,086 : DEBUG : asciimatics.widgets.layout : Updating: None
2026-04-13 20:19:25,086 : DEBUG : asciimatics.widgets.layout : Updating: None
2026-04-13 20:19:25,086 : DEBUG : asciimatics.widgets.layout : Updating: None
2026-04-13 20:19:25,086 : DEBUG : asciimatics.widgets.layout : Updating: None
2026-04-13 20:19:25,086 : DEBUG : asciimatics.widgets.layout : Updating: None
2026-04-13 20:19:25,086 : DEBUG : asciimatics.widgets.layout : Updating: None
2026-04-13 20:19:25,086 : DEBUG : asciimatics.widgets.layout : Updating: None
2026-04-13 20:19:25,086 : DEBUG : asciimatics.widgets.layout : Updating: None
2026-04-13 20:19:25,086 : DEBUG : asciimatics.widgets.layout : Updating: None
2026-04-13 20:19:25,086 : DEBUG : asciimatics.widgets.layout : Updating: None
2026-04-13 20:19:25,086 : DEBUG : asciimatics.widgets.layout : Updating: None
2026-04-13 20:19:25,086 : DEBUG : asciimatics.widgets.layout : Updating: None
2026-04-13 20:19:25,086 : DEBUG : asciimatics.widgets.layout : Updating: None
2026-04-13 20:19:25,086 : DEBUG : asciimatics.widgets.layout : Updating: None
2026-04-13 20:19:25,086 : DEBUG : asciimatics.widgets.layout : Updating: None
2026-04-13 20:19:25,086 : DEBUG : asciimatics.widgets.layout : Updating: None
2026-04-13 20:19:25,086 : DEBUG : asciimatics.widgets.layout : Updating: None
2026-04-13 20:19:25,086 : DEBUG : asciimatics.screen : Processing key: d
2026-04-13 20:19:25,422 : INFO : OPP : Connecting to COM4 at 115200bps
2026-04-13 20:19:26,078 : DEBUG : asciimatics.screen : Processing mouse: 82, 3
2026-04-13 20:19:26,078 : DEBUG : asciimatics.widgets.frame : New event: MouseEvent (82, 3) 0
2026-04-13 20:19:27,088 : DEBUG : asciimatics.screen : Processing mouse: 70, 8
2026-04-13 20:19:27,088 : DEBUG : asciimatics.widgets.frame : New event: MouseEvent (70, 8) 0
2026-04-13 20:19:28,081 : DEBUG : asciimatics.screen : Processing mouse: 46, 21
2026-04-13 20:19:28,081 : DEBUG : asciimatics.widgets.frame : New event: MouseEvent (46, 21) 0
2026-04-13 20:19:29,090 : DEBUG : asciimatics.screen : Processing mouse: 56, 16
2026-04-13 20:19:29,090 : DEBUG : asciimatics.widgets.frame : New event: MouseEvent (56, 16) 0
2026-04-13 20:19:29,875 : INFO : Machine : Starting the main run loop with active modes: []
2026-04-13 20:19:29,875 : ERROR : root : 'attract'
Traceback (most recent call last):
  File "C:\Users\Lukas\mpftspp\lib\site-packages\mpf\commands\game.py", line 229, in __init__
    self.machine.run()
  File "C:\Users\Lukas\mpftspp\lib\site-packages\mpf\core\machine.py", line 703, in run
    if not self.modes['attract'] in self.mode_controller.active_modes:
KeyError: 'attract'
