2026-04-12 11:30:22,308 : INFO : root : Loading config.
2026-04-12 11:30:22,311 : INFO : YamlMultifileConfigLoader : Machine config file #1: config.yaml
2026-04-12 11:30:22,311 : INFO : ConfigProcessor : Loading config from cache: C:\Users\Lukas\AppData\Local\Temp\32f39c1debf2d9ee836c41c94f408ffc.mpf_cache
2026-04-12 11:30:22,366 : INFO : ConfigProcessor : Loading config from cache: C:\Users\Lukas\AppData\Local\Temp\1cf6e080e232be7da984fc3f9f606af5.mpf_cache
2026-04-12 11:30:22,367 : INFO : ConfigProcessor : Loading config from cache: C:\Users\Lukas\AppData\Local\Temp\d5d281e4d67cd36b56e6e575dc21d22a.mpf_cache
2026-04-12 11:30:22,368 : INFO : ConfigProcessor : Loading config from cache: C:\Users\Lukas\AppData\Local\Temp\1cf6e080e232be7da984fc3f9f606af5.mpf_cache
2026-04-12 11:30:22,369 : INFO : ConfigProcessor : Loading config from cache: C:\Users\Lukas\AppData\Local\Temp\e915a77df2eb7c954f1557e6bd49ea48.mpf_cache
2026-04-12 11:30:22,370 : INFO : ConfigProcessor : Loading config from cache: C:\Users\Lukas\AppData\Local\Temp\6720abd7d78775ec476d92be447cc36c.mpf_cache
2026-04-12 11:30:22,371 : INFO : Machine : Mission Pinball Framework Core Engine v0.80.0.dev14
2026-04-12 11:30:22,371 : INFO : Machine : Command line arguments: {'no_load_cache': False, 'create_config_cache': True, 'bcp': True, 'configfile': ['config.yaml'], 'force_assets_load': False, 'platform_integration_test': False, 'jsonlogging': False, 'logfile': 'logs\\2026-04-12-11-30-22-mpf-DESKTOP-24N7989.log', 'pause': False, 'production': False, 'text_ui': False, 'loglevel': 15, 'consoleloglevel': 20, 'force_platform': 'virtual', 'syslog_address': None, 'full_logfile_path': 'C:\\Users\\Lukas\\Documents\\TSPP\\logs\\2026-04-12-11-30-22-mpf-DESKTOP-24N7989.log'}
2026-04-12 11:30:22,371 : INFO : Machine : MPF path: C:\Users\Lukas\mpftspp\lib\site-packages\mpf
2026-04-12 11:30:22,371 : INFO : Machine : Machine path: C:\Users\Lukas\Documents\TSPP
2026-04-12 11:30:22,371 : INFO : Machine : Platform: win32
2026-04-12 11:30:22,371 : INFO : Machine : Python executable location: C:\Users\Lukas\mpftspp\Scripts\python.exe
2026-04-12 11:30:22,371 : INFO : Machine : Python version: 3.10.0 (64-bit)
2026-04-12 11:30:22,372 : INFO : Machine : Initializing MPF...
2026-04-12 11:30:22,428 : INFO : EventManager : Event: ======'machine_var_credits_string'====== Args={'value': 'FREE PLAY', 'prev_value': None, 'change': True}
2026-04-12 11:30:22,442 : INFO : EventManager : Event: ======'machine_var_master_volume'====== Args={'value': 0.5, 'prev_value': None, 'change': True}
2026-04-12 11:30:22,442 : INFO : EventManager : Event: ======'machine_var_mpf_version'====== Args={'value': 'Mission Pinball Framework v0.80.0.dev14', 'prev_value': None, 'change': True}
2026-04-12 11:30:22,442 : INFO : EventManager : Event: ======'machine_var_mpf_extended_version'====== Args={'value': 'Mission Pinball Framework v0.80.0.dev14, Config version:6, Show version: 6, BCP version:1.1', 'prev_value': None, 'change': True}
2026-04-12 11:30:22,442 : INFO : EventManager : Event: ======'machine_var_python_version'====== Args={'value': '3.10.0', 'prev_value': None, 'change': True}
2026-04-12 11:30:22,478 : INFO : EventManager : Event: ======'machine_var_platform'====== Args={'value': 'Windows-10-10.0.26100-SP0', 'prev_value': None, 'change': True}
2026-04-12 11:30:22,478 : INFO : EventManager : Event: ======'machine_var_platform_system'====== Args={'value': 'Windows', 'prev_value': None, 'change': True}
2026-04-12 11:30:22,479 : INFO : EventManager : Event: ======'machine_var_platform_release'====== Args={'value': '10', 'prev_value': None, 'change': True}
2026-04-12 11:30:22,479 : INFO : EventManager : Event: ======'machine_var_platform_version'====== Args={'value': '10.0.26100', 'prev_value': None, 'change': True}
2026-04-12 11:30:22,479 : INFO : EventManager : Event: ======'machine_var_platform_machine'====== Args={'value': 'AMD64', 'prev_value': None, 'change': True}
2026-04-12 11:30:22,479 : INFO : EventManager : Event: ======'machine_var_log_file_path'====== Args={'value': 'C:\\Users\\Lukas\\Documents\\TSPP\\logs\\2026-04-12-11-30-22-mpf-DESKTOP-24N7989.log', 'prev_value': None, 'change': True}
2026-04-12 11:30:22,479 : INFO : EventManager : Event: ======'init_phase_1'====== Args={}
2026-04-12 11:30:22,491 : INFO : EventManager : Event: ======'init_phase_2'====== Args={}
2026-04-12 11:30:22,492 : INFO : SwitchController : Found active switch: ('1-0-8', <Platform.Virtual>) <switch.s_trough_1>
2026-04-12 11:30:22,492 : INFO : SwitchController : Found active switch: ('1-0-9', <Platform.Virtual>) <switch.s_trough_2>
2026-04-12 11:30:22,492 : INFO : SwitchController : Found active switch: ('1-0-10', <Platform.Virtual>) <switch.s_trough_3>
2026-04-12 11:30:22,493 : INFO : EventManager : Event: ======'bcp_connection_attempt'====== Args={'name': 'local_display', 'host': 'localhost', 'port': 5050}
2026-04-12 11:30:22,493 : INFO : BCPClientSocket : Connecting BCP to 'local_display' at localhost:5050...
2026-04-12 11:30:25,062 : INFO : BCPClientSocket : Connected BCP to 'local_display' localhost:5050
2026-04-12 11:30:25,062 : INFO : EventManager : Event: ======'bcp_clients_connected'====== Args={}
2026-04-12 11:30:25,063 : INFO : ball_device.bd_drain : BCH: Initial count: 0
2026-04-12 11:30:25,064 : INFO : ball_device.bd_drain : State: idle
2026-04-12 11:30:25,065 : INFO : ball_device.bd_trough : BCH: Initial count: 3
2026-04-12 11:30:25,065 : INFO : ball_device.bd_trough : State: idle
2026-04-12 11:30:25,066 : INFO : ball_device.bd_plunger : BCH: Initial count: 0
2026-04-12 11:30:25,066 : INFO : ball_device.bd_plunger : State: idle
2026-04-12 11:30:25,093 : INFO : EventManager : Event: ======'init_phase_3'====== Args={}
2026-04-12 11:30:25,096 : INFO : EventManager : Event: ======'init_phase_4'====== Args={}
2026-04-12 11:30:25,097 : INFO : BallController : Initial balls found: 3
2026-04-12 11:30:25,099 : INFO : EventManager : Event: ======'machine_var_audits_events_game_ended'====== Args={'value': 0, 'prev_value': None, 'change': True}
2026-04-12 11:30:25,100 : INFO : EventManager : Event: ======'machine_var_audits_events_game_started'====== Args={'value': 1, 'prev_value': None, 'change': True}
2026-04-12 11:30:25,100 : INFO : EventManager : Event: ======'machine_var_audits_missing_switches_s_drain'====== Args={'value': 1, 'prev_value': None, 'change': True}
2026-04-12 11:30:25,100 : INFO : EventManager : Event: ======'machine_var_audits_missing_switches_s_dt_m'====== Args={'value': 1, 'prev_value': None, 'change': True}
2026-04-12 11:30:25,100 : INFO : EventManager : Event: ======'machine_var_audits_missing_switches_s_dt_o'====== Args={'value': 1, 'prev_value': None, 'change': True}
2026-04-12 11:30:25,100 : INFO : EventManager : Event: ======'machine_var_audits_missing_switches_s_dt_u'====== Args={'value': 1, 'prev_value': None, 'change': True}
2026-04-12 11:30:25,100 : INFO : EventManager : Event: ======'machine_var_audits_missing_switches_s_flipper_left'====== Args={'value': 1, 'prev_value': None, 'change': True}
2026-04-12 11:30:25,100 : INFO : EventManager : Event: ======'machine_var_audits_missing_switches_s_flipper_rigt'====== Args={'value': 1, 'prev_value': None, 'change': True}
2026-04-12 11:30:25,100 : INFO : EventManager : Event: ======'machine_var_audits_missing_switches_s_homer_h'====== Args={'value': 1, 'prev_value': None, 'change': True}
2026-04-12 11:30:25,100 : INFO : EventManager : Event: ======'machine_var_audits_missing_switches_s_kickout'====== Args={'value': 1, 'prev_value': None, 'change': True}
2026-04-12 11:30:25,101 : INFO : EventManager : Event: ======'machine_var_audits_missing_switches_s_plunger_lane'====== Args={'value': 1, 'prev_value': None, 'change': True}
2026-04-12 11:30:25,101 : INFO : EventManager : Event: ======'machine_var_audits_missing_switches_s_ramp_1'====== Args={'value': 1, 'prev_value': None, 'change': True}
2026-04-12 11:30:25,101 : INFO : EventManager : Event: ======'machine_var_audits_missing_switches_s_start'====== Args={'value': 1, 'prev_value': None, 'change': True}
2026-04-12 11:30:25,101 : INFO : EventManager : Event: ======'machine_var_audits_missing_switches_s_trough_1'====== Args={'value': 1, 'prev_value': None, 'change': True}
2026-04-12 11:30:25,101 : INFO : EventManager : Event: ======'machine_var_audits_missing_switches_s_trough_2'====== Args={'value': 1, 'prev_value': None, 'change': True}
2026-04-12 11:30:25,101 : INFO : EventManager : Event: ======'machine_var_audits_missing_switches_s_trough_3'====== Args={'value': 1, 'prev_value': None, 'change': True}
2026-04-12 11:30:25,101 : INFO : EventManager : Event: ======'machine_var_audits_player_score'====== Args={'value': {'average': 0, 'top': [], 'total': 0}, 'prev_value': None, 'change': True}
2026-04-12 11:30:25,101 : INFO : EventManager : Event: ======'machine_var_audits_shots_slingshot_left'====== Args={'value': 15, 'prev_value': None, 'change': True}
2026-04-12 11:30:25,102 : INFO : EventManager : Event: ======'machine_var_audits_shots_slingshot_right'====== Args={'value': 16, 'prev_value': None, 'change': True}
2026-04-12 11:30:25,102 : INFO : EventManager : Event: ======'machine_var_audits_switches_s_drain'====== Args={'value': 0, 'prev_value': None, 'change': True}
2026-04-12 11:30:25,102 : INFO : EventManager : Event: ======'machine_var_audits_switches_s_dt_m'====== Args={'value': 0, 'prev_value': None, 'change': True}
2026-04-12 11:30:25,102 : INFO : EventManager : Event: ======'machine_var_audits_switches_s_dt_o'====== Args={'value': 0, 'prev_value': None, 'change': True}
2026-04-12 11:30:25,102 : INFO : EventManager : Event: ======'machine_var_audits_switches_s_dt_u'====== Args={'value': 0, 'prev_value': None, 'change': True}
2026-04-12 11:30:25,102 : INFO : EventManager : Event: ======'machine_var_audits_switches_s_flipper_left'====== Args={'value': 0, 'prev_value': None, 'change': True}
2026-04-12 11:30:25,102 : INFO : EventManager : Event: ======'machine_var_audits_switches_s_flipper_rigt'====== Args={'value': 0, 'prev_value': None, 'change': True}
2026-04-12 11:30:25,102 : INFO : EventManager : Event: ======'machine_var_audits_switches_s_homer_h'====== Args={'value': 0, 'prev_value': None, 'change': True}
2026-04-12 11:30:25,102 : INFO : EventManager : Event: ======'machine_var_audits_switches_s_kickout'====== Args={'value': 0, 'prev_value': None, 'change': True}
2026-04-12 11:30:25,103 : INFO : EventManager : Event: ======'machine_var_audits_switches_s_plunger_lane'====== Args={'value': 0, 'prev_value': None, 'change': True}
2026-04-12 11:30:25,103 : INFO : EventManager : Event: ======'machine_var_audits_switches_s_ramp_1'====== Args={'value': 0, 'prev_value': None, 'change': True}
2026-04-12 11:30:25,103 : INFO : EventManager : Event: ======'machine_var_audits_switches_s_sling_left'====== Args={'value': 15, 'prev_value': None, 'change': True}
2026-04-12 11:30:25,104 : INFO : EventManager : Event: ======'machine_var_audits_switches_s_sling_right'====== Args={'value': 16, 'prev_value': None, 'change': True}
2026-04-12 11:30:25,104 : INFO : EventManager : Event: ======'machine_var_audits_switches_s_start'====== Args={'value': 0, 'prev_value': None, 'change': True}
2026-04-12 11:30:25,104 : INFO : EventManager : Event: ======'machine_var_audits_switches_s_trough_1'====== Args={'value': 0, 'prev_value': None, 'change': True}
2026-04-12 11:30:25,104 : INFO : EventManager : Event: ======'machine_var_audits_switches_s_trough_2'====== Args={'value': 0, 'prev_value': None, 'change': True}
2026-04-12 11:30:25,104 : INFO : EventManager : Event: ======'machine_var_audits_switches_s_trough_3'====== Args={'value': 0, 'prev_value': None, 'change': True}
2026-04-12 11:30:25,105 : INFO : EventManager : Event: ======'init_phase_5'====== Args={}
2026-04-12 11:30:25,105 : INFO : EventManager : Event: ======'init_done'====== Args={}
2026-04-12 11:30:25,105 : INFO : EventManager : Event: ======'machine_reset_phase_1'====== Args={}
2026-04-12 11:30:25,117 : INFO : EventManager : Event: ======'machine_reset_phase_2'====== Args={}
2026-04-12 11:30:25,118 : INFO : EventManager : Event: ======'machine_reset_phase_3'====== Args={}
2026-04-12 11:30:25,118 : INFO : EventManager : Event: ======'reset_complete'====== Args={}
2026-04-12 11:30:25,118 : INFO : EventManager : Event: ======'mode_attract_will_start'====== Args={}
2026-04-12 11:30:25,118 : INFO : Timer.attract_carousel_timer : Starting Timer.
2026-04-12 11:30:25,119 : INFO : EventManager : Event: ======'timer_attract_carousel_timer_started'====== Args={'ticks': 0, 'ticks_remaining': 1}
2026-04-12 11:30:25,119 : INFO : EventManager : Event: ======'timer_attract_carousel_timer_tick'====== Args={'ticks': 0, 'ticks_remaining': 1}
2026-04-12 11:30:25,121 : INFO : EventManager : Event: ======'mode_attract_starting'====== Args={}
2026-04-12 11:30:25,121 : INFO : Mode.attract : Started. Priority: 10
2026-04-12 11:30:25,121 : INFO : EventManager : Event: ======'modes_active_modes_changed'====== Args={}
2026-04-12 11:30:25,121 : INFO : EventManager : Event: ======'mode_attract_started'====== Args={}
2026-04-12 11:30:25,122 : INFO : EventManager : Event: ======'collecting_balls_complete'====== Args={}
2026-04-12 11:30:25,122 : INFO : EventManager : Event: ======'carousel_item_highlighted'====== Args={'carousel': 'attract', 'direction': None, 'item': 'title'}
2026-04-12 11:30:25,123 : INFO : EventManager : Event: ======'timer_attract_carousel_timer_tick'====== Args={'ticks': 0, 'ticks_remaining': 1}
2026-04-12 11:30:25,124 : INFO : Machine : Starting the main run loop with active modes: [<Mode.attract>]
2026-04-12 11:30:25,146 : INFO : EventManager : Event: ======'slide_attract_created'====== Args={'_from_bcp': True}
2026-04-12 11:30:25,147 : INFO : EventManager : Event: ======'slide__removed'====== Args={'_from_bcp': True}
2026-04-12 11:30:25,147 : INFO : EventManager : Event: ======'slide_attract_active'====== Args={'original_context': 'attract', 'original_calling_context': 'mode_attract_started', 'priority': 10.0, 'cmd': 'slides_play', '_from_bcp': True}
2026-04-12 11:30:27,464 : INFO : SwitchController : <<<<<<< 's_start' active >>>>>>>
2026-04-12 11:30:27,548 : INFO : SwitchController : <<<<<<< 's_start' inactive >>>>>>>
2026-04-12 11:30:27,549 : INFO : EventManager : Event: ======'request_to_start_game'====== Args={}
2026-04-12 11:30:27,549 : INFO : EventManager : Event: ======'game_start'====== Args={'buttons': [], 'hold_time': 0.09400000000005093}
2026-04-12 11:30:27,549 : INFO : EventManager : Event: ======'mode_game_will_start'====== Args={'buttons': [], 'hold_time': 0.09400000000005093}
2026-04-12 11:30:27,551 : INFO : EventManager : Event: ======'mode_game_starting'====== Args={'buttons': [], 'hold_time': 0.09400000000005093}
2026-04-12 11:30:27,551 : INFO : EventManager : Event: ======'mode_attract_will_stop'====== Args={}
2026-04-12 11:30:27,551 : INFO : EventManager : Event: ======'mode_attract_stopping'====== Args={}
2026-04-12 11:30:27,551 : INFO : Mode.attract : Stopped.
2026-04-12 11:30:27,551 : INFO : EventManager : Event: ======'modes_active_modes_changed'====== Args={}
2026-04-12 11:30:27,552 : INFO : EventManager : Event: ======'mode_attract_stopped'====== Args={}
2026-04-12 11:30:27,552 : INFO : EventManager : Event: ======'clear'====== Args={'key': 'attract'}
2026-04-12 11:30:27,552 : INFO : Timer.attract_carousel_timer : Stopping Timer
2026-04-12 11:30:27,552 : INFO : EventManager : Event: ======'timer_attract_carousel_timer_stopped'====== Args={'ticks': 0, 'ticks_remaining': 1}
2026-04-12 11:30:27,552 : INFO : Mode.game : Started. Priority: 20
2026-04-12 11:30:27,552 : INFO : EventManager : Event: ======'modes_active_modes_changed'====== Args={}
2026-04-12 11:30:27,552 : INFO : EventManager : Event: ======'mode_game_started'====== Args={'buttons': [], 'hold_time': 0.09400000000005093}
2026-04-12 11:30:27,553 : INFO : EventManager : Event: ======'game_will_start'====== Args={}
2026-04-12 11:30:27,555 : INFO : EventManager : Event: ======'game_starting'====== Args={'game': <Mode.game>}
2026-04-12 11:30:27,556 : INFO : EventManager : Unordered handler for class <Auditor> on event game_ended with priority 1. Handlers: [RegisteredHandler(callback=<bound method Auditor.disable of <Auditor>>, priority=1, kwargs={}, key=UUID('9bd1aad4-cf53-49ac-809a-69b9150a9c5e'), condition=None, blocking_facility=None), RegisteredHandler(callback=<bound method Auditor._save_audits of <Auditor>>, priority=1, kwargs={}, key=UUID('1a9ecaac-3ada-4f45-9fa5-254c94a1b076'), condition=None, blocking_facility=None)]. The order of those handlers is not defined and they will be executed in random order. This might lead to race conditions and potential bugs.
2026-04-12 11:30:27,556 : INFO : EventManager : Event: ======'player_add_request'====== Args={}
2026-04-12 11:30:27,556 : INFO : EventManager : Event: ======'player_will_add'====== Args={'number': 1}
2026-04-12 11:30:27,556 : INFO : EventManager : Event: ======'player_adding'====== Args={'player': <Player 1>, 'number': 1}
2026-04-12 11:30:27,557 : INFO : EventManager : Event: ======'player_added'====== Args={'player': <Player 1>, 'num': 1}
2026-04-12 11:30:27,557 : INFO : Mode.game : Player added successfully. Total players: 1
2026-04-12 11:30:27,559 : INFO : EventManager : Event: ======'player_index'====== Args={'value': 0, 'prev_value': 0, 'change': 0, 'player_num': 1}
2026-04-12 11:30:27,559 : INFO : EventManager : Event: ======'player_number'====== Args={'value': 1, 'prev_value': 1, 'change': 0, 'player_num': 1}
2026-04-12 11:30:27,559 : INFO : EventManager : Event: ======'player_score'====== Args={'value': 0, 'prev_value': 0, 'change': 0, 'player_num': 1}
2026-04-12 11:30:27,559 : INFO : EventManager : Event: ======'game_started'====== Args={}
2026-04-12 11:30:27,561 : INFO : EventManager : Event: ======'player_turn_will_start'====== Args={'player': <Player 1>, 'number': 1}
2026-04-12 11:30:27,561 : INFO : EventManager : Event: ======'player_turn_starting'====== Args={'player': <Player 1>, 'number': 1}
2026-04-12 11:30:27,561 : INFO : EventManager : Event: ======'player_ball'====== Args={'value': 1, 'prev_value': 0, 'change': 1, 'player_num': 1}
2026-04-12 11:30:27,562 : INFO : EventManager : Event: ======'player_turn_started'====== Args={'player': <Player 1>, 'number': 1}
2026-04-12 11:30:27,562 : INFO : EventManager : Event: ======'ball_will_start'====== Args={'player': 1, 'ball': 1, 'balls_remaining': 2, 'is_extra_ball': False}
2026-04-12 11:30:27,563 : INFO : EventManager : Event: ======'ball_starting'====== Args={'player': 1, 'ball': 1, 'balls_remaining': 2, 'is_extra_ball': False}
2026-04-12 11:30:27,563 : INFO : EventManager : Event: ======'mode_base_will_start'====== Args={'queue': <QueuedEvent>, 'player': 1, 'ball': 1, 'balls_remaining': 2, 'is_extra_ball': False}
2026-04-12 11:30:27,564 : INFO : EventManager : Event: ======'mode_base_starting'====== Args={'queue': <QueuedEvent>, 'player': 1, 'ball': 1, 'balls_remaining': 2, 'is_extra_ball': False}
2026-04-12 11:30:27,571 : INFO : Mode.base : Started. Priority: 100
2026-04-12 11:30:27,571 : INFO : EventManager : Event: ======'modes_active_modes_changed'====== Args={}
2026-04-12 11:30:27,571 : INFO : EventManager : Event: ======'mode_base_started'====== Args={'queue': <QueuedEvent>, 'player': 1, 'ball': 1, 'balls_remaining': 2, 'is_extra_ball': False}
2026-04-12 11:30:27,573 : INFO : EventManager : Event: ======'start_mode_slingshots'====== Args={'priority': 0}
2026-04-12 11:30:27,573 : INFO : EventManager : Event: ======'mode_slingshots_will_start'====== Args={'priority': 0}
2026-04-12 11:30:27,574 : INFO : EventManager : Event: ======'player_shot_slingshot_left_enabled'====== Args={'value': True, 'prev_value': 0, 'change': 1, 'player_num': 1}
2026-04-12 11:30:27,574 : INFO : EventManager : Event: ======'player_shot_slingshot_right_enabled'====== Args={'value': True, 'prev_value': 0, 'change': 1, 'player_num': 1}
2026-04-12 11:30:27,575 : INFO : EventManager : Event: ======'slingshots_complete'====== Args={'state': 'unlit'}
2026-04-12 11:30:27,575 : INFO : EventManager : Event: ======'slingshots_unlit_complete'====== Args={}
2026-04-12 11:30:27,576 : INFO : EventManager : Event: ======'mode_slingshots_starting'====== Args={'priority': 0}
2026-04-12 11:30:27,576 : INFO : Mode.slingshots : Started. Priority: 200
2026-04-12 11:30:27,576 : INFO : EventManager : Event: ======'modes_active_modes_changed'====== Args={}
2026-04-12 11:30:27,576 : INFO : EventManager : Event: ======'mode_slingshots_started'====== Args={'priority': 0}
2026-04-12 11:30:27,576 : INFO : EventManager : Event: ======'balls_in_play'====== Args={'balls': 1}
2026-04-12 11:30:27,576 : INFO : EventManager : Event: ======'ball_started'====== Args={'player': 1, 'ball': 1, 'balls_remaining': 2, 'is_extra_ball': False}
2026-04-12 11:30:27,577 : INFO : EventManager : Event: ======'single_player_ball_started'====== Args={}
2026-04-12 11:30:27,578 : INFO : EventManager : Event: ======'ball_start_target'====== Args={'target': 'playfield'}
2026-04-12 11:30:27,578 : INFO : ball_device.bd_trough : Setting up player-controlled eject. Balls: 1, Target: <playfield.playfield>, player_controlled_eject_event: None
2026-04-12 11:30:27,578 : INFO : ball_device.bd_trough : Adding 1 ball(s) to the eject_queue with target <playfield.playfield>.
2026-04-12 11:30:27,578 : INFO : EventManager : Event: ======'balldevice_balls_available'====== Args={}
2026-04-12 11:30:27,580 : INFO : ball_device.bd_trough : State: waiting_for_target_ready
2026-04-12 11:30:27,580 : INFO : EventManager : Event: ======'balldevice_bd_trough_ball_eject_attempt'====== Args={'balls': 1, 'target': <ball_device.bd_plunger>, 'source': <ball_device.bd_trough>, 'mechanical_eject': False, 'num_attempts': 0}
2026-04-12 11:30:27,580 : INFO : ball_device.bd_plunger : State: waiting_for_ball
2026-04-12 11:30:27,581 : INFO : ball_device.bd_trough : State: ejecting
2026-04-12 11:30:27,581 : INFO : ball_device.bd_trough : Ejecting ball to <ball_device.bd_plunger>
2026-04-12 11:30:27,581 : INFO : EventManager : Event: ======'balldevice_bd_trough_ejecting_ball'====== Args={'balls': 1, 'target': <ball_device.bd_plunger>, 'source': <ball_device.bd_trough>, 'mechanical_eject': False, 'num_attempts': 0}
2026-04-12 11:30:27,581 : INFO : ball_device.bd_trough : Wait for ball to leave device
2026-04-12 11:30:27,582 : INFO : coil.c_trough_release : Pulsing Driver for 20ms (1.0 pulse_power)
2026-04-12 11:30:27,586 : INFO : EventManager : Event: ======'slide_base_slide_created'====== Args={'_from_bcp': True}
2026-04-12 11:30:27,587 : INFO : EventManager : Event: ======'slide_attract_inactive'====== Args={'is_removing': True, '_from_bcp': True}
2026-04-12 11:30:27,587 : INFO : EventManager : Event: ======'slide_base_slide_active'====== Args={'original_context': 'base', 'original_calling_context': 'mode_base_started', 'priority': 100.0, 'queue': '<QueuedEvent>', 'player': 1.0, 'ball': 1.0, 'balls_remaining': 2.0, 'is_extra_ball': False, 'cmd': 'slides_play', '_from_bcp': True}
2026-04-12 11:30:27,587 : INFO : EventManager : Event: ======'slide_attract_removed'====== Args={'_from_bcp': True}
2026-04-12 11:30:29,772 : INFO : SwitchController : <<<<<<< 's_start' active >>>>>>>
2026-04-12 11:30:29,772 : INFO : EventManager : Event: ======'sw_start'====== Args={}
2026-04-12 11:30:29,772 : INFO : EventManager : Event: ======'machine_var_audits_switches_s_start'====== Args={'value': 1, 'prev_value': 0, 'change': 1}
2026-04-12 11:30:29,772 : INFO : EventManager : Event: ======'player_add_request'====== Args={}
2026-04-12 11:30:29,772 : INFO : EventManager : Event: ======'player_will_add'====== Args={'number': 2}
2026-04-12 11:30:29,772 : INFO : EventManager : Event: ======'player_adding'====== Args={'player': <Player 2>, 'number': 2}
2026-04-12 11:30:29,772 : INFO : EventManager : Event: ======'player_added'====== Args={'player': <Player 2>, 'num': 2}
2026-04-12 11:30:29,772 : INFO : Mode.game : Player added successfully. Total players: 2
2026-04-12 11:30:29,773 : INFO : EventManager : Event: ======'multiplayer_game'====== Args={}
2026-04-12 11:30:29,773 : INFO : EventManager : Event: ======'player_index'====== Args={'value': 1, 'prev_value': 1, 'change': 0, 'player_num': 2}
2026-04-12 11:30:29,773 : INFO : EventManager : Event: ======'player_number'====== Args={'value': 2, 'prev_value': 2, 'change': 0, 'player_num': 2}
2026-04-12 11:30:29,773 : INFO : EventManager : Event: ======'player_score'====== Args={'value': 0, 'prev_value': 0, 'change': 0, 'player_num': 2}
2026-04-12 11:30:29,855 : INFO : SwitchController : <<<<<<< 's_start' inactive >>>>>>>
2026-04-12 11:30:30,600 : INFO : EventManager : Event: ======'balldevice_bd_trough_ball_eject_failed'====== Args={'target': <ball_device.bd_plunger>, 'balls': 1, 'retry': True, 'num_attempts': 1}
2026-04-12 11:30:30,601 : INFO : ball_device.bd_trough : State: waiting_for_target_ready
2026-04-12 11:30:30,601 : INFO : EventManager : Event: ======'balldevice_bd_trough_ball_eject_attempt'====== Args={'balls': 1, 'target': <ball_device.bd_plunger>, 'source': <ball_device.bd_trough>, 'mechanical_eject': False, 'num_attempts': 1}
2026-04-12 11:30:30,602 : INFO : ball_device.bd_trough : State: ejecting
2026-04-12 11:30:30,602 : INFO : ball_device.bd_trough : Ejecting ball to <ball_device.bd_plunger>
2026-04-12 11:30:30,602 : INFO : EventManager : Event: ======'balldevice_bd_trough_ejecting_ball'====== Args={'balls': 1, 'target': <ball_device.bd_plunger>, 'source': <ball_device.bd_trough>, 'mechanical_eject': False, 'num_attempts': 1}
2026-04-12 11:30:30,602 : INFO : ball_device.bd_trough : Wait for ball to leave device
2026-04-12 11:30:30,602 : INFO : coil.c_trough_release : Pulsing Driver for 20ms (1.0 pulse_power)
2026-04-12 11:30:33,142 : INFO : SwitchController : <<<<<<< 's_start' active >>>>>>>
2026-04-12 11:30:33,142 : INFO : EventManager : Event: ======'sw_start'====== Args={}
2026-04-12 11:30:33,142 : INFO : EventManager : Event: ======'machine_var_audits_switches_s_start'====== Args={'value': 2, 'prev_value': 1, 'change': 1}
2026-04-12 11:30:33,144 : INFO : EventManager : Event: ======'player_add_request'====== Args={}
2026-04-12 11:30:33,144 : INFO : EventManager : Event: ======'player_will_add'====== Args={'number': 3}
2026-04-12 11:30:33,144 : INFO : EventManager : Event: ======'player_adding'====== Args={'player': <Player 3>, 'number': 3}
2026-04-12 11:30:33,144 : INFO : EventManager : Event: ======'player_added'====== Args={'player': <Player 3>, 'num': 3}
2026-04-12 11:30:33,144 : INFO : Mode.game : Player added successfully. Total players: 3
2026-04-12 11:30:33,144 : INFO : EventManager : Event: ======'player_index'====== Args={'value': 2, 'prev_value': 2, 'change': 0, 'player_num': 3}
2026-04-12 11:30:33,144 : INFO : EventManager : Event: ======'player_number'====== Args={'value': 3, 'prev_value': 3, 'change': 0, 'player_num': 3}
2026-04-12 11:30:33,144 : INFO : EventManager : Event: ======'player_score'====== Args={'value': 0, 'prev_value': 0, 'change': 0, 'player_num': 3}
2026-04-12 11:30:33,276 : INFO : SwitchController : <<<<<<< 's_start' inactive >>>>>>>
2026-04-12 11:30:33,606 : INFO : EventManager : Event: ======'balldevice_bd_trough_ball_eject_failed'====== Args={'target': <ball_device.bd_plunger>, 'balls': 1, 'retry': True, 'num_attempts': 2}
2026-04-12 11:30:33,607 : INFO : ball_device.bd_trough : State: waiting_for_target_ready
2026-04-12 11:30:33,608 : INFO : EventManager : Event: ======'balldevice_bd_trough_ball_eject_attempt'====== Args={'balls': 1, 'target': <ball_device.bd_plunger>, 'source': <ball_device.bd_trough>, 'mechanical_eject': False, 'num_attempts': 2}
2026-04-12 11:30:33,608 : INFO : ball_device.bd_trough : State: ejecting
2026-04-12 11:30:33,608 : INFO : ball_device.bd_trough : Ejecting ball to <ball_device.bd_plunger>
2026-04-12 11:30:33,608 : INFO : EventManager : Event: ======'balldevice_bd_trough_ejecting_ball'====== Args={'balls': 1, 'target': <ball_device.bd_plunger>, 'source': <ball_device.bd_trough>, 'mechanical_eject': False, 'num_attempts': 2}
2026-04-12 11:30:33,609 : INFO : ball_device.bd_trough : Wait for ball to leave device
2026-04-12 11:30:33,609 : INFO : coil.c_trough_release : Pulsing Driver for 20ms (1.0 pulse_power)
2026-04-12 11:30:36,622 : INFO : EventManager : Event: ======'balldevice_bd_trough_ball_eject_failed'====== Args={'target': <ball_device.bd_plunger>, 'balls': 1, 'retry': True, 'num_attempts': 3}
2026-04-12 11:30:36,624 : INFO : ball_device.bd_trough : State: waiting_for_target_ready
2026-04-12 11:30:36,624 : INFO : EventManager : Event: ======'balldevice_bd_trough_ball_eject_attempt'====== Args={'balls': 1, 'target': <ball_device.bd_plunger>, 'source': <ball_device.bd_trough>, 'mechanical_eject': False, 'num_attempts': 3}
2026-04-12 11:30:36,625 : INFO : ball_device.bd_trough : State: ejecting
2026-04-12 11:30:36,626 : INFO : ball_device.bd_trough : Ejecting ball to <ball_device.bd_plunger>
2026-04-12 11:30:36,626 : INFO : EventManager : Event: ======'balldevice_bd_trough_ejecting_ball'====== Args={'balls': 1, 'target': <ball_device.bd_plunger>, 'source': <ball_device.bd_trough>, 'mechanical_eject': False, 'num_attempts': 3}
2026-04-12 11:30:36,627 : INFO : ball_device.bd_trough : Wait for ball to leave device
2026-04-12 11:30:36,627 : INFO : coil.c_trough_release : Pulsing Driver for 20ms (1.0 pulse_power)
2026-04-12 11:30:39,632 : INFO : EventManager : Event: ======'balldevice_bd_trough_ball_eject_failed'====== Args={'target': <ball_device.bd_plunger>, 'balls': 1, 'retry': True, 'num_attempts': 4}
2026-04-12 11:30:39,633 : INFO : ball_device.bd_trough : State: waiting_for_target_ready
2026-04-12 11:30:39,633 : INFO : EventManager : Event: ======'balldevice_bd_trough_ball_eject_attempt'====== Args={'balls': 1, 'target': <ball_device.bd_plunger>, 'source': <ball_device.bd_trough>, 'mechanical_eject': False, 'num_attempts': 4}
2026-04-12 11:30:39,633 : INFO : ball_device.bd_trough : State: ejecting
2026-04-12 11:30:39,633 : INFO : ball_device.bd_trough : Ejecting ball to <ball_device.bd_plunger>
2026-04-12 11:30:39,633 : INFO : EventManager : Event: ======'balldevice_bd_trough_ejecting_ball'====== Args={'balls': 1, 'target': <ball_device.bd_plunger>, 'source': <ball_device.bd_trough>, 'mechanical_eject': False, 'num_attempts': 4}
2026-04-12 11:30:39,634 : INFO : ball_device.bd_trough : Wait for ball to leave device
2026-04-12 11:30:39,634 : INFO : coil.c_trough_release : Pulsing Driver for 20ms (1.0 pulse_power)
2026-04-12 11:30:42,648 : INFO : EventManager : Event: ======'balldevice_bd_trough_ball_eject_failed'====== Args={'target': <ball_device.bd_plunger>, 'balls': 1, 'retry': True, 'num_attempts': 5}
2026-04-12 11:30:42,649 : INFO : ball_device.bd_trough : State: waiting_for_target_ready
2026-04-12 11:30:42,649 : INFO : EventManager : Event: ======'balldevice_bd_trough_ball_eject_attempt'====== Args={'balls': 1, 'target': <ball_device.bd_plunger>, 'source': <ball_device.bd_trough>, 'mechanical_eject': False, 'num_attempts': 5}
2026-04-12 11:30:42,650 : INFO : ball_device.bd_trough : State: ejecting
2026-04-12 11:30:42,650 : INFO : ball_device.bd_trough : Ejecting ball to <ball_device.bd_plunger>
2026-04-12 11:30:42,650 : INFO : EventManager : Event: ======'balldevice_bd_trough_ejecting_ball'====== Args={'balls': 1, 'target': <ball_device.bd_plunger>, 'source': <ball_device.bd_trough>, 'mechanical_eject': False, 'num_attempts': 5}
2026-04-12 11:30:42,650 : INFO : ball_device.bd_trough : Wait for ball to leave device
2026-04-12 11:30:42,650 : INFO : coil.c_trough_release : Pulsing Driver for 20ms (1.0 pulse_power)
2026-04-12 11:30:43,552 : INFO : SwitchController : <<<<<<< 's_sling_left' active >>>>>>>
2026-04-12 11:30:43,552 : INFO : EventManager : Event: ======'playfield_active'====== Args={'source': 'slingshot_left'}
2026-04-12 11:30:43,552 : INFO : EventManager : Event: ======'unexpected_ball_on_playfield'====== Args={}
2026-04-12 11:30:43,552 : INFO : EventManager : Event: ======'s_sling_left_active'====== Args={}
2026-04-12 11:30:43,553 : INFO : EventManager : Event: ======'machine_var_audits_switches_s_sling_left'====== Args={'value': 16, 'prev_value': 15, 'change': 1}
2026-04-12 11:30:43,554 : INFO : EventManager : Event: ======'player_shot_slingshot_left'====== Args={'value': 1, 'prev_value': 0, 'change': 1, 'player_num': 1}
2026-04-12 11:30:43,555 : INFO : EventManager : Event: ======'machine_var_audits_shots_slingshot_left'====== Args={'value': 16, 'prev_value': 15, 'change': 1}
2026-04-12 11:30:43,555 : INFO : EventManager : Event: ======'slingshot_left_hit'====== Args={'profile': 'default', 'state': 'unlit', 'advancing': True}
2026-04-12 11:30:43,555 : INFO : EventManager : Event: ======'slingshot_left_default_hit'====== Args={'profile': 'default', 'state': 'unlit', 'advancing': True}
2026-04-12 11:30:43,555 : INFO : EventManager : Event: ======'slingshot_left_default_unlit_hit'====== Args={'profile': 'default', 'state': 'unlit', 'advancing': True}
2026-04-12 11:30:43,555 : INFO : EventManager : Event: ======'slingshot_left_unlit_hit'====== Args={'profile': 'default', 'state': 'unlit', 'advancing': True}
2026-04-12 11:30:43,556 : INFO : EventManager : Event: ======'slingshots_hit'====== Args={'shot': 'slingshot_left'}
2026-04-12 11:30:43,556 : INFO : EventManager : Event: ======'slingshots_unlit_hit'====== Args={'shot': 'slingshot_left'}
2026-04-12 11:30:43,556 : INFO : EventManager : Event: ======'player_score'====== Args={'value': 1000, 'prev_value': 0, 'change': 1000, 'player_num': 1, 'source': 'slingshots'}
2026-04-12 11:30:43,684 : INFO : SwitchController : <<<<<<< 's_sling_left' inactive >>>>>>>
2026-04-12 11:30:44,648 : INFO : SwitchController : <<<<<<< 's_sling_right' active >>>>>>>
2026-04-12 11:30:44,648 : INFO : EventManager : Event: ======'playfield_active'====== Args={'source': 'slingshot_right'}
2026-04-12 11:30:44,648 : INFO : EventManager : Event: ======'unexpected_ball_on_playfield'====== Args={}
2026-04-12 11:30:44,648 : INFO : EventManager : Event: ======'s_sling_right_active'====== Args={}
2026-04-12 11:30:44,648 : INFO : EventManager : Event: ======'machine_var_audits_switches_s_sling_right'====== Args={'value': 17, 'prev_value': 16, 'change': 1}
2026-04-12 11:30:44,650 : INFO : EventManager : Event: ======'player_shot_slingshot_right'====== Args={'value': 1, 'prev_value': 0, 'change': 1, 'player_num': 1}
2026-04-12 11:30:44,650 : INFO : EventManager : Event: ======'machine_var_audits_shots_slingshot_right'====== Args={'value': 17, 'prev_value': 16, 'change': 1}
2026-04-12 11:30:44,650 : INFO : EventManager : Event: ======'slingshot_right_hit'====== Args={'profile': 'default', 'state': 'unlit', 'advancing': True}
2026-04-12 11:30:44,650 : INFO : EventManager : Event: ======'slingshot_right_default_hit'====== Args={'profile': 'default', 'state': 'unlit', 'advancing': True}
2026-04-12 11:30:44,650 : INFO : EventManager : Event: ======'slingshot_right_default_unlit_hit'====== Args={'profile': 'default', 'state': 'unlit', 'advancing': True}
2026-04-12 11:30:44,651 : INFO : EventManager : Event: ======'slingshot_right_unlit_hit'====== Args={'profile': 'default', 'state': 'unlit', 'advancing': True}
2026-04-12 11:30:44,651 : INFO : EventManager : Event: ======'slingshots_complete'====== Args={'state': 'lit'}
2026-04-12 11:30:44,651 : INFO : EventManager : Event: ======'slingshots_lit_complete'====== Args={}
2026-04-12 11:30:44,651 : INFO : EventManager : Event: ======'slingshots_hit'====== Args={'shot': 'slingshot_right'}
2026-04-12 11:30:44,651 : INFO : EventManager : Event: ======'slingshots_unlit_hit'====== Args={'shot': 'slingshot_right'}
2026-04-12 11:30:44,651 : INFO : EventManager : Event: ======'player_score'====== Args={'value': 2000, 'prev_value': 1000, 'change': 1000, 'player_num': 1, 'source': 'slingshots'}
2026-04-12 11:30:44,815 : INFO : SwitchController : <<<<<<< 's_sling_right' inactive >>>>>>>
2026-04-12 11:30:45,511 : INFO : SwitchController : <<<<<<< 's_kickout' active >>>>>>>
2026-04-12 11:30:45,512 : INFO : EventManager : Event: ======'machine_var_audits_switches_s_kickout'====== Args={'value': 1, 'prev_value': 0, 'change': 1}
2026-04-12 11:30:45,659 : INFO : EventManager : Event: ======'balldevice_bd_trough_ball_eject_failed'====== Args={'target': <ball_device.bd_plunger>, 'balls': 1, 'retry': True, 'num_attempts': 6}
2026-04-12 11:30:45,660 : INFO : ball_device.bd_trough : State: waiting_for_target_ready
2026-04-12 11:30:45,660 : INFO : EventManager : Event: ======'balldevice_bd_trough_ball_eject_attempt'====== Args={'balls': 1, 'target': <ball_device.bd_plunger>, 'source': <ball_device.bd_trough>, 'mechanical_eject': False, 'num_attempts': 6}
2026-04-12 11:30:45,660 : INFO : ball_device.bd_trough : State: ejecting
2026-04-12 11:30:45,660 : INFO : ball_device.bd_trough : Ejecting ball to <ball_device.bd_plunger>
2026-04-12 11:30:45,660 : INFO : EventManager : Event: ======'balldevice_bd_trough_ejecting_ball'====== Args={'balls': 1, 'target': <ball_device.bd_plunger>, 'source': <ball_device.bd_trough>, 'mechanical_eject': False, 'num_attempts': 6}
2026-04-12 11:30:45,661 : INFO : ball_device.bd_trough : Wait for ball to leave device
2026-04-12 11:30:45,661 : INFO : coil.c_trough_release : Pulsing Driver for 20ms (1.0 pulse_power)
2026-04-12 11:30:45,677 : INFO : SwitchController : <<<<<<< 's_kickout' inactive >>>>>>>
2026-04-12 11:30:46,027 : INFO : SwitchController : <<<<<<< 's_sling_right' active >>>>>>>
2026-04-12 11:30:46,028 : INFO : EventManager : Event: ======'playfield_active'====== Args={'source': 'slingshot_right'}
2026-04-12 11:30:46,028 : INFO : EventManager : Event: ======'unexpected_ball_on_playfield'====== Args={}
2026-04-12 11:30:46,028 : INFO : EventManager : Event: ======'s_sling_right_active'====== Args={}
2026-04-12 11:30:46,028 : INFO : EventManager : Event: ======'machine_var_audits_switches_s_sling_right'====== Args={'value': 18, 'prev_value': 17, 'change': 1}
2026-04-12 11:30:46,029 : INFO : EventManager : Event: ======'machine_var_audits_shots_slingshot_right'====== Args={'value': 18, 'prev_value': 17, 'change': 1}
2026-04-12 11:30:46,029 : INFO : EventManager : Event: ======'slingshot_right_hit'====== Args={'profile': 'default', 'state': 'lit', 'advancing': False}
2026-04-12 11:30:46,029 : INFO : EventManager : Event: ======'slingshot_right_default_hit'====== Args={'profile': 'default', 'state': 'lit', 'advancing': False}
2026-04-12 11:30:46,029 : INFO : EventManager : Event: ======'slingshot_right_default_lit_hit'====== Args={'profile': 'default', 'state': 'lit', 'advancing': False}
2026-04-12 11:30:46,029 : INFO : EventManager : Event: ======'slingshot_right_lit_hit'====== Args={'profile': 'default', 'state': 'lit', 'advancing': False}
2026-04-12 11:30:46,030 : INFO : EventManager : Event: ======'slingshots_hit'====== Args={'shot': 'slingshot_right'}
2026-04-12 11:30:46,030 : INFO : EventManager : Event: ======'slingshots_lit_hit'====== Args={'shot': 'slingshot_right'}
2026-04-12 11:30:46,030 : INFO : EventManager : Event: ======'player_score'====== Args={'value': 3000, 'prev_value': 2000, 'change': 1000, 'player_num': 1, 'source': 'slingshots'}
2026-04-12 11:30:46,143 : INFO : SwitchController : <<<<<<< 's_sling_right' inactive >>>>>>>
2026-04-12 11:30:46,458 : INFO : SwitchController : <<<<<<< 's_sling_left' active >>>>>>>
2026-04-12 11:30:46,459 : INFO : EventManager : Event: ======'playfield_active'====== Args={'source': 'slingshot_left'}
2026-04-12 11:30:46,459 : INFO : EventManager : Event: ======'unexpected_ball_on_playfield'====== Args={}
2026-04-12 11:30:46,459 : INFO : EventManager : Event: ======'s_sling_left_active'====== Args={}
2026-04-12 11:30:46,459 : INFO : EventManager : Event: ======'machine_var_audits_switches_s_sling_left'====== Args={'value': 17, 'prev_value': 16, 'change': 1}
2026-04-12 11:30:46,460 : INFO : EventManager : Event: ======'machine_var_audits_shots_slingshot_left'====== Args={'value': 17, 'prev_value': 16, 'change': 1}
2026-04-12 11:30:46,460 : INFO : EventManager : Event: ======'slingshot_left_hit'====== Args={'profile': 'default', 'state': 'lit', 'advancing': False}
2026-04-12 11:30:46,461 : INFO : EventManager : Event: ======'slingshot_left_default_hit'====== Args={'profile': 'default', 'state': 'lit', 'advancing': False}
2026-04-12 11:30:46,461 : INFO : EventManager : Event: ======'slingshot_left_default_lit_hit'====== Args={'profile': 'default', 'state': 'lit', 'advancing': False}
2026-04-12 11:30:46,461 : INFO : EventManager : Event: ======'slingshot_left_lit_hit'====== Args={'profile': 'default', 'state': 'lit', 'advancing': False}
2026-04-12 11:30:46,461 : INFO : EventManager : Event: ======'slingshots_hit'====== Args={'shot': 'slingshot_left'}
2026-04-12 11:30:46,461 : INFO : EventManager : Event: ======'slingshots_lit_hit'====== Args={'shot': 'slingshot_left'}
2026-04-12 11:30:46,461 : INFO : EventManager : Event: ======'player_score'====== Args={'value': 4000, 'prev_value': 3000, 'change': 1000, 'player_num': 1, 'source': 'slingshots'}
2026-04-12 11:30:46,574 : INFO : SwitchController : <<<<<<< 's_sling_left' inactive >>>>>>>
2026-04-12 11:30:46,874 : INFO : SwitchController : <<<<<<< 's_sling_left' active >>>>>>>
2026-04-12 11:30:46,874 : INFO : EventManager : Event: ======'playfield_active'====== Args={'source': 'slingshot_left'}
2026-04-12 11:30:46,875 : INFO : EventManager : Event: ======'unexpected_ball_on_playfield'====== Args={}
2026-04-12 11:30:46,875 : INFO : EventManager : Event: ======'s_sling_left_active'====== Args={}
2026-04-12 11:30:46,875 : INFO : EventManager : Event: ======'machine_var_audits_switches_s_sling_left'====== Args={'value': 18, 'prev_value': 17, 'change': 1}
2026-04-12 11:30:46,876 : INFO : EventManager : Event: ======'machine_var_audits_shots_slingshot_left'====== Args={'value': 18, 'prev_value': 17, 'change': 1}
2026-04-12 11:30:46,876 : INFO : EventManager : Event: ======'slingshot_left_hit'====== Args={'profile': 'default', 'state': 'lit', 'advancing': False}
2026-04-12 11:30:46,877 : INFO : EventManager : Event: ======'slingshot_left_default_hit'====== Args={'profile': 'default', 'state': 'lit', 'advancing': False}
2026-04-12 11:30:46,877 : INFO : EventManager : Event: ======'slingshot_left_default_lit_hit'====== Args={'profile': 'default', 'state': 'lit', 'advancing': False}
2026-04-12 11:30:46,877 : INFO : EventManager : Event: ======'slingshot_left_lit_hit'====== Args={'profile': 'default', 'state': 'lit', 'advancing': False}
2026-04-12 11:30:46,877 : INFO : EventManager : Event: ======'slingshots_hit'====== Args={'shot': 'slingshot_left'}
2026-04-12 11:30:46,877 : INFO : EventManager : Event: ======'slingshots_lit_hit'====== Args={'shot': 'slingshot_left'}
2026-04-12 11:30:46,877 : INFO : EventManager : Event: ======'player_score'====== Args={'value': 5000, 'prev_value': 4000, 'change': 1000, 'player_num': 1, 'source': 'slingshots'}
2026-04-12 11:30:46,990 : INFO : SwitchController : <<<<<<< 's_sling_left' inactive >>>>>>>
2026-04-12 11:30:47,106 : INFO : SwitchController : <<<<<<< 's_sling_left' active >>>>>>>
2026-04-12 11:30:47,106 : INFO : EventManager : Event: ======'playfield_active'====== Args={'source': 'slingshot_left'}
2026-04-12 11:30:47,106 : INFO : EventManager : Event: ======'unexpected_ball_on_playfield'====== Args={}
2026-04-12 11:30:47,107 : INFO : EventManager : Event: ======'s_sling_left_active'====== Args={}
2026-04-12 11:30:47,107 : INFO : EventManager : Event: ======'machine_var_audits_switches_s_sling_left'====== Args={'value': 19, 'prev_value': 18, 'change': 1}
2026-04-12 11:30:47,109 : INFO : EventManager : Event: ======'machine_var_audits_shots_slingshot_left'====== Args={'value': 19, 'prev_value': 18, 'change': 1}
2026-04-12 11:30:47,109 : INFO : EventManager : Event: ======'slingshot_left_hit'====== Args={'profile': 'default', 'state': 'lit', 'advancing': False}
2026-04-12 11:30:47,109 : INFO : EventManager : Event: ======'slingshot_left_default_hit'====== Args={'profile': 'default', 'state': 'lit', 'advancing': False}
2026-04-12 11:30:47,109 : INFO : EventManager : Event: ======'slingshot_left_default_lit_hit'====== Args={'profile': 'default', 'state': 'lit', 'advancing': False}
2026-04-12 11:30:47,109 : INFO : EventManager : Event: ======'slingshot_left_lit_hit'====== Args={'profile': 'default', 'state': 'lit', 'advancing': False}
2026-04-12 11:30:47,110 : INFO : EventManager : Event: ======'slingshots_hit'====== Args={'shot': 'slingshot_left'}
2026-04-12 11:30:47,110 : INFO : EventManager : Event: ======'slingshots_lit_hit'====== Args={'shot': 'slingshot_left'}
2026-04-12 11:30:47,110 : INFO : EventManager : Event: ======'player_score'====== Args={'value': 6000, 'prev_value': 5000, 'change': 1000, 'player_num': 1, 'source': 'slingshots'}
2026-04-12 11:30:47,206 : INFO : SwitchController : <<<<<<< 's_sling_left' inactive >>>>>>>
2026-04-12 11:30:47,338 : INFO : SwitchController : <<<<<<< 's_sling_right' active >>>>>>>
2026-04-12 11:30:47,339 : INFO : EventManager : Event: ======'playfield_active'====== Args={'source': 'slingshot_right'}
2026-04-12 11:30:47,339 : INFO : EventManager : Event: ======'unexpected_ball_on_playfield'====== Args={}
2026-04-12 11:30:47,339 : INFO : EventManager : Event: ======'s_sling_right_active'====== Args={}
2026-04-12 11:30:47,339 : INFO : EventManager : Event: ======'machine_var_audits_switches_s_sling_right'====== Args={'value': 19, 'prev_value': 18, 'change': 1}
2026-04-12 11:30:47,340 : INFO : EventManager : Event: ======'machine_var_audits_shots_slingshot_right'====== Args={'value': 19, 'prev_value': 18, 'change': 1}
2026-04-12 11:30:47,341 : INFO : EventManager : Event: ======'slingshot_right_hit'====== Args={'profile': 'default', 'state': 'lit', 'advancing': False}
2026-04-12 11:30:47,341 : INFO : EventManager : Event: ======'slingshot_right_default_hit'====== Args={'profile': 'default', 'state': 'lit', 'advancing': False}
2026-04-12 11:30:47,341 : INFO : EventManager : Event: ======'slingshot_right_default_lit_hit'====== Args={'profile': 'default', 'state': 'lit', 'advancing': False}
2026-04-12 11:30:47,341 : INFO : EventManager : Event: ======'slingshot_right_lit_hit'====== Args={'profile': 'default', 'state': 'lit', 'advancing': False}
2026-04-12 11:30:47,341 : INFO : EventManager : Event: ======'slingshots_hit'====== Args={'shot': 'slingshot_right'}
2026-04-12 11:30:47,341 : INFO : EventManager : Event: ======'slingshots_lit_hit'====== Args={'shot': 'slingshot_right'}
2026-04-12 11:30:47,342 : INFO : EventManager : Event: ======'player_score'====== Args={'value': 7000, 'prev_value': 6000, 'change': 1000, 'player_num': 1, 'source': 'slingshots'}
2026-04-12 11:30:47,438 : INFO : SwitchController : <<<<<<< 's_sling_right' inactive >>>>>>>
2026-04-12 11:30:47,570 : INFO : SwitchController : <<<<<<< 's_sling_left' active >>>>>>>
2026-04-12 11:30:47,571 : INFO : EventManager : Event: ======'playfield_active'====== Args={'source': 'slingshot_left'}
2026-04-12 11:30:47,571 : INFO : EventManager : Event: ======'unexpected_ball_on_playfield'====== Args={}
2026-04-12 11:30:47,571 : INFO : EventManager : Event: ======'s_sling_left_active'====== Args={}
2026-04-12 11:30:47,571 : INFO : EventManager : Event: ======'machine_var_audits_switches_s_sling_left'====== Args={'value': 20, 'prev_value': 19, 'change': 1}
2026-04-12 11:30:47,573 : INFO : EventManager : Event: ======'machine_var_audits_shots_slingshot_left'====== Args={'value': 20, 'prev_value': 19, 'change': 1}
2026-04-12 11:30:47,573 : INFO : EventManager : Event: ======'slingshot_left_hit'====== Args={'profile': 'default', 'state': 'lit', 'advancing': False}
2026-04-12 11:30:47,573 : INFO : EventManager : Event: ======'slingshot_left_default_hit'====== Args={'profile': 'default', 'state': 'lit', 'advancing': False}
2026-04-12 11:30:47,573 : INFO : EventManager : Event: ======'slingshot_left_default_lit_hit'====== Args={'profile': 'default', 'state': 'lit', 'advancing': False}
2026-04-12 11:30:47,573 : INFO : EventManager : Event: ======'slingshot_left_lit_hit'====== Args={'profile': 'default', 'state': 'lit', 'advancing': False}
2026-04-12 11:30:47,574 : INFO : EventManager : Event: ======'slingshots_hit'====== Args={'shot': 'slingshot_left'}
2026-04-12 11:30:47,574 : INFO : EventManager : Event: ======'slingshots_lit_hit'====== Args={'shot': 'slingshot_left'}
2026-04-12 11:30:47,574 : INFO : EventManager : Event: ======'player_score'====== Args={'value': 8000, 'prev_value': 7000, 'change': 1000, 'player_num': 1, 'source': 'slingshots'}
2026-04-12 11:30:47,688 : INFO : SwitchController : <<<<<<< 's_sling_left' inactive >>>>>>>
2026-04-12 11:30:47,820 : INFO : SwitchController : <<<<<<< 's_sling_right' active >>>>>>>
2026-04-12 11:30:47,820 : INFO : EventManager : Event: ======'playfield_active'====== Args={'source': 'slingshot_right'}
2026-04-12 11:30:47,820 : INFO : EventManager : Event: ======'unexpected_ball_on_playfield'====== Args={}
2026-04-12 11:30:47,820 : INFO : EventManager : Event: ======'s_sling_right_active'====== Args={}
2026-04-12 11:30:47,820 : INFO : EventManager : Event: ======'machine_var_audits_switches_s_sling_right'====== Args={'value': 20, 'prev_value': 19, 'change': 1}
2026-04-12 11:30:47,821 : INFO : EventManager : Event: ======'machine_var_audits_shots_slingshot_right'====== Args={'value': 20, 'prev_value': 19, 'change': 1}
2026-04-12 11:30:47,822 : INFO : EventManager : Event: ======'slingshot_right_hit'====== Args={'profile': 'default', 'state': 'lit', 'advancing': False}
2026-04-12 11:30:47,822 : INFO : EventManager : Event: ======'slingshot_right_default_hit'====== Args={'profile': 'default', 'state': 'lit', 'advancing': False}
2026-04-12 11:30:47,822 : INFO : EventManager : Event: ======'slingshot_right_default_lit_hit'====== Args={'profile': 'default', 'state': 'lit', 'advancing': False}
2026-04-12 11:30:47,822 : INFO : EventManager : Event: ======'slingshot_right_lit_hit'====== Args={'profile': 'default', 'state': 'lit', 'advancing': False}
2026-04-12 11:30:47,822 : INFO : EventManager : Event: ======'slingshots_hit'====== Args={'shot': 'slingshot_right'}
2026-04-12 11:30:47,822 : INFO : EventManager : Event: ======'slingshots_lit_hit'====== Args={'shot': 'slingshot_right'}
2026-04-12 11:30:47,822 : INFO : EventManager : Event: ======'player_score'====== Args={'value': 9000, 'prev_value': 8000, 'change': 1000, 'player_num': 1, 'source': 'slingshots'}
2026-04-12 11:30:47,902 : INFO : SwitchController : <<<<<<< 's_sling_right' inactive >>>>>>>
2026-04-12 11:30:48,169 : INFO : SwitchController : <<<<<<< 's_sling_left' active >>>>>>>
2026-04-12 11:30:48,169 : INFO : EventManager : Event: ======'playfield_active'====== Args={'source': 'slingshot_left'}
2026-04-12 11:30:48,169 : INFO : EventManager : Event: ======'unexpected_ball_on_playfield'====== Args={}
2026-04-12 11:30:48,169 : INFO : EventManager : Event: ======'s_sling_left_active'====== Args={}
2026-04-12 11:30:48,169 : INFO : EventManager : Event: ======'machine_var_audits_switches_s_sling_left'====== Args={'value': 21, 'prev_value': 20, 'change': 1}
2026-04-12 11:30:48,170 : INFO : EventManager : Event: ======'machine_var_audits_shots_slingshot_left'====== Args={'value': 21, 'prev_value': 20, 'change': 1}
2026-04-12 11:30:48,171 : INFO : EventManager : Event: ======'slingshot_left_hit'====== Args={'profile': 'default', 'state': 'lit', 'advancing': False}
2026-04-12 11:30:48,171 : INFO : EventManager : Event: ======'slingshot_left_default_hit'====== Args={'profile': 'default', 'state': 'lit', 'advancing': False}
2026-04-12 11:30:48,171 : INFO : EventManager : Event: ======'slingshot_left_default_lit_hit'====== Args={'profile': 'default', 'state': 'lit', 'advancing': False}
2026-04-12 11:30:48,171 : INFO : EventManager : Event: ======'slingshot_left_lit_hit'====== Args={'profile': 'default', 'state': 'lit', 'advancing': False}
2026-04-12 11:30:48,171 : INFO : EventManager : Event: ======'slingshots_hit'====== Args={'shot': 'slingshot_left'}
2026-04-12 11:30:48,171 : INFO : EventManager : Event: ======'slingshots_lit_hit'====== Args={'shot': 'slingshot_left'}
2026-04-12 11:30:48,171 : INFO : EventManager : Event: ======'player_score'====== Args={'value': 10000, 'prev_value': 9000, 'change': 1000, 'player_num': 1, 'source': 'slingshots'}
2026-04-12 11:30:48,301 : INFO : SwitchController : <<<<<<< 's_sling_left' inactive >>>>>>>
2026-04-12 11:30:48,675 : INFO : EventManager : Event: ======'balldevice_bd_trough_ball_eject_failed'====== Args={'target': <ball_device.bd_plunger>, 'balls': 1, 'retry': True, 'num_attempts': 7}
2026-04-12 11:30:48,676 : INFO : ball_device.bd_trough : State: waiting_for_target_ready
2026-04-12 11:30:48,676 : INFO : EventManager : Event: ======'balldevice_bd_trough_ball_eject_attempt'====== Args={'balls': 1, 'target': <ball_device.bd_plunger>, 'source': <ball_device.bd_trough>, 'mechanical_eject': False, 'num_attempts': 7}
2026-04-12 11:30:48,676 : INFO : ball_device.bd_trough : State: ejecting
2026-04-12 11:30:48,676 : INFO : ball_device.bd_trough : Ejecting ball to <ball_device.bd_plunger>
2026-04-12 11:30:48,677 : INFO : EventManager : Event: ======'balldevice_bd_trough_ejecting_ball'====== Args={'balls': 1, 'target': <ball_device.bd_plunger>, 'source': <ball_device.bd_trough>, 'mechanical_eject': False, 'num_attempts': 7}
2026-04-12 11:30:48,677 : INFO : ball_device.bd_trough : Wait for ball to leave device
2026-04-12 11:30:48,677 : INFO : coil.c_trough_release : Pulsing Driver for 20ms (1.0 pulse_power)
2026-04-12 11:30:51,687 : INFO : EventManager : Event: ======'balldevice_bd_trough_ball_eject_failed'====== Args={'target': <ball_device.bd_plunger>, 'balls': 1, 'retry': True, 'num_attempts': 8}
2026-04-12 11:30:51,689 : INFO : ball_device.bd_trough : State: waiting_for_target_ready
2026-04-12 11:30:51,689 : INFO : EventManager : Event: ======'balldevice_bd_trough_ball_eject_attempt'====== Args={'balls': 1, 'target': <ball_device.bd_plunger>, 'source': <ball_device.bd_trough>, 'mechanical_eject': False, 'num_attempts': 8}
2026-04-12 11:30:51,690 : INFO : ball_device.bd_trough : State: ejecting
2026-04-12 11:30:51,690 : INFO : ball_device.bd_trough : Ejecting ball to <ball_device.bd_plunger>
2026-04-12 11:30:51,690 : INFO : EventManager : Event: ======'balldevice_bd_trough_ejecting_ball'====== Args={'balls': 1, 'target': <ball_device.bd_plunger>, 'source': <ball_device.bd_trough>, 'mechanical_eject': False, 'num_attempts': 8}
2026-04-12 11:30:51,691 : INFO : ball_device.bd_trough : Wait for ball to leave device
2026-04-12 11:30:51,691 : INFO : coil.c_trough_release : Pulsing Driver for 20ms (1.0 pulse_power)
2026-04-12 11:30:52,884 : INFO : SwitchController : <<<<<<< 's_sling_left' active >>>>>>>
2026-04-12 11:30:52,885 : INFO : EventManager : Event: ======'playfield_active'====== Args={'source': 'slingshot_left'}
2026-04-12 11:30:52,885 : INFO : EventManager : Event: ======'unexpected_ball_on_playfield'====== Args={}
2026-04-12 11:30:52,885 : INFO : EventManager : Event: ======'s_sling_left_active'====== Args={}
2026-04-12 11:30:52,885 : INFO : EventManager : Event: ======'machine_var_audits_switches_s_sling_left'====== Args={'value': 22, 'prev_value': 21, 'change': 1}
2026-04-12 11:30:52,886 : INFO : EventManager : Event: ======'machine_var_audits_shots_slingshot_left'====== Args={'value': 22, 'prev_value': 21, 'change': 1}
2026-04-12 11:30:52,887 : INFO : EventManager : Event: ======'slingshot_left_hit'====== Args={'profile': 'default', 'state': 'lit', 'advancing': False}
2026-04-12 11:30:52,887 : INFO : EventManager : Event: ======'slingshot_left_default_hit'====== Args={'profile': 'default', 'state': 'lit', 'advancing': False}
2026-04-12 11:30:52,887 : INFO : EventManager : Event: ======'slingshot_left_default_lit_hit'====== Args={'profile': 'default', 'state': 'lit', 'advancing': False}
2026-04-12 11:30:52,887 : INFO : EventManager : Event: ======'slingshot_left_lit_hit'====== Args={'profile': 'default', 'state': 'lit', 'advancing': False}
2026-04-12 11:30:52,887 : INFO : EventManager : Event: ======'slingshots_hit'====== Args={'shot': 'slingshot_left'}
2026-04-12 11:30:52,887 : INFO : EventManager : Event: ======'slingshots_lit_hit'====== Args={'shot': 'slingshot_left'}
2026-04-12 11:30:52,888 : INFO : EventManager : Event: ======'player_score'====== Args={'value': 11000, 'prev_value': 10000, 'change': 1000, 'player_num': 1, 'source': 'slingshots'}
2026-04-12 11:30:52,984 : INFO : SwitchController : <<<<<<< 's_sling_left' inactive >>>>>>>
2026-04-12 11:30:53,117 : INFO : SwitchController : <<<<<<< 's_sling_right' active >>>>>>>
2026-04-12 11:30:53,117 : INFO : EventManager : Event: ======'playfield_active'====== Args={'source': 'slingshot_right'}
2026-04-12 11:30:53,117 : INFO : EventManager : Event: ======'unexpected_ball_on_playfield'====== Args={}
2026-04-12 11:30:53,117 : INFO : EventManager : Event: ======'s_sling_right_active'====== Args={}
2026-04-12 11:30:53,117 : INFO : EventManager : Event: ======'machine_var_audits_switches_s_sling_right'====== Args={'value': 21, 'prev_value': 20, 'change': 1}
2026-04-12 11:30:53,119 : INFO : EventManager : Event: ======'machine_var_audits_shots_slingshot_right'====== Args={'value': 21, 'prev_value': 20, 'change': 1}
2026-04-12 11:30:53,119 : INFO : EventManager : Event: ======'slingshot_right_hit'====== Args={'profile': 'default', 'state': 'lit', 'advancing': False}
2026-04-12 11:30:53,119 : INFO : EventManager : Event: ======'slingshot_right_default_hit'====== Args={'profile': 'default', 'state': 'lit', 'advancing': False}
2026-04-12 11:30:53,119 : INFO : EventManager : Event: ======'slingshot_right_default_lit_hit'====== Args={'profile': 'default', 'state': 'lit', 'advancing': False}
2026-04-12 11:30:53,119 : INFO : EventManager : Event: ======'slingshot_right_lit_hit'====== Args={'profile': 'default', 'state': 'lit', 'advancing': False}
2026-04-12 11:30:53,120 : INFO : EventManager : Event: ======'slingshots_hit'====== Args={'shot': 'slingshot_right'}
2026-04-12 11:30:53,120 : INFO : EventManager : Event: ======'slingshots_lit_hit'====== Args={'shot': 'slingshot_right'}
2026-04-12 11:30:53,120 : INFO : EventManager : Event: ======'player_score'====== Args={'value': 12000, 'prev_value': 11000, 'change': 1000, 'player_num': 1, 'source': 'slingshots'}
2026-04-12 11:30:53,249 : INFO : SwitchController : <<<<<<< 's_sling_right' inactive >>>>>>>
2026-04-12 11:30:53,647 : INFO : SwitchController : <<<<<<< 's_sling_left' active >>>>>>>
2026-04-12 11:30:53,648 : INFO : EventManager : Event: ======'playfield_active'====== Args={'source': 'slingshot_left'}
2026-04-12 11:30:53,648 : INFO : EventManager : Event: ======'unexpected_ball_on_playfield'====== Args={}
2026-04-12 11:30:53,648 : INFO : EventManager : Event: ======'s_sling_left_active'====== Args={}
2026-04-12 11:30:53,648 : INFO : EventManager : Event: ======'machine_var_audits_switches_s_sling_left'====== Args={'value': 23, 'prev_value': 22, 'change': 1}
2026-04-12 11:30:53,649 : INFO : EventManager : Event: ======'machine_var_audits_shots_slingshot_left'====== Args={'value': 23, 'prev_value': 22, 'change': 1}
2026-04-12 11:30:53,649 : INFO : EventManager : Event: ======'slingshot_left_hit'====== Args={'profile': 'default', 'state': 'lit', 'advancing': False}
2026-04-12 11:30:53,649 : INFO : EventManager : Event: ======'slingshot_left_default_hit'====== Args={'profile': 'default', 'state': 'lit', 'advancing': False}
2026-04-12 11:30:53,649 : INFO : EventManager : Event: ======'slingshot_left_default_lit_hit'====== Args={'profile': 'default', 'state': 'lit', 'advancing': False}
2026-04-12 11:30:53,649 : INFO : EventManager : Event: ======'slingshot_left_lit_hit'====== Args={'profile': 'default', 'state': 'lit', 'advancing': False}
2026-04-12 11:30:53,649 : INFO : EventManager : Event: ======'slingshots_hit'====== Args={'shot': 'slingshot_left'}
2026-04-12 11:30:53,649 : INFO : EventManager : Event: ======'slingshots_lit_hit'====== Args={'shot': 'slingshot_left'}
2026-04-12 11:30:53,649 : INFO : EventManager : Event: ======'player_score'====== Args={'value': 13000, 'prev_value': 12000, 'change': 1000, 'player_num': 1, 'source': 'slingshots'}
2026-04-12 11:30:53,748 : INFO : SwitchController : <<<<<<< 's_sling_left' inactive >>>>>>>
2026-04-12 11:30:53,897 : INFO : SwitchController : <<<<<<< 's_sling_right' active >>>>>>>
2026-04-12 11:30:53,897 : INFO : EventManager : Event: ======'playfield_active'====== Args={'source': 'slingshot_right'}
2026-04-12 11:30:53,897 : INFO : EventManager : Event: ======'unexpected_ball_on_playfield'====== Args={}
2026-04-12 11:30:53,898 : INFO : EventManager : Event: ======'s_sling_right_active'====== Args={}
2026-04-12 11:30:53,898 : INFO : EventManager : Event: ======'machine_var_audits_switches_s_sling_right'====== Args={'value': 22, 'prev_value': 21, 'change': 1}
2026-04-12 11:30:53,899 : INFO : EventManager : Event: ======'machine_var_audits_shots_slingshot_right'====== Args={'value': 22, 'prev_value': 21, 'change': 1}
2026-04-12 11:30:53,899 : INFO : EventManager : Event: ======'slingshot_right_hit'====== Args={'profile': 'default', 'state': 'lit', 'advancing': False}
2026-04-12 11:30:53,900 : INFO : EventManager : Event: ======'slingshot_right_default_hit'====== Args={'profile': 'default', 'state': 'lit', 'advancing': False}
2026-04-12 11:30:53,900 : INFO : EventManager : Event: ======'slingshot_right_default_lit_hit'====== Args={'profile': 'default', 'state': 'lit', 'advancing': False}
2026-04-12 11:30:53,900 : INFO : EventManager : Event: ======'slingshot_right_lit_hit'====== Args={'profile': 'default', 'state': 'lit', 'advancing': False}
2026-04-12 11:30:53,900 : INFO : EventManager : Event: ======'slingshots_hit'====== Args={'shot': 'slingshot_right'}
2026-04-12 11:30:53,900 : INFO : EventManager : Event: ======'slingshots_lit_hit'====== Args={'shot': 'slingshot_right'}
2026-04-12 11:30:53,900 : INFO : EventManager : Event: ======'player_score'====== Args={'value': 14000, 'prev_value': 13000, 'change': 1000, 'player_num': 1, 'source': 'slingshots'}
2026-04-12 11:30:54,013 : INFO : SwitchController : <<<<<<< 's_sling_right' inactive >>>>>>>
2026-04-12 11:30:54,179 : INFO : SwitchController : <<<<<<< 's_sling_left' active >>>>>>>
2026-04-12 11:30:54,180 : INFO : EventManager : Event: ======'playfield_active'====== Args={'source': 'slingshot_left'}
2026-04-12 11:30:54,180 : INFO : EventManager : Event: ======'unexpected_ball_on_playfield'====== Args={}
2026-04-12 11:30:54,180 : INFO : EventManager : Event: ======'s_sling_left_active'====== Args={}
2026-04-12 11:30:54,180 : INFO : EventManager : Event: ======'machine_var_audits_switches_s_sling_left'====== Args={'value': 24, 'prev_value': 23, 'change': 1}
2026-04-12 11:30:54,181 : INFO : EventManager : Event: ======'machine_var_audits_shots_slingshot_left'====== Args={'value': 24, 'prev_value': 23, 'change': 1}
2026-04-12 11:30:54,181 : INFO : EventManager : Event: ======'slingshot_left_hit'====== Args={'profile': 'default', 'state': 'lit', 'advancing': False}
2026-04-12 11:30:54,181 : INFO : EventManager : Event: ======'slingshot_left_default_hit'====== Args={'profile': 'default', 'state': 'lit', 'advancing': False}
2026-04-12 11:30:54,182 : INFO : EventManager : Event: ======'slingshot_left_default_lit_hit'====== Args={'profile': 'default', 'state': 'lit', 'advancing': False}
2026-04-12 11:30:54,182 : INFO : EventManager : Event: ======'slingshot_left_lit_hit'====== Args={'profile': 'default', 'state': 'lit', 'advancing': False}
2026-04-12 11:30:54,182 : INFO : EventManager : Event: ======'slingshots_hit'====== Args={'shot': 'slingshot_left'}
2026-04-12 11:30:54,182 : INFO : EventManager : Event: ======'slingshots_lit_hit'====== Args={'shot': 'slingshot_left'}
2026-04-12 11:30:54,182 : INFO : EventManager : Event: ======'player_score'====== Args={'value': 15000, 'prev_value': 14000, 'change': 1000, 'player_num': 1, 'source': 'slingshots'}
2026-04-12 11:30:54,279 : INFO : SwitchController : <<<<<<< 's_sling_left' inactive >>>>>>>
2026-04-12 11:30:54,412 : INFO : SwitchController : <<<<<<< 's_sling_right' active >>>>>>>
2026-04-12 11:30:54,412 : INFO : EventManager : Event: ======'playfield_active'====== Args={'source': 'slingshot_right'}
2026-04-12 11:30:54,412 : INFO : EventManager : Event: ======'unexpected_ball_on_playfield'====== Args={}
2026-04-12 11:30:54,413 : INFO : EventManager : Event: ======'s_sling_right_active'====== Args={}
2026-04-12 11:30:54,413 : INFO : EventManager : Event: ======'machine_var_audits_switches_s_sling_right'====== Args={'value': 23, 'prev_value': 22, 'change': 1}
2026-04-12 11:30:54,415 : INFO : EventManager : Event: ======'machine_var_audits_shots_slingshot_right'====== Args={'value': 23, 'prev_value': 22, 'change': 1}
2026-04-12 11:30:54,415 : INFO : EventManager : Event: ======'slingshot_right_hit'====== Args={'profile': 'default', 'state': 'lit', 'advancing': False}
2026-04-12 11:30:54,415 : INFO : EventManager : Event: ======'slingshot_right_default_hit'====== Args={'profile': 'default', 'state': 'lit', 'advancing': False}
2026-04-12 11:30:54,415 : INFO : EventManager : Event: ======'slingshot_right_default_lit_hit'====== Args={'profile': 'default', 'state': 'lit', 'advancing': False}
2026-04-12 11:30:54,415 : INFO : EventManager : Event: ======'slingshot_right_lit_hit'====== Args={'profile': 'default', 'state': 'lit', 'advancing': False}
2026-04-12 11:30:54,415 : INFO : EventManager : Event: ======'slingshots_hit'====== Args={'shot': 'slingshot_right'}
2026-04-12 11:30:54,416 : INFO : EventManager : Event: ======'slingshots_lit_hit'====== Args={'shot': 'slingshot_right'}
2026-04-12 11:30:54,416 : INFO : EventManager : Event: ======'player_score'====== Args={'value': 16000, 'prev_value': 15000, 'change': 1000, 'player_num': 1, 'source': 'slingshots'}
2026-04-12 11:30:54,528 : INFO : SwitchController : <<<<<<< 's_sling_right' inactive >>>>>>>
2026-04-12 11:30:54,706 : INFO : EventManager : Event: ======'balldevice_bd_trough_ball_eject_failed'====== Args={'target': <ball_device.bd_plunger>, 'balls': 1, 'retry': True, 'num_attempts': 9}
2026-04-12 11:30:54,708 : INFO : ball_device.bd_trough : State: waiting_for_target_ready
2026-04-12 11:30:54,708 : INFO : EventManager : Event: ======'balldevice_bd_trough_ball_eject_attempt'====== Args={'balls': 1, 'target': <ball_device.bd_plunger>, 'source': <ball_device.bd_trough>, 'mechanical_eject': False, 'num_attempts': 9}
2026-04-12 11:30:54,709 : INFO : ball_device.bd_trough : State: ejecting
2026-04-12 11:30:54,709 : INFO : ball_device.bd_trough : Ejecting ball to <ball_device.bd_plunger>
2026-04-12 11:30:54,709 : INFO : EventManager : Event: ======'balldevice_bd_trough_ejecting_ball'====== Args={'balls': 1, 'target': <ball_device.bd_plunger>, 'source': <ball_device.bd_trough>, 'mechanical_eject': False, 'num_attempts': 9}
2026-04-12 11:30:54,710 : INFO : ball_device.bd_trough : Wait for ball to leave device
2026-04-12 11:30:54,710 : INFO : coil.c_trough_release : Pulsing Driver for 20ms (1.0 pulse_power)
2026-04-12 11:30:55,889 : INFO : SwitchController : <<<<<<< 's_sling_left' active >>>>>>>
2026-04-12 11:30:55,890 : INFO : EventManager : Event: ======'playfield_active'====== Args={'source': 'slingshot_left'}
2026-04-12 11:30:55,890 : INFO : EventManager : Event: ======'unexpected_ball_on_playfield'====== Args={}
2026-04-12 11:30:55,890 : INFO : EventManager : Event: ======'s_sling_left_active'====== Args={}
2026-04-12 11:30:55,890 : INFO : EventManager : Event: ======'machine_var_audits_switches_s_sling_left'====== Args={'value': 25, 'prev_value': 24, 'change': 1}
2026-04-12 11:30:55,891 : INFO : EventManager : Event: ======'machine_var_audits_shots_slingshot_left'====== Args={'value': 25, 'prev_value': 24, 'change': 1}
2026-04-12 11:30:55,892 : INFO : EventManager : Event: ======'slingshot_left_hit'====== Args={'profile': 'default', 'state': 'lit', 'advancing': False}
2026-04-12 11:30:55,892 : INFO : EventManager : Event: ======'slingshot_left_default_hit'====== Args={'profile': 'default', 'state': 'lit', 'advancing': False}
2026-04-12 11:30:55,892 : INFO : EventManager : Event: ======'slingshot_left_default_lit_hit'====== Args={'profile': 'default', 'state': 'lit', 'advancing': False}
2026-04-12 11:30:55,892 : INFO : EventManager : Event: ======'slingshot_left_lit_hit'====== Args={'profile': 'default', 'state': 'lit', 'advancing': False}
2026-04-12 11:30:55,892 : INFO : EventManager : Event: ======'slingshots_hit'====== Args={'shot': 'slingshot_left'}
2026-04-12 11:30:55,892 : INFO : EventManager : Event: ======'slingshots_lit_hit'====== Args={'shot': 'slingshot_left'}
2026-04-12 11:30:55,892 : INFO : EventManager : Event: ======'player_score'====== Args={'value': 17000, 'prev_value': 16000, 'change': 1000, 'player_num': 1, 'source': 'slingshots'}
2026-04-12 11:30:56,022 : INFO : SwitchController : <<<<<<< 's_sling_left' inactive >>>>>>>
2026-04-12 11:30:56,139 : INFO : SwitchController : <<<<<<< 's_sling_left' active >>>>>>>
2026-04-12 11:30:56,139 : INFO : EventManager : Event: ======'playfield_active'====== Args={'source': 'slingshot_left'}
2026-04-12 11:30:56,139 : INFO : EventManager : Event: ======'unexpected_ball_on_playfield'====== Args={}
2026-04-12 11:30:56,139 : INFO : EventManager : Event: ======'s_sling_left_active'====== Args={}
2026-04-12 11:30:56,139 : INFO : EventManager : Event: ======'machine_var_audits_switches_s_sling_left'====== Args={'value': 26, 'prev_value': 25, 'change': 1}
2026-04-12 11:30:56,140 : INFO : EventManager : Event: ======'machine_var_audits_shots_slingshot_left'====== Args={'value': 26, 'prev_value': 25, 'change': 1}
2026-04-12 11:30:56,141 : INFO : EventManager : Event: ======'slingshot_left_hit'====== Args={'profile': 'default', 'state': 'lit', 'advancing': False}
2026-04-12 11:30:56,141 : INFO : EventManager : Event: ======'slingshot_left_default_hit'====== Args={'profile': 'default', 'state': 'lit', 'advancing': False}
2026-04-12 11:30:56,141 : INFO : EventManager : Event: ======'slingshot_left_default_lit_hit'====== Args={'profile': 'default', 'state': 'lit', 'advancing': False}
2026-04-12 11:30:56,141 : INFO : EventManager : Event: ======'slingshot_left_lit_hit'====== Args={'profile': 'default', 'state': 'lit', 'advancing': False}
2026-04-12 11:30:56,141 : INFO : EventManager : Event: ======'slingshots_hit'====== Args={'shot': 'slingshot_left'}
2026-04-12 11:30:56,141 : INFO : EventManager : Event: ======'slingshots_lit_hit'====== Args={'shot': 'slingshot_left'}
2026-04-12 11:30:56,141 : INFO : EventManager : Event: ======'player_score'====== Args={'value': 18000, 'prev_value': 17000, 'change': 1000, 'player_num': 1, 'source': 'slingshots'}
2026-04-12 11:30:56,238 : INFO : SwitchController : <<<<<<< 's_sling_left' inactive >>>>>>>
2026-04-12 11:30:56,371 : INFO : SwitchController : <<<<<<< 's_sling_left' active >>>>>>>
2026-04-12 11:30:56,371 : INFO : EventManager : Event: ======'playfield_active'====== Args={'source': 'slingshot_left'}
2026-04-12 11:30:56,371 : INFO : EventManager : Event: ======'unexpected_ball_on_playfield'====== Args={}
2026-04-12 11:30:56,371 : INFO : EventManager : Event: ======'s_sling_left_active'====== Args={}
2026-04-12 11:30:56,372 : INFO : EventManager : Event: ======'machine_var_audits_switches_s_sling_left'====== Args={'value': 27, 'prev_value': 26, 'change': 1}
2026-04-12 11:30:56,372 : INFO : EventManager : Event: ======'machine_var_audits_shots_slingshot_left'====== Args={'value': 27, 'prev_value': 26, 'change': 1}
2026-04-12 11:30:56,372 : INFO : EventManager : Event: ======'slingshot_left_hit'====== Args={'profile': 'default', 'state': 'lit', 'advancing': False}
2026-04-12 11:30:56,372 : INFO : EventManager : Event: ======'slingshot_left_default_hit'====== Args={'profile': 'default', 'state': 'lit', 'advancing': False}
2026-04-12 11:30:56,372 : INFO : EventManager : Event: ======'slingshot_left_default_lit_hit'====== Args={'profile': 'default', 'state': 'lit', 'advancing': False}
2026-04-12 11:30:56,372 : INFO : EventManager : Event: ======'slingshot_left_lit_hit'====== Args={'profile': 'default', 'state': 'lit', 'advancing': False}
2026-04-12 11:30:56,372 : INFO : EventManager : Event: ======'slingshots_hit'====== Args={'shot': 'slingshot_left'}
2026-04-12 11:30:56,373 : INFO : EventManager : Event: ======'slingshots_lit_hit'====== Args={'shot': 'slingshot_left'}
2026-04-12 11:30:56,373 : INFO : EventManager : Event: ======'player_score'====== Args={'value': 19000, 'prev_value': 18000, 'change': 1000, 'player_num': 1, 'source': 'slingshots'}
2026-04-12 11:30:57,284 : INFO : SwitchController : <<<<<<< 's_sling_left' inactive >>>>>>>
2026-04-12 11:30:57,467 : INFO : SwitchController : <<<<<<< 's_sling_left' active >>>>>>>
2026-04-12 11:30:57,467 : INFO : EventManager : Event: ======'playfield_active'====== Args={'source': 'slingshot_left'}
2026-04-12 11:30:57,467 : INFO : EventManager : Event: ======'unexpected_ball_on_playfield'====== Args={}
2026-04-12 11:30:57,467 : INFO : EventManager : Event: ======'s_sling_left_active'====== Args={}
2026-04-12 11:30:57,468 : INFO : EventManager : Event: ======'machine_var_audits_switches_s_sling_left'====== Args={'value': 28, 'prev_value': 27, 'change': 1}
2026-04-12 11:30:57,469 : INFO : EventManager : Event: ======'machine_var_audits_shots_slingshot_left'====== Args={'value': 28, 'prev_value': 27, 'change': 1}
2026-04-12 11:30:57,469 : INFO : EventManager : Event: ======'slingshot_left_hit'====== Args={'profile': 'default', 'state': 'lit', 'advancing': False}
2026-04-12 11:30:57,470 : INFO : EventManager : Event: ======'slingshot_left_default_hit'====== Args={'profile': 'default', 'state': 'lit', 'advancing': False}
2026-04-12 11:30:57,470 : INFO : EventManager : Event: ======'slingshot_left_default_lit_hit'====== Args={'profile': 'default', 'state': 'lit', 'advancing': False}
2026-04-12 11:30:57,470 : INFO : EventManager : Event: ======'slingshot_left_lit_hit'====== Args={'profile': 'default', 'state': 'lit', 'advancing': False}
2026-04-12 11:30:57,470 : INFO : EventManager : Event: ======'slingshots_hit'====== Args={'shot': 'slingshot_left'}
2026-04-12 11:30:57,470 : INFO : EventManager : Event: ======'slingshots_lit_hit'====== Args={'shot': 'slingshot_left'}
2026-04-12 11:30:57,470 : INFO : EventManager : Event: ======'player_score'====== Args={'value': 20000, 'prev_value': 19000, 'change': 1000, 'player_num': 1, 'source': 'slingshots'}
2026-04-12 11:30:57,550 : INFO : SwitchController : <<<<<<< 's_sling_left' inactive >>>>>>>
2026-04-12 11:30:57,668 : INFO : SwitchController : <<<<<<< 's_sling_left' active >>>>>>>
2026-04-12 11:30:57,668 : INFO : EventManager : Event: ======'playfield_active'====== Args={'source': 'slingshot_left'}
2026-04-12 11:30:57,669 : INFO : EventManager : Event: ======'unexpected_ball_on_playfield'====== Args={}
2026-04-12 11:30:57,669 : INFO : EventManager : Event: ======'s_sling_left_active'====== Args={}
2026-04-12 11:30:57,669 : INFO : EventManager : Event: ======'machine_var_audits_switches_s_sling_left'====== Args={'value': 29, 'prev_value': 28, 'change': 1}
2026-04-12 11:30:57,670 : INFO : EventManager : Event: ======'machine_var_audits_shots_slingshot_left'====== Args={'value': 29, 'prev_value': 28, 'change': 1}
2026-04-12 11:30:57,671 : INFO : EventManager : Event: ======'slingshot_left_hit'====== Args={'profile': 'default', 'state': 'lit', 'advancing': False}
2026-04-12 11:30:57,671 : INFO : EventManager : Event: ======'slingshot_left_default_hit'====== Args={'profile': 'default', 'state': 'lit', 'advancing': False}
2026-04-12 11:30:57,671 : INFO : EventManager : Event: ======'slingshot_left_default_lit_hit'====== Args={'profile': 'default', 'state': 'lit', 'advancing': False}
2026-04-12 11:30:57,671 : INFO : EventManager : Event: ======'slingshot_left_lit_hit'====== Args={'profile': 'default', 'state': 'lit', 'advancing': False}
2026-04-12 11:30:57,671 : INFO : EventManager : Event: ======'slingshots_hit'====== Args={'shot': 'slingshot_left'}
2026-04-12 11:30:57,671 : INFO : EventManager : Event: ======'slingshots_lit_hit'====== Args={'shot': 'slingshot_left'}
2026-04-12 11:30:57,671 : INFO : EventManager : Event: ======'player_score'====== Args={'value': 21000, 'prev_value': 20000, 'change': 1000, 'player_num': 1, 'source': 'slingshots'}
2026-04-12 11:30:57,712 : INFO : EventManager : Event: ======'balldevice_bd_trough_ball_eject_failed'====== Args={'target': <ball_device.bd_plunger>, 'balls': 1, 'retry': True, 'num_attempts': 10}
2026-04-12 11:30:57,714 : INFO : ball_device.bd_trough : State: waiting_for_target_ready
2026-04-12 11:30:57,714 : INFO : EventManager : Event: ======'balldevice_bd_trough_ball_eject_attempt'====== Args={'balls': 1, 'target': <ball_device.bd_plunger>, 'source': <ball_device.bd_trough>, 'mechanical_eject': False, 'num_attempts': 10}
2026-04-12 11:30:57,715 : INFO : ball_device.bd_trough : State: ejecting
2026-04-12 11:30:57,715 : INFO : ball_device.bd_trough : Ejecting ball to <ball_device.bd_plunger>
2026-04-12 11:30:57,715 : INFO : EventManager : Event: ======'balldevice_bd_trough_ejecting_ball'====== Args={'balls': 1, 'target': <ball_device.bd_plunger>, 'source': <ball_device.bd_trough>, 'mechanical_eject': False, 'num_attempts': 10}
2026-04-12 11:30:57,716 : INFO : ball_device.bd_trough : Wait for ball to leave device
2026-04-12 11:30:57,716 : INFO : coil.c_trough_release : Pulsing Driver for 20ms (1.0 pulse_power)
2026-04-12 11:30:57,749 : INFO : SwitchController : <<<<<<< 's_sling_left' inactive >>>>>>>
2026-04-12 11:30:58,032 : INFO : SwitchController : <<<<<<< 's_sling_left' active >>>>>>>
2026-04-12 11:30:58,032 : INFO : EventManager : Event: ======'playfield_active'====== Args={'source': 'slingshot_left'}
2026-04-12 11:30:58,032 : INFO : EventManager : Event: ======'unexpected_ball_on_playfield'====== Args={}
2026-04-12 11:30:58,032 : INFO : EventManager : Event: ======'s_sling_left_active'====== Args={}
2026-04-12 11:30:58,032 : INFO : EventManager : Event: ======'machine_var_audits_switches_s_sling_left'====== Args={'value': 30, 'prev_value': 29, 'change': 1}
2026-04-12 11:30:58,033 : INFO : EventManager : Event: ======'machine_var_audits_shots_slingshot_left'====== Args={'value': 30, 'prev_value': 29, 'change': 1}
2026-04-12 11:30:58,034 : INFO : EventManager : Event: ======'slingshot_left_hit'====== Args={'profile': 'default', 'state': 'lit', 'advancing': False}
2026-04-12 11:30:58,034 : INFO : EventManager : Event: ======'slingshot_left_default_hit'====== Args={'profile': 'default', 'state': 'lit', 'advancing': False}
2026-04-12 11:30:58,034 : INFO : EventManager : Event: ======'slingshot_left_default_lit_hit'====== Args={'profile': 'default', 'state': 'lit', 'advancing': False}
2026-04-12 11:30:58,034 : INFO : EventManager : Event: ======'slingshot_left_lit_hit'====== Args={'profile': 'default', 'state': 'lit', 'advancing': False}
2026-04-12 11:30:58,034 : INFO : EventManager : Event: ======'slingshots_hit'====== Args={'shot': 'slingshot_left'}
2026-04-12 11:30:58,034 : INFO : EventManager : Event: ======'slingshots_lit_hit'====== Args={'shot': 'slingshot_left'}
2026-04-12 11:30:58,035 : INFO : EventManager : Event: ======'player_score'====== Args={'value': 22000, 'prev_value': 21000, 'change': 1000, 'player_num': 1, 'source': 'slingshots'}
2026-04-12 11:30:58,115 : INFO : SwitchController : <<<<<<< 's_sling_left' inactive >>>>>>>
2026-04-12 11:30:58,364 : INFO : SwitchController : <<<<<<< 's_sling_left' active >>>>>>>
2026-04-12 11:30:58,364 : INFO : EventManager : Event: ======'playfield_active'====== Args={'source': 'slingshot_left'}
2026-04-12 11:30:58,365 : INFO : EventManager : Event: ======'unexpected_ball_on_playfield'====== Args={}
2026-04-12 11:30:58,365 : INFO : EventManager : Event: ======'s_sling_left_active'====== Args={}
2026-04-12 11:30:58,365 : INFO : EventManager : Event: ======'machine_var_audits_switches_s_sling_left'====== Args={'value': 31, 'prev_value': 30, 'change': 1}
2026-04-12 11:30:58,366 : INFO : EventManager : Event: ======'machine_var_audits_shots_slingshot_left'====== Args={'value': 31, 'prev_value': 30, 'change': 1}
2026-04-12 11:30:58,367 : INFO : EventManager : Event: ======'slingshot_left_hit'====== Args={'profile': 'default', 'state': 'lit', 'advancing': False}
2026-04-12 11:30:58,367 : INFO : EventManager : Event: ======'slingshot_left_default_hit'====== Args={'profile': 'default', 'state': 'lit', 'advancing': False}
2026-04-12 11:30:58,367 : INFO : EventManager : Event: ======'slingshot_left_default_lit_hit'====== Args={'profile': 'default', 'state': 'lit', 'advancing': False}
2026-04-12 11:30:58,367 : INFO : EventManager : Event: ======'slingshot_left_lit_hit'====== Args={'profile': 'default', 'state': 'lit', 'advancing': False}
2026-04-12 11:30:58,367 : INFO : EventManager : Event: ======'slingshots_hit'====== Args={'shot': 'slingshot_left'}
2026-04-12 11:30:58,367 : INFO : EventManager : Event: ======'slingshots_lit_hit'====== Args={'shot': 'slingshot_left'}
2026-04-12 11:30:58,368 : INFO : EventManager : Event: ======'player_score'====== Args={'value': 23000, 'prev_value': 22000, 'change': 1000, 'player_num': 1, 'source': 'slingshots'}
2026-04-12 11:30:58,447 : INFO : SwitchController : <<<<<<< 's_sling_left' inactive >>>>>>>
2026-04-12 11:30:58,646 : INFO : SwitchController : <<<<<<< 's_sling_left' active >>>>>>>
2026-04-12 11:30:58,647 : INFO : EventManager : Event: ======'playfield_active'====== Args={'source': 'slingshot_left'}
2026-04-12 11:30:58,647 : INFO : EventManager : Event: ======'unexpected_ball_on_playfield'====== Args={}
2026-04-12 11:30:58,647 : INFO : EventManager : Event: ======'s_sling_left_active'====== Args={}
2026-04-12 11:30:58,647 : INFO : EventManager : Event: ======'machine_var_audits_switches_s_sling_left'====== Args={'value': 32, 'prev_value': 31, 'change': 1}
2026-04-12 11:30:58,648 : INFO : EventManager : Event: ======'machine_var_audits_shots_slingshot_left'====== Args={'value': 32, 'prev_value': 31, 'change': 1}
2026-04-12 11:30:58,648 : INFO : EventManager : Event: ======'slingshot_left_hit'====== Args={'profile': 'default', 'state': 'lit', 'advancing': False}
2026-04-12 11:30:58,649 : INFO : EventManager : Event: ======'slingshot_left_default_hit'====== Args={'profile': 'default', 'state': 'lit', 'advancing': False}
2026-04-12 11:30:58,649 : INFO : EventManager : Event: ======'slingshot_left_default_lit_hit'====== Args={'profile': 'default', 'state': 'lit', 'advancing': False}
2026-04-12 11:30:58,649 : INFO : EventManager : Event: ======'slingshot_left_lit_hit'====== Args={'profile': 'default', 'state': 'lit', 'advancing': False}
2026-04-12 11:30:58,649 : INFO : EventManager : Event: ======'slingshots_hit'====== Args={'shot': 'slingshot_left'}
2026-04-12 11:30:58,649 : INFO : EventManager : Event: ======'slingshots_lit_hit'====== Args={'shot': 'slingshot_left'}
2026-04-12 11:30:58,649 : INFO : EventManager : Event: ======'player_score'====== Args={'value': 24000, 'prev_value': 23000, 'change': 1000, 'player_num': 1, 'source': 'slingshots'}
2026-04-12 11:30:58,762 : INFO : SwitchController : <<<<<<< 's_sling_left' inactive >>>>>>>
2026-04-12 11:30:58,961 : INFO : SwitchController : <<<<<<< 's_sling_left' active >>>>>>>
2026-04-12 11:30:58,961 : INFO : EventManager : Event: ======'playfield_active'====== Args={'source': 'slingshot_left'}
2026-04-12 11:30:58,961 : INFO : EventManager : Event: ======'unexpected_ball_on_playfield'====== Args={}
2026-04-12 11:30:58,961 : INFO : EventManager : Event: ======'s_sling_left_active'====== Args={}
2026-04-12 11:30:58,961 : INFO : EventManager : Event: ======'machine_var_audits_switches_s_sling_left'====== Args={'value': 33, 'prev_value': 32, 'change': 1}
2026-04-12 11:30:58,964 : INFO : EventManager : Event: ======'machine_var_audits_shots_slingshot_left'====== Args={'value': 33, 'prev_value': 32, 'change': 1}
2026-04-12 11:30:58,965 : INFO : EventManager : Event: ======'slingshot_left_hit'====== Args={'profile': 'default', 'state': 'lit', 'advancing': False}
2026-04-12 11:30:58,965 : INFO : EventManager : Event: ======'slingshot_left_default_hit'====== Args={'profile': 'default', 'state': 'lit', 'advancing': False}
2026-04-12 11:30:58,965 : INFO : EventManager : Event: ======'slingshot_left_default_lit_hit'====== Args={'profile': 'default', 'state': 'lit', 'advancing': False}
2026-04-12 11:30:58,965 : INFO : EventManager : Event: ======'slingshot_left_lit_hit'====== Args={'profile': 'default', 'state': 'lit', 'advancing': False}
2026-04-12 11:30:58,965 : INFO : EventManager : Event: ======'slingshots_hit'====== Args={'shot': 'slingshot_left'}
2026-04-12 11:30:58,965 : INFO : EventManager : Event: ======'slingshots_lit_hit'====== Args={'shot': 'slingshot_left'}
2026-04-12 11:30:58,966 : INFO : EventManager : Event: ======'player_score'====== Args={'value': 25000, 'prev_value': 24000, 'change': 1000, 'player_num': 1, 'source': 'slingshots'}
2026-04-12 11:30:59,045 : INFO : SwitchController : <<<<<<< 's_sling_left' inactive >>>>>>>
2026-04-12 11:30:59,327 : INFO : SwitchController : <<<<<<< 's_sling_left' active >>>>>>>
2026-04-12 11:30:59,327 : INFO : EventManager : Event: ======'playfield_active'====== Args={'source': 'slingshot_left'}
2026-04-12 11:30:59,328 : INFO : EventManager : Event: ======'unexpected_ball_on_playfield'====== Args={}
2026-04-12 11:30:59,328 : INFO : EventManager : Event: ======'s_sling_left_active'====== Args={}
2026-04-12 11:30:59,328 : INFO : EventManager : Event: ======'machine_var_audits_switches_s_sling_left'====== Args={'value': 34, 'prev_value': 33, 'change': 1}
2026-04-12 11:30:59,330 : INFO : EventManager : Event: ======'machine_var_audits_shots_slingshot_left'====== Args={'value': 34, 'prev_value': 33, 'change': 1}
2026-04-12 11:30:59,330 : INFO : EventManager : Event: ======'slingshot_left_hit'====== Args={'profile': 'default', 'state': 'lit', 'advancing': False}
2026-04-12 11:30:59,330 : INFO : EventManager : Event: ======'slingshot_left_default_hit'====== Args={'profile': 'default', 'state': 'lit', 'advancing': False}
2026-04-12 11:30:59,330 : INFO : EventManager : Event: ======'slingshot_left_default_lit_hit'====== Args={'profile': 'default', 'state': 'lit', 'advancing': False}
2026-04-12 11:30:59,330 : INFO : EventManager : Event: ======'slingshot_left_lit_hit'====== Args={'profile': 'default', 'state': 'lit', 'advancing': False}
2026-04-12 11:30:59,330 : INFO : EventManager : Event: ======'slingshots_hit'====== Args={'shot': 'slingshot_left'}
2026-04-12 11:30:59,332 : INFO : EventManager : Event: ======'slingshots_lit_hit'====== Args={'shot': 'slingshot_left'}
2026-04-12 11:30:59,332 : INFO : EventManager : Event: ======'player_score'====== Args={'value': 26000, 'prev_value': 25000, 'change': 1000, 'player_num': 1, 'source': 'slingshots'}
2026-04-12 11:30:59,426 : INFO : SwitchController : <<<<<<< 's_sling_left' inactive >>>>>>>
2026-04-12 11:31:00,710 : INFO : EventManager : Event: ======'balldevice_bd_trough_ball_eject_failed'====== Args={'target': <ball_device.bd_plunger>, 'balls': 1, 'retry': True, 'num_attempts': 11}
2026-04-12 11:31:00,711 : INFO : ball_device.bd_trough : State: waiting_for_target_ready
2026-04-12 11:31:00,711 : INFO : EventManager : Event: ======'balldevice_bd_trough_ball_eject_attempt'====== Args={'balls': 1, 'target': <ball_device.bd_plunger>, 'source': <ball_device.bd_trough>, 'mechanical_eject': False, 'num_attempts': 11}
2026-04-12 11:31:00,712 : INFO : ball_device.bd_trough : State: ejecting
2026-04-12 11:31:00,712 : INFO : ball_device.bd_trough : Ejecting ball to <ball_device.bd_plunger>
2026-04-12 11:31:00,712 : INFO : EventManager : Event: ======'balldevice_bd_trough_ejecting_ball'====== Args={'balls': 1, 'target': <ball_device.bd_plunger>, 'source': <ball_device.bd_trough>, 'mechanical_eject': False, 'num_attempts': 11}
2026-04-12 11:31:00,712 : INFO : ball_device.bd_trough : Wait for ball to leave device
2026-04-12 11:31:00,712 : INFO : coil.c_trough_release : Pulsing Driver for 20ms (1.0 pulse_power)
2026-04-12 11:31:03,718 : INFO : EventManager : Event: ======'balldevice_bd_trough_ball_eject_failed'====== Args={'target': <ball_device.bd_plunger>, 'balls': 1, 'retry': True, 'num_attempts': 12}
2026-04-12 11:31:03,719 : INFO : ball_device.bd_trough : State: waiting_for_target_ready
2026-04-12 11:31:03,720 : INFO : EventManager : Event: ======'balldevice_bd_trough_ball_eject_attempt'====== Args={'balls': 1, 'target': <ball_device.bd_plunger>, 'source': <ball_device.bd_trough>, 'mechanical_eject': False, 'num_attempts': 12}
2026-04-12 11:31:03,720 : INFO : ball_device.bd_trough : State: ejecting
2026-04-12 11:31:03,721 : INFO : ball_device.bd_trough : Ejecting ball to <ball_device.bd_plunger>
2026-04-12 11:31:03,721 : INFO : EventManager : Event: ======'balldevice_bd_trough_ejecting_ball'====== Args={'balls': 1, 'target': <ball_device.bd_plunger>, 'source': <ball_device.bd_trough>, 'mechanical_eject': False, 'num_attempts': 12}
2026-04-12 11:31:03,723 : INFO : ball_device.bd_trough : Wait for ball to leave device
2026-04-12 11:31:03,723 : INFO : coil.c_trough_release : Pulsing Driver for 20ms (1.0 pulse_power)
2026-04-12 11:31:05,122 : INFO : Machine : Shutting down...
2026-04-12 11:31:05,122 : INFO : EventManager : Event: ======'shutdown'====== Args={}
2026-04-12 11:31:05,123 : INFO : EventManager : Event: ======'mode_game_will_stop'====== Args={}
2026-04-12 11:31:05,123 : INFO : EventManager : Event: ======'mode_game_stopping'====== Args={}
2026-04-12 11:31:05,123 : INFO : EventManager : Event: ======'mode_base_will_stop'====== Args={}
2026-04-12 11:31:05,124 : INFO : EventManager : Event: ======'mode_base_stopping'====== Args={}
2026-04-12 11:31:05,124 : INFO : EventManager : Event: ======'mode_slingshots_will_stop'====== Args={}
2026-04-12 11:31:05,124 : INFO : EventManager : Event: ======'mode_slingshots_stopping'====== Args={}
2026-04-12 11:31:05,124 : INFO : EventManager : Event: ======'stop_mode_slingshots'====== Args={'priority': 0}
2026-04-12 11:31:05,124 : INFO : Mode.slingshots : Stopped.
2026-04-12 11:31:05,124 : INFO : EventManager : Event: ======'modes_active_modes_changed'====== Args={}
2026-04-12 11:31:05,124 : INFO : EventManager : Event: ======'mode_slingshots_stopped'====== Args={}
2026-04-12 11:31:05,124 : INFO : EventManager : Event: ======'clear'====== Args={'key': 'slingshots'}
2026-04-12 11:31:05,125 : INFO : Mode.base : Stopped.
2026-04-12 11:31:05,125 : INFO : EventManager : Event: ======'modes_active_modes_changed'====== Args={}
2026-04-12 11:31:05,125 : INFO : EventManager : Event: ======'mode_base_stopped'====== Args={}
2026-04-12 11:31:05,125 : INFO : EventManager : Event: ======'clear'====== Args={'key': 'base'}
2026-04-12 11:31:05,125 : INFO : Mode.game : Stopped.
2026-04-12 11:31:05,126 : INFO : EventManager : Event: ======'modes_active_modes_changed'====== Args={}
2026-04-12 11:31:05,126 : INFO : EventManager : Event: ======'mode_game_stopped'====== Args={}
2026-04-12 11:31:05,126 : INFO : EventManager : Event: ======'clear'====== Args={'key': 'game'}
2026-04-12 11:31:05,130 : INFO : root : MPF run loop ended.
