2026-04-14 15:27:50,008 : INFO : root : Loading config.
2026-04-14 15:27:50,011 : INFO : YamlMultifileConfigLoader : Machine config file #1: config.yaml
2026-04-14 15:27:50,011 : INFO : ConfigProcessor : Loading config from cache: C:\Users\Lukas\AppData\Local\Temp\32f39c1debf2d9ee836c41c94f408ffc.mpf_cache
2026-04-14 15:27:50,320 : DEBUG : YamlMultifileConfigLoader : Loading mode attract from C:\Users\Lukas\mpftspp\lib\site-packages\mpf\modes\attract\config\attract.yaml
2026-04-14 15:27:50,321 : DEBUG : YamlMultifileConfigLoader : Loading mode attract from C:\Users\Lukas\mpftspp\lib\site-packages\mpf\modes\attract\config\attract.yaml
2026-04-14 15:27:50,322 : INFO : ConfigProcessor : Loading config from cache: C:\Users\Lukas\AppData\Local\Temp\1cf6e080e232be7da984fc3f9f606af5.mpf_cache
2026-04-14 15:27:50,322 : DEBUG : YamlMultifileConfigLoader : Loading mode game from C:\Users\Lukas\mpftspp\lib\site-packages\mpf\modes\game\config\game.yaml
2026-04-14 15:27:50,324 : INFO : ConfigProcessor : Loading config from cache: C:\Users\Lukas\AppData\Local\Temp\d5d281e4d67cd36b56e6e575dc21d22a.mpf_cache
2026-04-14 15:27:50,324 : DEBUG : YamlMultifileConfigLoader : Loading mode attract from C:\Users\Lukas\mpftspp\lib\site-packages\mpf\modes\attract\config\attract.yaml
2026-04-14 15:27:50,324 : DEBUG : YamlMultifileConfigLoader : Loading mode attract from C:\Users\Lukas\mpftspp\lib\site-packages\mpf\modes\attract\config\attract.yaml
2026-04-14 15:27:50,324 : INFO : ConfigProcessor : Loading config from cache: C:\Users\Lukas\AppData\Local\Temp\1cf6e080e232be7da984fc3f9f606af5.mpf_cache
2026-04-14 15:27:50,325 : DEBUG : YamlMultifileConfigLoader : Loading mode base from C:\Users\Lukas\mpftspp\lib\site-packages\mpf\modes\base\config\base.yaml
2026-04-14 15:27:50,325 : INFO : ConfigProcessor : Loading config from cache: C:\Users\Lukas\AppData\Local\Temp\e915a77df2eb7c954f1557e6bd49ea48.mpf_cache
2026-04-14 15:27:50,325 : DEBUG : YamlMultifileConfigLoader : Loading mode slingshots from C:\Users\Lukas\mpftspp\lib\site-packages\mpf\modes\slingshots\config\slingshots.yaml
2026-04-14 15:27:50,327 : INFO : ConfigProcessor : Loading config from cache: C:\Users\Lukas\AppData\Local\Temp\6720abd7d78775ec476d92be447cc36c.mpf_cache
2026-04-14 15:27:50,327 : DEBUG : YamlMultifileConfigLoader : Loading mode hurryup from C:\Users\Lukas\mpftspp\lib\site-packages\mpf\modes\hurryup\config\hurryup.yaml
2026-04-14 15:27:50,328 : INFO : ConfigProcessor : Loading config from cache: C:\Users\Lukas\AppData\Local\Temp\5c55177e8fd0a80aca73e5066ec16461.mpf_cache
2026-04-14 15:27:50,330 : INFO : Machine : Mission Pinball Framework Core Engine v0.80.0.dev14
2026-04-14 15:27:50,330 : INFO : Machine : Command line arguments: {'no_load_cache': False, 'create_config_cache': True, 'bcp': True, 'configfile': ['config.yaml'], 'force_assets_load': False, 'platform_integration_test': False, 'jsonlogging': False, 'logfile': 'logs\\2026-04-14-15-27-50-mpf-DESKTOP-24N7989.log', 'pause': False, 'production': False, 'text_ui': True, 'loglevel': 10, 'consoleloglevel': 20, 'force_platform': None, 'syslog_address': None, 'full_logfile_path': 'C:\\Users\\Lukas\\Documents\\TSPP\\logs\\2026-04-14-15-27-50-mpf-DESKTOP-24N7989.log'}
2026-04-14 15:27:50,330 : INFO : Machine : MPF path: C:\Users\Lukas\mpftspp\lib\site-packages\mpf
2026-04-14 15:27:50,330 : INFO : Machine : Machine path: C:\Users\Lukas\Documents\TSPP
2026-04-14 15:27:50,330 : INFO : Machine : Platform: win32
2026-04-14 15:27:50,330 : INFO : Machine : Python executable location: C:\Users\Lukas\mpftspp\Scripts\python.exe
2026-04-14 15:27:50,330 : INFO : Machine : Python version: 3.10.0 (64-bit)
2026-04-14 15:27:50,330 : DEBUG : asyncio : Using proactor: IocpProactor
2026-04-14 15:27:50,331 : INFO : Machine : Initializing MPF...
2026-04-14 15:27:50,660 : DEBUG : asciimatics.widgets.layout : Updating: None
2026-04-14 15:27:50,660 : DEBUG : asciimatics.widgets.layout : Updating: None
2026-04-14 15:27:50,660 : DEBUG : asciimatics.widgets.layout : Updating: None
2026-04-14 15:27:50,660 : DEBUG : asciimatics.widgets.layout : Updating: None
2026-04-14 15:27:50,660 : DEBUG : asciimatics.widgets.layout : Updating: None
2026-04-14 15:27:50,660 : DEBUG : asciimatics.widgets.layout : Updating: None
2026-04-14 15:27:50,660 : DEBUG : asciimatics.widgets.layout : Updating: None
2026-04-14 15:27:50,660 : DEBUG : asciimatics.widgets.layout : Updating: None
2026-04-14 15:27:50,660 : DEBUG : asciimatics.widgets.layout : Updating: None
2026-04-14 15:27:50,660 : DEBUG : asciimatics.widgets.layout : Updating: None
2026-04-14 15:27:50,660 : DEBUG : asciimatics.widgets.layout : Updating: None
2026-04-14 15:27:50,660 : DEBUG : asciimatics.widgets.layout : Updating: None
2026-04-14 15:27:50,660 : DEBUG : asciimatics.widgets.widget : Widget blur: <asciimatics.widgets.label.Label object at 0x000001A8C16CDBE0>
2026-04-14 15:27:50,660 : DEBUG : asciimatics.widgets.widget : Widget blur: <asciimatics.widgets.label.Label object at 0x000001A8C187D150>
2026-04-14 15:27:50,660 : DEBUG : asciimatics.widgets.widget : Widget blur: <asciimatics.widgets.label.Label object at 0x000001A8C187D2F0>
2026-04-14 15:27:50,660 : DEBUG : asciimatics.widgets.layout : Blur: <asciimatics.widgets.layout.Layout object at 0x000001A8C1AE1240>
2026-04-14 15:27:50,661 : DEBUG : asciimatics.widgets.layout : Blur: <mpf.core.text_ui.MpfLayout object at 0x000001A8C1AF0270>
2026-04-14 15:27:50,661 : DEBUG : asciimatics.widgets.layout : Updating: None
2026-04-14 15:27:50,661 : DEBUG : asciimatics.widgets.layout : Updating: None
2026-04-14 15:27:50,661 : DEBUG : asciimatics.widgets.layout : Updating: None
2026-04-14 15:27:50,661 : DEBUG : asciimatics.widgets.layout : Updating: None
2026-04-14 15:27:50,661 : DEBUG : asciimatics.widgets.layout : Updating: None
2026-04-14 15:27:50,661 : DEBUG : asciimatics.widgets.layout : Updating: None
2026-04-14 15:27:50,661 : DEBUG : asciimatics.widgets.widget : Widget blur: <asciimatics.widgets.label.Label object at 0x000001A8C187D700>
2026-04-14 15:27:50,661 : DEBUG : asciimatics.widgets.widget : Widget blur: <asciimatics.widgets.label.Label object at 0x000001A8C187D630>
2026-04-14 15:27:50,661 : DEBUG : asciimatics.widgets.widget : Widget blur: <asciimatics.widgets.label.Label object at 0x000001A8C187D7D0>
2026-04-14 15:27:50,661 : DEBUG : asciimatics.widgets.widget : Widget blur: <asciimatics.widgets.label.Label object at 0x000001A8C187D560>
2026-04-14 15:27:50,661 : DEBUG : asciimatics.widgets.widget : Widget blur: <asciimatics.widgets.label.Label object at 0x000001A8C187D490>
2026-04-14 15:27:50,661 : DEBUG : asciimatics.widgets.widget : Widget blur: <asciimatics.widgets.label.Label object at 0x000001A8C187D3C0>
2026-04-14 15:27:50,661 : DEBUG : asciimatics.widgets.layout : Blur: <asciimatics.widgets.layout.Layout object at 0x000001A8C1AE1300>
2026-04-14 15:27:50,661 : DEBUG : asciimatics.widgets.layout : Focus: <asciimatics.widgets.layout.Layout object at 0x000001A8C1AE1240>
2026-04-14 15:27:50,661 : DEBUG : asciimatics.widgets.layout : Focus: <mpf.core.text_ui.MpfLayout object at 0x000001A8C1AF0270>
2026-04-14 15:27:50,661 : DEBUG : asciimatics.widgets.layout : Focus: <asciimatics.widgets.layout.Layout object at 0x000001A8C1AE1300>
2026-04-14 15:27:50,661 : DEBUG : asciimatics.widgets.frame : Cloning: Test
2026-04-14 15:27:50,661 : DEBUG : asciimatics.widgets.layout : Updating: None
2026-04-14 15:27:50,661 : DEBUG : asciimatics.widgets.layout : Updating: None
2026-04-14 15:27:50,661 : DEBUG : asciimatics.widgets.layout : Updating: None
2026-04-14 15:27:50,661 : DEBUG : asciimatics.widgets.layout : Updating: None
2026-04-14 15:27:50,661 : DEBUG : asciimatics.widgets.layout : Updating: None
2026-04-14 15:27:50,661 : DEBUG : asciimatics.widgets.layout : Updating: None
2026-04-14 15:27:50,661 : DEBUG : asciimatics.widgets.layout : Updating: None
2026-04-14 15:27:50,661 : DEBUG : asciimatics.widgets.layout : Updating: None
2026-04-14 15:27:50,661 : DEBUG : asciimatics.widgets.layout : Updating: None
2026-04-14 15:27:50,661 : DEBUG : asciimatics.widgets.layout : Updating: None
2026-04-14 15:27:50,661 : DEBUG : asciimatics.widgets.layout : Updating: None
2026-04-14 15:27:50,661 : DEBUG : asciimatics.widgets.layout : Updating: None
2026-04-14 15:27:50,661 : DEBUG : asciimatics.widgets.layout : Updating: None
2026-04-14 15:27:50,661 : DEBUG : asciimatics.widgets.layout : Updating: None
2026-04-14 15:27:50,661 : DEBUG : asciimatics.widgets.layout : Updating: None
2026-04-14 15:27:50,661 : DEBUG : asciimatics.widgets.layout : Updating: None
2026-04-14 15:27:50,661 : DEBUG : asciimatics.widgets.layout : Updating: None
2026-04-14 15:27:50,661 : DEBUG : asciimatics.widgets.layout : Updating: None
2026-04-14 15:27:50,662 : DEBUG : asciimatics.screen : Processing key: d
2026-04-14 15:27:50,760 : INFO : OPP : Connecting to COM4 at 115200bps
2026-04-14 15:27:51,674 : DEBUG : asciimatics.screen : Processing mouse: 53, 16
2026-04-14 15:27:51,674 : DEBUG : asciimatics.widgets.frame : New event: MouseEvent (53, 16) 0
2026-04-14 15:27:52,676 : DEBUG : asciimatics.screen : Processing mouse: 53, 18
2026-04-14 15:27:52,676 : DEBUG : asciimatics.widgets.frame : New event: MouseEvent (53, 18) 0
2026-04-14 15:27:53,675 : DEBUG : asciimatics.screen : Processing mouse: 52, 17
2026-04-14 15:27:53,675 : DEBUG : asciimatics.widgets.frame : New event: MouseEvent (52, 17) 0
2026-04-14 15:27:54,674 : DEBUG : asciimatics.screen : Processing mouse: 83, 29
2026-04-14 15:27:54,674 : DEBUG : asciimatics.widgets.frame : New event: MouseEvent (83, 29) 0
2026-04-14 15:27:55,678 : DEBUG : asciimatics.screen : Processing mouse: 119, 21
2026-04-14 15:27:55,678 : DEBUG : asciimatics.widgets.frame : New event: MouseEvent (119, 21) 0
2026-04-14 15:28:09,673 : DEBUG : asciimatics.screen : Processing mouse: 55, 16
2026-04-14 15:28:09,673 : DEBUG : asciimatics.widgets.frame : New event: MouseEvent (55, 16) 0
2026-04-14 15:28:09,673 : DEBUG : asciimatics.screen : Processing mouse: 55, 16
2026-04-14 15:28:09,673 : DEBUG : asciimatics.widgets.frame : New event: MouseEvent (55, 16) 1
2026-04-14 15:28:09,675 : DEBUG : asciimatics.widgets.frame : Blurring: [<asciimatics.widgets.frame.Frame object at 0x000001A8C17DE950>]
2026-04-14 15:28:10,663 : DEBUG : asciimatics.screen : Processing mouse: 55, 16
2026-04-14 15:28:10,663 : DEBUG : asciimatics.widgets.frame : New event: MouseEvent (55, 16) 0
2026-04-14 15:28:10,663 : DEBUG : asciimatics.screen : Processing mouse: 55, 16
2026-04-14 15:28:10,664 : DEBUG : asciimatics.widgets.frame : New event: MouseEvent (55, 16) 0
2026-04-14 15:28:12,421 : INFO : Machine : Starting the main run loop with active modes: []
2026-04-14 15:28:12,421 : ERROR : root : 'attract'
Traceback (most recent call last):
  File "C:\Users\Lukas\mpftspp\lib\site-packages\mpf\commands\game.py", line 229, in __init__
    self.machine.run()
  File "C:\Users\Lukas\mpftspp\lib\site-packages\mpf\core\machine.py", line 703, in run
    if not self.modes['attract'] in self.mode_controller.active_modes:
KeyError: 'attract'
