2026-04-13 18:12:05,872 : INFO : root : Loading config.
2026-04-13 18:12:05,880 : INFO : YamlMultifileConfigLoader : Machine config file #1: config.yaml
2026-04-13 18:12:05,881 : INFO : ConfigProcessor : Loading config from cache: C:\Users\Lukas\AppData\Local\Temp\32f39c1debf2d9ee836c41c94f408ffc.mpf_cache
2026-04-13 18:12:06,030 : INFO : ConfigProcessor : Loading config from cache: C:\Users\Lukas\AppData\Local\Temp\1cf6e080e232be7da984fc3f9f606af5.mpf_cache
2026-04-13 18:12:06,033 : INFO : ConfigProcessor : Loading config from cache: C:\Users\Lukas\AppData\Local\Temp\d5d281e4d67cd36b56e6e575dc21d22a.mpf_cache
2026-04-13 18:12:06,034 : INFO : ConfigProcessor : Loading config from cache: C:\Users\Lukas\AppData\Local\Temp\1cf6e080e232be7da984fc3f9f606af5.mpf_cache
2026-04-13 18:12:06,038 : INFO : ConfigProcessor : Loading config from cache: C:\Users\Lukas\AppData\Local\Temp\e915a77df2eb7c954f1557e6bd49ea48.mpf_cache
2026-04-13 18:12:06,040 : INFO : ConfigProcessor : Loading config from cache: C:\Users\Lukas\AppData\Local\Temp\6720abd7d78775ec476d92be447cc36c.mpf_cache
2026-04-13 18:12:06,043 : INFO : ConfigProcessor : Loading config from cache: C:\Users\Lukas\AppData\Local\Temp\5c55177e8fd0a80aca73e5066ec16461.mpf_cache
2026-04-13 18:12:06,045 : INFO : Machine : Mission Pinball Framework Core Engine v0.80.0.dev14
2026-04-13 18:12:06,045 : INFO : Machine : Command line arguments: {'no_load_cache': False, 'create_config_cache': True, 'bcp': True, 'configfile': ['config.yaml'], 'force_assets_load': False, 'platform_integration_test': False, 'jsonlogging': False, 'logfile': 'logs\\2026-04-13-18-12-05-mpf-DESKTOP-24N7989.log', 'pause': False, 'production': False, 'text_ui': False, 'loglevel': 15, 'consoleloglevel': 20, 'force_platform': 'virtual', 'syslog_address': None, 'full_logfile_path': 'C:\\Users\\Lukas\\Documents\\TSPP\\logs\\2026-04-13-18-12-05-mpf-DESKTOP-24N7989.log'}
2026-04-13 18:12:06,045 : INFO : Machine : MPF path: C:\Users\Lukas\mpftspp\lib\site-packages\mpf
2026-04-13 18:12:06,046 : INFO : Machine : Machine path: C:\Users\Lukas\Documents\TSPP
2026-04-13 18:12:06,046 : INFO : Machine : Platform: win32
2026-04-13 18:12:06,046 : INFO : Machine : Python executable location: C:\Users\Lukas\mpftspp\Scripts\python.exe
2026-04-13 18:12:06,046 : INFO : Machine : Python version: 3.10.0 (64-bit)
2026-04-13 18:12:06,048 : INFO : Machine : Initializing MPF...
2026-04-13 18:12:06,123 : INFO : EventManager : Event: ======'machine_var_credits_string'====== Args={'value': 'FREE PLAY', 'prev_value': None, 'change': True}
2026-04-13 18:12:06,144 : INFO : EventManager : Event: ======'machine_var_master_volume'====== Args={'value': 0.5, 'prev_value': None, 'change': True}
2026-04-13 18:12:06,144 : INFO : EventManager : Event: ======'machine_var_mpf_version'====== Args={'value': 'Mission Pinball Framework v0.80.0.dev14', 'prev_value': None, 'change': True}
2026-04-13 18:12:06,144 : INFO : EventManager : Event: ======'machine_var_mpf_extended_version'====== Args={'value': 'Mission Pinball Framework v0.80.0.dev14, Config version:6, Show version: 6, BCP version:1.1', 'prev_value': None, 'change': True}
2026-04-13 18:12:06,144 : INFO : EventManager : Event: ======'machine_var_python_version'====== Args={'value': '3.10.0', 'prev_value': None, 'change': True}
2026-04-13 18:12:06,187 : INFO : EventManager : Event: ======'machine_var_platform'====== Args={'value': 'Windows-10-10.0.26200-SP0', 'prev_value': None, 'change': True}
2026-04-13 18:12:06,187 : INFO : EventManager : Event: ======'machine_var_platform_system'====== Args={'value': 'Windows', 'prev_value': None, 'change': True}
2026-04-13 18:12:06,188 : INFO : EventManager : Event: ======'machine_var_platform_release'====== Args={'value': '10', 'prev_value': None, 'change': True}
2026-04-13 18:12:06,188 : INFO : EventManager : Event: ======'machine_var_platform_version'====== Args={'value': '10.0.26200', 'prev_value': None, 'change': True}
2026-04-13 18:12:06,188 : INFO : EventManager : Event: ======'machine_var_platform_machine'====== Args={'value': 'AMD64', 'prev_value': None, 'change': True}
2026-04-13 18:12:06,188 : INFO : EventManager : Event: ======'machine_var_log_file_path'====== Args={'value': 'C:\\Users\\Lukas\\Documents\\TSPP\\logs\\2026-04-13-18-12-05-mpf-DESKTOP-24N7989.log', 'prev_value': None, 'change': True}
2026-04-13 18:12:06,188 : INFO : EventManager : Event: ======'init_phase_1'====== Args={}
2026-04-13 18:12:06,208 : INFO : EventManager : Event: ======'init_phase_2'====== Args={}
2026-04-13 18:12:06,208 : INFO : SwitchController : Found active switch: ('1-0-8', <Platform.Virtual>) <switch.s_trough_1>
2026-04-13 18:12:06,208 : INFO : SwitchController : Found active switch: ('1-0-9', <Platform.Virtual>) <switch.s_trough_2>
2026-04-13 18:12:06,208 : INFO : SwitchController : Found active switch: ('1-0-10', <Platform.Virtual>) <switch.s_trough_3>
2026-04-13 18:12:06,210 : INFO : EventManager : Event: ======'bcp_connection_attempt'====== Args={'name': 'local_display', 'host': 'localhost', 'port': 5050}
2026-04-13 18:12:06,212 : INFO : BCPClientSocket : Connecting BCP to 'local_display' at localhost:5050...
2026-04-13 18:12:06,230 : INFO : BCPClientSocket : Connected BCP to 'local_display' localhost:5050
2026-04-13 18:12:06,231 : INFO : EventManager : Event: ======'bcp_clients_connected'====== Args={}
2026-04-13 18:12:06,231 : INFO : ball_device.bd_drain : BCH: Initial count: 0
2026-04-13 18:12:06,231 : INFO : ball_device.bd_drain : State: idle
2026-04-13 18:12:06,232 : INFO : ball_device.bd_trough : BCH: Initial count: 3
2026-04-13 18:12:06,232 : INFO : ball_device.bd_trough : State: idle
2026-04-13 18:12:06,232 : INFO : ball_device.bd_plunger : BCH: Initial count: 0
2026-04-13 18:12:06,232 : INFO : ball_device.bd_plunger : State: idle
2026-04-13 18:12:06,242 : INFO : EventManager : Event: ======'init_phase_3'====== Args={}
2026-04-13 18:12:06,244 : INFO : EventManager : Event: ======'init_phase_4'====== Args={}
2026-04-13 18:12:06,244 : INFO : BallController : Initial balls found: 3
2026-04-13 18:12:06,246 : INFO : EventManager : Event: ======'machine_var_audits_events_game_ended'====== Args={'value': 0, 'prev_value': None, 'change': True}
2026-04-13 18:12:06,246 : INFO : EventManager : Event: ======'machine_var_audits_events_game_started'====== Args={'value': 7, 'prev_value': None, 'change': True}
2026-04-13 18:12:06,246 : INFO : EventManager : Event: ======'machine_var_audits_missing_switches_s_drain'====== Args={'value': 7, 'prev_value': None, 'change': True}
2026-04-13 18:12:06,246 : INFO : EventManager : Event: ======'machine_var_audits_missing_switches_s_dt_m'====== Args={'value': 7, 'prev_value': None, 'change': True}
2026-04-13 18:12:06,246 : INFO : EventManager : Event: ======'machine_var_audits_missing_switches_s_dt_o'====== Args={'value': 7, 'prev_value': None, 'change': True}
2026-04-13 18:12:06,246 : INFO : EventManager : Event: ======'machine_var_audits_missing_switches_s_dt_u'====== Args={'value': 7, 'prev_value': None, 'change': True}
2026-04-13 18:12:06,246 : INFO : EventManager : Event: ======'machine_var_audits_missing_switches_s_flipper_rigt'====== Args={'value': 7, 'prev_value': None, 'change': True}
2026-04-13 18:12:06,246 : INFO : EventManager : Event: ======'machine_var_audits_missing_switches_s_kickout'====== Args={'value': 5, 'prev_value': None, 'change': True}
2026-04-13 18:12:06,246 : INFO : EventManager : Event: ======'machine_var_audits_missing_switches_s_ramp_1'====== Args={'value': 7, 'prev_value': None, 'change': True}
2026-04-13 18:12:06,246 : INFO : EventManager : Event: ======'machine_var_audits_missing_switches_s_start'====== Args={'value': 5, 'prev_value': None, 'change': True}
2026-04-13 18:12:06,246 : INFO : EventManager : Event: ======'machine_var_audits_missing_switches_s_trough_1'====== Args={'value': 7, 'prev_value': None, 'change': True}
2026-04-13 18:12:06,246 : INFO : EventManager : Event: ======'machine_var_audits_missing_switches_s_trough_2'====== Args={'value': 7, 'prev_value': None, 'change': True}
2026-04-13 18:12:06,246 : INFO : EventManager : Event: ======'machine_var_audits_missing_switches_s_trough_3'====== Args={'value': 7, 'prev_value': None, 'change': True}
2026-04-13 18:12:06,246 : INFO : EventManager : Event: ======'machine_var_audits_player_score'====== Args={'value': {'average': 0, 'top': [], 'total': 0}, 'prev_value': None, 'change': True}
2026-04-13 18:12:06,246 : INFO : EventManager : Event: ======'machine_var_audits_shots_homer_h'====== Args={'value': 10, 'prev_value': None, 'change': True}
2026-04-13 18:12:06,246 : INFO : EventManager : Event: ======'machine_var_audits_shots_hurryup'====== Args={'value': 4, 'prev_value': None, 'change': True}
2026-04-13 18:12:06,246 : INFO : EventManager : Event: ======'machine_var_audits_shots_slingshot_left'====== Args={'value': 39, 'prev_value': None, 'change': True}
2026-04-13 18:12:06,246 : INFO : EventManager : Event: ======'machine_var_audits_shots_slingshot_right'====== Args={'value': 27, 'prev_value': None, 'change': True}
2026-04-13 18:12:06,247 : INFO : EventManager : Event: ======'machine_var_audits_switches_s_drain'====== Args={'value': 0, 'prev_value': None, 'change': True}
2026-04-13 18:12:06,247 : INFO : EventManager : Event: ======'machine_var_audits_switches_s_dt_m'====== Args={'value': 0, 'prev_value': None, 'change': True}
2026-04-13 18:12:06,247 : INFO : EventManager : Event: ======'machine_var_audits_switches_s_dt_o'====== Args={'value': 0, 'prev_value': None, 'change': True}
2026-04-13 18:12:06,247 : INFO : EventManager : Event: ======'machine_var_audits_switches_s_dt_u'====== Args={'value': 0, 'prev_value': None, 'change': True}
2026-04-13 18:12:06,247 : INFO : EventManager : Event: ======'machine_var_audits_switches_s_flipper_left'====== Args={'value': 3, 'prev_value': None, 'change': True}
2026-04-13 18:12:06,247 : INFO : EventManager : Event: ======'machine_var_audits_switches_s_flipper_rigt'====== Args={'value': 0, 'prev_value': None, 'change': True}
2026-04-13 18:12:06,247 : INFO : EventManager : Event: ======'machine_var_audits_switches_s_homer_h'====== Args={'value': 10, 'prev_value': None, 'change': True}
2026-04-13 18:12:06,247 : INFO : EventManager : Event: ======'machine_var_audits_switches_s_kickout'====== Args={'value': 1, 'prev_value': None, 'change': True}
2026-04-13 18:12:06,247 : INFO : EventManager : Event: ======'machine_var_audits_switches_s_plunger_lane'====== Args={'value': 2, 'prev_value': None, 'change': True}
2026-04-13 18:12:06,247 : INFO : EventManager : Event: ======'machine_var_audits_switches_s_ramp_1'====== Args={'value': 0, 'prev_value': None, 'change': True}
2026-04-13 18:12:06,247 : INFO : EventManager : Event: ======'machine_var_audits_switches_s_sling_left'====== Args={'value': 39, 'prev_value': None, 'change': True}
2026-04-13 18:12:06,248 : INFO : EventManager : Event: ======'machine_var_audits_switches_s_sling_right'====== Args={'value': 27, 'prev_value': None, 'change': True}
2026-04-13 18:12:06,248 : INFO : EventManager : Event: ======'machine_var_audits_switches_s_start'====== Args={'value': 2, 'prev_value': None, 'change': True}
2026-04-13 18:12:06,249 : INFO : EventManager : Event: ======'machine_var_audits_switches_s_trough_1'====== Args={'value': 0, 'prev_value': None, 'change': True}
2026-04-13 18:12:06,249 : INFO : EventManager : Event: ======'machine_var_audits_switches_s_trough_2'====== Args={'value': 0, 'prev_value': None, 'change': True}
2026-04-13 18:12:06,249 : INFO : EventManager : Event: ======'machine_var_audits_switches_s_trough_3'====== Args={'value': 0, 'prev_value': None, 'change': True}
2026-04-13 18:12:06,249 : INFO : EventManager : Event: ======'machine_var_audits_switches_s_flipper_right'====== Args={'value': 0, 'prev_value': None, 'change': True}
2026-04-13 18:12:06,249 : INFO : EventManager : Event: ======'init_phase_5'====== Args={}
2026-04-13 18:12:06,249 : INFO : EventManager : Event: ======'init_done'====== Args={}
2026-04-13 18:12:06,249 : INFO : EventManager : Event: ======'machine_reset_phase_1'====== Args={}
2026-04-13 18:12:06,255 : INFO : EventManager : Event: ======'machine_reset_phase_2'====== Args={}
2026-04-13 18:12:06,255 : INFO : EventManager : Event: ======'machine_reset_phase_3'====== Args={}
2026-04-13 18:12:06,256 : INFO : EventManager : Event: ======'reset_complete'====== Args={}
2026-04-13 18:12:06,256 : INFO : EventManager : Event: ======'mode_attract_will_start'====== Args={}
2026-04-13 18:12:06,256 : INFO : Timer.attract_carousel_timer : Starting Timer.
2026-04-13 18:12:06,256 : INFO : EventManager : Event: ======'timer_attract_carousel_timer_started'====== Args={'ticks': 0, 'ticks_remaining': 1}
2026-04-13 18:12:06,256 : INFO : EventManager : Event: ======'timer_attract_carousel_timer_tick'====== Args={'ticks': 0, 'ticks_remaining': 1}
2026-04-13 18:12:06,256 : INFO : EventManager : Event: ======'mode_attract_starting'====== Args={}
2026-04-13 18:12:06,257 : INFO : Mode.attract : Started. Priority: 10
2026-04-13 18:12:06,257 : INFO : EventManager : Event: ======'modes_active_modes_changed'====== Args={}
2026-04-13 18:12:06,257 : INFO : EventManager : Event: ======'mode_attract_started'====== Args={}
2026-04-13 18:12:06,257 : INFO : EventManager : Event: ======'collecting_balls_complete'====== Args={}
2026-04-13 18:12:06,257 : INFO : EventManager : Event: ======'carousel_item_highlighted'====== Args={'carousel': 'attract', 'direction': None, 'item': 'title'}
2026-04-13 18:12:06,257 : INFO : EventManager : Event: ======'timer_attract_carousel_timer_tick'====== Args={'ticks': 0, 'ticks_remaining': 1}
2026-04-13 18:12:06,258 : INFO : Machine : Starting the main run loop with active modes: [<Mode.attract>]
2026-04-13 18:12:06,274 : INFO : EventManager : Event: ======'slide_attract_created'====== Args={'_from_bcp': True}
2026-04-13 18:12:06,275 : INFO : EventManager : Event: ======'slide__removed'====== Args={'_from_bcp': True}
2026-04-13 18:12:06,275 : INFO : EventManager : Event: ======'slide_attract_active'====== Args={'original_context': 'attract', 'original_calling_context': 'mode_attract_started', 'priority': 10.0, 'cmd': 'slides_play', '_from_bcp': True}
2026-04-13 18:12:11,271 : INFO : Timer.attract_carousel_timer : Timer Complete
2026-04-13 18:12:11,271 : INFO : Timer.attract_carousel_timer : Stopping Timer
2026-04-13 18:12:11,271 : INFO : EventManager : Event: ======'timer_attract_carousel_timer_stopped'====== Args={'ticks': 1, 'ticks_remaining': 1}
2026-04-13 18:12:11,271 : INFO : EventManager : Event: ======'timer_attract_carousel_timer_complete'====== Args={'ticks': 1, 'ticks_remaining': 1}
2026-04-13 18:12:11,271 : INFO : EventManager : Event: ======'carousel_item_highlighted'====== Args={'carousel': 'attract', 'direction': 'forwards', 'item': 'credits'}
2026-04-13 18:12:11,273 : INFO : Timer.attract_carousel_timer : Starting Timer.
2026-04-13 18:12:11,273 : INFO : EventManager : Event: ======'timer_attract_carousel_timer_started'====== Args={'ticks': 0, 'ticks_remaining': 1}
2026-04-13 18:12:11,274 : INFO : EventManager : Event: ======'timer_attract_carousel_timer_tick'====== Args={'ticks': 0, 'ticks_remaining': 1}
2026-04-13 18:12:13,148 : INFO : SwitchController : <<<<<<< 's_start' active >>>>>>>
2026-04-13 18:12:13,214 : INFO : SwitchController : <<<<<<< 's_start' inactive >>>>>>>
2026-04-13 18:12:13,215 : INFO : EventManager : Event: ======'request_to_start_game'====== Args={}
2026-04-13 18:12:13,215 : INFO : EventManager : Event: ======'game_start'====== Args={'buttons': [], 'hold_time': 0.06199999999989814}
2026-04-13 18:12:13,215 : INFO : EventManager : Event: ======'mode_game_will_start'====== Args={'buttons': [], 'hold_time': 0.06199999999989814}
2026-04-13 18:12:13,216 : INFO : EventManager : Event: ======'mode_game_starting'====== Args={'buttons': [], 'hold_time': 0.06199999999989814}
2026-04-13 18:12:13,216 : INFO : EventManager : Event: ======'mode_attract_will_stop'====== Args={}
2026-04-13 18:12:13,216 : INFO : EventManager : Event: ======'mode_attract_stopping'====== Args={}
2026-04-13 18:12:13,216 : INFO : Mode.attract : Stopped.
2026-04-13 18:12:13,216 : INFO : EventManager : Event: ======'modes_active_modes_changed'====== Args={}
2026-04-13 18:12:13,216 : INFO : EventManager : Event: ======'mode_attract_stopped'====== Args={}
2026-04-13 18:12:13,217 : INFO : EventManager : Event: ======'clear'====== Args={'key': 'attract'}
2026-04-13 18:12:13,217 : INFO : Timer.attract_carousel_timer : Stopping Timer
2026-04-13 18:12:13,217 : INFO : EventManager : Event: ======'timer_attract_carousel_timer_stopped'====== Args={'ticks': 0, 'ticks_remaining': 1}
2026-04-13 18:12:13,217 : INFO : Mode.game : Started. Priority: 20
2026-04-13 18:12:13,217 : INFO : EventManager : Event: ======'modes_active_modes_changed'====== Args={}
2026-04-13 18:12:13,217 : INFO : EventManager : Event: ======'mode_game_started'====== Args={'buttons': [], 'hold_time': 0.06199999999989814}
2026-04-13 18:12:13,218 : INFO : EventManager : Event: ======'game_will_start'====== Args={}
2026-04-13 18:12:13,218 : INFO : EventManager : Event: ======'game_starting'====== Args={'game': <Mode.game>}
2026-04-13 18:12:13,219 : INFO : EventManager : Unordered handler for class <Auditor> on event game_ended with priority 1. Handlers: [RegisteredHandler(callback=<bound method Auditor.disable of <Auditor>>, priority=1, kwargs={}, key=UUID('49bb7620-f21e-495a-9082-e0d6cf56c83a'), condition=None, blocking_facility=None), RegisteredHandler(callback=<bound method Auditor._save_audits of <Auditor>>, priority=1, kwargs={}, key=UUID('4386b14b-37b3-4e8e-b274-65093fb97d4f'), condition=None, blocking_facility=None)]. The order of those handlers is not defined and they will be executed in random order. This might lead to race conditions and potential bugs.
2026-04-13 18:12:13,219 : INFO : EventManager : Event: ======'player_add_request'====== Args={}
2026-04-13 18:12:13,220 : INFO : EventManager : Event: ======'player_will_add'====== Args={'number': 1}
2026-04-13 18:12:13,220 : INFO : EventManager : Event: ======'player_adding'====== Args={'player': <Player 1>, 'number': 1}
2026-04-13 18:12:13,220 : INFO : EventManager : Event: ======'player_added'====== Args={'player': <Player 1>, 'num': 1}
2026-04-13 18:12:13,220 : INFO : Mode.game : Player added successfully. Total players: 1
2026-04-13 18:12:13,220 : INFO : EventManager : Event: ======'player_index'====== Args={'value': 0, 'prev_value': 0, 'change': 0, 'player_num': 1}
2026-04-13 18:12:13,220 : INFO : EventManager : Event: ======'player_number'====== Args={'value': 1, 'prev_value': 1, 'change': 0, 'player_num': 1}
2026-04-13 18:12:13,221 : INFO : EventManager : Event: ======'player_score'====== Args={'value': 0, 'prev_value': 0, 'change': 0, 'player_num': 1}
2026-04-13 18:12:13,221 : INFO : EventManager : Event: ======'game_started'====== Args={}
2026-04-13 18:12:13,221 : INFO : EventManager : Event: ======'player_turn_will_start'====== Args={'player': <Player 1>, 'number': 1}
2026-04-13 18:12:13,222 : INFO : EventManager : Event: ======'player_turn_starting'====== Args={'player': <Player 1>, 'number': 1}
2026-04-13 18:12:13,222 : INFO : EventManager : Event: ======'player_ball'====== Args={'value': 1, 'prev_value': 0, 'change': 1, 'player_num': 1}
2026-04-13 18:12:13,223 : INFO : EventManager : Event: ======'player_turn_started'====== Args={'player': <Player 1>, 'number': 1}
2026-04-13 18:12:13,243 : INFO : EventManager : Event: ======'ball_will_start'====== Args={'player': 1, 'ball': 1, 'balls_remaining': 2, 'is_extra_ball': False}
2026-04-13 18:12:13,243 : INFO : EventManager : Event: ======'ball_starting'====== Args={'player': 1, 'ball': 1, 'balls_remaining': 2, 'is_extra_ball': False}
2026-04-13 18:12:13,245 : INFO : EventManager : Event: ======'mode_base_will_start'====== Args={'queue': <QueuedEvent>, 'player': 1, 'ball': 1, 'balls_remaining': 2, 'is_extra_ball': False}
2026-04-13 18:12:13,245 : INFO : EventManager : Event: ======'player_shot_homer_h_enabled'====== Args={'value': True, 'prev_value': 0, 'change': 1, 'player_num': 1}
2026-04-13 18:12:13,247 : INFO : EventManager : Event: ======'mode_base_starting'====== Args={'queue': <QueuedEvent>, 'player': 1, 'ball': 1, 'balls_remaining': 2, 'is_extra_ball': False}
2026-04-13 18:12:13,248 : INFO : Mode.base : Started. Priority: 100
2026-04-13 18:12:13,248 : INFO : EventManager : Event: ======'modes_active_modes_changed'====== Args={}
2026-04-13 18:12:13,248 : INFO : EventManager : Event: ======'mode_base_started'====== Args={'queue': <QueuedEvent>, 'player': 1, 'ball': 1, 'balls_remaining': 2, 'is_extra_ball': False}
2026-04-13 18:12:13,249 : INFO : EventManager : Event: ======'start_mode_slingshots'====== Args={'priority': 0}
2026-04-13 18:12:13,249 : INFO : EventManager : Event: ======'mode_slingshots_will_start'====== Args={'priority': 0}
2026-04-13 18:12:13,249 : INFO : EventManager : Event: ======'player_shot_slingshot_left_enabled'====== Args={'value': True, 'prev_value': 0, 'change': 1, 'player_num': 1}
2026-04-13 18:12:13,250 : INFO : EventManager : Event: ======'player_shot_slingshot_right_enabled'====== Args={'value': True, 'prev_value': 0, 'change': 1, 'player_num': 1}
2026-04-13 18:12:13,250 : INFO : EventManager : Event: ======'slingshots_complete'====== Args={'state': 'unlit'}
2026-04-13 18:12:13,250 : INFO : EventManager : Event: ======'slingshots_unlit_complete'====== Args={}
2026-04-13 18:12:13,251 : INFO : EventManager : Event: ======'mode_slingshots_starting'====== Args={'priority': 0}
2026-04-13 18:12:13,251 : INFO : Mode.slingshots : Started. Priority: 200
2026-04-13 18:12:13,251 : INFO : EventManager : Event: ======'modes_active_modes_changed'====== Args={}
2026-04-13 18:12:13,251 : INFO : EventManager : Event: ======'mode_slingshots_started'====== Args={'priority': 0}
2026-04-13 18:12:13,252 : INFO : EventManager : Event: ======'balls_in_play'====== Args={'balls': 1}
2026-04-13 18:12:13,252 : INFO : EventManager : Event: ======'ball_started'====== Args={'player': 1, 'ball': 1, 'balls_remaining': 2, 'is_extra_ball': False}
2026-04-13 18:12:13,257 : INFO : EventManager : Event: ======'single_player_ball_started'====== Args={}
2026-04-13 18:12:13,257 : INFO : EventManager : Event: ======'ball_start_target'====== Args={'target': 'playfield'}
2026-04-13 18:12:13,257 : INFO : ball_device.bd_trough : Setting up player-controlled eject. Balls: 1, Target: <playfield.playfield>, player_controlled_eject_event: None
2026-04-13 18:12:13,258 : INFO : ball_device.bd_trough : Adding 1 ball(s) to the eject_queue with target <playfield.playfield>.
2026-04-13 18:12:13,258 : INFO : EventManager : Event: ======'balldevice_balls_available'====== Args={}
2026-04-13 18:12:13,259 : INFO : ball_device.bd_trough : State: waiting_for_target_ready
2026-04-13 18:12:13,259 : INFO : EventManager : Event: ======'balldevice_bd_trough_ball_eject_attempt'====== Args={'balls': 1, 'target': <ball_device.bd_plunger>, 'source': <ball_device.bd_trough>, 'mechanical_eject': False, 'num_attempts': 0}
2026-04-13 18:12:13,259 : INFO : ball_device.bd_plunger : State: waiting_for_ball
2026-04-13 18:12:13,259 : INFO : ball_device.bd_trough : State: ejecting
2026-04-13 18:12:13,259 : INFO : ball_device.bd_trough : Ejecting ball to <ball_device.bd_plunger>
2026-04-13 18:12:13,260 : INFO : EventManager : Event: ======'balldevice_bd_trough_ejecting_ball'====== Args={'balls': 1, 'target': <ball_device.bd_plunger>, 'source': <ball_device.bd_trough>, 'mechanical_eject': False, 'num_attempts': 0}
2026-04-13 18:12:13,260 : INFO : ball_device.bd_trough : Wait for ball to leave device
2026-04-13 18:12:13,260 : INFO : coil.c_trough_release : Pulsing Driver for 20ms (1.0 pulse_power)
2026-04-13 18:12:13,278 : INFO : EventManager : Event: ======'slide_base_slide_created'====== Args={'_from_bcp': True}
2026-04-13 18:12:13,279 : INFO : EventManager : Event: ======'slide_attract_inactive'====== Args={'is_removing': True, '_from_bcp': True}
2026-04-13 18:12:13,279 : INFO : EventManager : Event: ======'slide_base_slide_active'====== Args={'original_context': 'base', 'original_calling_context': 'mode_base_started', 'priority': 100.0, 'queue': '<QueuedEvent>', 'player': 1.0, 'ball': 1.0, 'balls_remaining': 2.0, 'is_extra_ball': False, 'cmd': 'slides_play', '_from_bcp': True}
2026-04-13 18:12:13,279 : INFO : EventManager : Event: ======'slide_attract_removed'====== Args={'_from_bcp': True}
2026-04-13 18:12:14,431 : INFO : SwitchController : <<<<<<< 's_sling_right' active >>>>>>>
2026-04-13 18:12:14,432 : INFO : EventManager : Event: ======'playfield_active'====== Args={'source': 'slingshot_right'}
2026-04-13 18:12:14,432 : INFO : EventManager : Event: ======'unexpected_ball_on_playfield'====== Args={}
2026-04-13 18:12:14,432 : INFO : EventManager : Event: ======'s_sling_right_active'====== Args={}
2026-04-13 18:12:14,432 : INFO : EventManager : Event: ======'machine_var_audits_switches_s_sling_right'====== Args={'value': 28, 'prev_value': 27, 'change': 1}
2026-04-13 18:12:14,434 : INFO : EventManager : Event: ======'player_shot_slingshot_right'====== Args={'value': 1, 'prev_value': 0, 'change': 1, 'player_num': 1}
2026-04-13 18:12:14,435 : INFO : EventManager : Event: ======'machine_var_audits_shots_slingshot_right'====== Args={'value': 28, 'prev_value': 27, 'change': 1}
2026-04-13 18:12:14,435 : INFO : EventManager : Event: ======'slingshot_right_hit'====== Args={'profile': 'default', 'state': 'unlit', 'advancing': True}
2026-04-13 18:12:14,435 : INFO : EventManager : Event: ======'slingshot_right_default_hit'====== Args={'profile': 'default', 'state': 'unlit', 'advancing': True}
2026-04-13 18:12:14,435 : INFO : EventManager : Event: ======'slingshot_right_default_unlit_hit'====== Args={'profile': 'default', 'state': 'unlit', 'advancing': True}
2026-04-13 18:12:14,435 : INFO : EventManager : Event: ======'slingshot_right_unlit_hit'====== Args={'profile': 'default', 'state': 'unlit', 'advancing': True}
2026-04-13 18:12:14,435 : INFO : EventManager : Event: ======'slingshots_hit'====== Args={'shot': 'slingshot_right'}
2026-04-13 18:12:14,436 : INFO : EventManager : Event: ======'slingshots_unlit_hit'====== Args={'shot': 'slingshot_right'}
2026-04-13 18:12:14,436 : INFO : EventManager : Event: ======'player_score'====== Args={'value': 1000, 'prev_value': 0, 'change': 1000, 'player_num': 1, 'source': 'slingshots'}
2026-04-13 18:12:14,514 : INFO : SwitchController : <<<<<<< 's_sling_right' inactive >>>>>>>
2026-04-13 18:12:15,515 : INFO : SwitchController : <<<<<<< 's_homer_h' active >>>>>>>
2026-04-13 18:12:15,515 : INFO : EventManager : Event: ======'playfield_active'====== Args={'source': 'hurryup'}
2026-04-13 18:12:15,515 : INFO : EventManager : Event: ======'unexpected_ball_on_playfield'====== Args={}
2026-04-13 18:12:15,515 : INFO : EventManager : Event: ======'playfield_active'====== Args={'source': 'homer_h'}
2026-04-13 18:12:15,516 : INFO : EventManager : Event: ======'unexpected_ball_on_playfield'====== Args={}
2026-04-13 18:12:15,516 : INFO : EventManager : Event: ======'s_homer_h_active'====== Args={}
2026-04-13 18:12:15,516 : INFO : EventManager : Event: ======'machine_var_audits_switches_s_homer_h'====== Args={'value': 11, 'prev_value': 10, 'change': 1}
2026-04-13 18:12:15,517 : INFO : EventManager : Event: ======'player_shot_homer_h'====== Args={'value': 1, 'prev_value': 0, 'change': 1, 'player_num': 1}
2026-04-13 18:12:15,518 : INFO : EventManager : Event: ======'machine_var_audits_shots_homer_h'====== Args={'value': 11, 'prev_value': 10, 'change': 1}
2026-04-13 18:12:15,518 : INFO : EventManager : Event: ======'homer_h_hit'====== Args={'profile': 'default', 'state': 'unlit', 'advancing': True}
2026-04-13 18:12:15,518 : INFO : EventManager : Event: ======'homer_h_default_hit'====== Args={'profile': 'default', 'state': 'unlit', 'advancing': True}
2026-04-13 18:12:15,518 : INFO : EventManager : Event: ======'homer_h_default_unlit_hit'====== Args={'profile': 'default', 'state': 'unlit', 'advancing': True}
2026-04-13 18:12:15,518 : INFO : EventManager : Event: ======'homer_h_unlit_hit'====== Args={'profile': 'default', 'state': 'unlit', 'advancing': True}
2026-04-13 18:12:15,518 : INFO : EventManager : Event: ======'start_mode_hurryup'====== Args={'priority': 0}
2026-04-13 18:12:15,518 : INFO : EventManager : Event: ======'mode_hurryup_will_start'====== Args={'priority': 0}
2026-04-13 18:12:15,519 : INFO : EventManager : Event: ======'player_shot_hurryup_enabled'====== Args={'value': True, 'prev_value': 0, 'change': 1, 'player_num': 1}
2026-04-13 18:12:15,519 : INFO : EventManager : Event: ======'player_hurryup_hurryup_timer_tick'====== Args={'value': 0, 'prev_value': 0, 'change': 0, 'player_num': 1}
2026-04-13 18:12:15,519 : INFO : Timer.hurryup_timer : Starting Timer.
2026-04-13 18:12:15,519 : INFO : EventManager : Event: ======'timer_hurryup_timer_started'====== Args={'ticks': 0, 'ticks_remaining': 25}
2026-04-13 18:12:15,519 : INFO : EventManager : Event: ======'timer_hurryup_timer_tick'====== Args={'ticks': 0, 'ticks_remaining': 25}
2026-04-13 18:12:15,520 : INFO : EventManager : Event: ======'mode_hurryup_starting'====== Args={'priority': 0}
2026-04-13 18:12:15,520 : INFO : Mode.hurryup : Started. Priority: 1000
2026-04-13 18:12:15,520 : INFO : EventManager : Event: ======'modes_active_modes_changed'====== Args={}
2026-04-13 18:12:15,520 : INFO : EventManager : Event: ======'mode_hurryup_started'====== Args={'priority': 0}
2026-04-13 18:12:15,550 : INFO : EventManager : Event: ======'slide_hurryup_created'====== Args={'_from_bcp': True}
2026-04-13 18:12:15,552 : INFO : EventManager : Event: ======'slide_base_slide_inactive'====== Args={'is_removing': False, '_from_bcp': True}
2026-04-13 18:12:15,552 : INFO : EventManager : Event: ======'slide_hurryup_active'====== Args={'original_context': 'hurryup', 'original_calling_context': 'mode_hurryup_started', 'priority': 1000.0, 'cmd': 'slides_play', '_from_bcp': True}
2026-04-13 18:12:15,581 : INFO : SwitchController : <<<<<<< 's_homer_h' inactive >>>>>>>
2026-04-13 18:12:15,730 : INFO : EventManager : Event: ======'player_hurryup_hurryup_timer_tick'====== Args={'value': 1, 'prev_value': 0, 'change': 1, 'player_num': 1}
2026-04-13 18:12:15,731 : INFO : EventManager : Event: ======'timer_hurryup_timer_tick'====== Args={'ticks': 1, 'ticks_remaining': 24}
2026-04-13 18:12:15,731 : INFO : EventManager : Event: ======'hurryup_value'====== Args={'priority': 0, 'current_hurryup': 98000}
2026-04-13 18:12:15,780 : INFO : SwitchController : <<<<<<< 's_homer_h' active >>>>>>>
2026-04-13 18:12:15,781 : INFO : EventManager : Event: ======'playfield_active'====== Args={'source': 'hurryup'}
2026-04-13 18:12:15,781 : INFO : EventManager : Event: ======'unexpected_ball_on_playfield'====== Args={}
2026-04-13 18:12:15,781 : INFO : EventManager : Event: ======'playfield_active'====== Args={'source': 'homer_h'}
2026-04-13 18:12:15,781 : INFO : EventManager : Event: ======'unexpected_ball_on_playfield'====== Args={}
2026-04-13 18:12:15,781 : INFO : EventManager : Event: ======'s_homer_h_active'====== Args={}
2026-04-13 18:12:15,781 : INFO : EventManager : Event: ======'machine_var_audits_switches_s_homer_h'====== Args={'value': 12, 'prev_value': 11, 'change': 1}
2026-04-13 18:12:15,781 : INFO : EventManager : Event: ======'player_shot_hurryup'====== Args={'value': 1, 'prev_value': 0, 'change': 1, 'player_num': 1}
2026-04-13 18:12:15,782 : INFO : EventManager : Event: ======'machine_var_audits_shots_hurryup'====== Args={'value': 5, 'prev_value': 4, 'change': 1}
2026-04-13 18:12:15,782 : INFO : EventManager : Event: ======'hurryup_hit'====== Args={'profile': 'default', 'state': 'unlit', 'advancing': True}
2026-04-13 18:12:15,782 : INFO : EventManager : Event: ======'hurryup_default_hit'====== Args={'profile': 'default', 'state': 'unlit', 'advancing': True}
2026-04-13 18:12:15,782 : INFO : EventManager : Event: ======'hurryup_default_unlit_hit'====== Args={'profile': 'default', 'state': 'unlit', 'advancing': True}
2026-04-13 18:12:15,782 : INFO : EventManager : Event: ======'hurryup_unlit_hit'====== Args={'profile': 'default', 'state': 'unlit', 'advancing': True}
2026-04-13 18:12:15,782 : INFO : EventManager : Event: ======'machine_var_audits_shots_homer_h'====== Args={'value': 12, 'prev_value': 11, 'change': 1}
2026-04-13 18:12:15,782 : INFO : EventManager : Event: ======'homer_h_hit'====== Args={'profile': 'default', 'state': 'lit', 'advancing': False}
2026-04-13 18:12:15,783 : INFO : EventManager : Event: ======'homer_h_default_hit'====== Args={'profile': 'default', 'state': 'lit', 'advancing': False}
2026-04-13 18:12:15,783 : INFO : EventManager : Event: ======'homer_h_default_lit_hit'====== Args={'profile': 'default', 'state': 'lit', 'advancing': False}
2026-04-13 18:12:15,784 : INFO : EventManager : Event: ======'homer_h_lit_hit'====== Args={'profile': 'default', 'state': 'lit', 'advancing': False}
2026-04-13 18:12:15,784 : INFO : EventManager : Event: ======'stop_mode_hurryup'====== Args={'priority': 0}
2026-04-13 18:12:15,784 : INFO : EventManager : Event: ======'player_score'====== Args={'value': 99000, 'prev_value': 1000, 'change': 98000, 'player_num': 1, 'source': 'hurryup'}
2026-04-13 18:12:15,784 : INFO : EventManager : Event: ======'mode_hurryup_will_stop'====== Args={}
2026-04-13 18:12:15,784 : INFO : EventManager : Event: ======'mode_hurryup_stopping'====== Args={}
2026-04-13 18:12:15,784 : INFO : EventManager : Event: ======'start_mode_hurryup'====== Args={'priority': 0}
2026-04-13 18:12:15,784 : INFO : Mode.hurryup : Stopped.
2026-04-13 18:12:15,784 : INFO : EventManager : Event: ======'modes_active_modes_changed'====== Args={}
2026-04-13 18:12:15,785 : INFO : EventManager : Event: ======'mode_hurryup_stopped'====== Args={}
2026-04-13 18:12:15,785 : INFO : EventManager : Event: ======'clear'====== Args={'key': 'hurryup'}
2026-04-13 18:12:15,785 : INFO : Timer.hurryup_timer : Stopping Timer
2026-04-13 18:12:15,785 : INFO : EventManager : Event: ======'timer_hurryup_timer_stopped'====== Args={'ticks': 1, 'ticks_remaining': 24}
2026-04-13 18:12:15,797 : INFO : EventManager : Event: ======'slide_hurryup_inactive'====== Args={'is_removing': True, '_from_bcp': True}
2026-04-13 18:12:15,797 : INFO : EventManager : Event: ======'slide_base_slide_active'====== Args={'_from_bcp': True}
2026-04-13 18:12:15,797 : INFO : EventManager : Event: ======'slide_hurryup_removed'====== Args={'_from_bcp': True}
2026-04-13 18:12:15,864 : INFO : SwitchController : <<<<<<< 's_homer_h' inactive >>>>>>>
2026-04-13 18:12:16,265 : INFO : EventManager : Event: ======'balldevice_bd_trough_ball_eject_failed'====== Args={'target': <ball_device.bd_plunger>, 'balls': 1, 'retry': True, 'num_attempts': 1}
2026-04-13 18:12:16,267 : INFO : ball_device.bd_trough : State: waiting_for_target_ready
2026-04-13 18:12:16,267 : INFO : EventManager : Event: ======'balldevice_bd_trough_ball_eject_attempt'====== Args={'balls': 1, 'target': <ball_device.bd_plunger>, 'source': <ball_device.bd_trough>, 'mechanical_eject': False, 'num_attempts': 1}
2026-04-13 18:12:16,267 : INFO : ball_device.bd_trough : State: ejecting
2026-04-13 18:12:16,268 : INFO : ball_device.bd_trough : Ejecting ball to <ball_device.bd_plunger>
2026-04-13 18:12:16,268 : INFO : EventManager : Event: ======'balldevice_bd_trough_ejecting_ball'====== Args={'balls': 1, 'target': <ball_device.bd_plunger>, 'source': <ball_device.bd_trough>, 'mechanical_eject': False, 'num_attempts': 1}
2026-04-13 18:12:16,268 : INFO : ball_device.bd_trough : Wait for ball to leave device
2026-04-13 18:12:16,268 : INFO : coil.c_trough_release : Pulsing Driver for 20ms (1.0 pulse_power)
2026-04-13 18:12:19,279 : INFO : EventManager : Event: ======'balldevice_bd_trough_ball_eject_failed'====== Args={'target': <ball_device.bd_plunger>, 'balls': 1, 'retry': True, 'num_attempts': 2}
2026-04-13 18:12:19,281 : INFO : ball_device.bd_trough : State: waiting_for_target_ready
2026-04-13 18:12:19,282 : INFO : EventManager : Event: ======'balldevice_bd_trough_ball_eject_attempt'====== Args={'balls': 1, 'target': <ball_device.bd_plunger>, 'source': <ball_device.bd_trough>, 'mechanical_eject': False, 'num_attempts': 2}
2026-04-13 18:12:19,282 : INFO : ball_device.bd_trough : State: ejecting
2026-04-13 18:12:19,282 : INFO : ball_device.bd_trough : Ejecting ball to <ball_device.bd_plunger>
2026-04-13 18:12:19,282 : INFO : EventManager : Event: ======'balldevice_bd_trough_ejecting_ball'====== Args={'balls': 1, 'target': <ball_device.bd_plunger>, 'source': <ball_device.bd_trough>, 'mechanical_eject': False, 'num_attempts': 2}
2026-04-13 18:12:19,283 : INFO : ball_device.bd_trough : Wait for ball to leave device
2026-04-13 18:12:19,283 : INFO : coil.c_trough_release : Pulsing Driver for 20ms (1.0 pulse_power)
2026-04-13 18:12:20,530 : INFO : Machine : Shutting down...
2026-04-13 18:12:20,530 : INFO : EventManager : Event: ======'shutdown'====== Args={}
2026-04-13 18:12:20,530 : INFO : EventManager : Event: ======'mode_game_will_stop'====== Args={}
2026-04-13 18:12:20,531 : INFO : EventManager : Event: ======'mode_game_stopping'====== Args={}
2026-04-13 18:12:20,531 : INFO : EventManager : Event: ======'mode_slingshots_will_stop'====== Args={}
2026-04-13 18:12:20,531 : INFO : EventManager : Event: ======'mode_slingshots_stopping'====== Args={}
2026-04-13 18:12:20,531 : INFO : EventManager : Event: ======'mode_base_will_stop'====== Args={}
2026-04-13 18:12:20,531 : INFO : EventManager : Event: ======'mode_base_stopping'====== Args={}
2026-04-13 18:12:20,531 : INFO : EventManager : Event: ======'stop_mode_slingshots'====== Args={'priority': 0}
2026-04-13 18:12:20,531 : INFO : Mode.base : Stopped.
2026-04-13 18:12:20,531 : INFO : EventManager : Event: ======'modes_active_modes_changed'====== Args={}
2026-04-13 18:12:20,532 : INFO : EventManager : Event: ======'mode_base_stopped'====== Args={}
2026-04-13 18:12:20,532 : INFO : EventManager : Event: ======'clear'====== Args={'key': 'base'}
2026-04-13 18:12:20,532 : INFO : Mode.slingshots : Stopped.
2026-04-13 18:12:20,532 : INFO : EventManager : Event: ======'modes_active_modes_changed'====== Args={}
2026-04-13 18:12:20,532 : INFO : EventManager : Event: ======'mode_slingshots_stopped'====== Args={}
2026-04-13 18:12:20,532 : INFO : EventManager : Event: ======'clear'====== Args={'key': 'slingshots'}
2026-04-13 18:12:20,533 : INFO : Mode.game : Stopped.
2026-04-13 18:12:20,533 : INFO : EventManager : Event: ======'modes_active_modes_changed'====== Args={}
2026-04-13 18:12:20,533 : INFO : EventManager : Event: ======'mode_game_stopped'====== Args={}
2026-04-13 18:12:20,533 : INFO : EventManager : Event: ======'clear'====== Args={'key': 'game'}
2026-04-13 18:12:20,535 : INFO : root : MPF run loop ended.
