2026-04-15 20:21:17,572 : INFO : root : Loading config.
2026-04-15 20:21:17,587 : INFO : YamlMultifileConfigLoader : Machine config file #1: config.yaml
2026-04-15 20:21:17,587 : INFO : ConfigProcessor : Loading config from cache: C:\Users\Lukas\AppData\Local\Temp\32f39c1debf2d9ee836c41c94f408ffc.mpf_cache
2026-04-15 20:21:17,699 : DEBUG : YamlMultifileConfigLoader : Loading mode attract from C:\Users\Lukas\mpftspp\lib\site-packages\mpf\modes\attract\config\attract.yaml
2026-04-15 20:21:17,699 : DEBUG : YamlMultifileConfigLoader : Loading mode attract from C:\Users\Lukas\mpftspp\lib\site-packages\mpf\modes\attract\config\attract.yaml
2026-04-15 20:21:17,699 : WARNING : ConfigProcessor : Config file in cache changed: C:\Users\Lukas\Documents\TSPP\modes\attract\config\attract.yaml
2026-04-15 20:21:17,699 : INFO : ConfigProcessor : Loading config from file C:\Users\Lukas\mpftspp\lib\site-packages\mpf\modes\attract\config\attract.yaml.
2026-04-15 20:21:17,699 : DEBUG : YAML File Interface : Loading file: C:\Users\Lukas\mpftspp\lib\site-packages\mpf\modes\attract\config\attract.yaml
2026-04-15 20:21:17,712 : INFO : ConfigProcessor : Loading config: C:\Users\Lukas\mpftspp\lib\site-packages\mpf\modes\attract\config\attract.yaml
2026-04-15 20:21:17,712 : INFO : ConfigProcessor : Loading config from file C:\Users\Lukas\Documents\TSPP\modes\attract\config\attract.yaml.
2026-04-15 20:21:17,712 : DEBUG : YAML File Interface : Loading file: C:\Users\Lukas\Documents\TSPP\modes\attract\config\attract.yaml
2026-04-15 20:21:17,715 : INFO : ConfigProcessor : Loading config: C:\Users\Lukas\Documents\TSPP\modes\attract\config\attract.yaml
2026-04-15 20:21:17,716 : INFO : ConfigProcessor : Config file cache created: C:\Users\Lukas\AppData\Local\Temp\1cf6e080e232be7da984fc3f9f606af5.mpf_cache
2026-04-15 20:21:17,716 : DEBUG : YamlMultifileConfigLoader : Loading mode game from C:\Users\Lukas\mpftspp\lib\site-packages\mpf\modes\game\config\game.yaml
2026-04-15 20:21:17,718 : INFO : ConfigProcessor : Loading config from cache: C:\Users\Lukas\AppData\Local\Temp\d5d281e4d67cd36b56e6e575dc21d22a.mpf_cache
2026-04-15 20:21:17,720 : DEBUG : YamlMultifileConfigLoader : Loading mode attract from C:\Users\Lukas\mpftspp\lib\site-packages\mpf\modes\attract\config\attract.yaml
2026-04-15 20:21:17,721 : DEBUG : YamlMultifileConfigLoader : Loading mode attract from C:\Users\Lukas\mpftspp\lib\site-packages\mpf\modes\attract\config\attract.yaml
2026-04-15 20:21:17,721 : INFO : ConfigProcessor : Loading config from cache: C:\Users\Lukas\AppData\Local\Temp\1cf6e080e232be7da984fc3f9f606af5.mpf_cache
2026-04-15 20:21:17,721 : DEBUG : YamlMultifileConfigLoader : Loading mode base from C:\Users\Lukas\mpftspp\lib\site-packages\mpf\modes\base\config\base.yaml
2026-04-15 20:21:17,724 : INFO : ConfigProcessor : Loading config from cache: C:\Users\Lukas\AppData\Local\Temp\e915a77df2eb7c954f1557e6bd49ea48.mpf_cache
2026-04-15 20:21:17,724 : DEBUG : YamlMultifileConfigLoader : Loading mode slingshots from C:\Users\Lukas\mpftspp\lib\site-packages\mpf\modes\slingshots\config\slingshots.yaml
2026-04-15 20:21:17,724 : INFO : ConfigProcessor : Loading config from cache: C:\Users\Lukas\AppData\Local\Temp\6720abd7d78775ec476d92be447cc36c.mpf_cache
2026-04-15 20:21:17,724 : DEBUG : YamlMultifileConfigLoader : Loading mode hurryup from C:\Users\Lukas\mpftspp\lib\site-packages\mpf\modes\hurryup\config\hurryup.yaml
2026-04-15 20:21:17,724 : INFO : ConfigProcessor : Loading config from cache: C:\Users\Lukas\AppData\Local\Temp\5c55177e8fd0a80aca73e5066ec16461.mpf_cache
2026-04-15 20:21:17,731 : INFO : Machine : Mission Pinball Framework Core Engine v0.80.0.dev14
2026-04-15 20:21:17,731 : INFO : Machine : Command line arguments: {'no_load_cache': False, 'create_config_cache': True, 'bcp': True, 'configfile': ['config.yaml'], 'force_assets_load': False, 'platform_integration_test': False, 'jsonlogging': False, 'logfile': 'logs\\2026-04-15-20-21-17-mpf-DESKTOP-24N7989.log', 'pause': False, 'production': False, 'text_ui': True, 'loglevel': 10, 'consoleloglevel': 20, 'force_platform': 'smart_virtual', 'syslog_address': None, 'full_logfile_path': 'C:\\Users\\Lukas\\Documents\\TSPP\\logs\\2026-04-15-20-21-17-mpf-DESKTOP-24N7989.log'}
2026-04-15 20:21:17,731 : INFO : Machine : MPF path: C:\Users\Lukas\mpftspp\lib\site-packages\mpf
2026-04-15 20:21:17,731 : INFO : Machine : Machine path: C:\Users\Lukas\Documents\TSPP
2026-04-15 20:21:17,731 : INFO : Machine : Platform: win32
2026-04-15 20:21:17,731 : INFO : Machine : Python executable location: C:\Users\Lukas\mpftspp\Scripts\python.exe
2026-04-15 20:21:17,731 : INFO : Machine : Python version: 3.10.0 (64-bit)
2026-04-15 20:21:17,733 : DEBUG : asyncio : Using proactor: IocpProactor
2026-04-15 20:21:17,735 : INFO : Machine : Initializing MPF...
2026-04-15 20:21:17,851 : DEBUG : asciimatics.widgets.layout : Updating: None
2026-04-15 20:21:17,851 : DEBUG : asciimatics.widgets.layout : Updating: None
2026-04-15 20:21:17,851 : DEBUG : asciimatics.widgets.layout : Updating: None
2026-04-15 20:21:17,851 : DEBUG : asciimatics.widgets.layout : Updating: None
2026-04-15 20:21:17,851 : DEBUG : asciimatics.widgets.layout : Updating: None
2026-04-15 20:21:17,851 : DEBUG : asciimatics.widgets.layout : Updating: None
2026-04-15 20:21:17,851 : DEBUG : asciimatics.widgets.layout : Updating: None
2026-04-15 20:21:17,851 : DEBUG : asciimatics.widgets.layout : Updating: None
2026-04-15 20:21:17,851 : DEBUG : asciimatics.widgets.layout : Updating: None
2026-04-15 20:21:17,851 : DEBUG : asciimatics.widgets.layout : Updating: None
2026-04-15 20:21:17,851 : DEBUG : asciimatics.widgets.layout : Updating: None
2026-04-15 20:21:17,851 : DEBUG : asciimatics.widgets.layout : Updating: None
2026-04-15 20:21:17,851 : DEBUG : asciimatics.widgets.widget : Widget blur: <asciimatics.widgets.label.Label object at 0x000002772F7992F0>
2026-04-15 20:21:17,851 : DEBUG : asciimatics.widgets.widget : Widget blur: <asciimatics.widgets.label.Label object at 0x000002772FB70930>
2026-04-15 20:21:17,851 : DEBUG : asciimatics.widgets.widget : Widget blur: <asciimatics.widgets.label.Label object at 0x000002772FB70AD0>
2026-04-15 20:21:17,851 : DEBUG : asciimatics.widgets.layout : Blur: <asciimatics.widgets.layout.Layout object at 0x000002772FB67D60>
2026-04-15 20:21:17,851 : DEBUG : asciimatics.widgets.layout : Blur: <mpf.core.text_ui.MpfLayout object at 0x000002772FADEDC0>
2026-04-15 20:21:17,851 : DEBUG : asciimatics.widgets.layout : Updating: None
2026-04-15 20:21:17,851 : DEBUG : asciimatics.widgets.layout : Updating: None
2026-04-15 20:21:17,851 : DEBUG : asciimatics.widgets.layout : Updating: None
2026-04-15 20:21:17,851 : DEBUG : asciimatics.widgets.layout : Updating: None
2026-04-15 20:21:17,851 : DEBUG : asciimatics.widgets.layout : Updating: None
2026-04-15 20:21:17,851 : DEBUG : asciimatics.widgets.layout : Updating: None
2026-04-15 20:21:17,851 : DEBUG : asciimatics.widgets.widget : Widget blur: <asciimatics.widgets.label.Label object at 0x000002772FB70EE0>
2026-04-15 20:21:17,851 : DEBUG : asciimatics.widgets.widget : Widget blur: <asciimatics.widgets.label.Label object at 0x000002772FB70E10>
2026-04-15 20:21:17,851 : DEBUG : asciimatics.widgets.widget : Widget blur: <asciimatics.widgets.label.Label object at 0x000002772FB70FB0>
2026-04-15 20:21:17,851 : DEBUG : asciimatics.widgets.widget : Widget blur: <asciimatics.widgets.label.Label object at 0x000002772FB70D40>
2026-04-15 20:21:17,851 : DEBUG : asciimatics.widgets.widget : Widget blur: <asciimatics.widgets.label.Label object at 0x000002772FB70C70>
2026-04-15 20:21:17,851 : DEBUG : asciimatics.widgets.widget : Widget blur: <asciimatics.widgets.label.Label object at 0x000002772FB70BA0>
2026-04-15 20:21:17,851 : DEBUG : asciimatics.widgets.layout : Blur: <asciimatics.widgets.layout.Layout object at 0x000002772FB67E20>
2026-04-15 20:21:17,851 : DEBUG : asciimatics.widgets.layout : Focus: <asciimatics.widgets.layout.Layout object at 0x000002772FB67D60>
2026-04-15 20:21:17,851 : DEBUG : asciimatics.widgets.layout : Focus: <mpf.core.text_ui.MpfLayout object at 0x000002772FADEDC0>
2026-04-15 20:21:17,851 : DEBUG : asciimatics.widgets.layout : Focus: <asciimatics.widgets.layout.Layout object at 0x000002772FB67E20>
2026-04-15 20:21:17,851 : DEBUG : asciimatics.widgets.frame : Cloning: Test
2026-04-15 20:21:17,851 : DEBUG : asciimatics.widgets.layout : Updating: None
2026-04-15 20:21:17,851 : DEBUG : asciimatics.widgets.layout : Updating: None
2026-04-15 20:21:17,851 : DEBUG : asciimatics.widgets.layout : Updating: None
2026-04-15 20:21:17,851 : DEBUG : asciimatics.widgets.layout : Updating: None
2026-04-15 20:21:17,851 : DEBUG : asciimatics.widgets.layout : Updating: None
2026-04-15 20:21:17,851 : DEBUG : asciimatics.widgets.layout : Updating: None
2026-04-15 20:21:17,851 : DEBUG : asciimatics.widgets.layout : Updating: None
2026-04-15 20:21:17,851 : DEBUG : asciimatics.widgets.layout : Updating: None
2026-04-15 20:21:17,851 : DEBUG : asciimatics.widgets.layout : Updating: None
2026-04-15 20:21:17,851 : DEBUG : asciimatics.widgets.layout : Updating: None
2026-04-15 20:21:17,851 : DEBUG : asciimatics.widgets.layout : Updating: None
2026-04-15 20:21:17,851 : DEBUG : asciimatics.widgets.layout : Updating: None
2026-04-15 20:21:17,851 : DEBUG : asciimatics.widgets.layout : Updating: None
2026-04-15 20:21:17,851 : DEBUG : asciimatics.widgets.layout : Updating: None
2026-04-15 20:21:17,851 : DEBUG : asciimatics.widgets.layout : Updating: None
2026-04-15 20:21:17,851 : DEBUG : asciimatics.widgets.layout : Updating: None
2026-04-15 20:21:17,851 : DEBUG : asciimatics.widgets.layout : Updating: None
2026-04-15 20:21:17,851 : DEBUG : asciimatics.widgets.layout : Updating: None
2026-04-15 20:21:17,856 : DEBUG : asciimatics.screen : Processing key: d
2026-04-15 20:21:18,052 : INFO : EventManager : Event: ======'machine_var_credits_string'====== Args={'value': 'FREE PLAY', 'prev_value': None, 'change': True}
2026-04-15 20:21:18,079 : INFO : EventManager : Event: ======'machine_var_master_volume'====== Args={'value': 0.5, 'prev_value': None, 'change': True}
2026-04-15 20:21:18,079 : INFO : EventManager : Event: ======'machine_var_mpf_version'====== Args={'value': 'Mission Pinball Framework v0.80.0.dev14', 'prev_value': None, 'change': True}
2026-04-15 20:21:18,079 : INFO : EventManager : Event: ======'machine_var_mpf_extended_version'====== Args={'value': 'Mission Pinball Framework v0.80.0.dev14, Config version:6, Show version: 6, BCP version:1.1', 'prev_value': None, 'change': True}
2026-04-15 20:21:18,079 : INFO : EventManager : Event: ======'machine_var_python_version'====== Args={'value': '3.10.0', 'prev_value': None, 'change': True}
2026-04-15 20:21:18,111 : INFO : EventManager : Event: ======'machine_var_platform'====== Args={'value': 'Windows-10-10.0.26200-SP0', 'prev_value': None, 'change': True}
2026-04-15 20:21:18,111 : INFO : EventManager : Event: ======'machine_var_platform_system'====== Args={'value': 'Windows', 'prev_value': None, 'change': True}
2026-04-15 20:21:18,111 : INFO : EventManager : Event: ======'machine_var_platform_release'====== Args={'value': '10', 'prev_value': None, 'change': True}
2026-04-15 20:21:18,111 : INFO : EventManager : Event: ======'machine_var_platform_version'====== Args={'value': '10.0.26200', 'prev_value': None, 'change': True}
2026-04-15 20:21:18,111 : INFO : EventManager : Event: ======'machine_var_platform_machine'====== Args={'value': 'AMD64', 'prev_value': None, 'change': True}
2026-04-15 20:21:18,111 : INFO : EventManager : Event: ======'machine_var_log_file_path'====== Args={'value': 'C:\\Users\\Lukas\\Documents\\TSPP\\logs\\2026-04-15-20-21-17-mpf-DESKTOP-24N7989.log', 'prev_value': None, 'change': True}
2026-04-15 20:21:18,113 : INFO : EventManager : Event: ======'init_phase_1'====== Args={}
2026-04-15 20:21:18,113 : DEBUG : ModeController : Loaded mode slingshots
2026-04-15 20:21:18,114 : DEBUG : ModeController : Loaded mode base
2026-04-15 20:21:18,114 : DEBUG : ModeController : Loaded mode hurryup
2026-04-15 20:21:18,122 : DEBUG : ModeController : Loaded mode game
2026-04-15 20:21:18,125 : DEBUG : ModeController : Loaded mode attract
2026-04-15 20:21:18,141 : INFO : EventManager : Event: ======'init_phase_2'====== Args={}
2026-04-15 20:21:18,141 : INFO : SwitchController : Found active switch: ('1-0-8', <Platform.SmartVirtual>) <switch.s_trough_1>
2026-04-15 20:21:18,141 : INFO : SwitchController : Found active switch: ('1-0-9', <Platform.SmartVirtual>) <switch.s_trough_2>
2026-04-15 20:21:18,141 : INFO : SwitchController : Found active switch: ('1-0-10', <Platform.SmartVirtual>) <switch.s_trough_3>
2026-04-15 20:21:18,141 : INFO : EventManager : Event: ======'bcp_connection_attempt'====== Args={'name': 'local_display', 'host': 'localhost', 'port': 5050}
2026-04-15 20:21:18,157 : DEBUG : asciimatics.widgets.layout : Updating: message
2026-04-15 20:21:18,157 : DEBUG : asciimatics.widgets.layout : Updating: message
2026-04-15 20:21:18,157 : DEBUG : asciimatics.widgets.widget : Widget blur: <asciimatics.widgets.textbox.TextBox object at 0x000002772F667400>
2026-04-15 20:21:18,157 : DEBUG : asciimatics.widgets.layout : Blur: <asciimatics.widgets.layout.Layout object at 0x000002772C7E76A0>
2026-04-15 20:21:18,157 : DEBUG : asciimatics.widgets.layout : Blur: <asciimatics.widgets.layout.Layout object at 0x000002772C7E7520>
2026-04-15 20:21:18,157 : DEBUG : asciimatics.widgets.layout : Focus: <asciimatics.widgets.layout.Layout object at 0x000002772C7E76A0>
2026-04-15 20:21:18,157 : DEBUG : asciimatics.widgets.layout : Focus: <asciimatics.widgets.layout.Layout object at 0x000002772C7E7520>
2026-04-15 20:21:18,157 : INFO : BCPClientSocket : Connecting BCP to 'local_display' at localhost:5050...
2026-04-15 20:21:18,157 : DEBUG : asciimatics.screen : Processing mouse: 80, 21
2026-04-15 20:21:18,157 : DEBUG : asciimatics.widgets.frame : New event: MouseEvent (43, 8) 0
2026-04-15 20:21:18,868 : DEBUG : asciimatics.screen : Processing mouse: 73, 21
2026-04-15 20:21:18,868 : DEBUG : asciimatics.widgets.frame : New event: MouseEvent (36, 8) 0
2026-04-15 20:21:19,884 : DEBUG : asciimatics.screen : Processing mouse: 64, 18
2026-04-15 20:21:19,884 : DEBUG : asciimatics.widgets.frame : New event: MouseEvent (27, 5) 0
2026-04-15 20:21:20,866 : DEBUG : asciimatics.screen : Processing mouse: 62, 16
2026-04-15 20:21:20,866 : DEBUG : asciimatics.widgets.frame : New event: MouseEvent (25, 3) 0
2026-04-15 20:21:21,886 : DEBUG : asciimatics.screen : Processing mouse: 62, 16
2026-04-15 20:21:21,886 : DEBUG : asciimatics.widgets.frame : New event: MouseEvent (25, 3) 1
2026-04-15 20:21:21,886 : DEBUG : asciimatics.widgets.frame : New event: MouseEvent (62, 16) 1
2026-04-15 20:21:21,886 : DEBUG : asciimatics.widgets.frame : Blurring: [<asciimatics.widgets.popupdialog.PopUpDialog object at 0x000002772FCF9390>, <asciimatics.widgets.frame.Frame object at 0x000002772FB43EB0>]
2026-04-15 20:21:21,886 : DEBUG : asciimatics.screen : Processing mouse: 62, 16
2026-04-15 20:21:21,886 : DEBUG : asciimatics.widgets.frame : New event: MouseEvent (62, 16) 0
2026-04-15 20:21:21,886 : DEBUG : asciimatics.widgets.frame : New event: MouseEvent (25, 3) 0
2026-04-15 20:21:21,886 : DEBUG : asciimatics.screen : Processing mouse: 61, 14
2026-04-15 20:21:21,886 : DEBUG : asciimatics.widgets.frame : New event: MouseEvent (61, 14) 0
2026-04-15 20:21:21,886 : DEBUG : asciimatics.widgets.frame : New event: MouseEvent (24, 1) 0
2026-04-15 20:21:21,886 : DEBUG : asciimatics.screen : Processing key: d
2026-04-15 20:21:21,886 : DEBUG : asciimatics.widgets.frame : New event: KeyboardEvent: 13
2026-04-15 20:21:21,886 : DEBUG : asciimatics.screen : Processing key: d
2026-04-15 20:21:22,869 : DEBUG : asciimatics.screen : Processing mouse: 59, 15
2026-04-15 20:21:22,869 : DEBUG : asciimatics.widgets.frame : New event: MouseEvent (59, 15) 0
2026-04-15 20:21:22,869 : DEBUG : asciimatics.widgets.frame : New event: MouseEvent (22, 2) 0
2026-04-15 20:21:23,883 : DEBUG : asciimatics.screen : Processing mouse: 52, 12
2026-04-15 20:21:23,883 : DEBUG : asciimatics.widgets.frame : New event: MouseEvent (52, 12) 0
2026-04-15 20:21:23,883 : DEBUG : asciimatics.widgets.frame : New event: MouseEvent (15, -1) 0
2026-04-15 20:21:24,866 : DEBUG : asciimatics.screen : Processing mouse: 52, 12
2026-04-15 20:21:24,866 : DEBUG : asciimatics.widgets.frame : New event: MouseEvent (52, 12) 0
2026-04-15 20:21:24,866 : DEBUG : asciimatics.widgets.frame : New event: MouseEvent (15, -1) 0
2026-04-15 20:21:24,866 : DEBUG : asciimatics.screen : Processing mouse: 50, 12
2026-04-15 20:21:24,866 : DEBUG : asciimatics.widgets.frame : New event: MouseEvent (50, 12) 0
2026-04-15 20:21:24,866 : DEBUG : asciimatics.widgets.frame : New event: MouseEvent (13, -1) 0
2026-04-15 20:21:25,883 : DEBUG : asciimatics.screen : Processing mouse: 49, 11
2026-04-15 20:21:25,883 : DEBUG : asciimatics.widgets.frame : New event: MouseEvent (49, 11) 0
2026-04-15 20:21:25,883 : DEBUG : asciimatics.widgets.frame : New event: MouseEvent (12, -2) 0
2026-04-15 20:21:26,870 : DEBUG : asciimatics.screen : Processing key: 32
2026-04-15 20:21:26,870 : DEBUG : asciimatics.widgets.frame : New event: KeyboardEvent: 50
2026-04-15 20:21:26,871 : DEBUG : asciimatics.screen : Processing key: 32
2026-04-15 20:21:26,871 : DEBUG : asciimatics.screen : Processing key: 31
2026-04-15 20:21:26,871 : DEBUG : asciimatics.widgets.frame : New event: KeyboardEvent: 49
2026-04-15 20:21:26,871 : DEBUG : asciimatics.screen : Processing key: 31
2026-04-15 20:21:33,858 : DEBUG : asciimatics.screen : Processing mouse: 57, 10
2026-04-15 20:21:33,858 : DEBUG : asciimatics.widgets.frame : New event: MouseEvent (57, 10) 0
2026-04-15 20:21:33,858 : DEBUG : asciimatics.widgets.frame : New event: MouseEvent (20, -3) 0
2026-04-15 20:21:34,855 : DEBUG : asciimatics.screen : Processing mouse: 34, 29
2026-04-15 20:21:34,855 : DEBUG : asciimatics.widgets.frame : New event: MouseEvent (34, 29) 0
2026-04-15 20:21:34,855 : DEBUG : asciimatics.widgets.frame : New event: MouseEvent (-3, 16) 0
2026-04-15 20:21:54,802 : INFO : BCPClientSocket : Connected BCP to 'local_display' localhost:5050
2026-04-15 20:21:54,804 : INFO : EventManager : Event: ======'bcp_clients_connected'====== Args={}
2026-04-15 20:21:54,809 : DEBUG : asciimatics.widgets.layout : Updating: None
2026-04-15 20:21:54,809 : DEBUG : asciimatics.widgets.layout : Updating: None
2026-04-15 20:21:54,809 : DEBUG : asciimatics.widgets.layout : Updating: None
2026-04-15 20:21:54,809 : DEBUG : asciimatics.widgets.layout : Updating: None
2026-04-15 20:21:54,809 : DEBUG : asciimatics.widgets.layout : Updating: None
2026-04-15 20:21:54,809 : DEBUG : asciimatics.widgets.layout : Updating: None
2026-04-15 20:21:54,809 : DEBUG : asciimatics.widgets.layout : Updating: None
2026-04-15 20:21:54,809 : DEBUG : asciimatics.widgets.layout : Updating: None
2026-04-15 20:21:54,809 : DEBUG : asciimatics.widgets.layout : Updating: None
2026-04-15 20:21:54,809 : DEBUG : asciimatics.widgets.layout : Updating: None
2026-04-15 20:21:54,810 : DEBUG : asciimatics.widgets.layout : Updating: None
2026-04-15 20:21:54,810 : DEBUG : asciimatics.widgets.layout : Updating: None
2026-04-15 20:21:54,810 : DEBUG : asciimatics.widgets.widget : Widget blur: <asciimatics.widgets.label.Label object at 0x000002772FB73B90>
2026-04-15 20:21:54,810 : DEBUG : asciimatics.widgets.widget : Widget blur: <asciimatics.widgets.label.Label object at 0x000002772FB73370>
2026-04-15 20:21:54,810 : DEBUG : asciimatics.widgets.widget : Widget blur: <asciimatics.widgets.label.Label object at 0x000002772FB73AC0>
2026-04-15 20:21:54,810 : DEBUG : asciimatics.widgets.layout : Blur: <asciimatics.widgets.layout.Layout object at 0x000002772FD28820>
2026-04-15 20:21:54,810 : DEBUG : asciimatics.widgets.layout : Blur: <mpf.core.text_ui.MpfLayout object at 0x000002772FC81CB0>
2026-04-15 20:21:54,810 : DEBUG : asciimatics.widgets.layout : Updating: None
2026-04-15 20:21:54,810 : DEBUG : asciimatics.widgets.layout : Updating: None
2026-04-15 20:21:54,810 : DEBUG : asciimatics.widgets.layout : Updating: None
2026-04-15 20:21:54,810 : DEBUG : asciimatics.widgets.layout : Updating: None
2026-04-15 20:21:54,810 : DEBUG : asciimatics.widgets.layout : Updating: None
2026-04-15 20:21:54,810 : DEBUG : asciimatics.widgets.layout : Updating: None
2026-04-15 20:21:54,810 : DEBUG : asciimatics.widgets.widget : Widget blur: <asciimatics.widgets.label.Label object at 0x000002772FB73850>
2026-04-15 20:21:54,810 : DEBUG : asciimatics.widgets.widget : Widget blur: <asciimatics.widgets.label.Label object at 0x000002772FB739F0>
2026-04-15 20:21:54,810 : DEBUG : asciimatics.widgets.widget : Widget blur: <asciimatics.widgets.label.Label object at 0x000002772FB73030>
2026-04-15 20:21:54,810 : DEBUG : asciimatics.widgets.widget : Widget blur: <asciimatics.widgets.label.Label object at 0x000002772FB72260>
2026-04-15 20:21:54,810 : DEBUG : asciimatics.widgets.widget : Widget blur: <asciimatics.widgets.label.Label object at 0x000002772FB72A80>
2026-04-15 20:21:54,810 : DEBUG : asciimatics.widgets.widget : Widget blur: <asciimatics.widgets.label.Label object at 0x000002772FB732A0>
2026-04-15 20:21:54,810 : DEBUG : asciimatics.widgets.layout : Blur: <asciimatics.widgets.layout.Layout object at 0x000002772FD28E80>
2026-04-15 20:21:54,810 : DEBUG : asciimatics.widgets.layout : Focus: <asciimatics.widgets.layout.Layout object at 0x000002772FD28820>
2026-04-15 20:21:54,811 : DEBUG : asciimatics.widgets.layout : Focus: <mpf.core.text_ui.MpfLayout object at 0x000002772FC81CB0>
2026-04-15 20:21:54,811 : DEBUG : asciimatics.widgets.layout : Focus: <asciimatics.widgets.layout.Layout object at 0x000002772FD28E80>
2026-04-15 20:21:54,811 : DEBUG : asciimatics.widgets.frame : Cloning: Test
2026-04-15 20:21:54,811 : DEBUG : asciimatics.widgets.layout : Updating: None
2026-04-15 20:21:54,811 : DEBUG : asciimatics.widgets.layout : Updating: None
2026-04-15 20:21:54,811 : DEBUG : asciimatics.widgets.layout : Updating: None
2026-04-15 20:21:54,811 : DEBUG : asciimatics.widgets.layout : Updating: None
2026-04-15 20:21:54,811 : DEBUG : asciimatics.widgets.layout : Updating: None
2026-04-15 20:21:54,811 : DEBUG : asciimatics.widgets.layout : Updating: None
2026-04-15 20:21:54,811 : DEBUG : asciimatics.widgets.layout : Updating: None
2026-04-15 20:21:54,812 : DEBUG : asciimatics.widgets.layout : Updating: None
2026-04-15 20:21:54,812 : DEBUG : asciimatics.widgets.layout : Updating: None
2026-04-15 20:21:54,812 : DEBUG : asciimatics.widgets.layout : Updating: None
2026-04-15 20:21:54,812 : DEBUG : asciimatics.widgets.layout : Updating: None
2026-04-15 20:21:54,812 : DEBUG : asciimatics.widgets.layout : Updating: None
2026-04-15 20:21:54,812 : DEBUG : asciimatics.widgets.layout : Updating: None
2026-04-15 20:21:54,812 : DEBUG : asciimatics.widgets.layout : Updating: None
2026-04-15 20:21:54,812 : DEBUG : asciimatics.widgets.layout : Updating: None
2026-04-15 20:21:54,812 : DEBUG : asciimatics.widgets.layout : Updating: None
2026-04-15 20:21:54,812 : DEBUG : asciimatics.widgets.layout : Updating: None
2026-04-15 20:21:54,812 : DEBUG : asciimatics.widgets.layout : Updating: None
2026-04-15 20:21:55,322 : INFO : ball_device.bd_drain : BCH: Initial count: 0
2026-04-15 20:21:55,430 : INFO : ball_device.bd_drain : State: idle
2026-04-15 20:21:55,430 : INFO : ball_device.bd_trough : BCH: Initial count: 3
2026-04-15 20:21:55,432 : INFO : ball_device.bd_trough : State: idle
2026-04-15 20:21:55,432 : INFO : ball_device.bd_plunger : BCH: Initial count: 0
2026-04-15 20:21:55,432 : INFO : ball_device.bd_plunger : State: idle
2026-04-15 20:21:55,436 : DEBUG : YAML File Interface : Loading file: C:\Users\Lukas\Documents\TSPP\data/audits.yaml
2026-04-15 20:21:55,442 : DEBUG : Machine : "info_lights:" section not found in machine configuration, so the InfoLights will not be used.
2026-04-15 20:21:55,446 : DEBUG : Machine : "switch_player:" section not found in machine configuration, so the SwitchPlayer will not be used.
2026-04-15 20:21:55,452 : DEBUG : Machine : "twitch_client:" section not found in machine configuration, so the TwitchBot will not be used.
2026-04-15 20:21:55,453 : DEBUG : Machine : "virtual_segment_display_connector:" section not found in machine configuration, so the VirtualSegmentDisplayConnector will not be used.
2026-04-15 20:21:55,453 : INFO : EventManager : Event: ======'init_phase_3'====== Args={}
2026-04-15 20:21:55,453 : DEBUG : ShowController : Loading show: flash
2026-04-15 20:21:55,454 : DEBUG : ShowController : Loading show: on
2026-04-15 20:21:55,455 : DEBUG : ShowController : Loading show: off
2026-04-15 20:21:55,455 : DEBUG : ShowController : Loading show: led_color
2026-04-15 20:21:55,456 : DEBUG : ShowController : Loading show: bl_color
2026-04-15 20:21:55,456 : DEBUG : ShowController : Loading show: flash_color
2026-04-15 20:21:55,456 : INFO : EventManager : Event: ======'init_phase_4'====== Args={}
2026-04-15 20:21:55,457 : INFO : BallController : Initial balls found: 3
2026-04-15 20:21:55,459 : INFO : EventManager : Event: ======'machine_var_audits_events_game_ended'====== Args={'value': 0, 'prev_value': None, 'change': True}
2026-04-15 20:21:55,460 : INFO : EventManager : Event: ======'machine_var_audits_events_game_started'====== Args={'value': 12, 'prev_value': None, 'change': True}
2026-04-15 20:21:55,460 : INFO : EventManager : Event: ======'machine_var_audits_missing_switches_s_drain'====== Args={'value': 12, 'prev_value': None, 'change': True}
2026-04-15 20:21:55,460 : INFO : EventManager : Event: ======'machine_var_audits_missing_switches_s_dt_m'====== Args={'value': 12, 'prev_value': None, 'change': True}
2026-04-15 20:21:55,460 : INFO : EventManager : Event: ======'machine_var_audits_missing_switches_s_dt_o'====== Args={'value': 12, 'prev_value': None, 'change': True}
2026-04-15 20:21:55,460 : INFO : EventManager : Event: ======'machine_var_audits_missing_switches_s_dt_u'====== Args={'value': 12, 'prev_value': None, 'change': True}
2026-04-15 20:21:55,460 : INFO : EventManager : Event: ======'machine_var_audits_missing_switches_s_flipper_left'====== Args={'value': 2, 'prev_value': None, 'change': True}
2026-04-15 20:21:55,460 : INFO : EventManager : Event: ======'machine_var_audits_missing_switches_s_flipper_right'====== Args={'value': 2, 'prev_value': None, 'change': True}
2026-04-15 20:21:55,460 : INFO : EventManager : Event: ======'machine_var_audits_missing_switches_s_flipper_rigt'====== Args={'value': 7, 'prev_value': None, 'change': True}
2026-04-15 20:21:55,460 : INFO : EventManager : Event: ======'machine_var_audits_missing_switches_s_kickout'====== Args={'value': 10, 'prev_value': None, 'change': True}
2026-04-15 20:21:55,461 : INFO : EventManager : Event: ======'machine_var_audits_missing_switches_s_plunger_lane'====== Args={'value': 5, 'prev_value': None, 'change': True}
2026-04-15 20:21:55,461 : INFO : EventManager : Event: ======'machine_var_audits_missing_switches_s_ramp_1'====== Args={'value': 12, 'prev_value': None, 'change': True}
2026-04-15 20:21:55,461 : INFO : EventManager : Event: ======'machine_var_audits_missing_switches_s_trough_1'====== Args={'value': 12, 'prev_value': None, 'change': True}
2026-04-15 20:21:55,461 : INFO : EventManager : Event: ======'machine_var_audits_missing_switches_s_trough_2'====== Args={'value': 12, 'prev_value': None, 'change': True}
2026-04-15 20:21:55,461 : INFO : EventManager : Event: ======'machine_var_audits_missing_switches_s_trough_3'====== Args={'value': 12, 'prev_value': None, 'change': True}
2026-04-15 20:21:55,461 : INFO : EventManager : Event: ======'machine_var_audits_player_score'====== Args={'value': {'average': 0, 'top': [], 'total': 0}, 'prev_value': None, 'change': True}
2026-04-15 20:21:55,461 : INFO : EventManager : Event: ======'machine_var_audits_shots_homer_h'====== Args={'value': 18, 'prev_value': None, 'change': True}
2026-04-15 20:21:55,461 : INFO : EventManager : Event: ======'machine_var_audits_shots_hurryup'====== Args={'value': 8, 'prev_value': None, 'change': True}
2026-04-15 20:21:55,461 : INFO : EventManager : Event: ======'machine_var_audits_shots_slingshot_left'====== Args={'value': 40, 'prev_value': None, 'change': True}
2026-04-15 20:21:55,461 : INFO : EventManager : Event: ======'machine_var_audits_shots_slingshot_right'====== Args={'value': 33, 'prev_value': None, 'change': True}
2026-04-15 20:21:55,461 : INFO : EventManager : Event: ======'machine_var_audits_switches_s_drain'====== Args={'value': 0, 'prev_value': None, 'change': True}
2026-04-15 20:21:55,462 : INFO : EventManager : Event: ======'machine_var_audits_switches_s_dt_m'====== Args={'value': 0, 'prev_value': None, 'change': True}
2026-04-15 20:21:55,462 : INFO : EventManager : Event: ======'machine_var_audits_switches_s_dt_o'====== Args={'value': 0, 'prev_value': None, 'change': True}
2026-04-15 20:21:55,462 : INFO : EventManager : Event: ======'machine_var_audits_switches_s_dt_u'====== Args={'value': 0, 'prev_value': None, 'change': True}
2026-04-15 20:21:55,462 : INFO : EventManager : Event: ======'machine_var_audits_switches_s_flipper_left'====== Args={'value': 4, 'prev_value': None, 'change': True}
2026-04-15 20:21:55,462 : INFO : EventManager : Event: ======'machine_var_audits_switches_s_flipper_right'====== Args={'value': 2, 'prev_value': None, 'change': True}
2026-04-15 20:21:55,462 : INFO : EventManager : Event: ======'machine_var_audits_switches_s_flipper_rigt'====== Args={'value': 0, 'prev_value': None, 'change': True}
2026-04-15 20:21:55,462 : INFO : EventManager : Event: ======'machine_var_audits_switches_s_homer_h'====== Args={'value': 18, 'prev_value': None, 'change': True}
2026-04-15 20:21:55,462 : INFO : EventManager : Event: ======'machine_var_audits_switches_s_kickout'====== Args={'value': 1, 'prev_value': None, 'change': True}
2026-04-15 20:21:55,462 : INFO : EventManager : Event: ======'machine_var_audits_switches_s_plunger_lane'====== Args={'value': 2, 'prev_value': None, 'change': True}
2026-04-15 20:21:55,463 : INFO : EventManager : Event: ======'machine_var_audits_switches_s_ramp_1'====== Args={'value': 0, 'prev_value': None, 'change': True}
2026-04-15 20:21:55,463 : INFO : EventManager : Event: ======'machine_var_audits_switches_s_sling_left'====== Args={'value': 40, 'prev_value': None, 'change': True}
2026-04-15 20:21:55,463 : INFO : EventManager : Event: ======'machine_var_audits_switches_s_sling_right'====== Args={'value': 33, 'prev_value': None, 'change': True}
2026-04-15 20:21:55,463 : INFO : EventManager : Event: ======'machine_var_audits_switches_s_start'====== Args={'value': 3, 'prev_value': None, 'change': True}
2026-04-15 20:21:55,463 : INFO : EventManager : Event: ======'machine_var_audits_switches_s_trough_1'====== Args={'value': 0, 'prev_value': None, 'change': True}
2026-04-15 20:21:55,463 : INFO : EventManager : Event: ======'machine_var_audits_switches_s_trough_2'====== Args={'value': 0, 'prev_value': None, 'change': True}
2026-04-15 20:21:55,463 : INFO : EventManager : Event: ======'machine_var_audits_switches_s_trough_3'====== Args={'value': 0, 'prev_value': None, 'change': True}
2026-04-15 20:21:55,464 : INFO : EventManager : Event: ======'init_phase_5'====== Args={}
2026-04-15 20:21:55,490 : INFO : EventManager : Event: ======'init_done'====== Args={}
2026-04-15 20:21:55,490 : INFO : EventManager : Event: ======'machine_reset_phase_1'====== Args={}
2026-04-15 20:21:55,503 : INFO : EventManager : Event: ======'machine_reset_phase_2'====== Args={}
2026-04-15 20:21:55,503 : INFO : EventManager : Event: ======'machine_reset_phase_3'====== Args={}
2026-04-15 20:21:55,504 : INFO : EventManager : Event: ======'mode_attract_will_start'====== Args={'queue': <QueuedEvent>}
2026-04-15 20:21:55,505 : INFO : Timer.attract_carousel_timer : Starting Timer.
2026-04-15 20:21:55,505 : INFO : EventManager : Event: ======'timer_attract_carousel_timer_started'====== Args={'ticks': 0, 'ticks_remaining': 1}
2026-04-15 20:21:55,505 : INFO : EventManager : Event: ======'timer_attract_carousel_timer_tick'====== Args={'ticks': 0, 'ticks_remaining': 1}
2026-04-15 20:21:55,506 : INFO : EventManager : Event: ======'mode_attract_starting'====== Args={'queue': <QueuedEvent>}
2026-04-15 20:21:55,506 : INFO : Mode.attract : Started. Priority: 10
2026-04-15 20:21:55,508 : INFO : EventManager : Event: ======'modes_active_modes_changed'====== Args={}
2026-04-15 20:21:55,508 : INFO : EventManager : Event: ======'mode_attract_started'====== Args={'queue': <QueuedEvent>}
2026-04-15 20:21:55,509 : INFO : EventManager : Event: ======'collecting_balls_complete'====== Args={}
2026-04-15 20:21:55,509 : INFO : EventManager : Event: ======'carousel_item_highlighted'====== Args={'carousel': 'attract', 'direction': None, 'item': 'title'}
2026-04-15 20:21:55,509 : INFO : EventManager : Event: ======'timer_attract_carousel_timer_tick'====== Args={'ticks': 0, 'ticks_remaining': 1}
2026-04-15 20:21:55,509 : INFO : EventManager : Event: ======'reset_complete'====== Args={}
2026-04-15 20:21:55,529 : INFO : Machine : Starting the main run loop with active modes: [<Mode.attract>]
2026-04-15 20:21:55,532 : INFO : EventManager : Event: ======'slide_attract_created'====== Args={'_from_bcp': True}
2026-04-15 20:21:55,532 : INFO : EventManager : Event: ======'slide__removed'====== Args={'_from_bcp': True}
2026-04-15 20:21:55,532 : INFO : EventManager : Event: ======'slide_attract_active'====== Args={'original_context': 'attract', 'original_calling_context': 'mode_attract_started', 'priority': 10.0, 'queue': '<QueuedEvent>', 'cmd': 'slides_play', '_from_bcp': True}
2026-04-15 20:21:59,874 : DEBUG : asciimatics.screen : Processing mouse: 68, 17
2026-04-15 20:21:59,874 : DEBUG : asciimatics.widgets.frame : New event: MouseEvent (68, 17) 0
2026-04-15 20:22:00,512 : INFO : Timer.attract_carousel_timer : Timer Complete
2026-04-15 20:22:00,512 : INFO : Timer.attract_carousel_timer : Stopping Timer
2026-04-15 20:22:00,512 : INFO : EventManager : Event: ======'timer_attract_carousel_timer_stopped'====== Args={'ticks': 1, 'ticks_remaining': 1}
2026-04-15 20:22:00,512 : INFO : EventManager : Event: ======'timer_attract_carousel_timer_complete'====== Args={'ticks': 1, 'ticks_remaining': 1}
2026-04-15 20:22:00,512 : INFO : EventManager : Event: ======'carousel_item_highlighted'====== Args={'carousel': 'attract', 'direction': 'forwards', 'item': 'credits'}
2026-04-15 20:22:00,513 : INFO : Timer.attract_carousel_timer : Starting Timer.
2026-04-15 20:22:00,513 : INFO : EventManager : Event: ======'timer_attract_carousel_timer_started'====== Args={'ticks': 0, 'ticks_remaining': 1}
2026-04-15 20:22:00,513 : INFO : EventManager : Event: ======'timer_attract_carousel_timer_tick'====== Args={'ticks': 0, 'ticks_remaining': 1}
2026-04-15 20:22:00,863 : DEBUG : asciimatics.screen : Processing mouse: 66, 17
2026-04-15 20:22:00,864 : DEBUG : asciimatics.widgets.frame : New event: MouseEvent (66, 17) 0
2026-04-15 20:22:03,865 : DEBUG : asciimatics.screen : Processing mouse: 66, 17
2026-04-15 20:22:03,865 : DEBUG : asciimatics.widgets.frame : New event: MouseEvent (66, 17) 1
2026-04-15 20:22:03,865 : DEBUG : asciimatics.widgets.frame : Blurring: [<asciimatics.widgets.frame.Frame object at 0x000002772FCFAB90>]
2026-04-15 20:22:03,866 : DEBUG : asciimatics.screen : Processing mouse: 66, 17
2026-04-15 20:22:03,866 : DEBUG : asciimatics.widgets.frame : New event: MouseEvent (66, 17) 4
2026-04-15 20:22:03,866 : DEBUG : asciimatics.widgets.frame : Blurring: [<asciimatics.widgets.frame.Frame object at 0x000002772FCFAB90>]
2026-04-15 20:22:03,867 : DEBUG : asciimatics.screen : Processing mouse: 66, 17
2026-04-15 20:22:03,867 : DEBUG : asciimatics.widgets.frame : New event: MouseEvent (66, 17) 0
2026-04-15 20:22:04,880 : DEBUG : asciimatics.screen : Processing key: d
2026-04-15 20:22:04,880 : DEBUG : asciimatics.widgets.frame : New event: KeyboardEvent: 13
2026-04-15 20:22:04,880 : DEBUG : asciimatics.screen : Processing key: d
2026-04-15 20:22:05,529 : INFO : Timer.attract_carousel_timer : Timer Complete
2026-04-15 20:22:05,530 : INFO : Timer.attract_carousel_timer : Stopping Timer
2026-04-15 20:22:05,530 : INFO : EventManager : Event: ======'timer_attract_carousel_timer_stopped'====== Args={'ticks': 1, 'ticks_remaining': 1}
2026-04-15 20:22:05,530 : INFO : EventManager : Event: ======'timer_attract_carousel_timer_complete'====== Args={'ticks': 1, 'ticks_remaining': 1}
2026-04-15 20:22:05,530 : INFO : EventManager : Event: ======'carousel_item_highlighted'====== Args={'carousel': 'attract', 'direction': 'forwards', 'item': 'mpf_logo'}
2026-04-15 20:22:05,532 : INFO : Timer.attract_carousel_timer : Starting Timer.
2026-04-15 20:22:05,532 : INFO : EventManager : Event: ======'timer_attract_carousel_timer_started'====== Args={'ticks': 0, 'ticks_remaining': 1}
2026-04-15 20:22:05,533 : INFO : EventManager : Event: ======'timer_attract_carousel_timer_tick'====== Args={'ticks': 0, 'ticks_remaining': 1}
2026-04-15 20:22:05,863 : DEBUG : asciimatics.screen : Processing mouse: 64, 29
2026-04-15 20:22:05,863 : DEBUG : asciimatics.widgets.frame : New event: MouseEvent (64, 29) 0
2026-04-15 20:22:10,540 : INFO : Timer.attract_carousel_timer : Timer Complete
2026-04-15 20:22:10,541 : INFO : Timer.attract_carousel_timer : Stopping Timer
2026-04-15 20:22:10,541 : INFO : EventManager : Event: ======'timer_attract_carousel_timer_stopped'====== Args={'ticks': 1, 'ticks_remaining': 1}
2026-04-15 20:22:10,541 : INFO : EventManager : Event: ======'timer_attract_carousel_timer_complete'====== Args={'ticks': 1, 'ticks_remaining': 1}
2026-04-15 20:22:10,541 : INFO : EventManager : Event: ======'carousel_item_highlighted'====== Args={'carousel': 'attract', 'direction': 'forwards', 'item': 'title'}
2026-04-15 20:22:10,542 : INFO : Timer.attract_carousel_timer : Starting Timer.
2026-04-15 20:22:10,542 : INFO : EventManager : Event: ======'timer_attract_carousel_timer_started'====== Args={'ticks': 0, 'ticks_remaining': 1}
2026-04-15 20:22:10,542 : INFO : EventManager : Event: ======'timer_attract_carousel_timer_tick'====== Args={'ticks': 0, 'ticks_remaining': 1}
2026-04-15 20:22:15,533 : INFO : Timer.attract_carousel_timer : Timer Complete
2026-04-15 20:22:15,534 : INFO : Timer.attract_carousel_timer : Stopping Timer
2026-04-15 20:22:15,534 : INFO : EventManager : Event: ======'timer_attract_carousel_timer_stopped'====== Args={'ticks': 1, 'ticks_remaining': 1}
2026-04-15 20:22:15,534 : INFO : EventManager : Event: ======'timer_attract_carousel_timer_complete'====== Args={'ticks': 1, 'ticks_remaining': 1}
2026-04-15 20:22:15,534 : INFO : EventManager : Event: ======'carousel_item_highlighted'====== Args={'carousel': 'attract', 'direction': 'forwards', 'item': 'credits'}
2026-04-15 20:22:15,536 : INFO : Timer.attract_carousel_timer : Starting Timer.
2026-04-15 20:22:15,536 : INFO : EventManager : Event: ======'timer_attract_carousel_timer_started'====== Args={'ticks': 0, 'ticks_remaining': 1}
2026-04-15 20:22:15,536 : INFO : EventManager : Event: ======'timer_attract_carousel_timer_tick'====== Args={'ticks': 0, 'ticks_remaining': 1}
2026-04-15 20:22:20,536 : INFO : Timer.attract_carousel_timer : Timer Complete
2026-04-15 20:22:20,537 : INFO : Timer.attract_carousel_timer : Stopping Timer
2026-04-15 20:22:20,537 : INFO : EventManager : Event: ======'timer_attract_carousel_timer_stopped'====== Args={'ticks': 1, 'ticks_remaining': 1}
2026-04-15 20:22:20,537 : INFO : EventManager : Event: ======'timer_attract_carousel_timer_complete'====== Args={'ticks': 1, 'ticks_remaining': 1}
2026-04-15 20:22:20,537 : INFO : EventManager : Event: ======'carousel_item_highlighted'====== Args={'carousel': 'attract', 'direction': 'forwards', 'item': 'mpf_logo'}
2026-04-15 20:22:20,539 : INFO : Timer.attract_carousel_timer : Starting Timer.
2026-04-15 20:22:20,540 : INFO : EventManager : Event: ======'timer_attract_carousel_timer_started'====== Args={'ticks': 0, 'ticks_remaining': 1}
2026-04-15 20:22:20,540 : INFO : EventManager : Event: ======'timer_attract_carousel_timer_tick'====== Args={'ticks': 0, 'ticks_remaining': 1}
2026-04-15 20:22:20,872 : DEBUG : asciimatics.screen : Processing mouse: 78, 27
2026-04-15 20:22:20,873 : DEBUG : asciimatics.widgets.frame : New event: MouseEvent (78, 27) 0
2026-04-15 20:22:21,868 : DEBUG : asciimatics.screen : Processing mouse: 80, 29
2026-04-15 20:22:21,868 : DEBUG : asciimatics.widgets.frame : New event: MouseEvent (80, 29) 0
2026-04-15 20:22:24,507 : INFO : SwitchController : <<<<<<< 's_start' active >>>>>>>
2026-04-15 20:22:24,590 : INFO : SwitchController : <<<<<<< 's_start' inactive >>>>>>>
2026-04-15 20:22:24,590 : INFO : EventManager : Event: ======'request_to_start_game'====== Args={}
2026-04-15 20:22:24,590 : INFO : EventManager : Event: ======'game_start'====== Args={'buttons': [], 'hold_time': 0.07800000000861473}
2026-04-15 20:22:24,591 : INFO : EventManager : Event: ======'mode_game_will_start'====== Args={'buttons': [], 'hold_time': 0.07800000000861473}
2026-04-15 20:22:24,592 : INFO : EventManager : Event: ======'mode_game_starting'====== Args={'buttons': [], 'hold_time': 0.07800000000861473}
2026-04-15 20:22:24,592 : INFO : EventManager : Event: ======'mode_attract_will_stop'====== Args={}
2026-04-15 20:22:24,592 : INFO : EventManager : Event: ======'mode_attract_stopping'====== Args={}
2026-04-15 20:22:24,592 : INFO : Mode.attract : Stopped.
2026-04-15 20:22:24,592 : INFO : EventManager : Event: ======'modes_active_modes_changed'====== Args={}
2026-04-15 20:22:24,592 : INFO : EventManager : Event: ======'mode_attract_stopped'====== Args={}
2026-04-15 20:22:24,593 : INFO : EventManager : Event: ======'clear'====== Args={'key': 'attract'}
2026-04-15 20:22:24,593 : INFO : Timer.attract_carousel_timer : Stopping Timer
2026-04-15 20:22:24,593 : INFO : EventManager : Event: ======'timer_attract_carousel_timer_stopped'====== Args={'ticks': 0, 'ticks_remaining': 1}
2026-04-15 20:22:24,593 : INFO : Mode.game : Started. Priority: 20
2026-04-15 20:22:24,593 : INFO : EventManager : Event: ======'modes_active_modes_changed'====== Args={}
2026-04-15 20:22:24,593 : INFO : EventManager : Event: ======'mode_game_started'====== Args={'buttons': [], 'hold_time': 0.07800000000861473}
2026-04-15 20:22:24,608 : INFO : EventManager : Event: ======'game_will_start'====== Args={}
2026-04-15 20:22:24,608 : INFO : EventManager : Event: ======'game_starting'====== Args={'game': <Mode.game>}
2026-04-15 20:22:24,608 : DEBUG : Auditor : Enabling the Auditor
2026-04-15 20:22:24,609 : INFO : EventManager : Unordered handler for class <Auditor> on event game_ended with priority 1. Handlers: [RegisteredHandler(callback=<bound method Auditor.disable of <Auditor>>, priority=1, kwargs={}, key=UUID('8df04c4e-e8e6-4363-856b-3ea71dcc0994'), condition=None, blocking_facility=None), RegisteredHandler(callback=<bound method Auditor._save_audits of <Auditor>>, priority=1, kwargs={}, key=UUID('5ce21ccb-a929-4955-b867-bd7cdcd5f7cc'), condition=None, blocking_facility=None)]. The order of those handlers is not defined and they will be executed in random order. This might lead to race conditions and potential bugs.
2026-04-15 20:22:24,609 : INFO : EventManager : Event: ======'player_add_request'====== Args={}
2026-04-15 20:22:24,609 : INFO : EventManager : Event: ======'player_will_add'====== Args={'number': 1}
2026-04-15 20:22:24,609 : DEBUG : Player : Creating new player: Player 1. (player index '0')
2026-04-15 20:22:24,609 : DEBUG : Player : Setting 'score' to: 0, (prior: 0, change: 0)
2026-04-15 20:22:24,609 : INFO : EventManager : Event: ======'player_adding'====== Args={'player': <Player 1>, 'number': 1}
2026-04-15 20:22:24,610 : INFO : EventManager : Event: ======'player_added'====== Args={'player': <Player 1>, 'num': 1}
2026-04-15 20:22:24,610 : INFO : Mode.game : Player added successfully. Total players: 1
2026-04-15 20:22:24,611 : INFO : EventManager : Event: ======'player_index'====== Args={'value': 0, 'prev_value': 0, 'change': 0, 'player_num': 1}
2026-04-15 20:22:24,611 : INFO : EventManager : Event: ======'player_number'====== Args={'value': 1, 'prev_value': 1, 'change': 0, 'player_num': 1}
2026-04-15 20:22:24,611 : INFO : EventManager : Event: ======'player_score'====== Args={'value': 0, 'prev_value': 0, 'change': 0, 'player_num': 1}
2026-04-15 20:22:24,612 : INFO : EventManager : Event: ======'game_started'====== Args={}
2026-04-15 20:22:24,653 : INFO : EventManager : Event: ======'player_turn_will_start'====== Args={'player': <Player 1>, 'number': 1}
2026-04-15 20:22:24,653 : INFO : EventManager : Event: ======'player_turn_starting'====== Args={'player': <Player 1>, 'number': 1}
2026-04-15 20:22:24,653 : DEBUG : Player : Setting 'ball' to: 1, (prior: 0, change: 1)
2026-04-15 20:22:24,653 : INFO : EventManager : Event: ======'player_ball'====== Args={'value': 1, 'prev_value': 0, 'change': 1, 'player_num': 1}
2026-04-15 20:22:24,654 : INFO : EventManager : Event: ======'player_turn_started'====== Args={'player': <Player 1>, 'number': 1}
2026-04-15 20:22:24,655 : INFO : EventManager : Event: ======'ball_will_start'====== Args={'player': 1, 'ball': 1, 'balls_remaining': 2, 'is_extra_ball': False}
2026-04-15 20:22:24,661 : INFO : EventManager : Event: ======'ball_starting'====== Args={'player': 1, 'ball': 1, 'balls_remaining': 2, 'is_extra_ball': False}
2026-04-15 20:22:24,662 : INFO : EventManager : Event: ======'mode_base_will_start'====== Args={'queue': <QueuedEvent>, 'player': 1, 'ball': 1, 'balls_remaining': 2, 'is_extra_ball': False}
2026-04-15 20:22:24,662 : DEBUG : Player : Setting 'shot_homer_h_enabled' to: True, (prior: 0, change: 1)
2026-04-15 20:22:24,662 : INFO : EventManager : Event: ======'player_shot_homer_h_enabled'====== Args={'value': True, 'prev_value': 0, 'change': 1, 'player_num': 1}
2026-04-15 20:22:24,665 : INFO : EventManager : Event: ======'mode_base_starting'====== Args={'queue': <QueuedEvent>, 'player': 1, 'ball': 1, 'balls_remaining': 2, 'is_extra_ball': False}
2026-04-15 20:22:24,666 : INFO : Mode.base : Started. Priority: 100
2026-04-15 20:22:24,666 : INFO : EventManager : Event: ======'modes_active_modes_changed'====== Args={}
2026-04-15 20:22:24,666 : INFO : EventManager : Event: ======'mode_base_started'====== Args={'queue': <QueuedEvent>, 'player': 1, 'ball': 1, 'balls_remaining': 2, 'is_extra_ball': False}
2026-04-15 20:22:24,666 : INFO : EventManager : Event: ======'start_mode_slingshots'====== Args={'priority': 0}
2026-04-15 20:22:24,667 : INFO : EventManager : Event: ======'mode_slingshots_will_start'====== Args={'priority': 0}
2026-04-15 20:22:24,668 : DEBUG : Player : Setting 'shot_slingshot_left_enabled' to: True, (prior: 0, change: 1)
2026-04-15 20:22:24,668 : INFO : EventManager : Event: ======'player_shot_slingshot_left_enabled'====== Args={'value': True, 'prev_value': 0, 'change': 1, 'player_num': 1}
2026-04-15 20:22:24,669 : DEBUG : Player : Setting 'shot_slingshot_right_enabled' to: True, (prior: 0, change: 1)
2026-04-15 20:22:24,669 : INFO : EventManager : Event: ======'player_shot_slingshot_right_enabled'====== Args={'value': True, 'prev_value': 0, 'change': 1, 'player_num': 1}
2026-04-15 20:22:24,669 : INFO : EventManager : Event: ======'slingshots_complete'====== Args={'state': 'unlit'}
2026-04-15 20:22:24,669 : INFO : EventManager : Event: ======'slingshots_unlit_complete'====== Args={}
2026-04-15 20:22:24,671 : INFO : EventManager : Event: ======'mode_slingshots_starting'====== Args={'priority': 0}
2026-04-15 20:22:24,671 : INFO : Mode.slingshots : Started. Priority: 200
2026-04-15 20:22:24,671 : INFO : EventManager : Event: ======'modes_active_modes_changed'====== Args={}
2026-04-15 20:22:24,671 : INFO : EventManager : Event: ======'mode_slingshots_started'====== Args={'priority': 0}
2026-04-15 20:22:24,672 : INFO : EventManager : Event: ======'balls_in_play'====== Args={'balls': 1}
2026-04-15 20:22:24,672 : INFO : EventManager : Event: ======'ball_started'====== Args={'player': 1, 'ball': 1, 'balls_remaining': 2, 'is_extra_ball': False}
2026-04-15 20:22:24,729 : INFO : EventManager : Event: ======'single_player_ball_started'====== Args={}
2026-04-15 20:22:24,731 : INFO : EventManager : Event: ======'slide_base_slide_created'====== Args={'_from_bcp': True}
2026-04-15 20:22:24,732 : INFO : EventManager : Event: ======'slide_attract_inactive'====== Args={'is_removing': True, '_from_bcp': True}
2026-04-15 20:22:24,732 : INFO : EventManager : Event: ======'slide_base_slide_active'====== Args={'original_context': 'base', 'original_calling_context': 'mode_base_started', 'priority': 100.0, 'queue': '<QueuedEvent>', 'player': 1.0, 'ball': 1.0, 'balls_remaining': 2.0, 'is_extra_ball': False, 'cmd': 'slides_play', '_from_bcp': True}
2026-04-15 20:22:24,732 : INFO : EventManager : Event: ======'slide_attract_removed'====== Args={'_from_bcp': True}
2026-04-15 20:22:24,732 : INFO : EventManager : Event: ======'ball_start_target'====== Args={'target': 'playfield'}
2026-04-15 20:22:24,732 : INFO : ball_device.bd_plunger : Setting up player-controlled eject. Balls: 1, Target: <playfield.playfield>, player_controlled_eject_event: None
2026-04-15 20:22:24,732 : INFO : EventManager : Event: ======'balldevice_balls_available'====== Args={}
2026-04-15 20:22:24,733 : INFO : ball_device.bd_trough : State: waiting_for_target_ready
2026-04-15 20:22:24,733 : INFO : EventManager : Event: ======'balldevice_bd_trough_ball_eject_attempt'====== Args={'balls': 1, 'target': <ball_device.bd_plunger>, 'source': <ball_device.bd_trough>, 'mechanical_eject': True, 'num_attempts': 0}
2026-04-15 20:22:24,733 : INFO : ball_device.bd_plunger : State: waiting_for_ball
2026-04-15 20:22:24,734 : INFO : ball_device.bd_trough : State: ejecting
2026-04-15 20:22:24,734 : INFO : ball_device.bd_trough : Ejecting ball to <ball_device.bd_plunger>
2026-04-15 20:22:24,734 : INFO : EventManager : Event: ======'balldevice_bd_trough_ejecting_ball'====== Args={'balls': 1, 'target': <ball_device.bd_plunger>, 'source': <ball_device.bd_trough>, 'mechanical_eject': True, 'num_attempts': 0}
2026-04-15 20:22:24,734 : DEBUG : SmartVirtual Coil Action : Setting eject target. bd_trough -> bd_plunger. Mechanical: True
2026-04-15 20:22:24,735 : INFO : ball_device.bd_trough : Wait for ball to leave device
2026-04-15 20:22:24,735 : INFO : coil.c_trough_release : Pulsing Driver for 20ms (1.0 pulse_power)
2026-04-15 20:22:24,735 : DEBUG : VirtualDriver.1-0-7 : Pulsing driver for 20ms
2026-04-15 20:22:24,735 : DEBUG : SmartVirtual Coil Action : Removing ball from device bd_trough
2026-04-15 20:22:24,735 : INFO : SwitchController : <<<<<<< 's_trough_1' inactive >>>>>>>
2026-04-15 20:22:24,736 : DEBUG : SmartVirtual Coil Action : Deactivating: s_trough_1
2026-04-15 20:22:24,736 : DEBUG : SmartVirtual Coil Action : Adding delay for bd_plunger to receive ball in 100ms
2026-04-15 20:22:24,749 : INFO : ball_device.bd_trough : State: ball_left
2026-04-15 20:22:24,749 : INFO : ball_device.bd_trough : Ball left
2026-04-15 20:22:24,749 : INFO : ball_device.bd_trough : Wait for confirm with timeout 3.0
2026-04-15 20:22:24,848 : INFO : SwitchController : <<<<<<< 's_plunger_lane' active >>>>>>>
2026-04-15 20:22:24,848 : INFO : EventManager : Event: ======'machine_var_audits_switches_s_plunger_lane'====== Args={'value': 3, 'prev_value': 2, 'change': 1}
2026-04-15 20:22:25,364 : INFO : ball_device.bd_plunger : Received ball from <ball_device.bd_trough>
2026-04-15 20:22:25,365 : INFO : EventManager : Event: ======'balldevice_bd_plunger_ball_enter'====== Args={'new_balls': 1, 'unclaimed_balls': 0, 'new_available_balls': 0, 'device': <ball_device.bd_plunger>}
2026-04-15 20:22:25,366 : INFO : EventManager : Event: ======'balldevice_bd_plunger_ball_entered'====== Args={'new_balls': 0, 'device': <ball_device.bd_plunger>}
2026-04-15 20:22:25,366 : INFO : EventManager : Event: ======'balldevice_bd_plunger_ball_count_changed'====== Args={'balls': 1}
2026-04-15 20:22:25,366 : INFO : ball_device.bd_trough : Got eject confirm
2026-04-15 20:22:25,366 : INFO : ball_device.bd_trough : Eject successful
2026-04-15 20:22:25,367 : INFO : EventManager : Event: ======'balldevice_bd_trough_ball_eject_success'====== Args={'balls': 1, 'target': <ball_device.bd_plunger>}
2026-04-15 20:22:25,367 : INFO : ball_device.bd_plunger : State: waiting_for_target_ready
2026-04-15 20:22:25,367 : INFO : EventManager : Event: ======'balldevice_bd_plunger_ball_eject_attempt'====== Args={'balls': 1, 'target': <playfield.playfield>, 'source': <ball_device.bd_plunger>, 'mechanical_eject': True, 'num_attempts': 0}
2026-04-15 20:22:25,367 : INFO : EventManager : Event: ======'balldevice_bd_trough_ball_count_changed'====== Args={'balls': 2}
2026-04-15 20:22:25,368 : INFO : ball_device.bd_trough : State: idle
2026-04-15 20:22:25,368 : INFO : ball_device.bd_plunger : State: ejecting
2026-04-15 20:22:25,368 : INFO : ball_device.bd_plunger : Ejecting ball to <playfield.playfield>
2026-04-15 20:22:25,368 : INFO : EventManager : Event: ======'balldevice_bd_plunger_ejecting_ball'====== Args={'balls': 1, 'target': <playfield.playfield>, 'source': <ball_device.bd_plunger>, 'mechanical_eject': True, 'num_attempts': 0}
2026-04-15 20:22:25,368 : DEBUG : SmartVirtual Coil Action : Setting eject target. bd_plunger -> playfield. Mechanical: True
2026-04-15 20:22:25,369 : INFO : ball_device.bd_plunger : Wait for ball to leave device
2026-04-15 20:22:42,322 : INFO : Machine : Shutting down...
2026-04-15 20:22:42,322 : INFO : EventManager : Event: ======'shutdown'====== Args={}
2026-04-15 20:22:42,323 : INFO : EventManager : Event: ======'mode_game_will_stop'====== Args={}
2026-04-15 20:22:42,323 : INFO : EventManager : Event: ======'mode_game_stopping'====== Args={}
2026-04-15 20:22:42,324 : INFO : EventManager : Event: ======'mode_slingshots_will_stop'====== Args={}
2026-04-15 20:22:42,324 : INFO : EventManager : Event: ======'mode_slingshots_stopping'====== Args={}
2026-04-15 20:22:42,324 : INFO : EventManager : Event: ======'mode_base_will_stop'====== Args={}
2026-04-15 20:22:42,324 : INFO : EventManager : Event: ======'mode_base_stopping'====== Args={}
2026-04-15 20:22:42,324 : INFO : EventManager : Event: ======'stop_mode_slingshots'====== Args={'priority': 0}
2026-04-15 20:22:42,324 : INFO : Mode.base : Stopped.
2026-04-15 20:22:42,324 : INFO : EventManager : Event: ======'modes_active_modes_changed'====== Args={}
2026-04-15 20:22:42,324 : INFO : EventManager : Event: ======'mode_base_stopped'====== Args={}
2026-04-15 20:22:42,325 : INFO : EventManager : Event: ======'clear'====== Args={'key': 'base'}
2026-04-15 20:22:42,325 : INFO : Mode.slingshots : Stopped.
2026-04-15 20:22:42,325 : INFO : EventManager : Event: ======'modes_active_modes_changed'====== Args={}
2026-04-15 20:22:42,325 : INFO : EventManager : Event: ======'mode_slingshots_stopped'====== Args={}
2026-04-15 20:22:42,325 : INFO : EventManager : Event: ======'clear'====== Args={'key': 'slingshots'}
2026-04-15 20:22:42,326 : INFO : Mode.game : Stopped.
2026-04-15 20:22:42,326 : INFO : EventManager : Event: ======'modes_active_modes_changed'====== Args={}
2026-04-15 20:22:42,326 : INFO : EventManager : Event: ======'mode_game_stopped'====== Args={}
2026-04-15 20:22:42,326 : INFO : EventManager : Event: ======'clear'====== Args={'key': 'game'}
2026-04-15 20:22:42,329 : INFO : root : MPF run loop ended.
