2026-04-15 20:30:56,145 : INFO : root : Loading config.
2026-04-15 20:30:56,154 : INFO : YamlMultifileConfigLoader : Machine config file #1: config.yaml
2026-04-15 20:30:56,156 : INFO : ConfigProcessor : Loading config from cache: C:\Users\Lukas\AppData\Local\Temp\32f39c1debf2d9ee836c41c94f408ffc.mpf_cache
2026-04-15 20:30:56,273 : INFO : ConfigProcessor : Loading config from cache: C:\Users\Lukas\AppData\Local\Temp\1cf6e080e232be7da984fc3f9f606af5.mpf_cache
2026-04-15 20:30:56,276 : INFO : ConfigProcessor : Loading config from cache: C:\Users\Lukas\AppData\Local\Temp\d5d281e4d67cd36b56e6e575dc21d22a.mpf_cache
2026-04-15 20:30:56,277 : INFO : ConfigProcessor : Loading config from cache: C:\Users\Lukas\AppData\Local\Temp\1cf6e080e232be7da984fc3f9f606af5.mpf_cache
2026-04-15 20:30:56,279 : INFO : ConfigProcessor : Loading config from cache: C:\Users\Lukas\AppData\Local\Temp\e915a77df2eb7c954f1557e6bd49ea48.mpf_cache
2026-04-15 20:30:56,279 : INFO : ConfigProcessor : Loading config from cache: C:\Users\Lukas\AppData\Local\Temp\6720abd7d78775ec476d92be447cc36c.mpf_cache
2026-04-15 20:30:56,281 : INFO : ConfigProcessor : Loading config from cache: C:\Users\Lukas\AppData\Local\Temp\5c55177e8fd0a80aca73e5066ec16461.mpf_cache
2026-04-15 20:30:56,282 : INFO : Machine : Mission Pinball Framework Core Engine v0.80.0.dev14
2026-04-15 20:30:56,282 : INFO : Machine : Command line arguments: {'no_load_cache': False, 'create_config_cache': True, 'bcp': True, 'configfile': ['config.yaml'], 'force_assets_load': False, 'platform_integration_test': False, 'jsonlogging': False, 'logfile': 'logs\\2026-04-15-20-30-56-mpf-DESKTOP-24N7989.log', 'pause': False, 'production': False, 'text_ui': True, 'loglevel': 15, 'consoleloglevel': 20, 'force_platform': 'smart_virtual', 'syslog_address': None, 'full_logfile_path': 'C:\\Users\\Lukas\\Documents\\TSPP\\logs\\2026-04-15-20-30-56-mpf-DESKTOP-24N7989.log'}
2026-04-15 20:30:56,282 : INFO : Machine : MPF path: C:\Users\Lukas\mpftspp\lib\site-packages\mpf
2026-04-15 20:30:56,282 : INFO : Machine : Machine path: C:\Users\Lukas\Documents\TSPP
2026-04-15 20:30:56,284 : INFO : Machine : Platform: win32
2026-04-15 20:30:56,284 : INFO : Machine : Python executable location: C:\Users\Lukas\mpftspp\Scripts\python.exe
2026-04-15 20:30:56,284 : INFO : Machine : Python version: 3.10.0 (64-bit)
2026-04-15 20:30:56,287 : INFO : Machine : Initializing MPF...
2026-04-15 20:30:56,664 : INFO : EventManager : Event: ======'machine_var_credits_string'====== Args={'value': 'FREE PLAY', 'prev_value': None, 'change': True}
2026-04-15 20:30:56,690 : INFO : EventManager : Event: ======'machine_var_master_volume'====== Args={'value': 0.5, 'prev_value': None, 'change': True}
2026-04-15 20:30:56,690 : INFO : EventManager : Event: ======'machine_var_mpf_version'====== Args={'value': 'Mission Pinball Framework v0.80.0.dev14', 'prev_value': None, 'change': True}
2026-04-15 20:30:56,690 : INFO : EventManager : Event: ======'machine_var_mpf_extended_version'====== Args={'value': 'Mission Pinball Framework v0.80.0.dev14, Config version:6, Show version: 6, BCP version:1.1', 'prev_value': None, 'change': True}
2026-04-15 20:30:56,690 : INFO : EventManager : Event: ======'machine_var_python_version'====== Args={'value': '3.10.0', 'prev_value': None, 'change': True}
2026-04-15 20:30:56,719 : INFO : EventManager : Event: ======'machine_var_platform'====== Args={'value': 'Windows-10-10.0.26200-SP0', 'prev_value': None, 'change': True}
2026-04-15 20:30:56,719 : INFO : EventManager : Event: ======'machine_var_platform_system'====== Args={'value': 'Windows', 'prev_value': None, 'change': True}
2026-04-15 20:30:56,720 : INFO : EventManager : Event: ======'machine_var_platform_release'====== Args={'value': '10', 'prev_value': None, 'change': True}
2026-04-15 20:30:56,720 : INFO : EventManager : Event: ======'machine_var_platform_version'====== Args={'value': '10.0.26200', 'prev_value': None, 'change': True}
2026-04-15 20:30:56,720 : INFO : EventManager : Event: ======'machine_var_platform_machine'====== Args={'value': 'AMD64', 'prev_value': None, 'change': True}
2026-04-15 20:30:56,720 : INFO : EventManager : Event: ======'machine_var_log_file_path'====== Args={'value': 'C:\\Users\\Lukas\\Documents\\TSPP\\logs\\2026-04-15-20-30-56-mpf-DESKTOP-24N7989.log', 'prev_value': None, 'change': True}
2026-04-15 20:30:56,720 : INFO : EventManager : Event: ======'init_phase_1'====== Args={}
2026-04-15 20:30:56,763 : INFO : EventManager : Event: ======'init_phase_2'====== Args={}
2026-04-15 20:30:56,763 : INFO : SwitchController : Found active switch: ('1-0-8', <Platform.SmartVirtual>) <switch.s_trough_1>
2026-04-15 20:30:56,764 : INFO : SwitchController : Found active switch: ('1-0-9', <Platform.SmartVirtual>) <switch.s_trough_2>
2026-04-15 20:30:56,764 : INFO : SwitchController : Found active switch: ('1-0-10', <Platform.SmartVirtual>) <switch.s_trough_3>
2026-04-15 20:30:56,770 : INFO : EventManager : Event: ======'bcp_connection_attempt'====== Args={'name': 'local_display', 'host': 'localhost', 'port': 5050}
2026-04-15 20:30:56,773 : INFO : BCPClientSocket : Connecting BCP to 'local_display' at localhost:5050...
2026-04-15 20:31:10,404 : INFO : BCPClientSocket : Connected BCP to 'local_display' localhost:5050
2026-04-15 20:31:10,406 : INFO : EventManager : Event: ======'bcp_clients_connected'====== Args={}
2026-04-15 20:31:10,653 : INFO : ball_device.bd_drain : BCH: Initial count: 0
2026-04-15 20:31:10,654 : INFO : ball_device.bd_drain : State: idle
2026-04-15 20:31:10,654 : INFO : ball_device.bd_trough : BCH: Initial count: 3
2026-04-15 20:31:10,655 : INFO : ball_device.bd_trough : State: idle
2026-04-15 20:31:10,655 : INFO : ball_device.bd_plunger : BCH: Initial count: 0
2026-04-15 20:31:10,655 : INFO : ball_device.bd_plunger : State: idle
2026-04-15 20:31:10,675 : INFO : EventManager : Event: ======'init_phase_3'====== Args={}
2026-04-15 20:31:10,678 : INFO : EventManager : Event: ======'init_phase_4'====== Args={}
2026-04-15 20:31:10,678 : INFO : BallController : Initial balls found: 3
2026-04-15 20:31:10,680 : INFO : EventManager : Event: ======'machine_var_audits_events_game_ended'====== Args={'value': 0, 'prev_value': None, 'change': True}
2026-04-15 20:31:10,680 : INFO : EventManager : Event: ======'machine_var_audits_events_game_started'====== Args={'value': 13, 'prev_value': None, 'change': True}
2026-04-15 20:31:10,680 : INFO : EventManager : Event: ======'machine_var_audits_missing_switches_s_drain'====== Args={'value': 13, 'prev_value': None, 'change': True}
2026-04-15 20:31:10,680 : INFO : EventManager : Event: ======'machine_var_audits_missing_switches_s_dt_m'====== Args={'value': 13, 'prev_value': None, 'change': True}
2026-04-15 20:31:10,680 : INFO : EventManager : Event: ======'machine_var_audits_missing_switches_s_dt_o'====== Args={'value': 13, 'prev_value': None, 'change': True}
2026-04-15 20:31:10,680 : INFO : EventManager : Event: ======'machine_var_audits_missing_switches_s_dt_u'====== Args={'value': 13, 'prev_value': None, 'change': True}
2026-04-15 20:31:10,680 : INFO : EventManager : Event: ======'machine_var_audits_missing_switches_s_flipper_left'====== Args={'value': 3, 'prev_value': None, 'change': True}
2026-04-15 20:31:10,681 : INFO : EventManager : Event: ======'machine_var_audits_missing_switches_s_flipper_right'====== Args={'value': 3, 'prev_value': None, 'change': True}
2026-04-15 20:31:10,681 : INFO : EventManager : Event: ======'machine_var_audits_missing_switches_s_flipper_rigt'====== Args={'value': 7, 'prev_value': None, 'change': True}
2026-04-15 20:31:10,681 : INFO : EventManager : Event: ======'machine_var_audits_missing_switches_s_homer_h'====== Args={'value': 1, 'prev_value': None, 'change': True}
2026-04-15 20:31:10,681 : INFO : EventManager : Event: ======'machine_var_audits_missing_switches_s_kickout'====== Args={'value': 11, 'prev_value': None, 'change': True}
2026-04-15 20:31:10,681 : INFO : EventManager : Event: ======'machine_var_audits_missing_switches_s_ramp_1'====== Args={'value': 13, 'prev_value': None, 'change': True}
2026-04-15 20:31:10,681 : INFO : EventManager : Event: ======'machine_var_audits_missing_switches_s_sling_left'====== Args={'value': 1, 'prev_value': None, 'change': True}
2026-04-15 20:31:10,681 : INFO : EventManager : Event: ======'machine_var_audits_missing_switches_s_sling_right'====== Args={'value': 1, 'prev_value': None, 'change': True}
2026-04-15 20:31:10,681 : INFO : EventManager : Event: ======'machine_var_audits_missing_switches_s_start'====== Args={'value': 1, 'prev_value': None, 'change': True}
2026-04-15 20:31:10,681 : INFO : EventManager : Event: ======'machine_var_audits_missing_switches_s_trough_1'====== Args={'value': 13, 'prev_value': None, 'change': True}
2026-04-15 20:31:10,681 : INFO : EventManager : Event: ======'machine_var_audits_missing_switches_s_trough_2'====== Args={'value': 13, 'prev_value': None, 'change': True}
2026-04-15 20:31:10,681 : INFO : EventManager : Event: ======'machine_var_audits_missing_switches_s_trough_3'====== Args={'value': 13, 'prev_value': None, 'change': True}
2026-04-15 20:31:10,681 : INFO : EventManager : Event: ======'machine_var_audits_player_score'====== Args={'value': {'average': 0, 'top': [], 'total': 0}, 'prev_value': None, 'change': True}
2026-04-15 20:31:10,681 : INFO : EventManager : Event: ======'machine_var_audits_shots_homer_h'====== Args={'value': 18, 'prev_value': None, 'change': True}
2026-04-15 20:31:10,682 : INFO : EventManager : Event: ======'machine_var_audits_shots_hurryup'====== Args={'value': 8, 'prev_value': None, 'change': True}
2026-04-15 20:31:10,682 : INFO : EventManager : Event: ======'machine_var_audits_shots_slingshot_left'====== Args={'value': 40, 'prev_value': None, 'change': True}
2026-04-15 20:31:10,682 : INFO : EventManager : Event: ======'machine_var_audits_shots_slingshot_right'====== Args={'value': 33, 'prev_value': None, 'change': True}
2026-04-15 20:31:10,682 : INFO : EventManager : Event: ======'machine_var_audits_switches_s_drain'====== Args={'value': 0, 'prev_value': None, 'change': True}
2026-04-15 20:31:10,682 : INFO : EventManager : Event: ======'machine_var_audits_switches_s_dt_m'====== Args={'value': 0, 'prev_value': None, 'change': True}
2026-04-15 20:31:10,682 : INFO : EventManager : Event: ======'machine_var_audits_switches_s_dt_o'====== Args={'value': 0, 'prev_value': None, 'change': True}
2026-04-15 20:31:10,682 : INFO : EventManager : Event: ======'machine_var_audits_switches_s_dt_u'====== Args={'value': 0, 'prev_value': None, 'change': True}
2026-04-15 20:31:10,682 : INFO : EventManager : Event: ======'machine_var_audits_switches_s_flipper_left'====== Args={'value': 4, 'prev_value': None, 'change': True}
2026-04-15 20:31:10,684 : INFO : EventManager : Event: ======'machine_var_audits_switches_s_flipper_right'====== Args={'value': 2, 'prev_value': None, 'change': True}
2026-04-15 20:31:10,684 : INFO : EventManager : Event: ======'machine_var_audits_switches_s_flipper_rigt'====== Args={'value': 0, 'prev_value': None, 'change': True}
2026-04-15 20:31:10,684 : INFO : EventManager : Event: ======'machine_var_audits_switches_s_homer_h'====== Args={'value': 18, 'prev_value': None, 'change': True}
2026-04-15 20:31:10,684 : INFO : EventManager : Event: ======'machine_var_audits_switches_s_kickout'====== Args={'value': 1, 'prev_value': None, 'change': True}
2026-04-15 20:31:10,684 : INFO : EventManager : Event: ======'machine_var_audits_switches_s_plunger_lane'====== Args={'value': 3, 'prev_value': None, 'change': True}
2026-04-15 20:31:10,684 : INFO : EventManager : Event: ======'machine_var_audits_switches_s_ramp_1'====== Args={'value': 0, 'prev_value': None, 'change': True}
2026-04-15 20:31:10,684 : INFO : EventManager : Event: ======'machine_var_audits_switches_s_sling_left'====== Args={'value': 40, 'prev_value': None, 'change': True}
2026-04-15 20:31:10,685 : INFO : EventManager : Event: ======'machine_var_audits_switches_s_sling_right'====== Args={'value': 33, 'prev_value': None, 'change': True}
2026-04-15 20:31:10,685 : INFO : EventManager : Event: ======'machine_var_audits_switches_s_start'====== Args={'value': 3, 'prev_value': None, 'change': True}
2026-04-15 20:31:10,685 : INFO : EventManager : Event: ======'machine_var_audits_switches_s_trough_1'====== Args={'value': 0, 'prev_value': None, 'change': True}
2026-04-15 20:31:10,685 : INFO : EventManager : Event: ======'machine_var_audits_switches_s_trough_2'====== Args={'value': 0, 'prev_value': None, 'change': True}
2026-04-15 20:31:10,685 : INFO : EventManager : Event: ======'machine_var_audits_switches_s_trough_3'====== Args={'value': 0, 'prev_value': None, 'change': True}
2026-04-15 20:31:10,685 : INFO : EventManager : Event: ======'init_phase_5'====== Args={}
2026-04-15 20:31:10,736 : INFO : EventManager : Event: ======'init_done'====== Args={}
2026-04-15 20:31:10,736 : INFO : EventManager : Event: ======'machine_reset_phase_1'====== Args={}
2026-04-15 20:31:10,743 : INFO : EventManager : Event: ======'machine_reset_phase_2'====== Args={}
2026-04-15 20:31:10,744 : INFO : EventManager : Event: ======'machine_reset_phase_3'====== Args={}
2026-04-15 20:31:10,744 : INFO : EventManager : Event: ======'mode_attract_will_start'====== Args={'queue': <QueuedEvent>}
2026-04-15 20:31:10,745 : INFO : Timer.attract_carousel_timer : Starting Timer.
2026-04-15 20:31:10,745 : INFO : EventManager : Event: ======'timer_attract_carousel_timer_started'====== Args={'ticks': 0, 'ticks_remaining': 1}
2026-04-15 20:31:10,745 : INFO : EventManager : Event: ======'timer_attract_carousel_timer_tick'====== Args={'ticks': 0, 'ticks_remaining': 1}
2026-04-15 20:31:10,747 : INFO : EventManager : Event: ======'mode_attract_starting'====== Args={'queue': <QueuedEvent>}
2026-04-15 20:31:10,747 : INFO : Mode.attract : Started. Priority: 10
2026-04-15 20:31:10,747 : INFO : EventManager : Event: ======'modes_active_modes_changed'====== Args={}
2026-04-15 20:31:10,747 : INFO : EventManager : Event: ======'mode_attract_started'====== Args={'queue': <QueuedEvent>}
2026-04-15 20:31:10,748 : INFO : EventManager : Event: ======'collecting_balls_complete'====== Args={}
2026-04-15 20:31:10,749 : INFO : EventManager : Event: ======'carousel_item_highlighted'====== Args={'carousel': 'attract', 'direction': None, 'item': 'title'}
2026-04-15 20:31:10,749 : INFO : EventManager : Event: ======'timer_attract_carousel_timer_tick'====== Args={'ticks': 0, 'ticks_remaining': 1}
2026-04-15 20:31:10,750 : INFO : EventManager : Event: ======'reset_complete'====== Args={}
2026-04-15 20:31:10,770 : INFO : Machine : Starting the main run loop with active modes: [<Mode.attract>]
2026-04-15 20:31:10,777 : INFO : EventManager : Event: ======'slide_attract_created'====== Args={'_from_bcp': True}
2026-04-15 20:31:10,777 : INFO : EventManager : Event: ======'slide__removed'====== Args={'_from_bcp': True}
2026-04-15 20:31:10,778 : INFO : EventManager : Event: ======'slide_attract_active'====== Args={'original_context': 'attract', 'original_calling_context': 'mode_attract_started', 'priority': 10.0, 'queue': '<QueuedEvent>', 'cmd': 'slides_play', '_from_bcp': True}
2026-04-15 20:31:15,266 : INFO : SwitchController : <<<<<<< 's_start' active >>>>>>>
2026-04-15 20:31:15,334 : INFO : SwitchController : <<<<<<< 's_start' inactive >>>>>>>
2026-04-15 20:31:15,335 : INFO : EventManager : Event: ======'request_to_start_game'====== Args={}
2026-04-15 20:31:15,335 : INFO : EventManager : Event: ======'game_start'====== Args={'buttons': [], 'hold_time': 0.0629999999946449}
2026-04-15 20:31:15,335 : INFO : EventManager : Event: ======'mode_game_will_start'====== Args={'buttons': [], 'hold_time': 0.0629999999946449}
2026-04-15 20:31:15,336 : INFO : EventManager : Event: ======'mode_game_starting'====== Args={'buttons': [], 'hold_time': 0.0629999999946449}
2026-04-15 20:31:15,336 : INFO : EventManager : Event: ======'mode_attract_will_stop'====== Args={}
2026-04-15 20:31:15,336 : INFO : EventManager : Event: ======'mode_attract_stopping'====== Args={}
2026-04-15 20:31:15,336 : INFO : Mode.attract : Stopped.
2026-04-15 20:31:15,336 : INFO : EventManager : Event: ======'modes_active_modes_changed'====== Args={}
2026-04-15 20:31:15,336 : INFO : EventManager : Event: ======'mode_attract_stopped'====== Args={}
2026-04-15 20:31:15,336 : INFO : EventManager : Event: ======'clear'====== Args={'key': 'attract'}
2026-04-15 20:31:15,337 : INFO : Timer.attract_carousel_timer : Stopping Timer
2026-04-15 20:31:15,337 : INFO : EventManager : Event: ======'timer_attract_carousel_timer_stopped'====== Args={'ticks': 0, 'ticks_remaining': 1}
2026-04-15 20:31:15,337 : INFO : Mode.game : Started. Priority: 20
2026-04-15 20:31:15,337 : INFO : EventManager : Event: ======'modes_active_modes_changed'====== Args={}
2026-04-15 20:31:15,337 : INFO : EventManager : Event: ======'mode_game_started'====== Args={'buttons': [], 'hold_time': 0.0629999999946449}
2026-04-15 20:31:15,356 : INFO : EventManager : Event: ======'game_will_start'====== Args={}
2026-04-15 20:31:15,357 : INFO : EventManager : Event: ======'game_starting'====== Args={'game': <Mode.game>}
2026-04-15 20:31:15,358 : INFO : EventManager : Unordered handler for class <Auditor> on event game_ended with priority 1. Handlers: [RegisteredHandler(callback=<bound method Auditor.disable of <Auditor>>, priority=1, kwargs={}, key=UUID('09375bf4-b49b-47bc-ab24-67296b342b05'), condition=None, blocking_facility=None), RegisteredHandler(callback=<bound method Auditor._save_audits of <Auditor>>, priority=1, kwargs={}, key=UUID('a069547c-5c85-434d-8cda-68af028b3d52'), condition=None, blocking_facility=None)]. The order of those handlers is not defined and they will be executed in random order. This might lead to race conditions and potential bugs.
2026-04-15 20:31:15,358 : INFO : EventManager : Event: ======'player_add_request'====== Args={}
2026-04-15 20:31:15,358 : INFO : EventManager : Event: ======'player_will_add'====== Args={'number': 1}
2026-04-15 20:31:15,358 : INFO : EventManager : Event: ======'player_adding'====== Args={'player': <Player 1>, 'number': 1}
2026-04-15 20:31:15,358 : INFO : EventManager : Event: ======'player_added'====== Args={'player': <Player 1>, 'num': 1}
2026-04-15 20:31:15,358 : INFO : Mode.game : Player added successfully. Total players: 1
2026-04-15 20:31:15,359 : INFO : EventManager : Event: ======'player_index'====== Args={'value': 0, 'prev_value': 0, 'change': 0, 'player_num': 1}
2026-04-15 20:31:15,359 : INFO : EventManager : Event: ======'player_number'====== Args={'value': 1, 'prev_value': 1, 'change': 0, 'player_num': 1}
2026-04-15 20:31:15,359 : INFO : EventManager : Event: ======'player_score'====== Args={'value': 0, 'prev_value': 0, 'change': 0, 'player_num': 1}
2026-04-15 20:31:15,360 : INFO : EventManager : Event: ======'game_started'====== Args={}
2026-04-15 20:31:15,396 : INFO : EventManager : Event: ======'player_turn_will_start'====== Args={'player': <Player 1>, 'number': 1}
2026-04-15 20:31:15,408 : INFO : EventManager : Event: ======'player_turn_starting'====== Args={'player': <Player 1>, 'number': 1}
2026-04-15 20:31:15,409 : INFO : EventManager : Event: ======'player_ball'====== Args={'value': 1, 'prev_value': 0, 'change': 1, 'player_num': 1}
2026-04-15 20:31:15,409 : INFO : EventManager : Event: ======'player_turn_started'====== Args={'player': <Player 1>, 'number': 1}
2026-04-15 20:31:15,410 : INFO : EventManager : Event: ======'ball_will_start'====== Args={'player': 1, 'ball': 1, 'balls_remaining': 2, 'is_extra_ball': False}
2026-04-15 20:31:15,416 : INFO : EventManager : Event: ======'ball_starting'====== Args={'player': 1, 'ball': 1, 'balls_remaining': 2, 'is_extra_ball': False}
2026-04-15 20:31:15,417 : INFO : EventManager : Event: ======'mode_base_will_start'====== Args={'queue': <QueuedEvent>, 'player': 1, 'ball': 1, 'balls_remaining': 2, 'is_extra_ball': False}
2026-04-15 20:31:15,417 : INFO : EventManager : Event: ======'player_shot_homer_h_enabled'====== Args={'value': True, 'prev_value': 0, 'change': 1, 'player_num': 1}
2026-04-15 20:31:15,419 : INFO : EventManager : Event: ======'mode_base_starting'====== Args={'queue': <QueuedEvent>, 'player': 1, 'ball': 1, 'balls_remaining': 2, 'is_extra_ball': False}
2026-04-15 20:31:15,420 : INFO : Mode.base : Started. Priority: 100
2026-04-15 20:31:15,420 : INFO : EventManager : Event: ======'modes_active_modes_changed'====== Args={}
2026-04-15 20:31:15,420 : INFO : EventManager : Event: ======'mode_base_started'====== Args={'queue': <QueuedEvent>, 'player': 1, 'ball': 1, 'balls_remaining': 2, 'is_extra_ball': False}
2026-04-15 20:31:15,420 : INFO : EventManager : Event: ======'start_mode_slingshots'====== Args={'priority': 0}
2026-04-15 20:31:15,421 : INFO : EventManager : Event: ======'mode_slingshots_will_start'====== Args={'priority': 0}
2026-04-15 20:31:15,421 : INFO : EventManager : Event: ======'player_shot_slingshot_left_enabled'====== Args={'value': True, 'prev_value': 0, 'change': 1, 'player_num': 1}
2026-04-15 20:31:15,422 : INFO : EventManager : Event: ======'player_shot_slingshot_right_enabled'====== Args={'value': True, 'prev_value': 0, 'change': 1, 'player_num': 1}
2026-04-15 20:31:15,422 : INFO : EventManager : Event: ======'slingshots_complete'====== Args={'state': 'unlit'}
2026-04-15 20:31:15,422 : INFO : EventManager : Event: ======'slingshots_unlit_complete'====== Args={}
2026-04-15 20:31:15,423 : INFO : EventManager : Event: ======'mode_slingshots_starting'====== Args={'priority': 0}
2026-04-15 20:31:15,423 : INFO : Mode.slingshots : Started. Priority: 200
2026-04-15 20:31:15,423 : INFO : EventManager : Event: ======'modes_active_modes_changed'====== Args={}
2026-04-15 20:31:15,423 : INFO : EventManager : Event: ======'mode_slingshots_started'====== Args={'priority': 0}
2026-04-15 20:31:15,424 : INFO : EventManager : Event: ======'balls_in_play'====== Args={'balls': 1}
2026-04-15 20:31:15,424 : INFO : EventManager : Event: ======'ball_started'====== Args={'player': 1, 'ball': 1, 'balls_remaining': 2, 'is_extra_ball': False}
2026-04-15 20:31:15,475 : INFO : EventManager : Event: ======'single_player_ball_started'====== Args={}
2026-04-15 20:31:15,476 : INFO : EventManager : Event: ======'slide_base_slide_created'====== Args={'_from_bcp': True}
2026-04-15 20:31:15,476 : INFO : EventManager : Event: ======'slide_attract_inactive'====== Args={'is_removing': True, '_from_bcp': True}
2026-04-15 20:31:15,476 : INFO : EventManager : Event: ======'slide_base_slide_active'====== Args={'original_context': 'base', 'original_calling_context': 'mode_base_started', 'priority': 100.0, 'queue': '<QueuedEvent>', 'player': 1.0, 'ball': 1.0, 'balls_remaining': 2.0, 'is_extra_ball': False, 'cmd': 'slides_play', '_from_bcp': True}
2026-04-15 20:31:15,476 : INFO : EventManager : Event: ======'slide_attract_removed'====== Args={'_from_bcp': True}
2026-04-15 20:31:15,477 : INFO : EventManager : Event: ======'ball_start_target'====== Args={'target': 'playfield'}
2026-04-15 20:31:15,477 : INFO : ball_device.bd_plunger : Setting up player-controlled eject. Balls: 1, Target: <playfield.playfield>, player_controlled_eject_event: None
2026-04-15 20:31:15,479 : INFO : EventManager : Event: ======'balldevice_balls_available'====== Args={}
2026-04-15 20:31:15,480 : INFO : ball_device.bd_trough : State: waiting_for_target_ready
2026-04-15 20:31:15,480 : INFO : EventManager : Event: ======'balldevice_bd_trough_ball_eject_attempt'====== Args={'balls': 1, 'target': <ball_device.bd_plunger>, 'source': <ball_device.bd_trough>, 'mechanical_eject': True, 'num_attempts': 0}
2026-04-15 20:31:15,481 : INFO : ball_device.bd_plunger : State: waiting_for_ball
2026-04-15 20:31:15,481 : INFO : ball_device.bd_trough : State: ejecting
2026-04-15 20:31:15,482 : INFO : ball_device.bd_trough : Ejecting ball to <ball_device.bd_plunger>
2026-04-15 20:31:15,482 : INFO : EventManager : Event: ======'balldevice_bd_trough_ejecting_ball'====== Args={'balls': 1, 'target': <ball_device.bd_plunger>, 'source': <ball_device.bd_trough>, 'mechanical_eject': True, 'num_attempts': 0}
2026-04-15 20:31:15,483 : INFO : ball_device.bd_trough : Wait for ball to leave device
2026-04-15 20:31:15,483 : INFO : coil.c_trough_release : Pulsing Driver for 20ms (1.0 pulse_power)
2026-04-15 20:31:15,483 : INFO : SwitchController : <<<<<<< 's_trough_1' inactive >>>>>>>
2026-04-15 20:31:15,497 : INFO : ball_device.bd_trough : State: ball_left
2026-04-15 20:31:15,497 : INFO : ball_device.bd_trough : Ball left
2026-04-15 20:31:15,498 : INFO : ball_device.bd_trough : Wait for confirm with timeout 3.0
2026-04-15 20:31:15,587 : INFO : SwitchController : <<<<<<< 's_plunger_lane' active >>>>>>>
2026-04-15 20:31:15,588 : INFO : EventManager : Event: ======'machine_var_audits_switches_s_plunger_lane'====== Args={'value': 4, 'prev_value': 3, 'change': 1}
2026-04-15 20:31:16,091 : INFO : ball_device.bd_plunger : Received ball from <ball_device.bd_trough>
2026-04-15 20:31:16,091 : INFO : EventManager : Event: ======'balldevice_bd_plunger_ball_enter'====== Args={'new_balls': 1, 'unclaimed_balls': 0, 'new_available_balls': 0, 'device': <ball_device.bd_plunger>}
2026-04-15 20:31:16,091 : INFO : EventManager : Event: ======'balldevice_bd_plunger_ball_entered'====== Args={'new_balls': 0, 'device': <ball_device.bd_plunger>}
2026-04-15 20:31:16,092 : INFO : EventManager : Event: ======'balldevice_bd_plunger_ball_count_changed'====== Args={'balls': 1}
2026-04-15 20:31:16,092 : INFO : ball_device.bd_trough : Got eject confirm
2026-04-15 20:31:16,092 : INFO : ball_device.bd_trough : Eject successful
2026-04-15 20:31:16,092 : INFO : EventManager : Event: ======'balldevice_bd_trough_ball_eject_success'====== Args={'balls': 1, 'target': <ball_device.bd_plunger>}
2026-04-15 20:31:16,092 : INFO : ball_device.bd_plunger : State: waiting_for_target_ready
2026-04-15 20:31:16,093 : INFO : EventManager : Event: ======'balldevice_bd_plunger_ball_eject_attempt'====== Args={'balls': 1, 'target': <playfield.playfield>, 'source': <ball_device.bd_plunger>, 'mechanical_eject': True, 'num_attempts': 0}
2026-04-15 20:31:16,093 : INFO : EventManager : Event: ======'balldevice_bd_trough_ball_count_changed'====== Args={'balls': 2}
2026-04-15 20:31:16,093 : INFO : ball_device.bd_trough : State: idle
2026-04-15 20:31:16,093 : INFO : ball_device.bd_plunger : State: ejecting
2026-04-15 20:31:16,093 : INFO : ball_device.bd_plunger : Ejecting ball to <playfield.playfield>
2026-04-15 20:31:16,093 : INFO : EventManager : Event: ======'balldevice_bd_plunger_ejecting_ball'====== Args={'balls': 1, 'target': <playfield.playfield>, 'source': <ball_device.bd_plunger>, 'mechanical_eject': True, 'num_attempts': 0}
2026-04-15 20:31:16,095 : INFO : ball_device.bd_plunger : Wait for ball to leave device
2026-04-15 20:31:16,516 : INFO : SwitchController : <<<<<<< 's_sling_left' active >>>>>>>
2026-04-15 20:31:16,516 : INFO : EventManager : Event: ======'playfield_active'====== Args={'source': 'slingshot_left'}
2026-04-15 20:31:16,518 : INFO : EventManager : Event: ======'s_sling_left_active'====== Args={}
2026-04-15 20:31:16,518 : INFO : EventManager : Event: ======'machine_var_audits_switches_s_sling_left'====== Args={'value': 41, 'prev_value': 40, 'change': 1}
2026-04-15 20:31:16,519 : INFO : EventManager : Event: ======'player_shot_slingshot_left'====== Args={'value': 1, 'prev_value': 0, 'change': 1, 'player_num': 1}
2026-04-15 20:31:16,519 : INFO : EventManager : Event: ======'machine_var_audits_shots_slingshot_left'====== Args={'value': 41, 'prev_value': 40, 'change': 1}
2026-04-15 20:31:16,519 : INFO : EventManager : Event: ======'slingshot_left_hit'====== Args={'profile': 'default', 'state': 'unlit', 'advancing': True}
2026-04-15 20:31:16,520 : INFO : EventManager : Event: ======'slingshot_left_default_hit'====== Args={'profile': 'default', 'state': 'unlit', 'advancing': True}
2026-04-15 20:31:16,520 : INFO : EventManager : Event: ======'slingshot_left_default_unlit_hit'====== Args={'profile': 'default', 'state': 'unlit', 'advancing': True}
2026-04-15 20:31:16,520 : INFO : EventManager : Event: ======'slingshot_left_unlit_hit'====== Args={'profile': 'default', 'state': 'unlit', 'advancing': True}
2026-04-15 20:31:16,520 : INFO : EventManager : Event: ======'slingshots_hit'====== Args={'shot': 'slingshot_left'}
2026-04-15 20:31:16,520 : INFO : EventManager : Event: ======'slingshots_unlit_hit'====== Args={'shot': 'slingshot_left'}
2026-04-15 20:31:16,520 : INFO : EventManager : Event: ======'player_score'====== Args={'value': 1000, 'prev_value': 0, 'change': 1000, 'player_num': 1, 'source': 'slingshots'}
2026-04-15 20:31:16,600 : INFO : SwitchController : <<<<<<< 's_sling_left' inactive >>>>>>>
2026-04-15 20:32:28,082 : INFO : Machine : Shutting down...
2026-04-15 20:32:28,082 : INFO : EventManager : Event: ======'shutdown'====== Args={}
2026-04-15 20:32:28,085 : INFO : EventManager : Event: ======'mode_game_will_stop'====== Args={}
2026-04-15 20:32:28,085 : INFO : EventManager : Event: ======'mode_game_stopping'====== Args={}
2026-04-15 20:32:28,086 : INFO : EventManager : Event: ======'mode_slingshots_will_stop'====== Args={}
2026-04-15 20:32:28,086 : INFO : EventManager : Event: ======'mode_slingshots_stopping'====== Args={}
2026-04-15 20:32:28,086 : INFO : EventManager : Event: ======'mode_base_will_stop'====== Args={}
2026-04-15 20:32:28,086 : INFO : EventManager : Event: ======'mode_base_stopping'====== Args={}
2026-04-15 20:32:28,087 : INFO : EventManager : Event: ======'stop_mode_slingshots'====== Args={'priority': 0}
2026-04-15 20:32:28,087 : INFO : Mode.base : Stopped.
2026-04-15 20:32:28,087 : INFO : EventManager : Event: ======'modes_active_modes_changed'====== Args={}
2026-04-15 20:32:28,087 : INFO : EventManager : Event: ======'mode_base_stopped'====== Args={}
2026-04-15 20:32:28,087 : INFO : EventManager : Event: ======'clear'====== Args={'key': 'base'}
2026-04-15 20:32:28,087 : INFO : Mode.slingshots : Stopped.
2026-04-15 20:32:28,088 : INFO : EventManager : Event: ======'modes_active_modes_changed'====== Args={}
2026-04-15 20:32:28,088 : INFO : EventManager : Event: ======'mode_slingshots_stopped'====== Args={}
2026-04-15 20:32:28,088 : INFO : EventManager : Event: ======'clear'====== Args={'key': 'slingshots'}
2026-04-15 20:32:28,088 : INFO : Mode.game : Stopped.
2026-04-15 20:32:28,089 : INFO : EventManager : Event: ======'modes_active_modes_changed'====== Args={}
2026-04-15 20:32:28,089 : INFO : EventManager : Event: ======'mode_game_stopped'====== Args={}
2026-04-15 20:32:28,089 : INFO : EventManager : Event: ======'clear'====== Args={'key': 'game'}
2026-04-15 20:32:28,094 : INFO : root : MPF run loop ended.
