2026-04-13 20:11:41,884 : INFO : root : Loading config.
2026-04-13 20:11:41,886 : INFO : YamlMultifileConfigLoader : Machine config file #1: config.yaml
2026-04-13 20:11:41,887 : INFO : ConfigProcessor : Loading config from cache: C:\Users\Lukas\AppData\Local\Temp\32f39c1debf2d9ee836c41c94f408ffc.mpf_cache
2026-04-13 20:11:41,937 : DEBUG : YamlMultifileConfigLoader : Loading mode attract from C:\Users\Lukas\mpftspp\lib\site-packages\mpf\modes\attract\config\attract.yaml
2026-04-13 20:11:41,937 : DEBUG : YamlMultifileConfigLoader : Loading mode attract from C:\Users\Lukas\mpftspp\lib\site-packages\mpf\modes\attract\config\attract.yaml
2026-04-13 20:11:41,938 : INFO : ConfigProcessor : Loading config from cache: C:\Users\Lukas\AppData\Local\Temp\1cf6e080e232be7da984fc3f9f606af5.mpf_cache
2026-04-13 20:11:41,938 : DEBUG : YamlMultifileConfigLoader : Loading mode game from C:\Users\Lukas\mpftspp\lib\site-packages\mpf\modes\game\config\game.yaml
2026-04-13 20:11:41,939 : INFO : ConfigProcessor : Loading config from cache: C:\Users\Lukas\AppData\Local\Temp\d5d281e4d67cd36b56e6e575dc21d22a.mpf_cache
2026-04-13 20:11:41,939 : DEBUG : YamlMultifileConfigLoader : Loading mode attract from C:\Users\Lukas\mpftspp\lib\site-packages\mpf\modes\attract\config\attract.yaml
2026-04-13 20:11:41,939 : DEBUG : YamlMultifileConfigLoader : Loading mode attract from C:\Users\Lukas\mpftspp\lib\site-packages\mpf\modes\attract\config\attract.yaml
2026-04-13 20:11:41,940 : INFO : ConfigProcessor : Loading config from cache: C:\Users\Lukas\AppData\Local\Temp\1cf6e080e232be7da984fc3f9f606af5.mpf_cache
2026-04-13 20:11:41,940 : DEBUG : YamlMultifileConfigLoader : Loading mode base from C:\Users\Lukas\mpftspp\lib\site-packages\mpf\modes\base\config\base.yaml
2026-04-13 20:11:41,940 : INFO : ConfigProcessor : Loading config from cache: C:\Users\Lukas\AppData\Local\Temp\e915a77df2eb7c954f1557e6bd49ea48.mpf_cache
2026-04-13 20:11:41,941 : DEBUG : YamlMultifileConfigLoader : Loading mode slingshots from C:\Users\Lukas\mpftspp\lib\site-packages\mpf\modes\slingshots\config\slingshots.yaml
2026-04-13 20:11:41,941 : INFO : ConfigProcessor : Loading config from cache: C:\Users\Lukas\AppData\Local\Temp\6720abd7d78775ec476d92be447cc36c.mpf_cache
2026-04-13 20:11:41,942 : DEBUG : YamlMultifileConfigLoader : Loading mode hurryup from C:\Users\Lukas\mpftspp\lib\site-packages\mpf\modes\hurryup\config\hurryup.yaml
2026-04-13 20:11:41,942 : INFO : ConfigProcessor : Loading config from cache: C:\Users\Lukas\AppData\Local\Temp\5c55177e8fd0a80aca73e5066ec16461.mpf_cache
2026-04-13 20:11:41,943 : INFO : Machine : Mission Pinball Framework Core Engine v0.80.0.dev14
2026-04-13 20:11:41,943 : INFO : Machine : Command line arguments: {'no_load_cache': False, 'create_config_cache': True, 'bcp': True, 'configfile': ['config.yaml'], 'force_assets_load': False, 'platform_integration_test': False, 'jsonlogging': False, 'logfile': 'logs\\2026-04-13-20-11-41-mpf-DESKTOP-24N7989.log', 'pause': False, 'production': False, 'text_ui': True, 'loglevel': 10, 'consoleloglevel': 20, 'force_platform': None, 'syslog_address': None, 'full_logfile_path': 'C:\\Users\\Lukas\\Documents\\TSPP\\logs\\2026-04-13-20-11-41-mpf-DESKTOP-24N7989.log'}
2026-04-13 20:11:41,943 : INFO : Machine : MPF path: C:\Users\Lukas\mpftspp\lib\site-packages\mpf
2026-04-13 20:11:41,943 : INFO : Machine : Machine path: C:\Users\Lukas\Documents\TSPP
2026-04-13 20:11:41,943 : INFO : Machine : Platform: win32
2026-04-13 20:11:41,943 : INFO : Machine : Python executable location: C:\Users\Lukas\mpftspp\Scripts\python.exe
2026-04-13 20:11:41,944 : INFO : Machine : Python version: 3.10.0 (64-bit)
2026-04-13 20:11:41,944 : DEBUG : asyncio : Using proactor: IocpProactor
2026-04-13 20:11:41,944 : INFO : Machine : Initializing MPF...
2026-04-13 20:11:42,000 : DEBUG : asciimatics.widgets.layout : Updating: None
2026-04-13 20:11:42,000 : DEBUG : asciimatics.widgets.layout : Updating: None
2026-04-13 20:11:42,000 : DEBUG : asciimatics.widgets.layout : Updating: None
2026-04-13 20:11:42,000 : DEBUG : asciimatics.widgets.layout : Updating: None
2026-04-13 20:11:42,000 : DEBUG : asciimatics.widgets.layout : Updating: None
2026-04-13 20:11:42,000 : DEBUG : asciimatics.widgets.layout : Updating: None
2026-04-13 20:11:42,000 : DEBUG : asciimatics.widgets.layout : Updating: None
2026-04-13 20:11:42,000 : DEBUG : asciimatics.widgets.layout : Updating: None
2026-04-13 20:11:42,000 : DEBUG : asciimatics.widgets.layout : Updating: None
2026-04-13 20:11:42,000 : DEBUG : asciimatics.widgets.layout : Updating: None
2026-04-13 20:11:42,000 : DEBUG : asciimatics.widgets.layout : Updating: None
2026-04-13 20:11:42,000 : DEBUG : asciimatics.widgets.layout : Updating: None
2026-04-13 20:11:42,000 : DEBUG : asciimatics.widgets.widget : Widget blur: <asciimatics.widgets.label.Label object at 0x0000019C6663DBE0>
2026-04-13 20:11:42,000 : DEBUG : asciimatics.widgets.widget : Widget blur: <asciimatics.widgets.label.Label object at 0x0000019C667ED150>
2026-04-13 20:11:42,000 : DEBUG : asciimatics.widgets.widget : Widget blur: <asciimatics.widgets.label.Label object at 0x0000019C667ED2F0>
2026-04-13 20:11:42,000 : DEBUG : asciimatics.widgets.layout : Blur: <asciimatics.widgets.layout.Layout object at 0x0000019C66A51240>
2026-04-13 20:11:42,000 : DEBUG : asciimatics.widgets.layout : Blur: <mpf.core.text_ui.MpfLayout object at 0x0000019C66A60270>
2026-04-13 20:11:42,000 : DEBUG : asciimatics.widgets.layout : Updating: None
2026-04-13 20:11:42,000 : DEBUG : asciimatics.widgets.layout : Updating: None
2026-04-13 20:11:42,000 : DEBUG : asciimatics.widgets.layout : Updating: None
2026-04-13 20:11:42,000 : DEBUG : asciimatics.widgets.layout : Updating: None
2026-04-13 20:11:42,000 : DEBUG : asciimatics.widgets.layout : Updating: None
2026-04-13 20:11:42,000 : DEBUG : asciimatics.widgets.layout : Updating: None
2026-04-13 20:11:42,000 : DEBUG : asciimatics.widgets.widget : Widget blur: <asciimatics.widgets.label.Label object at 0x0000019C667ED700>
2026-04-13 20:11:42,000 : DEBUG : asciimatics.widgets.widget : Widget blur: <asciimatics.widgets.label.Label object at 0x0000019C667ED630>
2026-04-13 20:11:42,000 : DEBUG : asciimatics.widgets.widget : Widget blur: <asciimatics.widgets.label.Label object at 0x0000019C667ED7D0>
2026-04-13 20:11:42,000 : DEBUG : asciimatics.widgets.widget : Widget blur: <asciimatics.widgets.label.Label object at 0x0000019C667ED560>
2026-04-13 20:11:42,000 : DEBUG : asciimatics.widgets.widget : Widget blur: <asciimatics.widgets.label.Label object at 0x0000019C667ED490>
2026-04-13 20:11:42,000 : DEBUG : asciimatics.widgets.widget : Widget blur: <asciimatics.widgets.label.Label object at 0x0000019C667ED3C0>
2026-04-13 20:11:42,000 : DEBUG : asciimatics.widgets.layout : Blur: <asciimatics.widgets.layout.Layout object at 0x0000019C66A51300>
2026-04-13 20:11:42,000 : DEBUG : asciimatics.widgets.layout : Focus: <asciimatics.widgets.layout.Layout object at 0x0000019C66A51240>
2026-04-13 20:11:42,000 : DEBUG : asciimatics.widgets.layout : Focus: <mpf.core.text_ui.MpfLayout object at 0x0000019C66A60270>
2026-04-13 20:11:42,001 : DEBUG : asciimatics.widgets.layout : Focus: <asciimatics.widgets.layout.Layout object at 0x0000019C66A51300>
2026-04-13 20:11:42,001 : DEBUG : asciimatics.widgets.frame : Cloning: Test
2026-04-13 20:11:42,001 : DEBUG : asciimatics.widgets.layout : Updating: None
2026-04-13 20:11:42,001 : DEBUG : asciimatics.widgets.layout : Updating: None
2026-04-13 20:11:42,001 : DEBUG : asciimatics.widgets.layout : Updating: None
2026-04-13 20:11:42,001 : DEBUG : asciimatics.widgets.layout : Updating: None
2026-04-13 20:11:42,001 : DEBUG : asciimatics.widgets.layout : Updating: None
2026-04-13 20:11:42,001 : DEBUG : asciimatics.widgets.layout : Updating: None
2026-04-13 20:11:42,001 : DEBUG : asciimatics.widgets.layout : Updating: None
2026-04-13 20:11:42,001 : DEBUG : asciimatics.widgets.layout : Updating: None
2026-04-13 20:11:42,001 : DEBUG : asciimatics.widgets.layout : Updating: None
2026-04-13 20:11:42,001 : DEBUG : asciimatics.widgets.layout : Updating: None
2026-04-13 20:11:42,001 : DEBUG : asciimatics.widgets.layout : Updating: None
2026-04-13 20:11:42,001 : DEBUG : asciimatics.widgets.layout : Updating: None
2026-04-13 20:11:42,001 : DEBUG : asciimatics.widgets.layout : Updating: None
2026-04-13 20:11:42,001 : DEBUG : asciimatics.widgets.layout : Updating: None
2026-04-13 20:11:42,001 : DEBUG : asciimatics.widgets.layout : Updating: None
2026-04-13 20:11:42,001 : DEBUG : asciimatics.widgets.layout : Updating: None
2026-04-13 20:11:42,001 : DEBUG : asciimatics.widgets.layout : Updating: None
2026-04-13 20:11:42,001 : DEBUG : asciimatics.widgets.layout : Updating: None
2026-04-13 20:11:42,004 : DEBUG : asciimatics.screen : Processing key: d
2026-04-13 20:11:42,004 : DEBUG : asciimatics.screen : Processing mouse: 77, 20
2026-04-13 20:11:42,004 : DEBUG : asciimatics.widgets.frame : New event: MouseEvent (77, 20) 0
2026-04-13 20:11:42,268 : INFO : OPP : Connecting to COM4 at 115200bps
2026-04-13 20:11:43,010 : DEBUG : asciimatics.screen : Processing mouse: 72, 11
2026-04-13 20:11:43,010 : DEBUG : asciimatics.widgets.frame : New event: MouseEvent (72, 11) 0
2026-04-13 20:11:43,998 : DEBUG : asciimatics.screen : Processing mouse: 73, 10
2026-04-13 20:11:43,998 : DEBUG : asciimatics.widgets.frame : New event: MouseEvent (73, 10) 0
2026-04-13 20:11:43,999 : DEBUG : asciimatics.screen : Processing mouse: 73, 10
2026-04-13 20:11:43,999 : DEBUG : asciimatics.widgets.frame : New event: MouseEvent (73, 10) 0
2026-04-13 20:11:44,000 : DEBUG : asciimatics.screen : Processing mouse: 72, 10
2026-04-13 20:11:44,000 : DEBUG : asciimatics.widgets.frame : New event: MouseEvent (72, 10) 0
2026-04-13 20:11:45,009 : DEBUG : asciimatics.screen : Processing mouse: 119, 29
2026-04-13 20:11:45,009 : DEBUG : asciimatics.widgets.frame : New event: MouseEvent (119, 29) 0
2026-04-13 20:12:15,012 : DEBUG : asciimatics.screen : Processing mouse: 34, 24
2026-04-13 20:12:15,012 : DEBUG : asciimatics.widgets.frame : New event: MouseEvent (34, 24) 0
2026-04-13 20:12:16,011 : DEBUG : asciimatics.screen : Processing mouse: 64, 14
2026-04-13 20:12:16,011 : DEBUG : asciimatics.widgets.frame : New event: MouseEvent (64, 14) 0
2026-04-13 20:12:16,012 : DEBUG : asciimatics.screen : Processing mouse: 64, 14
2026-04-13 20:12:16,012 : DEBUG : asciimatics.widgets.frame : New event: MouseEvent (64, 14) 1
2026-04-13 20:12:16,012 : DEBUG : asciimatics.widgets.frame : Blurring: [<asciimatics.widgets.frame.Frame object at 0x0000019C6674EA10>]
2026-04-13 20:12:16,013 : DEBUG : asciimatics.screen : Processing mouse: 64, 14
2026-04-13 20:12:16,013 : DEBUG : asciimatics.widgets.frame : New event: MouseEvent (64, 14) 0
2026-04-13 20:12:17,012 : DEBUG : asciimatics.screen : Processing mouse: 64, 14
2026-04-13 20:12:17,013 : DEBUG : asciimatics.widgets.frame : New event: MouseEvent (64, 14) 0
2026-04-13 20:12:17,685 : INFO : Machine : Starting the main run loop with active modes: []
2026-04-13 20:12:17,685 : ERROR : root : 'attract'
Traceback (most recent call last):
  File "C:\Users\Lukas\mpftspp\lib\site-packages\mpf\commands\game.py", line 229, in __init__
    self.machine.run()
  File "C:\Users\Lukas\mpftspp\lib\site-packages\mpf\core\machine.py", line 703, in run
    if not self.modes['attract'] in self.mode_controller.active_modes:
KeyError: 'attract'
