2026-04-19 19:16:26,508 : INFO : root : Loading config.
2026-04-19 19:16:26,517 : INFO : YamlMultifileConfigLoader : Machine config file #1: config.yaml
2026-04-19 19:16:26,519 : INFO : ConfigProcessor : Loading config from cache: C:\Users\Lukas\AppData\Local\Temp\32f39c1debf2d9ee836c41c94f408ffc.mpf_cache
2026-04-19 19:16:26,651 : DEBUG : YamlMultifileConfigLoader : Loading mode attract from C:\Users\Lukas\mpftspp\lib\site-packages\mpf\modes\attract\config\attract.yaml
2026-04-19 19:16:26,652 : DEBUG : YamlMultifileConfigLoader : Loading mode attract from C:\Users\Lukas\mpftspp\lib\site-packages\mpf\modes\attract\config\attract.yaml
2026-04-19 19:16:26,653 : INFO : ConfigProcessor : Loading config from cache: C:\Users\Lukas\AppData\Local\Temp\1cf6e080e232be7da984fc3f9f606af5.mpf_cache
2026-04-19 19:16:26,654 : DEBUG : YamlMultifileConfigLoader : Loading mode game from C:\Users\Lukas\mpftspp\lib\site-packages\mpf\modes\game\config\game.yaml
2026-04-19 19:16:26,655 : INFO : ConfigProcessor : Loading config from cache: C:\Users\Lukas\AppData\Local\Temp\d5d281e4d67cd36b56e6e575dc21d22a.mpf_cache
2026-04-19 19:16:26,655 : DEBUG : YamlMultifileConfigLoader : Loading mode attract from C:\Users\Lukas\mpftspp\lib\site-packages\mpf\modes\attract\config\attract.yaml
2026-04-19 19:16:26,656 : DEBUG : YamlMultifileConfigLoader : Loading mode attract from C:\Users\Lukas\mpftspp\lib\site-packages\mpf\modes\attract\config\attract.yaml
2026-04-19 19:16:26,656 : INFO : ConfigProcessor : Loading config from cache: C:\Users\Lukas\AppData\Local\Temp\1cf6e080e232be7da984fc3f9f606af5.mpf_cache
2026-04-19 19:16:26,658 : DEBUG : YamlMultifileConfigLoader : Loading mode base from C:\Users\Lukas\mpftspp\lib\site-packages\mpf\modes\base\config\base.yaml
2026-04-19 19:16:26,658 : INFO : ConfigProcessor : Loading config from cache: C:\Users\Lukas\AppData\Local\Temp\e915a77df2eb7c954f1557e6bd49ea48.mpf_cache
2026-04-19 19:16:26,660 : DEBUG : YamlMultifileConfigLoader : Loading mode slingshots from C:\Users\Lukas\mpftspp\lib\site-packages\mpf\modes\slingshots\config\slingshots.yaml
2026-04-19 19:16:26,660 : INFO : ConfigProcessor : Loading config from cache: C:\Users\Lukas\AppData\Local\Temp\6720abd7d78775ec476d92be447cc36c.mpf_cache
2026-04-19 19:16:26,661 : DEBUG : YamlMultifileConfigLoader : Loading mode hurryup from C:\Users\Lukas\mpftspp\lib\site-packages\mpf\modes\hurryup\config\hurryup.yaml
2026-04-19 19:16:26,661 : INFO : ConfigProcessor : Loading config from cache: C:\Users\Lukas\AppData\Local\Temp\5c55177e8fd0a80aca73e5066ec16461.mpf_cache
2026-04-19 19:16:26,664 : INFO : Machine : Mission Pinball Framework Core Engine v0.80.0.dev13
2026-04-19 19:16:26,664 : INFO : Machine : Command line arguments: {'no_load_cache': False, 'create_config_cache': True, 'bcp': True, 'configfile': ['config.yaml'], 'force_assets_load': False, 'platform_integration_test': False, 'jsonlogging': False, 'logfile': 'logs\\2026-04-19-19-16-26-mpf-DESKTOP-24N7989.log', 'pause': False, 'production': False, 'text_ui': True, 'loglevel': 10, 'consoleloglevel': 10, 'force_platform': None, 'syslog_address': None, 'full_logfile_path': 'C:\\Users\\Lukas\\Documents\\TSPP\\logs\\2026-04-19-19-16-26-mpf-DESKTOP-24N7989.log'}
2026-04-19 19:16:26,665 : INFO : Machine : MPF path: C:\Users\Lukas\mpftspp\lib\site-packages\mpf
2026-04-19 19:16:26,665 : INFO : Machine : Machine path: C:\Users\Lukas\Documents\TSPP
2026-04-19 19:16:26,665 : INFO : Machine : Platform: win32
2026-04-19 19:16:26,665 : INFO : Machine : Python executable location: C:\Users\Lukas\mpftspp\Scripts\python.exe
2026-04-19 19:16:26,665 : INFO : Machine : Python version: 3.10.0 (64-bit)
2026-04-19 19:16:26,665 : DEBUG : asyncio : Using proactor: IocpProactor
2026-04-19 19:16:26,669 : INFO : Machine : Initializing MPF...
2026-04-19 19:16:26,691 : DEBUG : OPP : Configuring the OPP Gen2 boards
2026-04-19 19:16:26,817 : DEBUG : asciimatics.widgets.layout : Updating: None
2026-04-19 19:16:26,817 : DEBUG : asciimatics.widgets.layout : Updating: None
2026-04-19 19:16:26,817 : DEBUG : asciimatics.widgets.layout : Updating: None
2026-04-19 19:16:26,817 : DEBUG : asciimatics.widgets.layout : Updating: None
2026-04-19 19:16:26,817 : DEBUG : asciimatics.widgets.layout : Updating: None
2026-04-19 19:16:26,817 : DEBUG : asciimatics.widgets.layout : Updating: None
2026-04-19 19:16:26,817 : DEBUG : asciimatics.widgets.layout : Updating: None
2026-04-19 19:16:26,818 : DEBUG : asciimatics.widgets.layout : Updating: None
2026-04-19 19:16:26,818 : DEBUG : asciimatics.widgets.layout : Updating: None
2026-04-19 19:16:26,818 : DEBUG : asciimatics.widgets.layout : Updating: None
2026-04-19 19:16:26,818 : DEBUG : asciimatics.widgets.layout : Updating: None
2026-04-19 19:16:26,818 : DEBUG : asciimatics.widgets.layout : Updating: None
2026-04-19 19:16:26,818 : DEBUG : asciimatics.widgets.widget : Widget blur: <asciimatics.widgets.label.Label object at 0x0000025ACDCBE400>
2026-04-19 19:16:26,818 : DEBUG : asciimatics.widgets.widget : Widget blur: <asciimatics.widgets.label.Label object at 0x0000025ACDE79970>
2026-04-19 19:16:26,818 : DEBUG : asciimatics.widgets.widget : Widget blur: <asciimatics.widgets.label.Label object at 0x0000025ACDE79B10>
2026-04-19 19:16:26,818 : DEBUG : asciimatics.widgets.layout : Blur: <asciimatics.widgets.layout.Layout object at 0x0000025ACE138220>
2026-04-19 19:16:26,818 : DEBUG : asciimatics.widgets.layout : Blur: <mpf.core.text_ui.MpfLayout object at 0x0000025ACE0F9B60>
2026-04-19 19:16:26,818 : DEBUG : asciimatics.widgets.layout : Updating: None
2026-04-19 19:16:26,818 : DEBUG : asciimatics.widgets.layout : Updating: None
2026-04-19 19:16:26,819 : DEBUG : asciimatics.widgets.layout : Updating: None
2026-04-19 19:16:26,819 : DEBUG : asciimatics.widgets.layout : Updating: None
2026-04-19 19:16:26,819 : DEBUG : asciimatics.widgets.layout : Updating: None
2026-04-19 19:16:26,819 : DEBUG : asciimatics.widgets.layout : Updating: None
2026-04-19 19:16:26,819 : DEBUG : asciimatics.widgets.widget : Widget blur: <asciimatics.widgets.label.Label object at 0x0000025ACDE79F20>
2026-04-19 19:16:26,819 : DEBUG : asciimatics.widgets.widget : Widget blur: <asciimatics.widgets.label.Label object at 0x0000025ACDE79E50>
2026-04-19 19:16:26,819 : DEBUG : asciimatics.widgets.widget : Widget blur: <asciimatics.widgets.label.Label object at 0x0000025ACDE79FF0>
2026-04-19 19:16:26,819 : DEBUG : asciimatics.widgets.widget : Widget blur: <asciimatics.widgets.label.Label object at 0x0000025ACDE79D80>
2026-04-19 19:16:26,819 : DEBUG : asciimatics.widgets.widget : Widget blur: <asciimatics.widgets.label.Label object at 0x0000025ACDE79CB0>
2026-04-19 19:16:26,819 : DEBUG : asciimatics.widgets.widget : Widget blur: <asciimatics.widgets.label.Label object at 0x0000025ACDE79BE0>
2026-04-19 19:16:26,819 : DEBUG : asciimatics.widgets.layout : Blur: <asciimatics.widgets.layout.Layout object at 0x0000025ACE1382E0>
2026-04-19 19:16:26,819 : DEBUG : asciimatics.widgets.layout : Focus: <asciimatics.widgets.layout.Layout object at 0x0000025ACE138220>
2026-04-19 19:16:26,819 : DEBUG : asciimatics.widgets.layout : Focus: <mpf.core.text_ui.MpfLayout object at 0x0000025ACE0F9B60>
2026-04-19 19:16:26,819 : DEBUG : asciimatics.widgets.layout : Focus: <asciimatics.widgets.layout.Layout object at 0x0000025ACE1382E0>
2026-04-19 19:16:26,819 : DEBUG : asciimatics.widgets.frame : Cloning: Test
2026-04-19 19:16:26,819 : DEBUG : asciimatics.widgets.layout : Updating: None
2026-04-19 19:16:26,819 : DEBUG : asciimatics.widgets.layout : Updating: None
2026-04-19 19:16:26,819 : DEBUG : asciimatics.widgets.layout : Updating: None
2026-04-19 19:16:26,819 : DEBUG : asciimatics.widgets.layout : Updating: None
2026-04-19 19:16:26,819 : DEBUG : asciimatics.widgets.layout : Updating: None
2026-04-19 19:16:26,819 : DEBUG : asciimatics.widgets.layout : Updating: None
2026-04-19 19:16:26,819 : DEBUG : asciimatics.widgets.layout : Updating: None
2026-04-19 19:16:26,820 : DEBUG : asciimatics.widgets.layout : Updating: None
2026-04-19 19:16:26,820 : DEBUG : asciimatics.widgets.layout : Updating: None
2026-04-19 19:16:26,820 : DEBUG : asciimatics.widgets.layout : Updating: None
2026-04-19 19:16:26,820 : DEBUG : asciimatics.widgets.layout : Updating: None
2026-04-19 19:16:26,820 : DEBUG : asciimatics.widgets.layout : Updating: None
2026-04-19 19:16:26,820 : DEBUG : asciimatics.widgets.layout : Updating: None
2026-04-19 19:16:26,820 : DEBUG : asciimatics.widgets.layout : Updating: None
2026-04-19 19:16:26,820 : DEBUG : asciimatics.widgets.layout : Updating: None
2026-04-19 19:16:26,820 : DEBUG : asciimatics.widgets.layout : Updating: None
2026-04-19 19:16:26,820 : DEBUG : asciimatics.widgets.layout : Updating: None
2026-04-19 19:16:26,820 : DEBUG : asciimatics.widgets.layout : Updating: None
2026-04-19 19:16:26,823 : DEBUG : asciimatics.screen : Processing key: d
2026-04-19 19:16:27,012 : INFO : OPP : Connecting to COM4 at 115200bps
2026-04-19 19:16:27,014 : DEBUG : OPP : COM4 sending: b'\xff' ( 0xff)
2026-04-19 19:16:48,817 : DEBUG : asciimatics.screen : Processing mouse: 68, 21
2026-04-19 19:16:48,817 : DEBUG : asciimatics.widgets.frame : New event: MouseEvent (68, 21) 1
2026-04-19 19:16:48,817 : DEBUG : asciimatics.widgets.frame : Blurring: [<asciimatics.widgets.frame.Frame object at 0x0000025ACDE298D0>]
2026-04-19 19:16:48,818 : DEBUG : asciimatics.screen : Processing mouse: 68, 21
2026-04-19 19:16:48,818 : DEBUG : asciimatics.widgets.frame : New event: MouseEvent (68, 21) 0
2026-04-19 19:16:48,820 : DEBUG : asciimatics.screen : Processing mouse: 69, 21
2026-04-19 19:16:48,820 : DEBUG : asciimatics.widgets.frame : New event: MouseEvent (69, 21) 0
2026-04-19 19:16:48,821 : DEBUG : asciimatics.screen : Processing key: 0
2026-04-19 19:16:48,940 : INFO : Machine : Starting the main run loop with active modes: []
2026-04-19 19:16:48,942 : ERROR : root : 'attract'
Traceback (most recent call last):
  File "C:\Users\Lukas\mpftspp\lib\site-packages\mpf\commands\game.py", line 229, in __init__
    self.machine.run()
  File "C:\Users\Lukas\mpftspp\lib\site-packages\mpf\core\machine.py", line 703, in run
    if not self.modes['attract'] in self.mode_controller.active_modes:
KeyError: 'attract'
