2026-04-14 20:10:37,061 : INFO : root : Loading config.
2026-04-14 20:10:37,067 : INFO : YamlMultifileConfigLoader : Machine config file #1: config.yaml
2026-04-14 20:10:37,067 : INFO : ConfigProcessor : Loading config from cache: C:\Users\Lukas\AppData\Local\Temp\32f39c1debf2d9ee836c41c94f408ffc.mpf_cache
2026-04-14 20:10:37,179 : INFO : ConfigProcessor : Loading config from cache: C:\Users\Lukas\AppData\Local\Temp\1cf6e080e232be7da984fc3f9f606af5.mpf_cache
2026-04-14 20:10:37,179 : INFO : ConfigProcessor : Loading config from cache: C:\Users\Lukas\AppData\Local\Temp\d5d281e4d67cd36b56e6e575dc21d22a.mpf_cache
2026-04-14 20:10:37,185 : INFO : ConfigProcessor : Loading config from cache: C:\Users\Lukas\AppData\Local\Temp\1cf6e080e232be7da984fc3f9f606af5.mpf_cache
2026-04-14 20:10:37,187 : INFO : ConfigProcessor : Loading config from cache: C:\Users\Lukas\AppData\Local\Temp\e915a77df2eb7c954f1557e6bd49ea48.mpf_cache
2026-04-14 20:10:37,189 : INFO : ConfigProcessor : Loading config from cache: C:\Users\Lukas\AppData\Local\Temp\6720abd7d78775ec476d92be447cc36c.mpf_cache
2026-04-14 20:10:37,190 : INFO : ConfigProcessor : Loading config from cache: C:\Users\Lukas\AppData\Local\Temp\5c55177e8fd0a80aca73e5066ec16461.mpf_cache
2026-04-14 20:10:37,192 : INFO : Machine : Mission Pinball Framework Core Engine v0.80.0.dev14
2026-04-14 20:10:37,192 : INFO : Machine : Command line arguments: {'no_load_cache': False, 'create_config_cache': True, 'bcp': True, 'configfile': ['config.yaml'], 'force_assets_load': False, 'platform_integration_test': False, 'jsonlogging': False, 'logfile': 'logs\\2026-04-14-20-10-37-mpf-DESKTOP-24N7989.log', 'pause': False, 'production': False, 'text_ui': False, 'loglevel': 15, 'consoleloglevel': 20, 'force_platform': 'virtual', 'syslog_address': None, 'full_logfile_path': 'C:\\Users\\Lukas\\Documents\\TSPP\\logs\\2026-04-14-20-10-37-mpf-DESKTOP-24N7989.log'}
2026-04-14 20:10:37,192 : INFO : Machine : MPF path: C:\Users\Lukas\mpftspp\lib\site-packages\mpf
2026-04-14 20:10:37,192 : INFO : Machine : Machine path: C:\Users\Lukas\Documents\TSPP
2026-04-14 20:10:37,192 : INFO : Machine : Platform: win32
2026-04-14 20:10:37,192 : INFO : Machine : Python executable location: C:\Users\Lukas\mpftspp\Scripts\python.exe
2026-04-14 20:10:37,192 : INFO : Machine : Python version: 3.10.0 (64-bit)
2026-04-14 20:10:37,195 : INFO : Machine : Initializing MPF...
2026-04-14 20:10:37,300 : INFO : EventManager : Event: ======'machine_var_credits_string'====== Args={'value': 'FREE PLAY', 'prev_value': None, 'change': True}
2026-04-14 20:10:37,326 : INFO : EventManager : Event: ======'machine_var_master_volume'====== Args={'value': 0.5, 'prev_value': None, 'change': True}
2026-04-14 20:10:37,326 : INFO : EventManager : Event: ======'machine_var_mpf_version'====== Args={'value': 'Mission Pinball Framework v0.80.0.dev14', 'prev_value': None, 'change': True}
2026-04-14 20:10:37,328 : INFO : EventManager : Event: ======'machine_var_mpf_extended_version'====== Args={'value': 'Mission Pinball Framework v0.80.0.dev14, Config version:6, Show version: 6, BCP version:1.1', 'prev_value': None, 'change': True}
2026-04-14 20:10:37,328 : INFO : EventManager : Event: ======'machine_var_python_version'====== Args={'value': '3.10.0', 'prev_value': None, 'change': True}
2026-04-14 20:10:37,342 : INFO : EventManager : Event: ======'machine_var_platform'====== Args={'value': 'Windows-10-10.0.26200-SP0', 'prev_value': None, 'change': True}
2026-04-14 20:10:37,342 : INFO : EventManager : Event: ======'machine_var_platform_system'====== Args={'value': 'Windows', 'prev_value': None, 'change': True}
2026-04-14 20:10:37,342 : INFO : EventManager : Event: ======'machine_var_platform_release'====== Args={'value': '10', 'prev_value': None, 'change': True}
2026-04-14 20:10:37,342 : INFO : EventManager : Event: ======'machine_var_platform_version'====== Args={'value': '10.0.26200', 'prev_value': None, 'change': True}
2026-04-14 20:10:37,342 : INFO : EventManager : Event: ======'machine_var_platform_machine'====== Args={'value': 'AMD64', 'prev_value': None, 'change': True}
2026-04-14 20:10:37,342 : INFO : EventManager : Event: ======'machine_var_log_file_path'====== Args={'value': 'C:\\Users\\Lukas\\Documents\\TSPP\\logs\\2026-04-14-20-10-37-mpf-DESKTOP-24N7989.log', 'prev_value': None, 'change': True}
2026-04-14 20:10:37,342 : INFO : EventManager : Event: ======'init_phase_1'====== Args={}
2026-04-14 20:10:37,370 : INFO : EventManager : Event: ======'init_phase_2'====== Args={}
2026-04-14 20:10:37,370 : INFO : SwitchController : Found active switch: ('1-0-8', <Platform.Virtual>) <switch.s_trough_1>
2026-04-14 20:10:37,370 : INFO : SwitchController : Found active switch: ('1-0-9', <Platform.Virtual>) <switch.s_trough_2>
2026-04-14 20:10:37,370 : INFO : SwitchController : Found active switch: ('1-0-10', <Platform.Virtual>) <switch.s_trough_3>
2026-04-14 20:10:37,386 : INFO : EventManager : Event: ======'bcp_connection_attempt'====== Args={'name': 'local_display', 'host': 'localhost', 'port': 5050}
2026-04-14 20:10:37,389 : INFO : BCPClientSocket : Connecting BCP to 'local_display' at localhost:5050...
2026-04-14 20:10:58,172 : INFO : BCPClientSocket : Connected BCP to 'local_display' localhost:5050
2026-04-14 20:10:58,173 : INFO : EventManager : Event: ======'bcp_clients_connected'====== Args={}
2026-04-14 20:10:58,174 : INFO : ball_device.bd_drain : BCH: Initial count: 0
2026-04-14 20:10:58,176 : INFO : ball_device.bd_drain : State: idle
2026-04-14 20:10:58,178 : INFO : ball_device.bd_trough : BCH: Initial count: 3
2026-04-14 20:10:58,179 : INFO : ball_device.bd_trough : State: idle
2026-04-14 20:10:58,180 : INFO : ball_device.bd_plunger : BCH: Initial count: 0
2026-04-14 20:10:58,180 : INFO : ball_device.bd_plunger : State: idle
2026-04-14 20:10:58,226 : INFO : EventManager : Event: ======'init_phase_3'====== Args={}
2026-04-14 20:10:58,230 : INFO : EventManager : Event: ======'init_phase_4'====== Args={}
2026-04-14 20:10:58,230 : INFO : BallController : Initial balls found: 3
2026-04-14 20:10:58,233 : INFO : EventManager : Event: ======'machine_var_audits_events_game_ended'====== Args={'value': 0, 'prev_value': None, 'change': True}
2026-04-14 20:10:58,233 : INFO : EventManager : Event: ======'machine_var_audits_events_game_started'====== Args={'value': 10, 'prev_value': None, 'change': True}
2026-04-14 20:10:58,233 : INFO : EventManager : Event: ======'machine_var_audits_missing_switches_s_drain'====== Args={'value': 10, 'prev_value': None, 'change': True}
2026-04-14 20:10:58,233 : INFO : EventManager : Event: ======'machine_var_audits_missing_switches_s_dt_m'====== Args={'value': 10, 'prev_value': None, 'change': True}
2026-04-14 20:10:58,233 : INFO : EventManager : Event: ======'machine_var_audits_missing_switches_s_dt_o'====== Args={'value': 10, 'prev_value': None, 'change': True}
2026-04-14 20:10:58,233 : INFO : EventManager : Event: ======'machine_var_audits_missing_switches_s_dt_u'====== Args={'value': 10, 'prev_value': None, 'change': True}
2026-04-14 20:10:58,233 : INFO : EventManager : Event: ======'machine_var_audits_missing_switches_s_flipper_rigt'====== Args={'value': 7, 'prev_value': None, 'change': True}
2026-04-14 20:10:58,233 : INFO : EventManager : Event: ======'machine_var_audits_missing_switches_s_kickout'====== Args={'value': 8, 'prev_value': None, 'change': True}
2026-04-14 20:10:58,234 : INFO : EventManager : Event: ======'machine_var_audits_missing_switches_s_plunger_lane'====== Args={'value': 3, 'prev_value': None, 'change': True}
2026-04-14 20:10:58,234 : INFO : EventManager : Event: ======'machine_var_audits_missing_switches_s_ramp_1'====== Args={'value': 10, 'prev_value': None, 'change': True}
2026-04-14 20:10:58,234 : INFO : EventManager : Event: ======'machine_var_audits_missing_switches_s_sling_left'====== Args={'value': 3, 'prev_value': None, 'change': True}
2026-04-14 20:10:58,234 : INFO : EventManager : Event: ======'machine_var_audits_missing_switches_s_start'====== Args={'value': 8, 'prev_value': None, 'change': True}
2026-04-14 20:10:58,234 : INFO : EventManager : Event: ======'machine_var_audits_missing_switches_s_trough_1'====== Args={'value': 10, 'prev_value': None, 'change': True}
2026-04-14 20:10:58,234 : INFO : EventManager : Event: ======'machine_var_audits_missing_switches_s_trough_2'====== Args={'value': 10, 'prev_value': None, 'change': True}
2026-04-14 20:10:58,234 : INFO : EventManager : Event: ======'machine_var_audits_missing_switches_s_trough_3'====== Args={'value': 10, 'prev_value': None, 'change': True}
2026-04-14 20:10:58,234 : INFO : EventManager : Event: ======'machine_var_audits_player_score'====== Args={'value': {'average': 0, 'top': [], 'total': 0}, 'prev_value': None, 'change': True}
2026-04-14 20:10:58,234 : INFO : EventManager : Event: ======'machine_var_audits_shots_homer_h'====== Args={'value': 14, 'prev_value': None, 'change': True}
2026-04-14 20:10:58,234 : INFO : EventManager : Event: ======'machine_var_audits_shots_hurryup'====== Args={'value': 6, 'prev_value': None, 'change': True}
2026-04-14 20:10:58,234 : INFO : EventManager : Event: ======'machine_var_audits_shots_slingshot_left'====== Args={'value': 39, 'prev_value': None, 'change': True}
2026-04-14 20:10:58,234 : INFO : EventManager : Event: ======'machine_var_audits_shots_slingshot_right'====== Args={'value': 29, 'prev_value': None, 'change': True}
2026-04-14 20:10:58,234 : INFO : EventManager : Event: ======'machine_var_audits_switches_s_drain'====== Args={'value': 0, 'prev_value': None, 'change': True}
2026-04-14 20:10:58,234 : INFO : EventManager : Event: ======'machine_var_audits_switches_s_dt_m'====== Args={'value': 0, 'prev_value': None, 'change': True}
2026-04-14 20:10:58,234 : INFO : EventManager : Event: ======'machine_var_audits_switches_s_dt_o'====== Args={'value': 0, 'prev_value': None, 'change': True}
2026-04-14 20:10:58,235 : INFO : EventManager : Event: ======'machine_var_audits_switches_s_dt_u'====== Args={'value': 0, 'prev_value': None, 'change': True}
2026-04-14 20:10:58,235 : INFO : EventManager : Event: ======'machine_var_audits_switches_s_flipper_left'====== Args={'value': 4, 'prev_value': None, 'change': True}
2026-04-14 20:10:58,235 : INFO : EventManager : Event: ======'machine_var_audits_switches_s_flipper_right'====== Args={'value': 2, 'prev_value': None, 'change': True}
2026-04-14 20:10:58,235 : INFO : EventManager : Event: ======'machine_var_audits_switches_s_flipper_rigt'====== Args={'value': 0, 'prev_value': None, 'change': True}
2026-04-14 20:10:58,235 : INFO : EventManager : Event: ======'machine_var_audits_switches_s_homer_h'====== Args={'value': 14, 'prev_value': None, 'change': True}
2026-04-14 20:10:58,235 : INFO : EventManager : Event: ======'machine_var_audits_switches_s_kickout'====== Args={'value': 1, 'prev_value': None, 'change': True}
2026-04-14 20:10:58,235 : INFO : EventManager : Event: ======'machine_var_audits_switches_s_plunger_lane'====== Args={'value': 2, 'prev_value': None, 'change': True}
2026-04-14 20:10:58,235 : INFO : EventManager : Event: ======'machine_var_audits_switches_s_ramp_1'====== Args={'value': 0, 'prev_value': None, 'change': True}
2026-04-14 20:10:58,235 : INFO : EventManager : Event: ======'machine_var_audits_switches_s_sling_left'====== Args={'value': 39, 'prev_value': None, 'change': True}
2026-04-14 20:10:58,235 : INFO : EventManager : Event: ======'machine_var_audits_switches_s_sling_right'====== Args={'value': 29, 'prev_value': None, 'change': True}
2026-04-14 20:10:58,235 : INFO : EventManager : Event: ======'machine_var_audits_switches_s_start'====== Args={'value': 2, 'prev_value': None, 'change': True}
2026-04-14 20:10:58,235 : INFO : EventManager : Event: ======'machine_var_audits_switches_s_trough_1'====== Args={'value': 0, 'prev_value': None, 'change': True}
2026-04-14 20:10:58,235 : INFO : EventManager : Event: ======'machine_var_audits_switches_s_trough_2'====== Args={'value': 0, 'prev_value': None, 'change': True}
2026-04-14 20:10:58,235 : INFO : EventManager : Event: ======'machine_var_audits_switches_s_trough_3'====== Args={'value': 0, 'prev_value': None, 'change': True}
2026-04-14 20:10:58,236 : INFO : EventManager : Event: ======'init_phase_5'====== Args={}
2026-04-14 20:10:58,237 : INFO : EventManager : Event: ======'init_done'====== Args={}
2026-04-14 20:10:58,237 : INFO : EventManager : Event: ======'machine_reset_phase_1'====== Args={}
2026-04-14 20:10:58,247 : INFO : EventManager : Event: ======'machine_reset_phase_2'====== Args={}
2026-04-14 20:10:58,247 : INFO : EventManager : Event: ======'machine_reset_phase_3'====== Args={}
2026-04-14 20:10:58,247 : INFO : EventManager : Event: ======'mode_attract_will_start'====== Args={'queue': <QueuedEvent>}
2026-04-14 20:10:58,248 : INFO : Timer.attract_carousel_timer : Starting Timer.
2026-04-14 20:10:58,248 : INFO : EventManager : Event: ======'timer_attract_carousel_timer_started'====== Args={'ticks': 0, 'ticks_remaining': 1}
2026-04-14 20:10:58,248 : INFO : EventManager : Event: ======'timer_attract_carousel_timer_tick'====== Args={'ticks': 0, 'ticks_remaining': 1}
2026-04-14 20:10:58,250 : INFO : EventManager : Event: ======'mode_attract_starting'====== Args={'queue': <QueuedEvent>}
2026-04-14 20:10:58,250 : INFO : Mode.attract : Started. Priority: 100
2026-04-14 20:10:58,250 : INFO : EventManager : Event: ======'modes_active_modes_changed'====== Args={}
2026-04-14 20:10:58,250 : INFO : EventManager : Event: ======'mode_attract_started'====== Args={'queue': <QueuedEvent>}
2026-04-14 20:10:58,252 : INFO : EventManager : Event: ======'collecting_balls_complete'====== Args={}
2026-04-14 20:10:58,252 : INFO : EventManager : Event: ======'carousel_item_highlighted'====== Args={'carousel': 'attract', 'direction': None, 'item': 'title'}
2026-04-14 20:10:58,253 : INFO : EventManager : Event: ======'timer_attract_carousel_timer_tick'====== Args={'ticks': 0, 'ticks_remaining': 1}
2026-04-14 20:10:58,253 : INFO : EventManager : Event: ======'reset_complete'====== Args={}
2026-04-14 20:10:58,255 : INFO : Machine : Starting the main run loop with active modes: [<Mode.attract>]
2026-04-14 20:10:58,286 : INFO : EventManager : Event: ======'slide_attract_created'====== Args={'_from_bcp': True}
2026-04-14 20:10:58,287 : INFO : EventManager : Event: ======'slide__removed'====== Args={'_from_bcp': True}
2026-04-14 20:10:58,287 : INFO : EventManager : Event: ======'slide_attract_active'====== Args={'original_context': 'attract', 'original_calling_context': 'mode_attract_started', 'priority': 100.0, 'queue': '<QueuedEvent>', 'cmd': 'slides_play', '_from_bcp': True}
2026-04-14 20:11:03,267 : INFO : Timer.attract_carousel_timer : Timer Complete
2026-04-14 20:11:03,268 : INFO : Timer.attract_carousel_timer : Stopping Timer
2026-04-14 20:11:03,268 : INFO : EventManager : Event: ======'timer_attract_carousel_timer_stopped'====== Args={'ticks': 1, 'ticks_remaining': 1}
2026-04-14 20:11:03,268 : INFO : EventManager : Event: ======'timer_attract_carousel_timer_complete'====== Args={'ticks': 1, 'ticks_remaining': 1}
2026-04-14 20:11:03,268 : INFO : EventManager : Event: ======'carousel_item_highlighted'====== Args={'carousel': 'attract', 'direction': 'forwards', 'item': 'credits'}
2026-04-14 20:11:03,269 : INFO : Timer.attract_carousel_timer : Starting Timer.
2026-04-14 20:11:03,270 : INFO : EventManager : Event: ======'timer_attract_carousel_timer_started'====== Args={'ticks': 0, 'ticks_remaining': 1}
2026-04-14 20:11:03,270 : INFO : EventManager : Event: ======'timer_attract_carousel_timer_tick'====== Args={'ticks': 0, 'ticks_remaining': 1}
2026-04-14 20:11:08,282 : INFO : Timer.attract_carousel_timer : Timer Complete
2026-04-14 20:11:08,282 : INFO : Timer.attract_carousel_timer : Stopping Timer
2026-04-14 20:11:08,283 : INFO : EventManager : Event: ======'timer_attract_carousel_timer_stopped'====== Args={'ticks': 1, 'ticks_remaining': 1}
2026-04-14 20:11:08,283 : INFO : EventManager : Event: ======'timer_attract_carousel_timer_complete'====== Args={'ticks': 1, 'ticks_remaining': 1}
2026-04-14 20:11:08,283 : INFO : EventManager : Event: ======'carousel_item_highlighted'====== Args={'carousel': 'attract', 'direction': 'forwards', 'item': 'mpf_logo'}
2026-04-14 20:11:08,284 : INFO : Timer.attract_carousel_timer : Starting Timer.
2026-04-14 20:11:08,284 : INFO : EventManager : Event: ======'timer_attract_carousel_timer_started'====== Args={'ticks': 0, 'ticks_remaining': 1}
2026-04-14 20:11:08,284 : INFO : EventManager : Event: ======'timer_attract_carousel_timer_tick'====== Args={'ticks': 0, 'ticks_remaining': 1}
2026-04-14 20:11:13,298 : INFO : Timer.attract_carousel_timer : Timer Complete
2026-04-14 20:11:13,298 : INFO : Timer.attract_carousel_timer : Stopping Timer
2026-04-14 20:11:13,298 : INFO : EventManager : Event: ======'timer_attract_carousel_timer_stopped'====== Args={'ticks': 1, 'ticks_remaining': 1}
2026-04-14 20:11:13,298 : INFO : EventManager : Event: ======'timer_attract_carousel_timer_complete'====== Args={'ticks': 1, 'ticks_remaining': 1}
2026-04-14 20:11:13,299 : INFO : EventManager : Event: ======'carousel_item_highlighted'====== Args={'carousel': 'attract', 'direction': 'forwards', 'item': 'title'}
2026-04-14 20:11:13,300 : INFO : Timer.attract_carousel_timer : Starting Timer.
2026-04-14 20:11:13,300 : INFO : EventManager : Event: ======'timer_attract_carousel_timer_started'====== Args={'ticks': 0, 'ticks_remaining': 1}
2026-04-14 20:11:13,300 : INFO : EventManager : Event: ======'timer_attract_carousel_timer_tick'====== Args={'ticks': 0, 'ticks_remaining': 1}
2026-04-14 20:11:15,822 : INFO : SwitchController : <<<<<<< 's_start' active >>>>>>>
2026-04-14 20:11:15,923 : INFO : SwitchController : <<<<<<< 's_start' inactive >>>>>>>
2026-04-14 20:11:15,923 : INFO : EventManager : Event: ======'request_to_start_game'====== Args={}
2026-04-14 20:11:15,924 : INFO : EventManager : Event: ======'game_start'====== Args={'buttons': [], 'hold_time': 0.10900000000401633}
2026-04-14 20:11:15,924 : INFO : EventManager : Event: ======'mode_attract_will_stop'====== Args={}
2026-04-14 20:11:15,924 : INFO : EventManager : Event: ======'mode_attract_stopping'====== Args={}
2026-04-14 20:11:15,924 : INFO : EventManager : Event: ======'mode_game_will_start'====== Args={'buttons': [], 'hold_time': 0.10900000000401633}
2026-04-14 20:11:15,925 : INFO : EventManager : Event: ======'mode_game_starting'====== Args={'buttons': [], 'hold_time': 0.10900000000401633}
2026-04-14 20:11:15,926 : INFO : Mode.game : Started. Priority: 20
2026-04-14 20:11:15,926 : INFO : EventManager : Event: ======'modes_active_modes_changed'====== Args={}
2026-04-14 20:11:15,926 : INFO : EventManager : Event: ======'mode_game_started'====== Args={'buttons': [], 'hold_time': 0.10900000000401633}
2026-04-14 20:11:15,926 : INFO : Mode.attract : Stopped.
2026-04-14 20:11:15,926 : INFO : EventManager : Event: ======'modes_active_modes_changed'====== Args={}
2026-04-14 20:11:15,927 : INFO : EventManager : Event: ======'mode_attract_stopped'====== Args={}
2026-04-14 20:11:15,927 : INFO : EventManager : Event: ======'clear'====== Args={'key': 'attract'}
2026-04-14 20:11:15,927 : INFO : Timer.attract_carousel_timer : Stopping Timer
2026-04-14 20:11:15,927 : INFO : EventManager : Event: ======'timer_attract_carousel_timer_stopped'====== Args={'ticks': 0, 'ticks_remaining': 1}
2026-04-14 20:11:15,930 : INFO : EventManager : Event: ======'game_will_start'====== Args={}
2026-04-14 20:11:15,930 : INFO : EventManager : Event: ======'game_starting'====== Args={'game': <Mode.game>}
2026-04-14 20:11:15,931 : INFO : EventManager : Unordered handler for class <Auditor> on event game_ended with priority 1. Handlers: [RegisteredHandler(callback=<bound method Auditor.disable of <Auditor>>, priority=1, kwargs={}, key=UUID('75429029-117e-4563-8a8b-881e5e968dc6'), condition=None, blocking_facility=None), RegisteredHandler(callback=<bound method Auditor._save_audits of <Auditor>>, priority=1, kwargs={}, key=UUID('3dcf4842-ae86-4251-b738-9072d83715ac'), condition=None, blocking_facility=None)]. The order of those handlers is not defined and they will be executed in random order. This might lead to race conditions and potential bugs.
2026-04-14 20:11:15,931 : INFO : EventManager : Event: ======'player_add_request'====== Args={}
2026-04-14 20:11:15,931 : INFO : EventManager : Event: ======'player_will_add'====== Args={'number': 1}
2026-04-14 20:11:15,932 : INFO : EventManager : Event: ======'player_adding'====== Args={'player': <Player 1>, 'number': 1}
2026-04-14 20:11:15,932 : INFO : EventManager : Event: ======'player_added'====== Args={'player': <Player 1>, 'num': 1}
2026-04-14 20:11:15,932 : INFO : Mode.game : Player added successfully. Total players: 1
2026-04-14 20:11:15,932 : INFO : EventManager : Event: ======'player_index'====== Args={'value': 0, 'prev_value': 0, 'change': 0, 'player_num': 1}
2026-04-14 20:11:15,934 : INFO : EventManager : Event: ======'player_number'====== Args={'value': 1, 'prev_value': 1, 'change': 0, 'player_num': 1}
2026-04-14 20:11:15,934 : INFO : EventManager : Event: ======'player_score'====== Args={'value': 0, 'prev_value': 0, 'change': 0, 'player_num': 1}
2026-04-14 20:11:15,934 : INFO : EventManager : Event: ======'game_started'====== Args={}
2026-04-14 20:11:15,935 : INFO : EventManager : Event: ======'player_turn_will_start'====== Args={'player': <Player 1>, 'number': 1}
2026-04-14 20:11:15,935 : INFO : EventManager : Event: ======'player_turn_starting'====== Args={'player': <Player 1>, 'number': 1}
2026-04-14 20:11:15,935 : INFO : EventManager : Event: ======'player_ball'====== Args={'value': 1, 'prev_value': 0, 'change': 1, 'player_num': 1}
2026-04-14 20:11:15,937 : INFO : EventManager : Event: ======'player_turn_started'====== Args={'player': <Player 1>, 'number': 1}
2026-04-14 20:11:15,937 : INFO : EventManager : Event: ======'ball_will_start'====== Args={'player': 1, 'ball': 1, 'balls_remaining': 2, 'is_extra_ball': False}
2026-04-14 20:11:15,937 : INFO : EventManager : Event: ======'ball_starting'====== Args={'player': 1, 'ball': 1, 'balls_remaining': 2, 'is_extra_ball': False}
2026-04-14 20:11:15,939 : INFO : EventManager : Event: ======'mode_base_will_start'====== Args={'queue': <QueuedEvent>, 'player': 1, 'ball': 1, 'balls_remaining': 2, 'is_extra_ball': False}
2026-04-14 20:11:15,939 : INFO : EventManager : Event: ======'player_shot_homer_h_enabled'====== Args={'value': True, 'prev_value': 0, 'change': 1, 'player_num': 1}
2026-04-14 20:11:15,941 : INFO : EventManager : Event: ======'mode_base_starting'====== Args={'queue': <QueuedEvent>, 'player': 1, 'ball': 1, 'balls_remaining': 2, 'is_extra_ball': False}
2026-04-14 20:11:15,942 : INFO : Mode.base : Started. Priority: 100
2026-04-14 20:11:15,942 : INFO : EventManager : Event: ======'modes_active_modes_changed'====== Args={}
2026-04-14 20:11:15,942 : INFO : EventManager : Event: ======'mode_base_started'====== Args={'queue': <QueuedEvent>, 'player': 1, 'ball': 1, 'balls_remaining': 2, 'is_extra_ball': False}
2026-04-14 20:11:15,942 : INFO : EventManager : Event: ======'start_mode_slingshots'====== Args={'priority': 0}
2026-04-14 20:11:15,943 : INFO : EventManager : Event: ======'mode_slingshots_will_start'====== Args={'priority': 0}
2026-04-14 20:11:15,943 : INFO : EventManager : Event: ======'player_shot_slingshot_left_enabled'====== Args={'value': True, 'prev_value': 0, 'change': 1, 'player_num': 1}
2026-04-14 20:11:15,943 : INFO : EventManager : Event: ======'player_shot_slingshot_right_enabled'====== Args={'value': True, 'prev_value': 0, 'change': 1, 'player_num': 1}
2026-04-14 20:11:15,944 : INFO : EventManager : Event: ======'slingshots_complete'====== Args={'state': 'unlit'}
2026-04-14 20:11:15,944 : INFO : EventManager : Event: ======'slingshots_unlit_complete'====== Args={}
2026-04-14 20:11:15,944 : INFO : EventManager : Event: ======'mode_slingshots_starting'====== Args={'priority': 0}
2026-04-14 20:11:15,944 : INFO : Mode.slingshots : Started. Priority: 200
2026-04-14 20:11:15,945 : INFO : EventManager : Event: ======'modes_active_modes_changed'====== Args={}
2026-04-14 20:11:15,945 : INFO : EventManager : Event: ======'mode_slingshots_started'====== Args={'priority': 0}
2026-04-14 20:11:15,945 : INFO : EventManager : Event: ======'balls_in_play'====== Args={'balls': 1}
2026-04-14 20:11:15,945 : INFO : EventManager : Event: ======'ball_started'====== Args={'player': 1, 'ball': 1, 'balls_remaining': 2, 'is_extra_ball': False}
2026-04-14 20:11:15,952 : INFO : EventManager : Event: ======'single_player_ball_started'====== Args={}
2026-04-14 20:11:15,952 : INFO : EventManager : Event: ======'ball_start_target'====== Args={'target': 'playfield'}
2026-04-14 20:11:15,952 : INFO : ball_device.bd_trough : Setting up player-controlled eject. Balls: 1, Target: <playfield.playfield>, player_controlled_eject_event: None
2026-04-14 20:11:15,952 : INFO : ball_device.bd_trough : Adding 1 ball(s) to the eject_queue with target <playfield.playfield>.
2026-04-14 20:11:15,952 : INFO : EventManager : Event: ======'balldevice_balls_available'====== Args={}
2026-04-14 20:11:15,953 : INFO : ball_device.bd_trough : State: waiting_for_target_ready
2026-04-14 20:11:15,954 : INFO : EventManager : Event: ======'balldevice_bd_trough_ball_eject_attempt'====== Args={'balls': 1, 'target': <ball_device.bd_plunger>, 'source': <ball_device.bd_trough>, 'mechanical_eject': False, 'num_attempts': 0}
2026-04-14 20:11:15,954 : INFO : ball_device.bd_plunger : State: waiting_for_ball
2026-04-14 20:11:15,954 : INFO : ball_device.bd_trough : State: ejecting
2026-04-14 20:11:15,955 : INFO : ball_device.bd_trough : Ejecting ball to <ball_device.bd_plunger>
2026-04-14 20:11:15,955 : INFO : EventManager : Event: ======'balldevice_bd_trough_ejecting_ball'====== Args={'balls': 1, 'target': <ball_device.bd_plunger>, 'source': <ball_device.bd_trough>, 'mechanical_eject': False, 'num_attempts': 0}
2026-04-14 20:11:15,956 : INFO : ball_device.bd_trough : Wait for ball to leave device
2026-04-14 20:11:15,956 : INFO : coil.c_trough_release : Pulsing Driver for 20ms (1.0 pulse_power)
2026-04-14 20:11:15,964 : INFO : EventManager : Event: ======'slide_base_slide_created'====== Args={'_from_bcp': True}
2026-04-14 20:11:15,964 : INFO : EventManager : Event: ======'slide_attract_inactive'====== Args={'is_removing': True, '_from_bcp': True}
2026-04-14 20:11:15,965 : INFO : EventManager : Event: ======'slide_base_slide_active'====== Args={'original_context': 'base', 'original_calling_context': 'mode_base_started', 'priority': 100.0, 'queue': '<QueuedEvent>', 'player': 1.0, 'ball': 1.0, 'balls_remaining': 2.0, 'is_extra_ball': False, 'cmd': 'slides_play', '_from_bcp': True}
2026-04-14 20:11:15,965 : INFO : EventManager : Event: ======'slide_attract_removed'====== Args={'_from_bcp': True}
2026-04-14 20:11:18,964 : INFO : EventManager : Event: ======'balldevice_bd_trough_ball_eject_failed'====== Args={'target': <ball_device.bd_plunger>, 'balls': 1, 'retry': True, 'num_attempts': 1}
2026-04-14 20:11:18,966 : INFO : ball_device.bd_trough : State: waiting_for_target_ready
2026-04-14 20:11:18,966 : INFO : EventManager : Event: ======'balldevice_bd_trough_ball_eject_attempt'====== Args={'balls': 1, 'target': <ball_device.bd_plunger>, 'source': <ball_device.bd_trough>, 'mechanical_eject': False, 'num_attempts': 1}
2026-04-14 20:11:18,966 : INFO : ball_device.bd_trough : State: ejecting
2026-04-14 20:11:18,967 : INFO : ball_device.bd_trough : Ejecting ball to <ball_device.bd_plunger>
2026-04-14 20:11:18,967 : INFO : EventManager : Event: ======'balldevice_bd_trough_ejecting_ball'====== Args={'balls': 1, 'target': <ball_device.bd_plunger>, 'source': <ball_device.bd_trough>, 'mechanical_eject': False, 'num_attempts': 1}
2026-04-14 20:11:18,969 : INFO : ball_device.bd_trough : Wait for ball to leave device
2026-04-14 20:11:18,969 : INFO : coil.c_trough_release : Pulsing Driver for 20ms (1.0 pulse_power)
2026-04-14 20:11:21,974 : INFO : EventManager : Event: ======'balldevice_bd_trough_ball_eject_failed'====== Args={'target': <ball_device.bd_plunger>, 'balls': 1, 'retry': True, 'num_attempts': 2}
2026-04-14 20:11:21,975 : INFO : ball_device.bd_trough : State: waiting_for_target_ready
2026-04-14 20:11:21,975 : INFO : EventManager : Event: ======'balldevice_bd_trough_ball_eject_attempt'====== Args={'balls': 1, 'target': <ball_device.bd_plunger>, 'source': <ball_device.bd_trough>, 'mechanical_eject': False, 'num_attempts': 2}
2026-04-14 20:11:21,975 : INFO : ball_device.bd_trough : State: ejecting
2026-04-14 20:11:21,976 : INFO : ball_device.bd_trough : Ejecting ball to <ball_device.bd_plunger>
2026-04-14 20:11:21,976 : INFO : EventManager : Event: ======'balldevice_bd_trough_ejecting_ball'====== Args={'balls': 1, 'target': <ball_device.bd_plunger>, 'source': <ball_device.bd_trough>, 'mechanical_eject': False, 'num_attempts': 2}
2026-04-14 20:11:21,977 : INFO : ball_device.bd_trough : Wait for ball to leave device
2026-04-14 20:11:21,977 : INFO : coil.c_trough_release : Pulsing Driver for 20ms (1.0 pulse_power)
2026-04-14 20:11:24,977 : INFO : EventManager : Event: ======'balldevice_bd_trough_ball_eject_failed'====== Args={'target': <ball_device.bd_plunger>, 'balls': 1, 'retry': True, 'num_attempts': 3}
2026-04-14 20:11:24,978 : INFO : ball_device.bd_trough : State: waiting_for_target_ready
2026-04-14 20:11:24,978 : INFO : EventManager : Event: ======'balldevice_bd_trough_ball_eject_attempt'====== Args={'balls': 1, 'target': <ball_device.bd_plunger>, 'source': <ball_device.bd_trough>, 'mechanical_eject': False, 'num_attempts': 3}
2026-04-14 20:11:24,979 : INFO : ball_device.bd_trough : State: ejecting
2026-04-14 20:11:24,979 : INFO : ball_device.bd_trough : Ejecting ball to <ball_device.bd_plunger>
2026-04-14 20:11:24,979 : INFO : EventManager : Event: ======'balldevice_bd_trough_ejecting_ball'====== Args={'balls': 1, 'target': <ball_device.bd_plunger>, 'source': <ball_device.bd_trough>, 'mechanical_eject': False, 'num_attempts': 3}
2026-04-14 20:11:24,980 : INFO : ball_device.bd_trough : Wait for ball to leave device
2026-04-14 20:11:24,980 : INFO : coil.c_trough_release : Pulsing Driver for 20ms (1.0 pulse_power)
2026-04-14 20:11:27,992 : INFO : EventManager : Event: ======'balldevice_bd_trough_ball_eject_failed'====== Args={'target': <ball_device.bd_plunger>, 'balls': 1, 'retry': True, 'num_attempts': 4}
2026-04-14 20:11:27,993 : INFO : ball_device.bd_trough : State: waiting_for_target_ready
2026-04-14 20:11:27,994 : INFO : EventManager : Event: ======'balldevice_bd_trough_ball_eject_attempt'====== Args={'balls': 1, 'target': <ball_device.bd_plunger>, 'source': <ball_device.bd_trough>, 'mechanical_eject': False, 'num_attempts': 4}
2026-04-14 20:11:27,994 : INFO : ball_device.bd_trough : State: ejecting
2026-04-14 20:11:27,994 : INFO : ball_device.bd_trough : Ejecting ball to <ball_device.bd_plunger>
2026-04-14 20:11:27,994 : INFO : EventManager : Event: ======'balldevice_bd_trough_ejecting_ball'====== Args={'balls': 1, 'target': <ball_device.bd_plunger>, 'source': <ball_device.bd_trough>, 'mechanical_eject': False, 'num_attempts': 4}
2026-04-14 20:11:27,995 : INFO : ball_device.bd_trough : Wait for ball to leave device
2026-04-14 20:11:27,995 : INFO : coil.c_trough_release : Pulsing Driver for 20ms (1.0 pulse_power)
2026-04-14 20:11:31,001 : INFO : EventManager : Event: ======'balldevice_bd_trough_ball_eject_failed'====== Args={'target': <ball_device.bd_plunger>, 'balls': 1, 'retry': True, 'num_attempts': 5}
2026-04-14 20:11:31,004 : INFO : ball_device.bd_trough : State: waiting_for_target_ready
2026-04-14 20:11:31,004 : INFO : EventManager : Event: ======'balldevice_bd_trough_ball_eject_attempt'====== Args={'balls': 1, 'target': <ball_device.bd_plunger>, 'source': <ball_device.bd_trough>, 'mechanical_eject': False, 'num_attempts': 5}
2026-04-14 20:11:31,004 : INFO : ball_device.bd_trough : State: ejecting
2026-04-14 20:11:31,005 : INFO : ball_device.bd_trough : Ejecting ball to <ball_device.bd_plunger>
2026-04-14 20:11:31,005 : INFO : EventManager : Event: ======'balldevice_bd_trough_ejecting_ball'====== Args={'balls': 1, 'target': <ball_device.bd_plunger>, 'source': <ball_device.bd_trough>, 'mechanical_eject': False, 'num_attempts': 5}
2026-04-14 20:11:31,006 : INFO : ball_device.bd_trough : Wait for ball to leave device
2026-04-14 20:11:31,006 : INFO : coil.c_trough_release : Pulsing Driver for 20ms (1.0 pulse_power)
2026-04-14 20:11:34,020 : INFO : EventManager : Event: ======'balldevice_bd_trough_ball_eject_failed'====== Args={'target': <ball_device.bd_plunger>, 'balls': 1, 'retry': True, 'num_attempts': 6}
2026-04-14 20:11:34,023 : INFO : ball_device.bd_trough : State: waiting_for_target_ready
2026-04-14 20:11:34,023 : INFO : EventManager : Event: ======'balldevice_bd_trough_ball_eject_attempt'====== Args={'balls': 1, 'target': <ball_device.bd_plunger>, 'source': <ball_device.bd_trough>, 'mechanical_eject': False, 'num_attempts': 6}
2026-04-14 20:11:34,023 : INFO : ball_device.bd_trough : State: ejecting
2026-04-14 20:11:34,023 : INFO : ball_device.bd_trough : Ejecting ball to <ball_device.bd_plunger>
2026-04-14 20:11:34,024 : INFO : EventManager : Event: ======'balldevice_bd_trough_ejecting_ball'====== Args={'balls': 1, 'target': <ball_device.bd_plunger>, 'source': <ball_device.bd_trough>, 'mechanical_eject': False, 'num_attempts': 6}
2026-04-14 20:11:34,024 : INFO : ball_device.bd_trough : Wait for ball to leave device
2026-04-14 20:11:34,024 : INFO : coil.c_trough_release : Pulsing Driver for 20ms (1.0 pulse_power)
2026-04-14 20:11:37,025 : INFO : EventManager : Event: ======'balldevice_bd_trough_ball_eject_failed'====== Args={'target': <ball_device.bd_plunger>, 'balls': 1, 'retry': True, 'num_attempts': 7}
2026-04-14 20:11:37,026 : INFO : ball_device.bd_trough : State: waiting_for_target_ready
2026-04-14 20:11:37,026 : INFO : EventManager : Event: ======'balldevice_bd_trough_ball_eject_attempt'====== Args={'balls': 1, 'target': <ball_device.bd_plunger>, 'source': <ball_device.bd_trough>, 'mechanical_eject': False, 'num_attempts': 7}
2026-04-14 20:11:37,027 : INFO : ball_device.bd_trough : State: ejecting
2026-04-14 20:11:37,027 : INFO : ball_device.bd_trough : Ejecting ball to <ball_device.bd_plunger>
2026-04-14 20:11:37,027 : INFO : EventManager : Event: ======'balldevice_bd_trough_ejecting_ball'====== Args={'balls': 1, 'target': <ball_device.bd_plunger>, 'source': <ball_device.bd_trough>, 'mechanical_eject': False, 'num_attempts': 7}
2026-04-14 20:11:37,027 : INFO : ball_device.bd_trough : Wait for ball to leave device
2026-04-14 20:11:37,027 : INFO : coil.c_trough_release : Pulsing Driver for 20ms (1.0 pulse_power)
2026-04-14 20:11:37,938 : INFO : Machine : Shutting down...
2026-04-14 20:11:37,939 : INFO : EventManager : Event: ======'shutdown'====== Args={}
2026-04-14 20:11:37,941 : INFO : EventManager : Event: ======'mode_game_will_stop'====== Args={}
2026-04-14 20:11:37,941 : INFO : EventManager : Event: ======'mode_game_stopping'====== Args={}
2026-04-14 20:11:37,942 : INFO : EventManager : Event: ======'mode_slingshots_will_stop'====== Args={}
2026-04-14 20:11:37,942 : INFO : EventManager : Event: ======'mode_slingshots_stopping'====== Args={}
2026-04-14 20:11:37,942 : INFO : EventManager : Event: ======'mode_base_will_stop'====== Args={}
2026-04-14 20:11:37,942 : INFO : EventManager : Event: ======'mode_base_stopping'====== Args={}
2026-04-14 20:11:37,942 : INFO : EventManager : Event: ======'stop_mode_slingshots'====== Args={'priority': 0}
2026-04-14 20:11:37,943 : INFO : Mode.base : Stopped.
2026-04-14 20:11:37,943 : INFO : EventManager : Event: ======'modes_active_modes_changed'====== Args={}
2026-04-14 20:11:37,943 : INFO : EventManager : Event: ======'mode_base_stopped'====== Args={}
2026-04-14 20:11:37,943 : INFO : EventManager : Event: ======'clear'====== Args={'key': 'base'}
2026-04-14 20:11:37,943 : INFO : Mode.slingshots : Stopped.
2026-04-14 20:11:37,943 : INFO : EventManager : Event: ======'modes_active_modes_changed'====== Args={}
2026-04-14 20:11:37,943 : INFO : EventManager : Event: ======'mode_slingshots_stopped'====== Args={}
2026-04-14 20:11:37,943 : INFO : EventManager : Event: ======'clear'====== Args={'key': 'slingshots'}
2026-04-14 20:11:37,944 : INFO : Mode.game : Stopped.
2026-04-14 20:11:37,944 : INFO : EventManager : Event: ======'modes_active_modes_changed'====== Args={}
2026-04-14 20:11:37,944 : INFO : EventManager : Event: ======'mode_game_stopped'====== Args={}
2026-04-14 20:11:37,944 : INFO : EventManager : Event: ======'clear'====== Args={'key': 'game'}
2026-04-14 20:11:37,950 : INFO : root : MPF run loop ended.
