2026-04-11 15:12:09,235 : INFO : root : Loading config.
2026-04-11 15:12:09,238 : INFO : YamlMultifileConfigLoader : Machine config file #1: config.yaml
2026-04-11 15:12:09,239 : INFO : ConfigProcessor : Loading config from cache: C:\Users\Lukas\AppData\Local\Temp\32f39c1debf2d9ee836c41c94f408ffc.mpf_cache
2026-04-11 15:12:09,296 : INFO : ConfigProcessor : Loading config from cache: C:\Users\Lukas\AppData\Local\Temp\1cf6e080e232be7da984fc3f9f606af5.mpf_cache
2026-04-11 15:12:09,297 : INFO : ConfigProcessor : Loading config from cache: C:\Users\Lukas\AppData\Local\Temp\d5d281e4d67cd36b56e6e575dc21d22a.mpf_cache
2026-04-11 15:12:09,299 : INFO : ConfigProcessor : Loading config from cache: C:\Users\Lukas\AppData\Local\Temp\1cf6e080e232be7da984fc3f9f606af5.mpf_cache
2026-04-11 15:12:09,300 : INFO : ConfigProcessor : Loading config from cache: C:\Users\Lukas\AppData\Local\Temp\e915a77df2eb7c954f1557e6bd49ea48.mpf_cache
2026-04-11 15:12:09,301 : INFO : Machine : Mission Pinball Framework Core Engine v0.80.0.dev14
2026-04-11 15:12:09,301 : INFO : Machine : Command line arguments: {'no_load_cache': False, 'create_config_cache': True, 'bcp': True, 'configfile': ['config.yaml'], 'force_assets_load': False, 'platform_integration_test': False, 'jsonlogging': False, 'logfile': 'logs\\2026-04-11-15-12-09-mpf-DESKTOP-24N7989.log', 'pause': False, 'production': False, 'text_ui': False, 'loglevel': 15, 'consoleloglevel': 20, 'force_platform': 'virtual', 'syslog_address': None, 'full_logfile_path': 'C:\\Users\\Lukas\\Documents\\TSPP\\logs\\2026-04-11-15-12-09-mpf-DESKTOP-24N7989.log'}
2026-04-11 15:12:09,301 : INFO : Machine : MPF path: C:\Users\Lukas\mpftspp\lib\site-packages\mpf
2026-04-11 15:12:09,301 : INFO : Machine : Machine path: C:\Users\Lukas\Documents\TSPP
2026-04-11 15:12:09,301 : INFO : Machine : Platform: win32
2026-04-11 15:12:09,301 : INFO : Machine : Python executable location: C:\Users\Lukas\mpftspp\Scripts\python.exe
2026-04-11 15:12:09,301 : INFO : Machine : Python version: 3.10.0 (64-bit)
2026-04-11 15:12:09,303 : INFO : Machine : Initializing MPF...
2026-04-11 15:12:09,366 : INFO : EventManager : Event: ======'machine_var_credits_string'====== Args={'value': 'FREE PLAY', 'prev_value': None, 'change': True}
2026-04-11 15:12:09,380 : INFO : EventManager : Event: ======'machine_var_master_volume'====== Args={'value': 0.5, 'prev_value': None, 'change': True}
2026-04-11 15:12:09,380 : INFO : EventManager : Event: ======'machine_var_mpf_version'====== Args={'value': 'Mission Pinball Framework v0.80.0.dev14', 'prev_value': None, 'change': True}
2026-04-11 15:12:09,380 : INFO : EventManager : Event: ======'machine_var_mpf_extended_version'====== Args={'value': 'Mission Pinball Framework v0.80.0.dev14, Config version:6, Show version: 6, BCP version:1.1', 'prev_value': None, 'change': True}
2026-04-11 15:12:09,380 : INFO : EventManager : Event: ======'machine_var_python_version'====== Args={'value': '3.10.0', 'prev_value': None, 'change': True}
2026-04-11 15:12:09,419 : INFO : EventManager : Event: ======'machine_var_platform'====== Args={'value': 'Windows-10-10.0.26100-SP0', 'prev_value': None, 'change': True}
2026-04-11 15:12:09,419 : INFO : EventManager : Event: ======'machine_var_platform_system'====== Args={'value': 'Windows', 'prev_value': None, 'change': True}
2026-04-11 15:12:09,419 : INFO : EventManager : Event: ======'machine_var_platform_release'====== Args={'value': '10', 'prev_value': None, 'change': True}
2026-04-11 15:12:09,419 : INFO : EventManager : Event: ======'machine_var_platform_version'====== Args={'value': '10.0.26100', 'prev_value': None, 'change': True}
2026-04-11 15:12:09,419 : INFO : EventManager : Event: ======'machine_var_platform_machine'====== Args={'value': 'AMD64', 'prev_value': None, 'change': True}
2026-04-11 15:12:09,419 : INFO : EventManager : Event: ======'machine_var_log_file_path'====== Args={'value': 'C:\\Users\\Lukas\\Documents\\TSPP\\logs\\2026-04-11-15-12-09-mpf-DESKTOP-24N7989.log', 'prev_value': None, 'change': True}
2026-04-11 15:12:09,419 : INFO : EventManager : Event: ======'init_phase_1'====== Args={}
2026-04-11 15:12:09,434 : INFO : EventManager : Event: ======'init_phase_2'====== Args={}
2026-04-11 15:12:09,434 : INFO : EventManager : Event: ======'bcp_connection_attempt'====== Args={'name': 'local_display', 'host': 'localhost', 'port': 5050}
2026-04-11 15:12:09,436 : INFO : BCPClientSocket : Connecting BCP to 'local_display' at localhost:5050...
2026-04-11 15:12:26,662 : INFO : BCPClientSocket : Connected BCP to 'local_display' localhost:5050
2026-04-11 15:12:26,664 : INFO : EventManager : Event: ======'bcp_clients_connected'====== Args={}
2026-04-11 15:12:26,666 : INFO : ball_device.bd_drain : BCH: Initial count: 0
2026-04-11 15:12:26,666 : INFO : ball_device.bd_drain : State: idle
2026-04-11 15:12:26,667 : INFO : ball_device.bd_trough : BCH: Initial count: 0
2026-04-11 15:12:26,667 : INFO : ball_device.bd_trough : State: idle
2026-04-11 15:12:26,668 : INFO : ball_device.bd_plunger : BCH: Initial count: 0
2026-04-11 15:12:26,668 : INFO : ball_device.bd_plunger : State: idle
2026-04-11 15:12:26,680 : INFO : EventManager : Event: ======'init_phase_3'====== Args={}
2026-04-11 15:12:26,682 : INFO : EventManager : Event: ======'init_phase_4'====== Args={}
2026-04-11 15:12:26,683 : INFO : BallController : Initial balls found: 0
2026-04-11 15:12:26,684 : INFO : EventManager : Event: ======'machine_var_audits_switches_s_drain'====== Args={'value': 0, 'prev_value': None, 'change': True}
2026-04-11 15:12:26,684 : INFO : EventManager : Event: ======'machine_var_audits_switches_s_trough_2'====== Args={'value': 0, 'prev_value': None, 'change': True}
2026-04-11 15:12:26,684 : INFO : EventManager : Event: ======'machine_var_audits_switches_s_plunger_lane'====== Args={'value': 0, 'prev_value': None, 'change': True}
2026-04-11 15:12:26,684 : INFO : EventManager : Event: ======'machine_var_audits_switches_s_flipper_rigt'====== Args={'value': 0, 'prev_value': None, 'change': True}
2026-04-11 15:12:26,684 : INFO : EventManager : Event: ======'machine_var_audits_switches_s_trough_1'====== Args={'value': 0, 'prev_value': None, 'change': True}
2026-04-11 15:12:26,684 : INFO : EventManager : Event: ======'machine_var_audits_switches_s_trough_3'====== Args={'value': 0, 'prev_value': None, 'change': True}
2026-04-11 15:12:26,684 : INFO : EventManager : Event: ======'machine_var_audits_switches_s_flipper_left'====== Args={'value': 0, 'prev_value': None, 'change': True}
2026-04-11 15:12:26,684 : INFO : EventManager : Event: ======'machine_var_audits_events_game_started'====== Args={'value': 0, 'prev_value': None, 'change': True}
2026-04-11 15:12:26,684 : INFO : EventManager : Event: ======'machine_var_audits_events_game_ended'====== Args={'value': 0, 'prev_value': None, 'change': True}
2026-04-11 15:12:26,684 : INFO : EventManager : Event: ======'machine_var_audits_player_score'====== Args={'value': {'top': [], 'average': 0, 'total': 0}, 'prev_value': None, 'change': True}
2026-04-11 15:12:26,686 : INFO : EventManager : Event: ======'init_phase_5'====== Args={}
2026-04-11 15:12:26,687 : INFO : EventManager : Event: ======'init_done'====== Args={}
2026-04-11 15:12:26,688 : INFO : EventManager : Event: ======'machine_reset_phase_1'====== Args={}
2026-04-11 15:12:26,693 : INFO : EventManager : Event: ======'machine_reset_phase_2'====== Args={}
2026-04-11 15:12:26,694 : INFO : EventManager : Event: ======'machine_reset_phase_3'====== Args={}
2026-04-11 15:12:26,694 : INFO : EventManager : Event: ======'reset_complete'====== Args={}
2026-04-11 15:12:26,694 : INFO : EventManager : Event: ======'mode_attract_will_start'====== Args={}
2026-04-11 15:12:26,694 : INFO : Timer.attract_carousel_timer : Starting Timer.
2026-04-11 15:12:26,694 : INFO : EventManager : Event: ======'timer_attract_carousel_timer_started'====== Args={'ticks': 0, 'ticks_remaining': 1}
2026-04-11 15:12:26,694 : INFO : EventManager : Event: ======'timer_attract_carousel_timer_tick'====== Args={'ticks': 0, 'ticks_remaining': 1}
2026-04-11 15:12:26,694 : INFO : EventManager : Event: ======'mode_attract_starting'====== Args={}
2026-04-11 15:12:26,695 : INFO : Mode.attract : Started. Priority: 10
2026-04-11 15:12:26,695 : INFO : EventManager : Event: ======'modes_active_modes_changed'====== Args={}
2026-04-11 15:12:26,695 : INFO : EventManager : Event: ======'mode_attract_started'====== Args={}
2026-04-11 15:12:26,695 : INFO : EventManager : Event: ======'collecting_balls_complete'====== Args={}
2026-04-11 15:12:26,695 : INFO : EventManager : Event: ======'carousel_item_highlighted'====== Args={'carousel': 'attract', 'direction': None, 'item': 'title'}
2026-04-11 15:12:26,696 : INFO : Machine : Starting the main run loop with active modes: [<Mode.attract>]
2026-04-11 15:12:26,716 : INFO : EventManager : Event: ======'slide_attract_created'====== Args={'_from_bcp': True}
2026-04-11 15:12:26,716 : INFO : EventManager : Event: ======'slide__removed'====== Args={'_from_bcp': True}
2026-04-11 15:12:26,717 : INFO : EventManager : Event: ======'slide_attract_active'====== Args={'original_context': 'attract', 'original_calling_context': 'mode_attract_started', 'priority': 10.0, 'cmd': 'slides_play', '_from_bcp': True}
2026-04-11 15:12:31,693 : INFO : Timer.attract_carousel_timer : Timer Complete
2026-04-11 15:12:31,693 : INFO : Timer.attract_carousel_timer : Stopping Timer
2026-04-11 15:12:31,693 : INFO : EventManager : Event: ======'timer_attract_carousel_timer_stopped'====== Args={'ticks': 1, 'ticks_remaining': 1}
2026-04-11 15:12:31,694 : INFO : EventManager : Event: ======'timer_attract_carousel_timer_complete'====== Args={'ticks': 1, 'ticks_remaining': 1}
2026-04-11 15:12:31,694 : INFO : EventManager : Event: ======'carousel_item_highlighted'====== Args={'carousel': 'attract', 'direction': 'forwards', 'item': 'credits'}
2026-04-11 15:12:56,495 : INFO : SwitchController : <<<<<<< 's_flipper_left' active >>>>>>>
2026-04-11 15:12:56,495 : INFO : EventManager : Event: ======'s_flipper_left_active'====== Args={}
2026-04-11 15:12:56,496 : INFO : EventManager : Event: ======'carousel_item_highlighted'====== Args={'carousel': 'attract', 'direction': 'backwards', 'item': 'title'}
2026-04-11 15:12:56,594 : INFO : SwitchController : <<<<<<< 's_flipper_left' inactive >>>>>>>
2026-04-11 15:12:58,587 : INFO : SwitchController : <<<<<<< 's_flipper_left' active >>>>>>>
2026-04-11 15:12:58,587 : INFO : EventManager : Event: ======'s_flipper_left_active'====== Args={}
2026-04-11 15:12:58,587 : INFO : EventManager : Event: ======'carousel_item_highlighted'====== Args={'carousel': 'attract', 'direction': 'backwards', 'item': 'mpf_logo'}
2026-04-11 15:12:59,418 : INFO : SwitchController : <<<<<<< 's_flipper_left' inactive >>>>>>>
2026-04-11 15:12:59,683 : INFO : SwitchController : <<<<<<< 's_flipper_left' active >>>>>>>
2026-04-11 15:12:59,683 : INFO : EventManager : Event: ======'s_flipper_left_active'====== Args={}
2026-04-11 15:12:59,683 : INFO : EventManager : Event: ======'carousel_item_highlighted'====== Args={'carousel': 'attract', 'direction': 'backwards', 'item': 'credits'}
2026-04-11 15:12:59,816 : INFO : SwitchController : <<<<<<< 's_flipper_left' inactive >>>>>>>
2026-04-11 15:13:00,180 : INFO : SwitchController : <<<<<<< 's_flipper_left' active >>>>>>>
2026-04-11 15:13:00,180 : INFO : EventManager : Event: ======'s_flipper_left_active'====== Args={}
2026-04-11 15:13:00,181 : INFO : EventManager : Event: ======'carousel_item_highlighted'====== Args={'carousel': 'attract', 'direction': 'backwards', 'item': 'title'}
2026-04-11 15:13:00,264 : INFO : SwitchController : <<<<<<< 's_flipper_left' inactive >>>>>>>
2026-04-11 15:13:00,596 : INFO : SwitchController : <<<<<<< 's_flipper_left' active >>>>>>>
2026-04-11 15:13:00,596 : INFO : EventManager : Event: ======'s_flipper_left_active'====== Args={}
2026-04-11 15:13:00,597 : INFO : EventManager : Event: ======'carousel_item_highlighted'====== Args={'carousel': 'attract', 'direction': 'backwards', 'item': 'mpf_logo'}
2026-04-11 15:13:00,696 : INFO : SwitchController : <<<<<<< 's_flipper_left' inactive >>>>>>>
2026-04-11 15:13:01,576 : WARNING : BcpInterface : Received BCP switch message with invalid switchname: 's_flipper_right'
2026-04-11 15:13:01,992 : WARNING : BcpInterface : Received BCP switch message with invalid switchname: 's_flipper_right'
2026-04-11 15:13:48,691 : INFO : Machine : Shutting down...
2026-04-11 15:13:48,691 : INFO : EventManager : Event: ======'shutdown'====== Args={}
2026-04-11 15:13:48,694 : INFO : root : MPF run loop ended.
