2026-04-14 16:37:30,072 : INFO : root : Loading config.
2026-04-14 16:37:30,075 : INFO : YamlMultifileConfigLoader : Machine config file #1: config.yaml
2026-04-14 16:37:30,075 : INFO : ConfigProcessor : Loading config from cache: C:\Users\Lukas\AppData\Local\Temp\32f39c1debf2d9ee836c41c94f408ffc.mpf_cache
2026-04-14 16:37:30,137 : WARNING : ConfigProcessor : Config file in cache changed: C:\Users\Lukas\Documents\TSPP\modes\attract\config\attract.yaml
2026-04-14 16:37:30,137 : INFO : ConfigProcessor : Loading config from file C:\Users\Lukas\mpftspp\lib\site-packages\mpf\modes\attract\config\attract.yaml.
2026-04-14 16:37:30,139 : INFO : ConfigProcessor : Loading config: C:\Users\Lukas\mpftspp\lib\site-packages\mpf\modes\attract\config\attract.yaml
2026-04-14 16:37:30,139 : INFO : ConfigProcessor : Loading config from file C:\Users\Lukas\Documents\TSPP\modes\attract\config\attract.yaml.
2026-04-14 16:37:30,140 : INFO : ConfigProcessor : Loading config: C:\Users\Lukas\Documents\TSPP\modes\attract\config\attract.yaml
2026-04-14 16:37:30,141 : INFO : ConfigProcessor : Config file cache created: C:\Users\Lukas\AppData\Local\Temp\1cf6e080e232be7da984fc3f9f606af5.mpf_cache
2026-04-14 16:37:30,141 : INFO : ConfigProcessor : Loading config from cache: C:\Users\Lukas\AppData\Local\Temp\d5d281e4d67cd36b56e6e575dc21d22a.mpf_cache
2026-04-14 16:37:30,142 : INFO : ConfigProcessor : Loading config from cache: C:\Users\Lukas\AppData\Local\Temp\1cf6e080e232be7da984fc3f9f606af5.mpf_cache
2026-04-14 16:37:30,143 : INFO : ConfigProcessor : Loading config from cache: C:\Users\Lukas\AppData\Local\Temp\e915a77df2eb7c954f1557e6bd49ea48.mpf_cache
2026-04-14 16:37:30,144 : INFO : ConfigProcessor : Loading config from cache: C:\Users\Lukas\AppData\Local\Temp\6720abd7d78775ec476d92be447cc36c.mpf_cache
2026-04-14 16:37:30,145 : INFO : ConfigProcessor : Loading config from cache: C:\Users\Lukas\AppData\Local\Temp\5c55177e8fd0a80aca73e5066ec16461.mpf_cache
2026-04-14 16:37:30,146 : INFO : Machine : Mission Pinball Framework Core Engine v0.80.0.dev14
2026-04-14 16:37:30,146 : INFO : Machine : Command line arguments: {'no_load_cache': False, 'create_config_cache': True, 'bcp': True, 'configfile': ['config.yaml'], 'force_assets_load': False, 'platform_integration_test': False, 'jsonlogging': False, 'logfile': 'logs\\2026-04-14-16-37-30-mpf-DESKTOP-24N7989.log', 'pause': False, 'production': False, 'text_ui': False, 'loglevel': 15, 'consoleloglevel': 20, 'force_platform': 'virtual', 'syslog_address': None, 'full_logfile_path': 'C:\\Users\\Lukas\\Documents\\TSPP\\logs\\2026-04-14-16-37-30-mpf-DESKTOP-24N7989.log'}
2026-04-14 16:37:30,146 : INFO : Machine : MPF path: C:\Users\Lukas\mpftspp\lib\site-packages\mpf
2026-04-14 16:37:30,146 : INFO : Machine : Machine path: C:\Users\Lukas\Documents\TSPP
2026-04-14 16:37:30,147 : INFO : Machine : Platform: win32
2026-04-14 16:37:30,147 : INFO : Machine : Python executable location: C:\Users\Lukas\mpftspp\Scripts\python.exe
2026-04-14 16:37:30,147 : INFO : Machine : Python version: 3.10.0 (64-bit)
2026-04-14 16:37:30,148 : INFO : Machine : Initializing MPF...
2026-04-14 16:37:30,244 : INFO : EventManager : Event: ======'machine_var_credits_string'====== Args={'value': 'FREE PLAY', 'prev_value': None, 'change': True}
2026-04-14 16:37:30,421 : INFO : EventManager : Event: ======'machine_var_master_volume'====== Args={'value': 0.5, 'prev_value': None, 'change': True}
2026-04-14 16:37:30,421 : INFO : EventManager : Event: ======'machine_var_mpf_version'====== Args={'value': 'Mission Pinball Framework v0.80.0.dev14', 'prev_value': None, 'change': True}
2026-04-14 16:37:30,421 : INFO : EventManager : Event: ======'machine_var_mpf_extended_version'====== Args={'value': 'Mission Pinball Framework v0.80.0.dev14, Config version:6, Show version: 6, BCP version:1.1', 'prev_value': None, 'change': True}
2026-04-14 16:37:30,421 : INFO : EventManager : Event: ======'machine_var_python_version'====== Args={'value': '3.10.0', 'prev_value': None, 'change': True}
2026-04-14 16:37:30,454 : INFO : EventManager : Event: ======'machine_var_platform'====== Args={'value': 'Windows-10-10.0.26200-SP0', 'prev_value': None, 'change': True}
2026-04-14 16:37:30,454 : INFO : EventManager : Event: ======'machine_var_platform_system'====== Args={'value': 'Windows', 'prev_value': None, 'change': True}
2026-04-14 16:37:30,454 : INFO : EventManager : Event: ======'machine_var_platform_release'====== Args={'value': '10', 'prev_value': None, 'change': True}
2026-04-14 16:37:30,454 : INFO : EventManager : Event: ======'machine_var_platform_version'====== Args={'value': '10.0.26200', 'prev_value': None, 'change': True}
2026-04-14 16:37:30,454 : INFO : EventManager : Event: ======'machine_var_platform_machine'====== Args={'value': 'AMD64', 'prev_value': None, 'change': True}
2026-04-14 16:37:30,454 : INFO : EventManager : Event: ======'machine_var_log_file_path'====== Args={'value': 'C:\\Users\\Lukas\\Documents\\TSPP\\logs\\2026-04-14-16-37-30-mpf-DESKTOP-24N7989.log', 'prev_value': None, 'change': True}
2026-04-14 16:37:30,454 : INFO : EventManager : Event: ======'init_phase_1'====== Args={}
2026-04-14 16:37:30,540 : INFO : EventManager : Event: ======'init_phase_2'====== Args={}
2026-04-14 16:37:30,541 : INFO : SwitchController : Found active switch: ('1-0-8', <Platform.Virtual>) <switch.s_trough_1>
2026-04-14 16:37:30,541 : INFO : SwitchController : Found active switch: ('1-0-9', <Platform.Virtual>) <switch.s_trough_2>
2026-04-14 16:37:30,541 : INFO : SwitchController : Found active switch: ('1-0-10', <Platform.Virtual>) <switch.s_trough_3>
2026-04-14 16:37:30,542 : INFO : EventManager : Event: ======'bcp_connection_attempt'====== Args={'name': 'local_display', 'host': 'localhost', 'port': 5050}
2026-04-14 16:37:30,552 : INFO : BCPClientSocket : Connecting BCP to 'local_display' at localhost:5050...
2026-04-14 16:37:34,657 : INFO : BCPClientSocket : Connected BCP to 'local_display' localhost:5050
2026-04-14 16:37:34,658 : INFO : EventManager : Event: ======'bcp_clients_connected'====== Args={}
2026-04-14 16:37:34,659 : INFO : ball_device.bd_drain : BCH: Initial count: 0
2026-04-14 16:37:34,660 : INFO : ball_device.bd_drain : State: idle
2026-04-14 16:37:34,660 : INFO : ball_device.bd_trough : BCH: Initial count: 3
2026-04-14 16:37:34,660 : INFO : ball_device.bd_trough : State: idle
2026-04-14 16:37:34,661 : INFO : ball_device.bd_plunger : BCH: Initial count: 0
2026-04-14 16:37:34,662 : INFO : ball_device.bd_plunger : State: idle
2026-04-14 16:37:34,732 : INFO : EventManager : Event: ======'init_phase_3'====== Args={}
2026-04-14 16:37:34,733 : INFO : EventManager : Event: ======'init_phase_4'====== Args={}
2026-04-14 16:37:34,734 : INFO : BallController : Initial balls found: 3
2026-04-14 16:37:34,735 : INFO : EventManager : Event: ======'machine_var_audits_events_game_ended'====== Args={'value': 0, 'prev_value': None, 'change': True}
2026-04-14 16:37:34,735 : INFO : EventManager : Event: ======'machine_var_audits_events_game_started'====== Args={'value': 9, 'prev_value': None, 'change': True}
2026-04-14 16:37:34,735 : INFO : EventManager : Event: ======'machine_var_audits_missing_switches_s_drain'====== Args={'value': 9, 'prev_value': None, 'change': True}
2026-04-14 16:37:34,735 : INFO : EventManager : Event: ======'machine_var_audits_missing_switches_s_dt_m'====== Args={'value': 9, 'prev_value': None, 'change': True}
2026-04-14 16:37:34,735 : INFO : EventManager : Event: ======'machine_var_audits_missing_switches_s_dt_o'====== Args={'value': 9, 'prev_value': None, 'change': True}
2026-04-14 16:37:34,735 : INFO : EventManager : Event: ======'machine_var_audits_missing_switches_s_dt_u'====== Args={'value': 9, 'prev_value': None, 'change': True}
2026-04-14 16:37:34,735 : INFO : EventManager : Event: ======'machine_var_audits_missing_switches_s_flipper_left'====== Args={'value': 2, 'prev_value': None, 'change': True}
2026-04-14 16:37:34,735 : INFO : EventManager : Event: ======'machine_var_audits_missing_switches_s_flipper_right'====== Args={'value': 2, 'prev_value': None, 'change': True}
2026-04-14 16:37:34,735 : INFO : EventManager : Event: ======'machine_var_audits_missing_switches_s_flipper_rigt'====== Args={'value': 7, 'prev_value': None, 'change': True}
2026-04-14 16:37:34,736 : INFO : EventManager : Event: ======'machine_var_audits_missing_switches_s_homer_h'====== Args={'value': 1, 'prev_value': None, 'change': True}
2026-04-14 16:37:34,736 : INFO : EventManager : Event: ======'machine_var_audits_missing_switches_s_kickout'====== Args={'value': 7, 'prev_value': None, 'change': True}
2026-04-14 16:37:34,736 : INFO : EventManager : Event: ======'machine_var_audits_missing_switches_s_plunger_lane'====== Args={'value': 2, 'prev_value': None, 'change': True}
2026-04-14 16:37:34,736 : INFO : EventManager : Event: ======'machine_var_audits_missing_switches_s_ramp_1'====== Args={'value': 9, 'prev_value': None, 'change': True}
2026-04-14 16:37:34,736 : INFO : EventManager : Event: ======'machine_var_audits_missing_switches_s_sling_left'====== Args={'value': 2, 'prev_value': None, 'change': True}
2026-04-14 16:37:34,736 : INFO : EventManager : Event: ======'machine_var_audits_missing_switches_s_sling_right'====== Args={'value': 1, 'prev_value': None, 'change': True}
2026-04-14 16:37:34,736 : INFO : EventManager : Event: ======'machine_var_audits_missing_switches_s_start'====== Args={'value': 7, 'prev_value': None, 'change': True}
2026-04-14 16:37:34,736 : INFO : EventManager : Event: ======'machine_var_audits_missing_switches_s_trough_1'====== Args={'value': 9, 'prev_value': None, 'change': True}
2026-04-14 16:37:34,736 : INFO : EventManager : Event: ======'machine_var_audits_missing_switches_s_trough_2'====== Args={'value': 9, 'prev_value': None, 'change': True}
2026-04-14 16:37:34,736 : INFO : EventManager : Event: ======'machine_var_audits_missing_switches_s_trough_3'====== Args={'value': 9, 'prev_value': None, 'change': True}
2026-04-14 16:37:34,736 : INFO : EventManager : Event: ======'machine_var_audits_player_score'====== Args={'value': {'average': 0, 'top': [], 'total': 0}, 'prev_value': None, 'change': True}
2026-04-14 16:37:34,736 : INFO : EventManager : Event: ======'machine_var_audits_shots_homer_h'====== Args={'value': 12, 'prev_value': None, 'change': True}
2026-04-14 16:37:34,736 : INFO : EventManager : Event: ======'machine_var_audits_shots_hurryup'====== Args={'value': 5, 'prev_value': None, 'change': True}
2026-04-14 16:37:34,736 : INFO : EventManager : Event: ======'machine_var_audits_shots_slingshot_left'====== Args={'value': 39, 'prev_value': None, 'change': True}
2026-04-14 16:37:34,736 : INFO : EventManager : Event: ======'machine_var_audits_shots_slingshot_right'====== Args={'value': 28, 'prev_value': None, 'change': True}
2026-04-14 16:37:34,736 : INFO : EventManager : Event: ======'machine_var_audits_switches_s_drain'====== Args={'value': 0, 'prev_value': None, 'change': True}
2026-04-14 16:37:34,736 : INFO : EventManager : Event: ======'machine_var_audits_switches_s_dt_m'====== Args={'value': 0, 'prev_value': None, 'change': True}
2026-04-14 16:37:34,736 : INFO : EventManager : Event: ======'machine_var_audits_switches_s_dt_o'====== Args={'value': 0, 'prev_value': None, 'change': True}
2026-04-14 16:37:34,736 : INFO : EventManager : Event: ======'machine_var_audits_switches_s_dt_u'====== Args={'value': 0, 'prev_value': None, 'change': True}
2026-04-14 16:37:34,736 : INFO : EventManager : Event: ======'machine_var_audits_switches_s_flipper_left'====== Args={'value': 3, 'prev_value': None, 'change': True}
2026-04-14 16:37:34,736 : INFO : EventManager : Event: ======'machine_var_audits_switches_s_flipper_right'====== Args={'value': 0, 'prev_value': None, 'change': True}
2026-04-14 16:37:34,736 : INFO : EventManager : Event: ======'machine_var_audits_switches_s_flipper_rigt'====== Args={'value': 0, 'prev_value': None, 'change': True}
2026-04-14 16:37:34,736 : INFO : EventManager : Event: ======'machine_var_audits_switches_s_homer_h'====== Args={'value': 12, 'prev_value': None, 'change': True}
2026-04-14 16:37:34,736 : INFO : EventManager : Event: ======'machine_var_audits_switches_s_kickout'====== Args={'value': 1, 'prev_value': None, 'change': True}
2026-04-14 16:37:34,736 : INFO : EventManager : Event: ======'machine_var_audits_switches_s_plunger_lane'====== Args={'value': 2, 'prev_value': None, 'change': True}
2026-04-14 16:37:34,736 : INFO : EventManager : Event: ======'machine_var_audits_switches_s_ramp_1'====== Args={'value': 0, 'prev_value': None, 'change': True}
2026-04-14 16:37:34,736 : INFO : EventManager : Event: ======'machine_var_audits_switches_s_sling_left'====== Args={'value': 39, 'prev_value': None, 'change': True}
2026-04-14 16:37:34,736 : INFO : EventManager : Event: ======'machine_var_audits_switches_s_sling_right'====== Args={'value': 28, 'prev_value': None, 'change': True}
2026-04-14 16:37:34,736 : INFO : EventManager : Event: ======'machine_var_audits_switches_s_start'====== Args={'value': 2, 'prev_value': None, 'change': True}
2026-04-14 16:37:34,736 : INFO : EventManager : Event: ======'machine_var_audits_switches_s_trough_1'====== Args={'value': 0, 'prev_value': None, 'change': True}
2026-04-14 16:37:34,736 : INFO : EventManager : Event: ======'machine_var_audits_switches_s_trough_2'====== Args={'value': 0, 'prev_value': None, 'change': True}
2026-04-14 16:37:34,736 : INFO : EventManager : Event: ======'machine_var_audits_switches_s_trough_3'====== Args={'value': 0, 'prev_value': None, 'change': True}
2026-04-14 16:37:34,737 : INFO : EventManager : Event: ======'init_phase_5'====== Args={}
2026-04-14 16:37:34,737 : INFO : EventManager : Event: ======'init_done'====== Args={}
2026-04-14 16:37:34,737 : INFO : EventManager : Event: ======'machine_reset_phase_1'====== Args={}
2026-04-14 16:37:34,741 : INFO : EventManager : Event: ======'machine_reset_phase_2'====== Args={}
2026-04-14 16:37:34,741 : INFO : EventManager : Event: ======'machine_reset_phase_3'====== Args={}
2026-04-14 16:37:34,741 : INFO : EventManager : Event: ======'reset_complete'====== Args={}
2026-04-14 16:37:34,741 : INFO : EventManager : Event: ======'mode_attract_will_start'====== Args={}
2026-04-14 16:37:34,742 : INFO : Timer.attract_carousel_timer : Starting Timer.
2026-04-14 16:37:34,742 : INFO : EventManager : Event: ======'timer_attract_carousel_timer_started'====== Args={'ticks': 0, 'ticks_remaining': 1}
2026-04-14 16:37:34,742 : INFO : EventManager : Event: ======'timer_attract_carousel_timer_tick'====== Args={'ticks': 0, 'ticks_remaining': 1}
2026-04-14 16:37:34,743 : INFO : EventManager : Event: ======'mode_attract_starting'====== Args={}
2026-04-14 16:37:34,743 : INFO : Mode.attract : Started. Priority: 10
2026-04-14 16:37:34,743 : INFO : EventManager : Event: ======'modes_active_modes_changed'====== Args={}
2026-04-14 16:37:34,743 : INFO : EventManager : Event: ======'mode_attract_started'====== Args={}
2026-04-14 16:37:34,743 : INFO : EventManager : Event: ======'collecting_balls_complete'====== Args={}
2026-04-14 16:37:34,743 : INFO : EventManager : Event: ======'carousel_item_highlighted'====== Args={'carousel': 'attract', 'direction': None, 'item': 'title'}
2026-04-14 16:37:34,743 : INFO : EventManager : Event: ======'timer_attract_carousel_timer_tick'====== Args={'ticks': 0, 'ticks_remaining': 1}
2026-04-14 16:37:34,744 : INFO : Machine : Starting the main run loop with active modes: [<Mode.attract>]
2026-04-14 16:37:34,760 : INFO : EventManager : Event: ======'slide_attract_created'====== Args={'_from_bcp': True}
2026-04-14 16:37:34,760 : INFO : EventManager : Event: ======'slide__removed'====== Args={'_from_bcp': True}
2026-04-14 16:37:34,760 : INFO : EventManager : Event: ======'slide_attract_active'====== Args={'original_context': 'attract', 'original_calling_context': 'mode_attract_started', 'priority': 10.0, 'cmd': 'slides_play', '_from_bcp': True}
2026-04-14 16:37:37,045 : INFO : SwitchController : <<<<<<< 's_start' active >>>>>>>
2026-04-14 16:37:37,128 : INFO : SwitchController : <<<<<<< 's_start' inactive >>>>>>>
2026-04-14 16:37:37,129 : INFO : EventManager : Event: ======'request_to_start_game'====== Args={}
2026-04-14 16:37:37,130 : INFO : EventManager : Event: ======'game_start'====== Args={'buttons': [], 'hold_time': 0.07800000000133878}
2026-04-14 16:37:37,130 : INFO : EventManager : Event: ======'mode_game_will_start'====== Args={'buttons': [], 'hold_time': 0.07800000000133878}
2026-04-14 16:37:37,132 : INFO : EventManager : Event: ======'mode_game_starting'====== Args={'buttons': [], 'hold_time': 0.07800000000133878}
2026-04-14 16:37:37,132 : INFO : EventManager : Event: ======'mode_attract_will_stop'====== Args={}
2026-04-14 16:37:37,132 : INFO : EventManager : Event: ======'mode_attract_stopping'====== Args={}
2026-04-14 16:37:37,133 : INFO : Mode.attract : Stopped.
2026-04-14 16:37:37,133 : INFO : EventManager : Event: ======'modes_active_modes_changed'====== Args={}
2026-04-14 16:37:37,133 : INFO : EventManager : Event: ======'mode_attract_stopped'====== Args={}
2026-04-14 16:37:37,133 : INFO : EventManager : Event: ======'clear'====== Args={'key': 'attract'}
2026-04-14 16:37:37,134 : INFO : Timer.attract_carousel_timer : Stopping Timer
2026-04-14 16:37:37,134 : INFO : EventManager : Event: ======'timer_attract_carousel_timer_stopped'====== Args={'ticks': 0, 'ticks_remaining': 1}
2026-04-14 16:37:37,134 : INFO : Mode.game : Started. Priority: 20
2026-04-14 16:37:37,135 : INFO : EventManager : Event: ======'modes_active_modes_changed'====== Args={}
2026-04-14 16:37:37,135 : INFO : EventManager : Event: ======'mode_game_started'====== Args={'buttons': [], 'hold_time': 0.07800000000133878}
2026-04-14 16:37:37,136 : INFO : EventManager : Event: ======'game_will_start'====== Args={}
2026-04-14 16:37:37,137 : INFO : EventManager : Event: ======'game_starting'====== Args={'game': <Mode.game>}
2026-04-14 16:37:37,139 : INFO : EventManager : Unordered handler for class <Auditor> on event game_ended with priority 1. Handlers: [RegisteredHandler(callback=<bound method Auditor.disable of <Auditor>>, priority=1, kwargs={}, key=UUID('2121ac60-951a-49ea-a722-32d3cee4f806'), condition=None, blocking_facility=None), RegisteredHandler(callback=<bound method Auditor._save_audits of <Auditor>>, priority=1, kwargs={}, key=UUID('770c2e44-2997-4a3a-9400-6cdd0a206bf8'), condition=None, blocking_facility=None)]. The order of those handlers is not defined and they will be executed in random order. This might lead to race conditions and potential bugs.
2026-04-14 16:37:37,140 : INFO : EventManager : Event: ======'player_add_request'====== Args={}
2026-04-14 16:37:37,140 : INFO : EventManager : Event: ======'player_will_add'====== Args={'number': 1}
2026-04-14 16:37:37,140 : INFO : EventManager : Event: ======'player_adding'====== Args={'player': <Player 1>, 'number': 1}
2026-04-14 16:37:37,143 : INFO : EventManager : Event: ======'player_added'====== Args={'player': <Player 1>, 'num': 1}
2026-04-14 16:37:37,144 : INFO : Mode.game : Player added successfully. Total players: 1
2026-04-14 16:37:37,145 : INFO : EventManager : Event: ======'player_index'====== Args={'value': 0, 'prev_value': 0, 'change': 0, 'player_num': 1}
2026-04-14 16:37:37,145 : INFO : EventManager : Event: ======'player_number'====== Args={'value': 1, 'prev_value': 1, 'change': 0, 'player_num': 1}
2026-04-14 16:37:37,145 : INFO : EventManager : Event: ======'player_score'====== Args={'value': 0, 'prev_value': 0, 'change': 0, 'player_num': 1}
2026-04-14 16:37:37,145 : INFO : EventManager : Event: ======'game_started'====== Args={}
2026-04-14 16:37:37,147 : INFO : EventManager : Event: ======'player_turn_will_start'====== Args={'player': <Player 1>, 'number': 1}
2026-04-14 16:37:37,148 : INFO : EventManager : Event: ======'player_turn_starting'====== Args={'player': <Player 1>, 'number': 1}
2026-04-14 16:37:37,148 : INFO : EventManager : Event: ======'player_ball'====== Args={'value': 1, 'prev_value': 0, 'change': 1, 'player_num': 1}
2026-04-14 16:37:37,150 : INFO : EventManager : Event: ======'player_turn_started'====== Args={'player': <Player 1>, 'number': 1}
2026-04-14 16:37:37,153 : INFO : EventManager : Event: ======'ball_will_start'====== Args={'player': 1, 'ball': 1, 'balls_remaining': 2, 'is_extra_ball': False}
2026-04-14 16:37:37,153 : INFO : EventManager : Event: ======'ball_starting'====== Args={'player': 1, 'ball': 1, 'balls_remaining': 2, 'is_extra_ball': False}
2026-04-14 16:37:37,154 : INFO : EventManager : Event: ======'mode_base_will_start'====== Args={'queue': <QueuedEvent>, 'player': 1, 'ball': 1, 'balls_remaining': 2, 'is_extra_ball': False}
2026-04-14 16:37:37,154 : INFO : EventManager : Event: ======'player_shot_homer_h_enabled'====== Args={'value': True, 'prev_value': 0, 'change': 1, 'player_num': 1}
2026-04-14 16:37:37,155 : INFO : EventManager : Event: ======'mode_base_starting'====== Args={'queue': <QueuedEvent>, 'player': 1, 'ball': 1, 'balls_remaining': 2, 'is_extra_ball': False}
2026-04-14 16:37:37,156 : INFO : Mode.base : Started. Priority: 100
2026-04-14 16:37:37,156 : INFO : EventManager : Event: ======'modes_active_modes_changed'====== Args={}
2026-04-14 16:37:37,156 : INFO : EventManager : Event: ======'mode_base_started'====== Args={'queue': <QueuedEvent>, 'player': 1, 'ball': 1, 'balls_remaining': 2, 'is_extra_ball': False}
2026-04-14 16:37:37,156 : INFO : EventManager : Event: ======'start_mode_slingshots'====== Args={'priority': 0}
2026-04-14 16:37:37,156 : INFO : EventManager : Event: ======'mode_slingshots_will_start'====== Args={'priority': 0}
2026-04-14 16:37:37,157 : INFO : EventManager : Event: ======'player_shot_slingshot_left_enabled'====== Args={'value': True, 'prev_value': 0, 'change': 1, 'player_num': 1}
2026-04-14 16:37:37,157 : INFO : EventManager : Event: ======'player_shot_slingshot_right_enabled'====== Args={'value': True, 'prev_value': 0, 'change': 1, 'player_num': 1}
2026-04-14 16:37:37,157 : INFO : EventManager : Event: ======'slingshots_complete'====== Args={'state': 'unlit'}
2026-04-14 16:37:37,157 : INFO : EventManager : Event: ======'slingshots_unlit_complete'====== Args={}
2026-04-14 16:37:37,158 : INFO : EventManager : Event: ======'mode_slingshots_starting'====== Args={'priority': 0}
2026-04-14 16:37:37,158 : INFO : Mode.slingshots : Started. Priority: 200
2026-04-14 16:37:37,158 : INFO : EventManager : Event: ======'modes_active_modes_changed'====== Args={}
2026-04-14 16:37:37,158 : INFO : EventManager : Event: ======'mode_slingshots_started'====== Args={'priority': 0}
2026-04-14 16:37:37,158 : INFO : EventManager : Event: ======'balls_in_play'====== Args={'balls': 1}
2026-04-14 16:37:37,158 : INFO : EventManager : Event: ======'ball_started'====== Args={'player': 1, 'ball': 1, 'balls_remaining': 2, 'is_extra_ball': False}
2026-04-14 16:37:37,160 : INFO : EventManager : Event: ======'single_player_ball_started'====== Args={}
2026-04-14 16:37:37,160 : INFO : EventManager : Event: ======'ball_start_target'====== Args={'target': 'playfield'}
2026-04-14 16:37:37,160 : INFO : ball_device.bd_trough : Setting up player-controlled eject. Balls: 1, Target: <playfield.playfield>, player_controlled_eject_event: None
2026-04-14 16:37:37,160 : INFO : ball_device.bd_trough : Adding 1 ball(s) to the eject_queue with target <playfield.playfield>.
2026-04-14 16:37:37,160 : INFO : EventManager : Event: ======'balldevice_balls_available'====== Args={}
2026-04-14 16:37:37,160 : INFO : ball_device.bd_trough : State: waiting_for_target_ready
2026-04-14 16:37:37,160 : INFO : EventManager : Event: ======'balldevice_bd_trough_ball_eject_attempt'====== Args={'balls': 1, 'target': <ball_device.bd_plunger>, 'source': <ball_device.bd_trough>, 'mechanical_eject': False, 'num_attempts': 0}
2026-04-14 16:37:37,160 : INFO : ball_device.bd_plunger : State: waiting_for_ball
2026-04-14 16:37:37,160 : INFO : ball_device.bd_trough : State: ejecting
2026-04-14 16:37:37,162 : INFO : ball_device.bd_trough : Ejecting ball to <ball_device.bd_plunger>
2026-04-14 16:37:37,162 : INFO : EventManager : Event: ======'balldevice_bd_trough_ejecting_ball'====== Args={'balls': 1, 'target': <ball_device.bd_plunger>, 'source': <ball_device.bd_trough>, 'mechanical_eject': False, 'num_attempts': 0}
2026-04-14 16:37:37,162 : INFO : ball_device.bd_trough : Wait for ball to leave device
2026-04-14 16:37:37,162 : INFO : coil.c_trough_release : Pulsing Driver for 20ms (1.0 pulse_power)
2026-04-14 16:37:37,182 : INFO : EventManager : Event: ======'slide_base_slide_created'====== Args={'_from_bcp': True}
2026-04-14 16:37:37,182 : INFO : EventManager : Event: ======'slide_attract_inactive'====== Args={'is_removing': True, '_from_bcp': True}
2026-04-14 16:37:37,182 : INFO : EventManager : Event: ======'slide_base_slide_active'====== Args={'original_context': 'base', 'original_calling_context': 'mode_base_started', 'priority': 100.0, 'queue': '<QueuedEvent>', 'player': 1.0, 'ball': 1.0, 'balls_remaining': 2.0, 'is_extra_ball': False, 'cmd': 'slides_play', '_from_bcp': True}
2026-04-14 16:37:37,182 : INFO : EventManager : Event: ======'slide_attract_removed'====== Args={'_from_bcp': True}
2026-04-14 16:37:40,169 : INFO : EventManager : Event: ======'balldevice_bd_trough_ball_eject_failed'====== Args={'target': <ball_device.bd_plunger>, 'balls': 1, 'retry': True, 'num_attempts': 1}
2026-04-14 16:37:40,171 : INFO : ball_device.bd_trough : State: waiting_for_target_ready
2026-04-14 16:37:40,171 : INFO : EventManager : Event: ======'balldevice_bd_trough_ball_eject_attempt'====== Args={'balls': 1, 'target': <ball_device.bd_plunger>, 'source': <ball_device.bd_trough>, 'mechanical_eject': False, 'num_attempts': 1}
2026-04-14 16:37:40,172 : INFO : ball_device.bd_trough : State: ejecting
2026-04-14 16:37:40,172 : INFO : ball_device.bd_trough : Ejecting ball to <ball_device.bd_plunger>
2026-04-14 16:37:40,173 : INFO : EventManager : Event: ======'balldevice_bd_trough_ejecting_ball'====== Args={'balls': 1, 'target': <ball_device.bd_plunger>, 'source': <ball_device.bd_trough>, 'mechanical_eject': False, 'num_attempts': 1}
2026-04-14 16:37:40,174 : INFO : ball_device.bd_trough : Wait for ball to leave device
2026-04-14 16:37:40,174 : INFO : coil.c_trough_release : Pulsing Driver for 20ms (1.0 pulse_power)
2026-04-14 16:37:41,398 : INFO : SwitchController : <<<<<<< 's_sling_right' active >>>>>>>
2026-04-14 16:37:41,399 : INFO : EventManager : Event: ======'playfield_active'====== Args={'source': 'slingshot_right'}
2026-04-14 16:37:41,399 : INFO : EventManager : Event: ======'unexpected_ball_on_playfield'====== Args={}
2026-04-14 16:37:41,400 : INFO : EventManager : Event: ======'s_sling_right_active'====== Args={}
2026-04-14 16:37:41,400 : INFO : EventManager : Event: ======'machine_var_audits_switches_s_sling_right'====== Args={'value': 29, 'prev_value': 28, 'change': 1}
2026-04-14 16:37:41,401 : INFO : EventManager : Event: ======'player_shot_slingshot_right'====== Args={'value': 1, 'prev_value': 0, 'change': 1, 'player_num': 1}
2026-04-14 16:37:41,418 : INFO : EventManager : Event: ======'machine_var_audits_shots_slingshot_right'====== Args={'value': 29, 'prev_value': 28, 'change': 1}
2026-04-14 16:37:41,418 : INFO : EventManager : Event: ======'slingshot_right_hit'====== Args={'profile': 'default', 'state': 'unlit', 'advancing': True}
2026-04-14 16:37:41,418 : INFO : EventManager : Event: ======'slingshot_right_default_hit'====== Args={'profile': 'default', 'state': 'unlit', 'advancing': True}
2026-04-14 16:37:41,418 : INFO : EventManager : Event: ======'slingshot_right_default_unlit_hit'====== Args={'profile': 'default', 'state': 'unlit', 'advancing': True}
2026-04-14 16:37:41,418 : INFO : EventManager : Event: ======'slingshot_right_unlit_hit'====== Args={'profile': 'default', 'state': 'unlit', 'advancing': True}
2026-04-14 16:37:41,418 : INFO : EventManager : Event: ======'slingshots_hit'====== Args={'shot': 'slingshot_right'}
2026-04-14 16:37:41,418 : INFO : EventManager : Event: ======'slingshots_unlit_hit'====== Args={'shot': 'slingshot_right'}
2026-04-14 16:37:41,418 : INFO : EventManager : Event: ======'player_score'====== Args={'value': 1000, 'prev_value': 0, 'change': 1000, 'player_num': 1, 'source': 'slingshots'}
2026-04-14 16:37:41,545 : INFO : SwitchController : <<<<<<< 's_sling_right' inactive >>>>>>>
2026-04-14 16:37:42,591 : INFO : SwitchController : <<<<<<< 's_homer_h' active >>>>>>>
2026-04-14 16:37:42,593 : INFO : EventManager : Event: ======'playfield_active'====== Args={'source': 'homer_h'}
2026-04-14 16:37:42,593 : INFO : EventManager : Event: ======'unexpected_ball_on_playfield'====== Args={}
2026-04-14 16:37:42,593 : INFO : EventManager : Event: ======'playfield_active'====== Args={'source': 'hurryup'}
2026-04-14 16:37:42,593 : INFO : EventManager : Event: ======'unexpected_ball_on_playfield'====== Args={}
2026-04-14 16:37:42,594 : INFO : EventManager : Event: ======'s_homer_h_active'====== Args={}
2026-04-14 16:37:42,594 : INFO : EventManager : Event: ======'machine_var_audits_switches_s_homer_h'====== Args={'value': 13, 'prev_value': 12, 'change': 1}
2026-04-14 16:37:42,595 : INFO : EventManager : Event: ======'player_shot_homer_h'====== Args={'value': 1, 'prev_value': 0, 'change': 1, 'player_num': 1}
2026-04-14 16:37:42,596 : INFO : EventManager : Event: ======'machine_var_audits_shots_homer_h'====== Args={'value': 13, 'prev_value': 12, 'change': 1}
2026-04-14 16:37:42,597 : INFO : EventManager : Event: ======'homer_h_hit'====== Args={'profile': 'default', 'state': 'unlit', 'advancing': True}
2026-04-14 16:37:42,597 : INFO : EventManager : Event: ======'homer_h_default_hit'====== Args={'profile': 'default', 'state': 'unlit', 'advancing': True}
2026-04-14 16:37:42,597 : INFO : EventManager : Event: ======'homer_h_default_unlit_hit'====== Args={'profile': 'default', 'state': 'unlit', 'advancing': True}
2026-04-14 16:37:42,598 : INFO : EventManager : Event: ======'homer_h_unlit_hit'====== Args={'profile': 'default', 'state': 'unlit', 'advancing': True}
2026-04-14 16:37:42,598 : INFO : EventManager : Event: ======'start_mode_hurryup'====== Args={'priority': 0}
2026-04-14 16:37:42,598 : INFO : EventManager : Event: ======'mode_hurryup_will_start'====== Args={'priority': 0}
2026-04-14 16:37:42,598 : INFO : EventManager : Event: ======'player_shot_hurryup_enabled'====== Args={'value': True, 'prev_value': 0, 'change': 1, 'player_num': 1}
2026-04-14 16:37:42,599 : INFO : EventManager : Event: ======'player_hurryup_hurryup_timer_tick'====== Args={'value': 0, 'prev_value': 0, 'change': 0, 'player_num': 1}
2026-04-14 16:37:42,599 : INFO : Timer.hurryup_timer : Starting Timer.
2026-04-14 16:37:42,599 : INFO : EventManager : Event: ======'timer_hurryup_timer_started'====== Args={'ticks': 0, 'ticks_remaining': 25}
2026-04-14 16:37:42,599 : INFO : EventManager : Event: ======'timer_hurryup_timer_tick'====== Args={'ticks': 0, 'ticks_remaining': 25}
2026-04-14 16:37:42,601 : INFO : EventManager : Event: ======'mode_hurryup_starting'====== Args={'priority': 0}
2026-04-14 16:37:42,601 : INFO : Mode.hurryup : Started. Priority: 1000
2026-04-14 16:37:42,601 : INFO : EventManager : Event: ======'modes_active_modes_changed'====== Args={}
2026-04-14 16:37:42,601 : INFO : EventManager : Event: ======'mode_hurryup_started'====== Args={'priority': 0}
2026-04-14 16:37:42,611 : INFO : EventManager : Event: ======'slide_hurryup_created'====== Args={'_from_bcp': True}
2026-04-14 16:37:42,611 : INFO : EventManager : Event: ======'slide_base_slide_inactive'====== Args={'is_removing': False, '_from_bcp': True}
2026-04-14 16:37:42,611 : INFO : EventManager : Event: ======'slide_hurryup_active'====== Args={'original_context': 'hurryup', 'original_calling_context': 'mode_hurryup_started', 'priority': 1000.0, 'cmd': 'slides_play', '_from_bcp': True}
2026-04-14 16:37:42,690 : INFO : SwitchController : <<<<<<< 's_homer_h' inactive >>>>>>>
2026-04-14 16:37:42,801 : INFO : EventManager : Event: ======'player_hurryup_hurryup_timer_tick'====== Args={'value': 1, 'prev_value': 0, 'change': 1, 'player_num': 1}
2026-04-14 16:37:42,803 : INFO : EventManager : Event: ======'timer_hurryup_timer_tick'====== Args={'ticks': 1, 'ticks_remaining': 24}
2026-04-14 16:37:42,803 : INFO : EventManager : Event: ======'hurryup_value'====== Args={'priority': 0, 'current_hurryup': 98000}
2026-04-14 16:37:42,987 : INFO : EventManager : Event: ======'player_hurryup_hurryup_timer_tick'====== Args={'value': 2, 'prev_value': 1, 'change': 1, 'player_num': 1}
2026-04-14 16:37:42,989 : INFO : EventManager : Event: ======'timer_hurryup_timer_tick'====== Args={'ticks': 2, 'ticks_remaining': 23}
2026-04-14 16:37:42,990 : INFO : EventManager : Event: ======'hurryup_value'====== Args={'priority': 0, 'current_hurryup': 96000}
2026-04-14 16:37:43,073 : INFO : SwitchController : <<<<<<< 's_homer_h' active >>>>>>>
2026-04-14 16:37:43,073 : INFO : EventManager : Event: ======'playfield_active'====== Args={'source': 'homer_h'}
2026-04-14 16:37:43,073 : INFO : EventManager : Event: ======'unexpected_ball_on_playfield'====== Args={}
2026-04-14 16:37:43,074 : INFO : EventManager : Event: ======'playfield_active'====== Args={'source': 'hurryup'}
2026-04-14 16:37:43,074 : INFO : EventManager : Event: ======'unexpected_ball_on_playfield'====== Args={}
2026-04-14 16:37:43,074 : INFO : EventManager : Event: ======'s_homer_h_active'====== Args={}
2026-04-14 16:37:43,074 : INFO : EventManager : Event: ======'machine_var_audits_switches_s_homer_h'====== Args={'value': 14, 'prev_value': 13, 'change': 1}
2026-04-14 16:37:43,075 : INFO : EventManager : Event: ======'player_shot_hurryup'====== Args={'value': 1, 'prev_value': 0, 'change': 1, 'player_num': 1}
2026-04-14 16:37:43,075 : INFO : EventManager : Event: ======'machine_var_audits_shots_hurryup'====== Args={'value': 6, 'prev_value': 5, 'change': 1}
2026-04-14 16:37:43,076 : INFO : EventManager : Event: ======'hurryup_hit'====== Args={'profile': 'default', 'state': 'unlit', 'advancing': True}
2026-04-14 16:37:43,076 : INFO : EventManager : Event: ======'hurryup_default_hit'====== Args={'profile': 'default', 'state': 'unlit', 'advancing': True}
2026-04-14 16:37:43,076 : INFO : EventManager : Event: ======'hurryup_default_unlit_hit'====== Args={'profile': 'default', 'state': 'unlit', 'advancing': True}
2026-04-14 16:37:43,076 : INFO : EventManager : Event: ======'hurryup_unlit_hit'====== Args={'profile': 'default', 'state': 'unlit', 'advancing': True}
2026-04-14 16:37:43,076 : INFO : EventManager : Event: ======'machine_var_audits_shots_homer_h'====== Args={'value': 14, 'prev_value': 13, 'change': 1}
2026-04-14 16:37:43,076 : INFO : EventManager : Event: ======'homer_h_hit'====== Args={'profile': 'default', 'state': 'lit', 'advancing': False}
2026-04-14 16:37:43,076 : INFO : EventManager : Event: ======'homer_h_default_hit'====== Args={'profile': 'default', 'state': 'lit', 'advancing': False}
2026-04-14 16:37:43,076 : INFO : EventManager : Event: ======'homer_h_default_lit_hit'====== Args={'profile': 'default', 'state': 'lit', 'advancing': False}
2026-04-14 16:37:43,076 : INFO : EventManager : Event: ======'homer_h_lit_hit'====== Args={'profile': 'default', 'state': 'lit', 'advancing': False}
2026-04-14 16:37:43,077 : INFO : EventManager : Event: ======'stop_mode_hurryup'====== Args={'priority': 0}
2026-04-14 16:37:43,077 : INFO : EventManager : Event: ======'player_score'====== Args={'value': 97000, 'prev_value': 1000, 'change': 96000, 'player_num': 1, 'source': 'hurryup'}
2026-04-14 16:37:43,077 : INFO : EventManager : Event: ======'mode_hurryup_will_stop'====== Args={}
2026-04-14 16:37:43,077 : INFO : EventManager : Event: ======'mode_hurryup_stopping'====== Args={}
2026-04-14 16:37:43,077 : INFO : EventManager : Event: ======'start_mode_hurryup'====== Args={'priority': 0}
2026-04-14 16:37:43,077 : INFO : Mode.hurryup : Stopped.
2026-04-14 16:37:43,078 : INFO : EventManager : Event: ======'modes_active_modes_changed'====== Args={}
2026-04-14 16:37:43,078 : INFO : EventManager : Event: ======'mode_hurryup_stopped'====== Args={}
2026-04-14 16:37:43,078 : INFO : EventManager : Event: ======'clear'====== Args={'key': 'hurryup'}
2026-04-14 16:37:43,078 : INFO : Timer.hurryup_timer : Stopping Timer
2026-04-14 16:37:43,078 : INFO : EventManager : Event: ======'timer_hurryup_timer_stopped'====== Args={'ticks': 2, 'ticks_remaining': 23}
2026-04-14 16:37:43,089 : INFO : EventManager : Event: ======'slide_hurryup_inactive'====== Args={'is_removing': True, '_from_bcp': True}
2026-04-14 16:37:43,089 : INFO : EventManager : Event: ======'slide_base_slide_active'====== Args={'_from_bcp': True}
2026-04-14 16:37:43,090 : INFO : EventManager : Event: ======'slide_hurryup_removed'====== Args={'_from_bcp': True}
2026-04-14 16:37:43,156 : INFO : SwitchController : <<<<<<< 's_homer_h' inactive >>>>>>>
2026-04-14 16:37:43,174 : INFO : EventManager : Event: ======'balldevice_bd_trough_ball_eject_failed'====== Args={'target': <ball_device.bd_plunger>, 'balls': 1, 'retry': True, 'num_attempts': 2}
2026-04-14 16:37:43,175 : INFO : ball_device.bd_trough : State: waiting_for_target_ready
2026-04-14 16:37:43,175 : INFO : EventManager : Event: ======'balldevice_bd_trough_ball_eject_attempt'====== Args={'balls': 1, 'target': <ball_device.bd_plunger>, 'source': <ball_device.bd_trough>, 'mechanical_eject': False, 'num_attempts': 2}
2026-04-14 16:37:43,175 : INFO : ball_device.bd_trough : State: ejecting
2026-04-14 16:37:43,175 : INFO : ball_device.bd_trough : Ejecting ball to <ball_device.bd_plunger>
2026-04-14 16:37:43,175 : INFO : EventManager : Event: ======'balldevice_bd_trough_ejecting_ball'====== Args={'balls': 1, 'target': <ball_device.bd_plunger>, 'source': <ball_device.bd_trough>, 'mechanical_eject': False, 'num_attempts': 2}
2026-04-14 16:37:43,176 : INFO : ball_device.bd_trough : Wait for ball to leave device
2026-04-14 16:37:43,176 : INFO : coil.c_trough_release : Pulsing Driver for 20ms (1.0 pulse_power)
2026-04-14 16:37:45,498 : INFO : SwitchController : <<<<<<< 's_flipper_right' active >>>>>>>
2026-04-14 16:37:45,498 : INFO : EventManager : Event: ======'machine_var_audits_switches_s_flipper_right'====== Args={'value': 1, 'prev_value': 0, 'change': 1}
2026-04-14 16:37:45,697 : INFO : SwitchController : <<<<<<< 's_flipper_right' inactive >>>>>>>
2026-04-14 16:37:46,178 : INFO : EventManager : Event: ======'balldevice_bd_trough_ball_eject_failed'====== Args={'target': <ball_device.bd_plunger>, 'balls': 1, 'retry': True, 'num_attempts': 3}
2026-04-14 16:37:46,180 : INFO : ball_device.bd_trough : State: waiting_for_target_ready
2026-04-14 16:37:46,180 : INFO : EventManager : Event: ======'balldevice_bd_trough_ball_eject_attempt'====== Args={'balls': 1, 'target': <ball_device.bd_plunger>, 'source': <ball_device.bd_trough>, 'mechanical_eject': False, 'num_attempts': 3}
2026-04-14 16:37:46,181 : INFO : ball_device.bd_trough : State: ejecting
2026-04-14 16:37:46,181 : INFO : ball_device.bd_trough : Ejecting ball to <ball_device.bd_plunger>
2026-04-14 16:37:46,181 : INFO : EventManager : Event: ======'balldevice_bd_trough_ejecting_ball'====== Args={'balls': 1, 'target': <ball_device.bd_plunger>, 'source': <ball_device.bd_trough>, 'mechanical_eject': False, 'num_attempts': 3}
2026-04-14 16:37:46,181 : INFO : ball_device.bd_trough : Wait for ball to leave device
2026-04-14 16:37:46,182 : INFO : coil.c_trough_release : Pulsing Driver for 20ms (1.0 pulse_power)
2026-04-14 16:37:47,640 : INFO : SwitchController : <<<<<<< 's_flipper_right' active >>>>>>>
2026-04-14 16:37:47,640 : INFO : EventManager : Event: ======'machine_var_audits_switches_s_flipper_right'====== Args={'value': 2, 'prev_value': 1, 'change': 1}
2026-04-14 16:37:47,756 : INFO : SwitchController : <<<<<<< 's_flipper_right' inactive >>>>>>>
2026-04-14 16:37:49,193 : INFO : EventManager : Event: ======'balldevice_bd_trough_ball_eject_failed'====== Args={'target': <ball_device.bd_plunger>, 'balls': 1, 'retry': True, 'num_attempts': 4}
2026-04-14 16:37:49,194 : INFO : ball_device.bd_trough : State: waiting_for_target_ready
2026-04-14 16:37:49,194 : INFO : EventManager : Event: ======'balldevice_bd_trough_ball_eject_attempt'====== Args={'balls': 1, 'target': <ball_device.bd_plunger>, 'source': <ball_device.bd_trough>, 'mechanical_eject': False, 'num_attempts': 4}
2026-04-14 16:37:49,194 : INFO : ball_device.bd_trough : State: ejecting
2026-04-14 16:37:49,195 : INFO : ball_device.bd_trough : Ejecting ball to <ball_device.bd_plunger>
2026-04-14 16:37:49,195 : INFO : EventManager : Event: ======'balldevice_bd_trough_ejecting_ball'====== Args={'balls': 1, 'target': <ball_device.bd_plunger>, 'source': <ball_device.bd_trough>, 'mechanical_eject': False, 'num_attempts': 4}
2026-04-14 16:37:49,195 : INFO : ball_device.bd_trough : Wait for ball to leave device
2026-04-14 16:37:49,195 : INFO : coil.c_trough_release : Pulsing Driver for 20ms (1.0 pulse_power)
2026-04-14 16:37:49,716 : INFO : SwitchController : <<<<<<< 's_flipper_left' active >>>>>>>
2026-04-14 16:37:49,717 : INFO : EventManager : Event: ======'machine_var_audits_switches_s_flipper_left'====== Args={'value': 4, 'prev_value': 3, 'change': 1}
2026-04-14 16:37:49,815 : INFO : SwitchController : <<<<<<< 's_flipper_left' inactive >>>>>>>
2026-04-14 16:37:52,214 : INFO : EventManager : Event: ======'balldevice_bd_trough_ball_eject_failed'====== Args={'target': <ball_device.bd_plunger>, 'balls': 1, 'retry': True, 'num_attempts': 5}
2026-04-14 16:37:52,215 : INFO : ball_device.bd_trough : State: waiting_for_target_ready
2026-04-14 16:37:52,216 : INFO : EventManager : Event: ======'balldevice_bd_trough_ball_eject_attempt'====== Args={'balls': 1, 'target': <ball_device.bd_plunger>, 'source': <ball_device.bd_trough>, 'mechanical_eject': False, 'num_attempts': 5}
2026-04-14 16:37:52,216 : INFO : ball_device.bd_trough : State: ejecting
2026-04-14 16:37:52,216 : INFO : ball_device.bd_trough : Ejecting ball to <ball_device.bd_plunger>
2026-04-14 16:37:52,216 : INFO : EventManager : Event: ======'balldevice_bd_trough_ejecting_ball'====== Args={'balls': 1, 'target': <ball_device.bd_plunger>, 'source': <ball_device.bd_trough>, 'mechanical_eject': False, 'num_attempts': 5}
2026-04-14 16:37:52,217 : INFO : ball_device.bd_trough : Wait for ball to leave device
2026-04-14 16:37:52,217 : INFO : coil.c_trough_release : Pulsing Driver for 20ms (1.0 pulse_power)
2026-04-14 16:37:55,230 : INFO : EventManager : Event: ======'balldevice_bd_trough_ball_eject_failed'====== Args={'target': <ball_device.bd_plunger>, 'balls': 1, 'retry': True, 'num_attempts': 6}
2026-04-14 16:37:55,231 : INFO : ball_device.bd_trough : State: waiting_for_target_ready
2026-04-14 16:37:55,232 : INFO : EventManager : Event: ======'balldevice_bd_trough_ball_eject_attempt'====== Args={'balls': 1, 'target': <ball_device.bd_plunger>, 'source': <ball_device.bd_trough>, 'mechanical_eject': False, 'num_attempts': 6}
2026-04-14 16:37:55,232 : INFO : ball_device.bd_trough : State: ejecting
2026-04-14 16:37:55,233 : INFO : ball_device.bd_trough : Ejecting ball to <ball_device.bd_plunger>
2026-04-14 16:37:55,233 : INFO : EventManager : Event: ======'balldevice_bd_trough_ejecting_ball'====== Args={'balls': 1, 'target': <ball_device.bd_plunger>, 'source': <ball_device.bd_trough>, 'mechanical_eject': False, 'num_attempts': 6}
2026-04-14 16:37:55,233 : INFO : ball_device.bd_trough : Wait for ball to leave device
2026-04-14 16:37:55,233 : INFO : coil.c_trough_release : Pulsing Driver for 20ms (1.0 pulse_power)
2026-04-14 16:37:58,249 : INFO : EventManager : Event: ======'balldevice_bd_trough_ball_eject_failed'====== Args={'target': <ball_device.bd_plunger>, 'balls': 1, 'retry': True, 'num_attempts': 7}
2026-04-14 16:37:58,250 : INFO : ball_device.bd_trough : State: waiting_for_target_ready
2026-04-14 16:37:58,250 : INFO : EventManager : Event: ======'balldevice_bd_trough_ball_eject_attempt'====== Args={'balls': 1, 'target': <ball_device.bd_plunger>, 'source': <ball_device.bd_trough>, 'mechanical_eject': False, 'num_attempts': 7}
2026-04-14 16:37:58,250 : INFO : ball_device.bd_trough : State: ejecting
2026-04-14 16:37:58,250 : INFO : ball_device.bd_trough : Ejecting ball to <ball_device.bd_plunger>
2026-04-14 16:37:58,250 : INFO : EventManager : Event: ======'balldevice_bd_trough_ejecting_ball'====== Args={'balls': 1, 'target': <ball_device.bd_plunger>, 'source': <ball_device.bd_trough>, 'mechanical_eject': False, 'num_attempts': 7}
2026-04-14 16:37:58,250 : INFO : ball_device.bd_trough : Wait for ball to leave device
2026-04-14 16:37:58,251 : INFO : coil.c_trough_release : Pulsing Driver for 20ms (1.0 pulse_power)
2026-04-14 16:37:59,354 : INFO : Machine : Shutting down...
2026-04-14 16:37:59,355 : INFO : EventManager : Event: ======'shutdown'====== Args={}
2026-04-14 16:37:59,356 : INFO : EventManager : Event: ======'mode_game_will_stop'====== Args={}
2026-04-14 16:37:59,356 : INFO : EventManager : Event: ======'mode_game_stopping'====== Args={}
2026-04-14 16:37:59,356 : INFO : EventManager : Event: ======'mode_base_will_stop'====== Args={}
2026-04-14 16:37:59,356 : INFO : EventManager : Event: ======'mode_base_stopping'====== Args={}
2026-04-14 16:37:59,357 : INFO : EventManager : Event: ======'mode_slingshots_will_stop'====== Args={}
2026-04-14 16:37:59,357 : INFO : EventManager : Event: ======'mode_slingshots_stopping'====== Args={}
2026-04-14 16:37:59,357 : INFO : EventManager : Event: ======'stop_mode_slingshots'====== Args={'priority': 0}
2026-04-14 16:37:59,357 : INFO : Mode.slingshots : Stopped.
2026-04-14 16:37:59,357 : INFO : EventManager : Event: ======'modes_active_modes_changed'====== Args={}
2026-04-14 16:37:59,357 : INFO : EventManager : Event: ======'mode_slingshots_stopped'====== Args={}
2026-04-14 16:37:59,357 : INFO : EventManager : Event: ======'clear'====== Args={'key': 'slingshots'}
2026-04-14 16:37:59,357 : INFO : Mode.base : Stopped.
2026-04-14 16:37:59,357 : INFO : EventManager : Event: ======'modes_active_modes_changed'====== Args={}
2026-04-14 16:37:59,357 : INFO : EventManager : Event: ======'mode_base_stopped'====== Args={}
2026-04-14 16:37:59,357 : INFO : EventManager : Event: ======'clear'====== Args={'key': 'base'}
2026-04-14 16:37:59,358 : INFO : Mode.game : Stopped.
2026-04-14 16:37:59,358 : INFO : EventManager : Event: ======'modes_active_modes_changed'====== Args={}
2026-04-14 16:37:59,358 : INFO : EventManager : Event: ======'mode_game_stopped'====== Args={}
2026-04-14 16:37:59,358 : INFO : EventManager : Event: ======'clear'====== Args={'key': 'game'}
2026-04-14 16:37:59,359 : INFO : root : MPF run loop ended.
