2026-04-12 11:13:04,297 : INFO : root : Loading config.
2026-04-12 11:13:04,301 : INFO : YamlMultifileConfigLoader : Machine config file #1: config.yaml
2026-04-12 11:13:04,301 : INFO : ConfigProcessor : Loading config from cache: C:\Users\Lukas\AppData\Local\Temp\32f39c1debf2d9ee836c41c94f408ffc.mpf_cache
2026-04-12 11:13:04,302 : WARNING : ConfigProcessor : Config file in cache changed: C:\Users\Lukas\Documents\TSPP\config\config_switches.yaml
2026-04-12 11:13:04,302 : INFO : ConfigProcessor : Loading config from file C:\Users\Lukas\mpftspp\lib\site-packages\mpf\mpfconfig.yaml.
2026-04-12 11:13:04,311 : INFO : ConfigProcessor : Loading config: C:\Users\Lukas\mpftspp\lib\site-packages\mpf\mpfconfig.yaml
2026-04-12 11:13:04,311 : INFO : ConfigProcessor : Loading config from file C:\Users\Lukas\Documents\TSPP\config\config.yaml.
2026-04-12 11:13:04,312 : INFO : ConfigProcessor : Loading config: C:\Users\Lukas\Documents\TSPP\config\config.yaml
2026-04-12 11:13:04,312 : INFO : ConfigProcessor : Loading config: C:\Users\Lukas\Documents\TSPP\config\config_ball_devices.yaml
2026-04-12 11:13:04,314 : INFO : ConfigProcessor : Loading config: C:\Users\Lukas\Documents\TSPP\config\config_coils.yaml
2026-04-12 11:13:04,315 : INFO : ConfigProcessor : Loading config: C:\Users\Lukas\Documents\TSPP\config\config_switches.yaml
2026-04-12 11:13:04,316 : INFO : ConfigProcessor : Config file cache created: C:\Users\Lukas\AppData\Local\Temp\32f39c1debf2d9ee836c41c94f408ffc.mpf_cache
2026-04-12 11:13:04,370 : INFO : ConfigProcessor : Loading config from cache: C:\Users\Lukas\AppData\Local\Temp\1cf6e080e232be7da984fc3f9f606af5.mpf_cache
2026-04-12 11:13:04,371 : INFO : ConfigProcessor : Loading config from cache: C:\Users\Lukas\AppData\Local\Temp\d5d281e4d67cd36b56e6e575dc21d22a.mpf_cache
2026-04-12 11:13:04,372 : INFO : ConfigProcessor : Loading config from cache: C:\Users\Lukas\AppData\Local\Temp\1cf6e080e232be7da984fc3f9f606af5.mpf_cache
2026-04-12 11:13:04,373 : INFO : ConfigProcessor : Loading config from cache: C:\Users\Lukas\AppData\Local\Temp\e915a77df2eb7c954f1557e6bd49ea48.mpf_cache
2026-04-12 11:13:04,374 : INFO : ConfigProcessor : Loading config from cache: C:\Users\Lukas\AppData\Local\Temp\6720abd7d78775ec476d92be447cc36c.mpf_cache
2026-04-12 11:13:04,375 : INFO : Machine : Mission Pinball Framework Core Engine v0.80.0.dev14
2026-04-12 11:13:04,375 : INFO : Machine : Command line arguments: {'no_load_cache': False, 'create_config_cache': True, 'bcp': True, 'configfile': ['config.yaml'], 'force_assets_load': False, 'platform_integration_test': False, 'jsonlogging': False, 'logfile': 'logs\\2026-04-12-11-13-04-mpf-DESKTOP-24N7989.log', 'pause': False, 'production': False, 'text_ui': False, 'loglevel': 15, 'consoleloglevel': 20, 'force_platform': 'virtual', 'syslog_address': None, 'full_logfile_path': 'C:\\Users\\Lukas\\Documents\\TSPP\\logs\\2026-04-12-11-13-04-mpf-DESKTOP-24N7989.log'}
2026-04-12 11:13:04,376 : INFO : Machine : MPF path: C:\Users\Lukas\mpftspp\lib\site-packages\mpf
2026-04-12 11:13:04,376 : INFO : Machine : Machine path: C:\Users\Lukas\Documents\TSPP
2026-04-12 11:13:04,376 : INFO : Machine : Platform: win32
2026-04-12 11:13:04,376 : INFO : Machine : Python executable location: C:\Users\Lukas\mpftspp\Scripts\python.exe
2026-04-12 11:13:04,376 : INFO : Machine : Python version: 3.10.0 (64-bit)
2026-04-12 11:13:04,378 : INFO : Machine : Initializing MPF...
2026-04-12 11:13:04,443 : INFO : EventManager : Event: ======'machine_var_credits_string'====== Args={'value': 'FREE PLAY', 'prev_value': None, 'change': True}
2026-04-12 11:13:04,458 : INFO : EventManager : Event: ======'machine_var_master_volume'====== Args={'value': 0.5, 'prev_value': None, 'change': True}
2026-04-12 11:13:04,458 : INFO : EventManager : Event: ======'machine_var_mpf_version'====== Args={'value': 'Mission Pinball Framework v0.80.0.dev14', 'prev_value': None, 'change': True}
2026-04-12 11:13:04,458 : INFO : EventManager : Event: ======'machine_var_mpf_extended_version'====== Args={'value': 'Mission Pinball Framework v0.80.0.dev14, Config version:6, Show version: 6, BCP version:1.1', 'prev_value': None, 'change': True}
2026-04-12 11:13:04,458 : INFO : EventManager : Event: ======'machine_var_python_version'====== Args={'value': '3.10.0', 'prev_value': None, 'change': True}
2026-04-12 11:13:04,492 : INFO : EventManager : Event: ======'machine_var_platform'====== Args={'value': 'Windows-10-10.0.26100-SP0', 'prev_value': None, 'change': True}
2026-04-12 11:13:04,493 : INFO : EventManager : Event: ======'machine_var_platform_system'====== Args={'value': 'Windows', 'prev_value': None, 'change': True}
2026-04-12 11:13:04,493 : INFO : EventManager : Event: ======'machine_var_platform_release'====== Args={'value': '10', 'prev_value': None, 'change': True}
2026-04-12 11:13:04,493 : INFO : EventManager : Event: ======'machine_var_platform_version'====== Args={'value': '10.0.26100', 'prev_value': None, 'change': True}
2026-04-12 11:13:04,493 : INFO : EventManager : Event: ======'machine_var_platform_machine'====== Args={'value': 'AMD64', 'prev_value': None, 'change': True}
2026-04-12 11:13:04,493 : INFO : EventManager : Event: ======'machine_var_log_file_path'====== Args={'value': 'C:\\Users\\Lukas\\Documents\\TSPP\\logs\\2026-04-12-11-13-04-mpf-DESKTOP-24N7989.log', 'prev_value': None, 'change': True}
2026-04-12 11:13:04,493 : INFO : EventManager : Event: ======'init_phase_1'====== Args={}
2026-04-12 11:13:04,507 : INFO : EventManager : Event: ======'init_phase_2'====== Args={}
2026-04-12 11:13:04,509 : INFO : EventManager : Event: ======'bcp_connection_attempt'====== Args={'name': 'local_display', 'host': 'localhost', 'port': 5050}
2026-04-12 11:13:04,510 : INFO : BCPClientSocket : Connecting BCP to 'local_display' at localhost:5050...
2026-04-12 11:13:09,708 : INFO : BCPClientSocket : Connected BCP to 'local_display' localhost:5050
2026-04-12 11:13:09,710 : INFO : EventManager : Event: ======'bcp_clients_connected'====== Args={}
2026-04-12 11:13:09,711 : INFO : ball_device.bd_drain : BCH: Initial count: 0
2026-04-12 11:13:09,712 : INFO : ball_device.bd_drain : State: idle
2026-04-12 11:13:09,713 : INFO : ball_device.bd_trough : BCH: Initial count: 0
2026-04-12 11:13:09,713 : INFO : ball_device.bd_trough : State: idle
2026-04-12 11:13:09,727 : INFO : ball_device.bd_plunger : BCH: Initial count: 0
2026-04-12 11:13:09,727 : INFO : ball_device.bd_plunger : State: idle
2026-04-12 11:13:09,749 : INFO : EventManager : Event: ======'init_phase_3'====== Args={}
2026-04-12 11:13:09,755 : INFO : EventManager : Event: ======'init_phase_4'====== Args={}
2026-04-12 11:13:09,756 : INFO : BallController : Initial balls found: 0
2026-04-12 11:13:09,758 : INFO : EventManager : Event: ======'machine_var_audits_switches_s_dt_o'====== Args={'value': 0, 'prev_value': None, 'change': True}
2026-04-12 11:13:09,758 : INFO : EventManager : Event: ======'machine_var_audits_switches_s_dt_m'====== Args={'value': 0, 'prev_value': None, 'change': True}
2026-04-12 11:13:09,759 : INFO : EventManager : Event: ======'machine_var_audits_switches_s_plunger_lane'====== Args={'value': 0, 'prev_value': None, 'change': True}
2026-04-12 11:13:09,759 : INFO : EventManager : Event: ======'machine_var_audits_switches_s_start'====== Args={'value': 0, 'prev_value': None, 'change': True}
2026-04-12 11:13:09,759 : INFO : EventManager : Event: ======'machine_var_audits_switches_s_homer_h'====== Args={'value': 0, 'prev_value': None, 'change': True}
2026-04-12 11:13:09,759 : INFO : EventManager : Event: ======'machine_var_audits_switches_s_trough_3'====== Args={'value': 0, 'prev_value': None, 'change': True}
2026-04-12 11:13:09,759 : INFO : EventManager : Event: ======'machine_var_audits_switches_s_flipper_left'====== Args={'value': 0, 'prev_value': None, 'change': True}
2026-04-12 11:13:09,759 : INFO : EventManager : Event: ======'machine_var_audits_switches_s_sling_right'====== Args={'value': 0, 'prev_value': None, 'change': True}
2026-04-12 11:13:09,759 : INFO : EventManager : Event: ======'machine_var_audits_switches_s_flipper_rigt'====== Args={'value': 0, 'prev_value': None, 'change': True}
2026-04-12 11:13:09,759 : INFO : EventManager : Event: ======'machine_var_audits_switches_s_kickout'====== Args={'value': 0, 'prev_value': None, 'change': True}
2026-04-12 11:13:09,759 : INFO : EventManager : Event: ======'machine_var_audits_switches_s_ramp_1'====== Args={'value': 0, 'prev_value': None, 'change': True}
2026-04-12 11:13:09,760 : INFO : EventManager : Event: ======'machine_var_audits_switches_s_dt_u'====== Args={'value': 0, 'prev_value': None, 'change': True}
2026-04-12 11:13:09,760 : INFO : EventManager : Event: ======'machine_var_audits_switches_s_trough_2'====== Args={'value': 0, 'prev_value': None, 'change': True}
2026-04-12 11:13:09,760 : INFO : EventManager : Event: ======'machine_var_audits_switches_s_trough_1'====== Args={'value': 0, 'prev_value': None, 'change': True}
2026-04-12 11:13:09,760 : INFO : EventManager : Event: ======'machine_var_audits_switches_s_drain'====== Args={'value': 0, 'prev_value': None, 'change': True}
2026-04-12 11:13:09,760 : INFO : EventManager : Event: ======'machine_var_audits_switches_s_sling_left'====== Args={'value': 0, 'prev_value': None, 'change': True}
2026-04-12 11:13:09,760 : INFO : EventManager : Event: ======'machine_var_audits_events_game_started'====== Args={'value': 0, 'prev_value': None, 'change': True}
2026-04-12 11:13:09,760 : INFO : EventManager : Event: ======'machine_var_audits_events_game_ended'====== Args={'value': 0, 'prev_value': None, 'change': True}
2026-04-12 11:13:09,760 : INFO : EventManager : Event: ======'machine_var_audits_player_score'====== Args={'value': {'top': [], 'average': 0, 'total': 0}, 'prev_value': None, 'change': True}
2026-04-12 11:13:09,761 : INFO : EventManager : Event: ======'init_phase_5'====== Args={}
2026-04-12 11:13:09,761 : INFO : EventManager : Event: ======'init_done'====== Args={}
2026-04-12 11:13:09,761 : INFO : EventManager : Event: ======'machine_reset_phase_1'====== Args={}
2026-04-12 11:13:09,770 : INFO : EventManager : Event: ======'machine_reset_phase_2'====== Args={}
2026-04-12 11:13:09,771 : INFO : EventManager : Event: ======'machine_reset_phase_3'====== Args={}
2026-04-12 11:13:09,771 : INFO : EventManager : Event: ======'reset_complete'====== Args={}
2026-04-12 11:13:09,771 : INFO : EventManager : Event: ======'mode_attract_will_start'====== Args={}
2026-04-12 11:13:09,773 : INFO : Timer.attract_carousel_timer : Starting Timer.
2026-04-12 11:13:09,773 : INFO : EventManager : Event: ======'timer_attract_carousel_timer_started'====== Args={'ticks': 0, 'ticks_remaining': 1}
2026-04-12 11:13:09,773 : INFO : EventManager : Event: ======'timer_attract_carousel_timer_tick'====== Args={'ticks': 0, 'ticks_remaining': 1}
2026-04-12 11:13:09,775 : INFO : EventManager : Event: ======'mode_attract_starting'====== Args={}
2026-04-12 11:13:09,775 : INFO : Mode.attract : Started. Priority: 10
2026-04-12 11:13:09,775 : INFO : EventManager : Event: ======'modes_active_modes_changed'====== Args={}
2026-04-12 11:13:09,775 : INFO : EventManager : Event: ======'mode_attract_started'====== Args={}
2026-04-12 11:13:09,775 : INFO : EventManager : Event: ======'collecting_balls_complete'====== Args={}
2026-04-12 11:13:09,777 : INFO : EventManager : Event: ======'carousel_item_highlighted'====== Args={'carousel': 'attract', 'direction': None, 'item': 'title'}
2026-04-12 11:13:09,777 : INFO : EventManager : Event: ======'timer_attract_carousel_timer_tick'====== Args={'ticks': 0, 'ticks_remaining': 1}
2026-04-12 11:13:09,778 : INFO : Machine : Starting the main run loop with active modes: [<Mode.attract>]
2026-04-12 11:13:09,801 : INFO : EventManager : Event: ======'slide_attract_created'====== Args={'_from_bcp': True}
2026-04-12 11:13:09,801 : INFO : EventManager : Event: ======'slide__removed'====== Args={'_from_bcp': True}
2026-04-12 11:13:09,801 : INFO : EventManager : Event: ======'slide_attract_active'====== Args={'original_context': 'attract', 'original_calling_context': 'mode_attract_started', 'priority': 10.0, 'cmd': 'slides_play', '_from_bcp': True}
2026-04-12 11:13:14,779 : INFO : Timer.attract_carousel_timer : Timer Complete
2026-04-12 11:13:14,779 : INFO : Timer.attract_carousel_timer : Stopping Timer
2026-04-12 11:13:14,779 : INFO : EventManager : Event: ======'timer_attract_carousel_timer_stopped'====== Args={'ticks': 1, 'ticks_remaining': 1}
2026-04-12 11:13:14,779 : INFO : EventManager : Event: ======'timer_attract_carousel_timer_complete'====== Args={'ticks': 1, 'ticks_remaining': 1}
2026-04-12 11:13:14,779 : INFO : EventManager : Event: ======'carousel_item_highlighted'====== Args={'carousel': 'attract', 'direction': 'forwards', 'item': 'credits'}
2026-04-12 11:13:14,780 : INFO : Timer.attract_carousel_timer : Starting Timer.
2026-04-12 11:13:14,780 : INFO : EventManager : Event: ======'timer_attract_carousel_timer_started'====== Args={'ticks': 0, 'ticks_remaining': 1}
2026-04-12 11:13:14,780 : INFO : EventManager : Event: ======'timer_attract_carousel_timer_tick'====== Args={'ticks': 0, 'ticks_remaining': 1}
2026-04-12 11:13:19,789 : INFO : Timer.attract_carousel_timer : Timer Complete
2026-04-12 11:13:19,789 : INFO : Timer.attract_carousel_timer : Stopping Timer
2026-04-12 11:13:19,789 : INFO : EventManager : Event: ======'timer_attract_carousel_timer_stopped'====== Args={'ticks': 1, 'ticks_remaining': 1}
2026-04-12 11:13:19,789 : INFO : EventManager : Event: ======'timer_attract_carousel_timer_complete'====== Args={'ticks': 1, 'ticks_remaining': 1}
2026-04-12 11:13:19,791 : INFO : EventManager : Event: ======'carousel_item_highlighted'====== Args={'carousel': 'attract', 'direction': 'forwards', 'item': 'mpf_logo'}
2026-04-12 11:13:19,792 : INFO : Timer.attract_carousel_timer : Starting Timer.
2026-04-12 11:13:19,792 : INFO : EventManager : Event: ======'timer_attract_carousel_timer_started'====== Args={'ticks': 0, 'ticks_remaining': 1}
2026-04-12 11:13:19,792 : INFO : EventManager : Event: ======'timer_attract_carousel_timer_tick'====== Args={'ticks': 0, 'ticks_remaining': 1}
2026-04-12 11:13:24,797 : INFO : Timer.attract_carousel_timer : Timer Complete
2026-04-12 11:13:24,798 : INFO : Timer.attract_carousel_timer : Stopping Timer
2026-04-12 11:13:24,798 : INFO : EventManager : Event: ======'timer_attract_carousel_timer_stopped'====== Args={'ticks': 1, 'ticks_remaining': 1}
2026-04-12 11:13:24,798 : INFO : EventManager : Event: ======'timer_attract_carousel_timer_complete'====== Args={'ticks': 1, 'ticks_remaining': 1}
2026-04-12 11:13:24,798 : INFO : EventManager : Event: ======'carousel_item_highlighted'====== Args={'carousel': 'attract', 'direction': 'forwards', 'item': 'title'}
2026-04-12 11:13:24,801 : INFO : Timer.attract_carousel_timer : Starting Timer.
2026-04-12 11:13:24,801 : INFO : EventManager : Event: ======'timer_attract_carousel_timer_started'====== Args={'ticks': 0, 'ticks_remaining': 1}
2026-04-12 11:13:24,801 : INFO : EventManager : Event: ======'timer_attract_carousel_timer_tick'====== Args={'ticks': 0, 'ticks_remaining': 1}
2026-04-12 11:13:29,813 : INFO : Timer.attract_carousel_timer : Timer Complete
2026-04-12 11:13:29,813 : INFO : Timer.attract_carousel_timer : Stopping Timer
2026-04-12 11:13:29,814 : INFO : EventManager : Event: ======'timer_attract_carousel_timer_stopped'====== Args={'ticks': 1, 'ticks_remaining': 1}
2026-04-12 11:13:29,814 : INFO : EventManager : Event: ======'timer_attract_carousel_timer_complete'====== Args={'ticks': 1, 'ticks_remaining': 1}
2026-04-12 11:13:29,814 : INFO : EventManager : Event: ======'carousel_item_highlighted'====== Args={'carousel': 'attract', 'direction': 'forwards', 'item': 'credits'}
2026-04-12 11:13:29,815 : INFO : Timer.attract_carousel_timer : Starting Timer.
2026-04-12 11:13:29,815 : INFO : EventManager : Event: ======'timer_attract_carousel_timer_started'====== Args={'ticks': 0, 'ticks_remaining': 1}
2026-04-12 11:13:29,815 : INFO : EventManager : Event: ======'timer_attract_carousel_timer_tick'====== Args={'ticks': 0, 'ticks_remaining': 1}
2026-04-12 11:13:34,817 : INFO : Timer.attract_carousel_timer : Timer Complete
2026-04-12 11:13:34,817 : INFO : Timer.attract_carousel_timer : Stopping Timer
2026-04-12 11:13:34,818 : INFO : EventManager : Event: ======'timer_attract_carousel_timer_stopped'====== Args={'ticks': 1, 'ticks_remaining': 1}
2026-04-12 11:13:34,818 : INFO : EventManager : Event: ======'timer_attract_carousel_timer_complete'====== Args={'ticks': 1, 'ticks_remaining': 1}
2026-04-12 11:13:34,818 : INFO : EventManager : Event: ======'carousel_item_highlighted'====== Args={'carousel': 'attract', 'direction': 'forwards', 'item': 'mpf_logo'}
2026-04-12 11:13:34,818 : INFO : Timer.attract_carousel_timer : Starting Timer.
2026-04-12 11:13:34,819 : INFO : EventManager : Event: ======'timer_attract_carousel_timer_started'====== Args={'ticks': 0, 'ticks_remaining': 1}
2026-04-12 11:13:34,819 : INFO : EventManager : Event: ======'timer_attract_carousel_timer_tick'====== Args={'ticks': 0, 'ticks_remaining': 1}
2026-04-12 11:13:39,831 : INFO : Timer.attract_carousel_timer : Timer Complete
2026-04-12 11:13:39,831 : INFO : Timer.attract_carousel_timer : Stopping Timer
2026-04-12 11:13:39,832 : INFO : EventManager : Event: ======'timer_attract_carousel_timer_stopped'====== Args={'ticks': 1, 'ticks_remaining': 1}
2026-04-12 11:13:39,832 : INFO : EventManager : Event: ======'timer_attract_carousel_timer_complete'====== Args={'ticks': 1, 'ticks_remaining': 1}
2026-04-12 11:13:39,832 : INFO : EventManager : Event: ======'carousel_item_highlighted'====== Args={'carousel': 'attract', 'direction': 'forwards', 'item': 'title'}
2026-04-12 11:13:39,833 : INFO : Timer.attract_carousel_timer : Starting Timer.
2026-04-12 11:13:39,834 : INFO : EventManager : Event: ======'timer_attract_carousel_timer_started'====== Args={'ticks': 0, 'ticks_remaining': 1}
2026-04-12 11:13:39,834 : INFO : EventManager : Event: ======'timer_attract_carousel_timer_tick'====== Args={'ticks': 0, 'ticks_remaining': 1}
2026-04-12 11:13:44,839 : INFO : Timer.attract_carousel_timer : Timer Complete
2026-04-12 11:13:44,839 : INFO : Timer.attract_carousel_timer : Stopping Timer
2026-04-12 11:13:44,840 : INFO : EventManager : Event: ======'timer_attract_carousel_timer_stopped'====== Args={'ticks': 1, 'ticks_remaining': 1}
2026-04-12 11:13:44,840 : INFO : EventManager : Event: ======'timer_attract_carousel_timer_complete'====== Args={'ticks': 1, 'ticks_remaining': 1}
2026-04-12 11:13:44,840 : INFO : EventManager : Event: ======'carousel_item_highlighted'====== Args={'carousel': 'attract', 'direction': 'forwards', 'item': 'credits'}
2026-04-12 11:13:44,842 : INFO : Timer.attract_carousel_timer : Starting Timer.
2026-04-12 11:13:44,842 : INFO : EventManager : Event: ======'timer_attract_carousel_timer_started'====== Args={'ticks': 0, 'ticks_remaining': 1}
2026-04-12 11:13:44,842 : INFO : EventManager : Event: ======'timer_attract_carousel_timer_tick'====== Args={'ticks': 0, 'ticks_remaining': 1}
2026-04-12 11:13:49,847 : INFO : Timer.attract_carousel_timer : Timer Complete
2026-04-12 11:13:49,847 : INFO : Timer.attract_carousel_timer : Stopping Timer
2026-04-12 11:13:49,847 : INFO : EventManager : Event: ======'timer_attract_carousel_timer_stopped'====== Args={'ticks': 1, 'ticks_remaining': 1}
2026-04-12 11:13:49,847 : INFO : EventManager : Event: ======'timer_attract_carousel_timer_complete'====== Args={'ticks': 1, 'ticks_remaining': 1}
2026-04-12 11:13:49,847 : INFO : EventManager : Event: ======'carousel_item_highlighted'====== Args={'carousel': 'attract', 'direction': 'forwards', 'item': 'mpf_logo'}
2026-04-12 11:13:49,848 : INFO : Timer.attract_carousel_timer : Starting Timer.
2026-04-12 11:13:49,848 : INFO : EventManager : Event: ======'timer_attract_carousel_timer_started'====== Args={'ticks': 0, 'ticks_remaining': 1}
2026-04-12 11:13:49,848 : INFO : EventManager : Event: ======'timer_attract_carousel_timer_tick'====== Args={'ticks': 0, 'ticks_remaining': 1}
2026-04-12 11:13:54,861 : INFO : Timer.attract_carousel_timer : Timer Complete
2026-04-12 11:13:54,861 : INFO : Timer.attract_carousel_timer : Stopping Timer
2026-04-12 11:13:54,862 : INFO : EventManager : Event: ======'timer_attract_carousel_timer_stopped'====== Args={'ticks': 1, 'ticks_remaining': 1}
2026-04-12 11:13:54,862 : INFO : EventManager : Event: ======'timer_attract_carousel_timer_complete'====== Args={'ticks': 1, 'ticks_remaining': 1}
2026-04-12 11:13:54,862 : INFO : EventManager : Event: ======'carousel_item_highlighted'====== Args={'carousel': 'attract', 'direction': 'forwards', 'item': 'title'}
2026-04-12 11:13:54,864 : INFO : Timer.attract_carousel_timer : Starting Timer.
2026-04-12 11:13:54,864 : INFO : EventManager : Event: ======'timer_attract_carousel_timer_started'====== Args={'ticks': 0, 'ticks_remaining': 1}
2026-04-12 11:13:54,864 : INFO : EventManager : Event: ======'timer_attract_carousel_timer_tick'====== Args={'ticks': 0, 'ticks_remaining': 1}
2026-04-12 11:13:57,828 : INFO : SwitchController : <<<<<<< 's_start' active >>>>>>>
2026-04-12 11:13:57,910 : INFO : SwitchController : <<<<<<< 's_start' inactive >>>>>>>
2026-04-12 11:13:57,910 : INFO : EventManager : Event: ======'request_to_start_game'====== Args={}
2026-04-12 11:13:57,911 : INFO : BallController : Known balls: 0
2026-04-12 11:13:57,911 : INFO : BallController : bd_drain contains 0 balls. Tags ['drain']
2026-04-12 11:13:57,911 : INFO : BallController : bd_trough contains 0 balls. Tags ['trough', 'home']
2026-04-12 11:13:57,911 : INFO : BallController : bd_plunger contains 0 balls. Tags []
2026-04-12 11:13:57,911 : INFO : BallController : playfield contains 0 balls. Tags ['default']
2026-04-12 11:13:57,912 : WARNING : BallController : BallController denies game start. Not enough balls. 0 found. 1 required
2026-04-12 11:13:57,912 : INFO : BallController : Triggering ball search.
2026-04-12 11:13:59,868 : INFO : Timer.attract_carousel_timer : Timer Complete
2026-04-12 11:13:59,868 : INFO : Timer.attract_carousel_timer : Stopping Timer
2026-04-12 11:13:59,869 : INFO : EventManager : Event: ======'timer_attract_carousel_timer_stopped'====== Args={'ticks': 1, 'ticks_remaining': 1}
2026-04-12 11:13:59,869 : INFO : EventManager : Event: ======'timer_attract_carousel_timer_complete'====== Args={'ticks': 1, 'ticks_remaining': 1}
2026-04-12 11:13:59,869 : INFO : EventManager : Event: ======'carousel_item_highlighted'====== Args={'carousel': 'attract', 'direction': 'forwards', 'item': 'credits'}
2026-04-12 11:13:59,871 : INFO : Timer.attract_carousel_timer : Starting Timer.
2026-04-12 11:13:59,872 : INFO : EventManager : Event: ======'timer_attract_carousel_timer_started'====== Args={'ticks': 0, 'ticks_remaining': 1}
2026-04-12 11:13:59,872 : INFO : EventManager : Event: ======'timer_attract_carousel_timer_tick'====== Args={'ticks': 0, 'ticks_remaining': 1}
2026-04-12 11:14:04,884 : INFO : Timer.attract_carousel_timer : Timer Complete
2026-04-12 11:14:04,884 : INFO : Timer.attract_carousel_timer : Stopping Timer
2026-04-12 11:14:04,885 : INFO : EventManager : Event: ======'timer_attract_carousel_timer_stopped'====== Args={'ticks': 1, 'ticks_remaining': 1}
2026-04-12 11:14:04,885 : INFO : EventManager : Event: ======'timer_attract_carousel_timer_complete'====== Args={'ticks': 1, 'ticks_remaining': 1}
2026-04-12 11:14:04,885 : INFO : EventManager : Event: ======'carousel_item_highlighted'====== Args={'carousel': 'attract', 'direction': 'forwards', 'item': 'mpf_logo'}
2026-04-12 11:14:04,887 : INFO : Timer.attract_carousel_timer : Starting Timer.
2026-04-12 11:14:04,887 : INFO : EventManager : Event: ======'timer_attract_carousel_timer_started'====== Args={'ticks': 0, 'ticks_remaining': 1}
2026-04-12 11:14:04,887 : INFO : EventManager : Event: ======'timer_attract_carousel_timer_tick'====== Args={'ticks': 0, 'ticks_remaining': 1}
2026-04-12 11:14:09,201 : INFO : Machine : Shutting down...
2026-04-12 11:14:09,201 : INFO : EventManager : Event: ======'shutdown'====== Args={}
2026-04-12 11:14:09,204 : INFO : root : MPF run loop ended.
