2026-04-19 10:23:58,383 : INFO : root : Loading config.
2026-04-19 10:23:58,388 : INFO : YamlMultifileConfigLoader : Machine config file #1: config.yaml
2026-04-19 10:23:58,389 : INFO : ConfigProcessor : Loading config from cache: C:\Users\Lukas\AppData\Local\Temp\32f39c1debf2d9ee836c41c94f408ffc.mpf_cache
2026-04-19 10:23:58,460 : INFO : ConfigProcessor : Loading config from cache: C:\Users\Lukas\AppData\Local\Temp\1cf6e080e232be7da984fc3f9f606af5.mpf_cache
2026-04-19 10:23:58,461 : INFO : ConfigProcessor : Loading config from cache: C:\Users\Lukas\AppData\Local\Temp\d5d281e4d67cd36b56e6e575dc21d22a.mpf_cache
2026-04-19 10:23:58,463 : INFO : ConfigProcessor : Loading config from cache: C:\Users\Lukas\AppData\Local\Temp\1cf6e080e232be7da984fc3f9f606af5.mpf_cache
2026-04-19 10:23:58,463 : INFO : ConfigProcessor : Loading config from cache: C:\Users\Lukas\AppData\Local\Temp\e915a77df2eb7c954f1557e6bd49ea48.mpf_cache
2026-04-19 10:23:58,464 : INFO : ConfigProcessor : Loading config from cache: C:\Users\Lukas\AppData\Local\Temp\6720abd7d78775ec476d92be447cc36c.mpf_cache
2026-04-19 10:23:58,465 : INFO : ConfigProcessor : Loading config from cache: C:\Users\Lukas\AppData\Local\Temp\5c55177e8fd0a80aca73e5066ec16461.mpf_cache
2026-04-19 10:23:58,466 : INFO : Machine : Mission Pinball Framework Core Engine v0.80.0.dev13
2026-04-19 10:23:58,466 : INFO : Machine : Command line arguments: {'no_load_cache': False, 'create_config_cache': True, 'bcp': True, 'configfile': ['config.yaml'], 'force_assets_load': False, 'platform_integration_test': False, 'jsonlogging': False, 'logfile': 'logs\\2026-04-19-10-23-58-mpf-DESKTOP-24N7989.log', 'pause': False, 'production': False, 'text_ui': False, 'loglevel': 15, 'consoleloglevel': 20, 'force_platform': 'virtual', 'syslog_address': None, 'full_logfile_path': 'C:\\Users\\Lukas\\Documents\\TSPP\\logs\\2026-04-19-10-23-58-mpf-DESKTOP-24N7989.log'}
2026-04-19 10:23:58,466 : INFO : Machine : MPF path: C:\Users\Lukas\mpftspp\lib\site-packages\mpf
2026-04-19 10:23:58,466 : INFO : Machine : Machine path: C:\Users\Lukas\Documents\TSPP
2026-04-19 10:23:58,466 : INFO : Machine : Platform: win32
2026-04-19 10:23:58,466 : INFO : Machine : Python executable location: C:\Users\Lukas\mpftspp\Scripts\python.exe
2026-04-19 10:23:58,466 : INFO : Machine : Python version: 3.10.0 (64-bit)
2026-04-19 10:23:58,482 : INFO : Machine : Initializing MPF...
2026-04-19 10:23:58,582 : INFO : EventManager : Event: ======'machine_var_credits_string'====== Args={'value': 'FREE PLAY', 'prev_value': None, 'change': True}
2026-04-19 10:23:58,667 : INFO : EventManager : Event: ======'machine_var_master_volume'====== Args={'value': 0.5, 'prev_value': None, 'change': True}
2026-04-19 10:23:58,668 : INFO : EventManager : Event: ======'machine_var_mpf_version'====== Args={'value': 'Mission Pinball Framework v0.80.0.dev13', 'prev_value': None, 'change': True}
2026-04-19 10:23:58,668 : INFO : EventManager : Event: ======'machine_var_mpf_extended_version'====== Args={'value': 'Mission Pinball Framework v0.80.0.dev13, Config version:6, Show version: 6, BCP version:1.1', 'prev_value': None, 'change': True}
2026-04-19 10:23:58,668 : INFO : EventManager : Event: ======'machine_var_python_version'====== Args={'value': '3.10.0', 'prev_value': None, 'change': True}
2026-04-19 10:23:58,681 : INFO : EventManager : Event: ======'machine_var_platform'====== Args={'value': 'Windows-10-10.0.26200-SP0', 'prev_value': None, 'change': True}
2026-04-19 10:23:58,681 : INFO : EventManager : Event: ======'machine_var_platform_system'====== Args={'value': 'Windows', 'prev_value': None, 'change': True}
2026-04-19 10:23:58,681 : INFO : EventManager : Event: ======'machine_var_platform_release'====== Args={'value': '10', 'prev_value': None, 'change': True}
2026-04-19 10:23:58,681 : INFO : EventManager : Event: ======'machine_var_platform_version'====== Args={'value': '10.0.26200', 'prev_value': None, 'change': True}
2026-04-19 10:23:58,682 : INFO : EventManager : Event: ======'machine_var_platform_machine'====== Args={'value': 'AMD64', 'prev_value': None, 'change': True}
2026-04-19 10:23:58,682 : INFO : EventManager : Event: ======'machine_var_log_file_path'====== Args={'value': 'C:\\Users\\Lukas\\Documents\\TSPP\\logs\\2026-04-19-10-23-58-mpf-DESKTOP-24N7989.log', 'prev_value': None, 'change': True}
2026-04-19 10:23:58,682 : INFO : EventManager : Event: ======'init_phase_1'====== Args={}
2026-04-19 10:23:58,732 : INFO : EventManager : Event: ======'init_phase_2'====== Args={}
2026-04-19 10:23:58,732 : INFO : SwitchController : Found active switch: ('1-0-8', <Platform.Virtual>) <switch.s_trough_1>
2026-04-19 10:23:58,732 : INFO : SwitchController : Found active switch: ('1-0-9', <Platform.Virtual>) <switch.s_trough_2>
2026-04-19 10:23:58,732 : INFO : SwitchController : Found active switch: ('1-0-10', <Platform.Virtual>) <switch.s_trough_3>
2026-04-19 10:23:58,734 : INFO : EventManager : Event: ======'bcp_connection_attempt'====== Args={'name': 'local_display', 'host': 'localhost', 'port': 5050}
2026-04-19 10:23:58,739 : INFO : BCPClientSocket : Connecting BCP to 'local_display' at localhost:5050...
2026-04-19 10:23:58,761 : INFO : BCPClientSocket : Connected BCP to 'local_display' localhost:5050
2026-04-19 10:23:58,762 : INFO : EventManager : Event: ======'bcp_clients_connected'====== Args={}
2026-04-19 10:23:58,762 : INFO : ball_device.bd_drain : BCH: Initial count: 0
2026-04-19 10:23:58,762 : INFO : ball_device.bd_drain : State: idle
2026-04-19 10:23:58,762 : INFO : ball_device.bd_trough : BCH: Initial count: 3
2026-04-19 10:23:58,763 : INFO : ball_device.bd_trough : State: idle
2026-04-19 10:23:58,763 : INFO : ball_device.bd_plunger : BCH: Initial count: 0
2026-04-19 10:23:58,763 : INFO : ball_device.bd_plunger : State: idle
2026-04-19 10:23:58,818 : INFO : EventManager : Event: ======'init_phase_3'====== Args={}
2026-04-19 10:23:58,819 : INFO : EventManager : Event: ======'init_phase_4'====== Args={}
2026-04-19 10:23:58,819 : INFO : BallController : Initial balls found: 3
2026-04-19 10:23:58,821 : INFO : EventManager : Event: ======'machine_var_audits_events_game_ended'====== Args={'value': 0, 'prev_value': None, 'change': True}
2026-04-19 10:23:58,821 : INFO : EventManager : Event: ======'machine_var_audits_events_game_started'====== Args={'value': 18, 'prev_value': None, 'change': True}
2026-04-19 10:23:58,821 : INFO : EventManager : Event: ======'machine_var_audits_missing_switches_s_drain'====== Args={'value': 18, 'prev_value': None, 'change': True}
2026-04-19 10:23:58,821 : INFO : EventManager : Event: ======'machine_var_audits_missing_switches_s_dt_m'====== Args={'value': 18, 'prev_value': None, 'change': True}
2026-04-19 10:23:58,821 : INFO : EventManager : Event: ======'machine_var_audits_missing_switches_s_dt_o'====== Args={'value': 18, 'prev_value': None, 'change': True}
2026-04-19 10:23:58,821 : INFO : EventManager : Event: ======'machine_var_audits_missing_switches_s_dt_u'====== Args={'value': 18, 'prev_value': None, 'change': True}
2026-04-19 10:23:58,822 : INFO : EventManager : Event: ======'machine_var_audits_missing_switches_s_flipper_left'====== Args={'value': 3, 'prev_value': None, 'change': True}
2026-04-19 10:23:58,822 : INFO : EventManager : Event: ======'machine_var_audits_missing_switches_s_flipper_right'====== Args={'value': 3, 'prev_value': None, 'change': True}
2026-04-19 10:23:58,822 : INFO : EventManager : Event: ======'machine_var_audits_missing_switches_s_flipper_rigt'====== Args={'value': 7, 'prev_value': None, 'change': True}
2026-04-19 10:23:58,822 : INFO : EventManager : Event: ======'machine_var_audits_missing_switches_s_homer_h'====== Args={'value': 3, 'prev_value': None, 'change': True}
2026-04-19 10:23:58,822 : INFO : EventManager : Event: ======'machine_var_audits_missing_switches_s_kickout'====== Args={'value': 16, 'prev_value': None, 'change': True}
2026-04-19 10:23:58,822 : INFO : EventManager : Event: ======'machine_var_audits_missing_switches_s_ramp_1'====== Args={'value': 18, 'prev_value': None, 'change': True}
2026-04-19 10:23:58,822 : INFO : EventManager : Event: ======'machine_var_audits_missing_switches_s_sling_left'====== Args={'value': 3, 'prev_value': None, 'change': True}
2026-04-19 10:23:58,822 : INFO : EventManager : Event: ======'machine_var_audits_missing_switches_s_sling_right'====== Args={'value': 3, 'prev_value': None, 'change': True}
2026-04-19 10:23:58,822 : INFO : EventManager : Event: ======'machine_var_audits_missing_switches_s_start'====== Args={'value': 6, 'prev_value': None, 'change': True}
2026-04-19 10:23:58,822 : INFO : EventManager : Event: ======'machine_var_audits_missing_switches_s_trough_1'====== Args={'value': 18, 'prev_value': None, 'change': True}
2026-04-19 10:23:58,822 : INFO : EventManager : Event: ======'machine_var_audits_missing_switches_s_trough_2'====== Args={'value': 18, 'prev_value': None, 'change': True}
2026-04-19 10:23:58,822 : INFO : EventManager : Event: ======'machine_var_audits_missing_switches_s_trough_3'====== Args={'value': 18, 'prev_value': None, 'change': True}
2026-04-19 10:23:58,822 : INFO : EventManager : Event: ======'machine_var_audits_player_score'====== Args={'value': {'average': 0, 'top': [], 'total': 0}, 'prev_value': None, 'change': True}
2026-04-19 10:23:58,822 : INFO : EventManager : Event: ======'machine_var_audits_shots_homer_h'====== Args={'value': 22, 'prev_value': None, 'change': True}
2026-04-19 10:23:58,822 : INFO : EventManager : Event: ======'machine_var_audits_shots_hurryup'====== Args={'value': 10, 'prev_value': None, 'change': True}
2026-04-19 10:23:58,822 : INFO : EventManager : Event: ======'machine_var_audits_shots_slingshot_left'====== Args={'value': 44, 'prev_value': None, 'change': True}
2026-04-19 10:23:58,822 : INFO : EventManager : Event: ======'machine_var_audits_shots_slingshot_right'====== Args={'value': 34, 'prev_value': None, 'change': True}
2026-04-19 10:23:58,822 : INFO : EventManager : Event: ======'machine_var_audits_switches_s_drain'====== Args={'value': 0, 'prev_value': None, 'change': True}
2026-04-19 10:23:58,822 : INFO : EventManager : Event: ======'machine_var_audits_switches_s_dt_m'====== Args={'value': 0, 'prev_value': None, 'change': True}
2026-04-19 10:23:58,822 : INFO : EventManager : Event: ======'machine_var_audits_switches_s_dt_o'====== Args={'value': 0, 'prev_value': None, 'change': True}
2026-04-19 10:23:58,822 : INFO : EventManager : Event: ======'machine_var_audits_switches_s_dt_u'====== Args={'value': 0, 'prev_value': None, 'change': True}
2026-04-19 10:23:58,822 : INFO : EventManager : Event: ======'machine_var_audits_switches_s_flipper_left'====== Args={'value': 5, 'prev_value': None, 'change': True}
2026-04-19 10:23:58,822 : INFO : EventManager : Event: ======'machine_var_audits_switches_s_flipper_right'====== Args={'value': 3, 'prev_value': None, 'change': True}
2026-04-19 10:23:58,822 : INFO : EventManager : Event: ======'machine_var_audits_switches_s_flipper_rigt'====== Args={'value': 0, 'prev_value': None, 'change': True}
2026-04-19 10:23:58,822 : INFO : EventManager : Event: ======'machine_var_audits_switches_s_homer_h'====== Args={'value': 22, 'prev_value': None, 'change': True}
2026-04-19 10:23:58,822 : INFO : EventManager : Event: ======'machine_var_audits_switches_s_kickout'====== Args={'value': 1, 'prev_value': None, 'change': True}
2026-04-19 10:23:58,822 : INFO : EventManager : Event: ======'machine_var_audits_switches_s_plunger_lane'====== Args={'value': 8, 'prev_value': None, 'change': True}
2026-04-19 10:23:58,822 : INFO : EventManager : Event: ======'machine_var_audits_switches_s_ramp_1'====== Args={'value': 0, 'prev_value': None, 'change': True}
2026-04-19 10:23:58,822 : INFO : EventManager : Event: ======'machine_var_audits_switches_s_sling_left'====== Args={'value': 44, 'prev_value': None, 'change': True}
2026-04-19 10:23:58,822 : INFO : EventManager : Event: ======'machine_var_audits_switches_s_sling_right'====== Args={'value': 34, 'prev_value': None, 'change': True}
2026-04-19 10:23:58,822 : INFO : EventManager : Event: ======'machine_var_audits_switches_s_start'====== Args={'value': 3, 'prev_value': None, 'change': True}
2026-04-19 10:23:58,822 : INFO : EventManager : Event: ======'machine_var_audits_switches_s_trough_1'====== Args={'value': 0, 'prev_value': None, 'change': True}
2026-04-19 10:23:58,822 : INFO : EventManager : Event: ======'machine_var_audits_switches_s_trough_2'====== Args={'value': 0, 'prev_value': None, 'change': True}
2026-04-19 10:23:58,822 : INFO : EventManager : Event: ======'machine_var_audits_switches_s_trough_3'====== Args={'value': 0, 'prev_value': None, 'change': True}
2026-04-19 10:23:58,823 : INFO : EventManager : Event: ======'init_phase_5'====== Args={}
2026-04-19 10:23:58,823 : INFO : EventManager : Event: ======'init_done'====== Args={}
2026-04-19 10:23:58,823 : INFO : EventManager : Event: ======'machine_reset_phase_1'====== Args={}
2026-04-19 10:23:58,827 : INFO : EventManager : Event: ======'machine_reset_phase_2'====== Args={}
2026-04-19 10:23:58,827 : INFO : EventManager : Event: ======'machine_reset_phase_3'====== Args={}
2026-04-19 10:23:58,827 : INFO : EventManager : Event: ======'mode_attract_will_start'====== Args={'queue': <QueuedEvent>}
2026-04-19 10:23:58,827 : INFO : Timer.attract_carousel_timer : Starting Timer.
2026-04-19 10:23:58,827 : INFO : EventManager : Event: ======'timer_attract_carousel_timer_started'====== Args={'ticks': 0, 'ticks_remaining': 1}
2026-04-19 10:23:58,827 : INFO : EventManager : Event: ======'timer_attract_carousel_timer_tick'====== Args={'ticks': 0, 'ticks_remaining': 1}
2026-04-19 10:23:58,828 : INFO : EventManager : Event: ======'mode_attract_starting'====== Args={'queue': <QueuedEvent>}
2026-04-19 10:23:58,828 : INFO : Mode.attract : Started. Priority: 10
2026-04-19 10:23:58,828 : INFO : EventManager : Event: ======'modes_active_modes_changed'====== Args={}
2026-04-19 10:23:58,828 : INFO : EventManager : Event: ======'mode_attract_started'====== Args={'queue': <QueuedEvent>}
2026-04-19 10:23:58,829 : INFO : EventManager : Event: ======'collecting_balls_complete'====== Args={}
2026-04-19 10:23:58,829 : INFO : EventManager : Event: ======'carousel_item_highlighted'====== Args={'carousel': 'attract', 'direction': None, 'item': 'title'}
2026-04-19 10:23:58,829 : INFO : EventManager : Event: ======'timer_attract_carousel_timer_tick'====== Args={'ticks': 0, 'ticks_remaining': 1}
2026-04-19 10:23:58,829 : INFO : EventManager : Event: ======'reset_complete'====== Args={}
2026-04-19 10:23:58,830 : INFO : Machine : Starting the main run loop with active modes: [<Mode.attract>]
2026-04-19 10:23:58,845 : INFO : EventManager : Event: ======'slide_attract_created'====== Args={'_from_bcp': True}
2026-04-19 10:23:58,845 : INFO : EventManager : Event: ======'slide__removed'====== Args={'_from_bcp': True}
2026-04-19 10:23:58,846 : INFO : EventManager : Event: ======'slide_attract_active'====== Args={'original_context': 'attract', 'original_calling_context': 'mode_attract_started', 'priority': 10.0, 'queue': '<QueuedEvent>', 'cmd': 'slides_play', '_from_bcp': True}
2026-04-19 10:24:03,833 : INFO : Timer.attract_carousel_timer : Timer Complete
2026-04-19 10:24:03,834 : INFO : Timer.attract_carousel_timer : Stopping Timer
2026-04-19 10:24:03,834 : INFO : EventManager : Event: ======'timer_attract_carousel_timer_stopped'====== Args={'ticks': 1, 'ticks_remaining': 1}
2026-04-19 10:24:03,834 : INFO : EventManager : Event: ======'timer_attract_carousel_timer_complete'====== Args={'ticks': 1, 'ticks_remaining': 1}
2026-04-19 10:24:03,834 : INFO : EventManager : Event: ======'carousel_item_highlighted'====== Args={'carousel': 'attract', 'direction': 'forwards', 'item': 'credits'}
2026-04-19 10:24:03,836 : INFO : Timer.attract_carousel_timer : Starting Timer.
2026-04-19 10:24:03,836 : INFO : EventManager : Event: ======'timer_attract_carousel_timer_started'====== Args={'ticks': 0, 'ticks_remaining': 1}
2026-04-19 10:24:03,836 : INFO : EventManager : Event: ======'timer_attract_carousel_timer_tick'====== Args={'ticks': 0, 'ticks_remaining': 1}
2026-04-19 10:24:07,005 : INFO : SwitchController : <<<<<<< 's_start' active >>>>>>>
2026-04-19 10:24:07,103 : INFO : SwitchController : <<<<<<< 's_start' inactive >>>>>>>
2026-04-19 10:24:07,104 : INFO : EventManager : Event: ======'request_to_start_game'====== Args={}
2026-04-19 10:24:07,104 : INFO : EventManager : Event: ======'game_start'====== Args={'buttons': [], 'hold_time': 0.09399999999732245}
2026-04-19 10:24:07,104 : INFO : EventManager : Event: ======'mode_game_will_start'====== Args={'buttons': [], 'hold_time': 0.09399999999732245}
2026-04-19 10:24:07,105 : INFO : EventManager : Event: ======'mode_game_starting'====== Args={'buttons': [], 'hold_time': 0.09399999999732245}
2026-04-19 10:24:07,106 : INFO : EventManager : Event: ======'mode_attract_will_stop'====== Args={}
2026-04-19 10:24:07,106 : INFO : EventManager : Event: ======'mode_attract_stopping'====== Args={}
2026-04-19 10:24:07,106 : INFO : Mode.attract : Stopped.
2026-04-19 10:24:07,106 : INFO : EventManager : Event: ======'modes_active_modes_changed'====== Args={}
2026-04-19 10:24:07,106 : INFO : EventManager : Event: ======'mode_attract_stopped'====== Args={}
2026-04-19 10:24:07,107 : INFO : EventManager : Event: ======'clear'====== Args={'key': 'attract'}
2026-04-19 10:24:07,107 : INFO : Timer.attract_carousel_timer : Stopping Timer
2026-04-19 10:24:07,107 : INFO : EventManager : Event: ======'timer_attract_carousel_timer_stopped'====== Args={'ticks': 0, 'ticks_remaining': 1}
2026-04-19 10:24:07,107 : INFO : Mode.game : Started. Priority: 20
2026-04-19 10:24:07,107 : INFO : EventManager : Event: ======'modes_active_modes_changed'====== Args={}
2026-04-19 10:24:07,107 : INFO : EventManager : Event: ======'mode_game_started'====== Args={'buttons': [], 'hold_time': 0.09399999999732245}
2026-04-19 10:24:07,107 : INFO : EventManager : Event: ======'game_will_start'====== Args={}
2026-04-19 10:24:07,108 : INFO : EventManager : Event: ======'game_starting'====== Args={'game': <Mode.game>}
2026-04-19 10:24:07,108 : INFO : EventManager : Unordered handler for class <Auditor> on event game_ended with priority 1. Handlers: [RegisteredHandler(callback=<bound method Auditor.disable of <Auditor>>, priority=1, kwargs={}, key=UUID('01c02d80-8cda-47d3-95d9-a3b8b48da754'), condition=None, blocking_facility=None), RegisteredHandler(callback=<bound method Auditor._save_audits of <Auditor>>, priority=1, kwargs={}, key=UUID('ef5a0964-dd86-49ae-ad40-0d49f8642af9'), condition=None, blocking_facility=None)]. The order of those handlers is not defined and they will be executed in random order. This might lead to race conditions and potential bugs.
2026-04-19 10:24:07,109 : INFO : EventManager : Event: ======'player_add_request'====== Args={}
2026-04-19 10:24:07,109 : INFO : EventManager : Event: ======'player_will_add'====== Args={'number': 1}
2026-04-19 10:24:07,109 : INFO : EventManager : Event: ======'player_adding'====== Args={'player': <Player 1>, 'number': 1}
2026-04-19 10:24:07,109 : INFO : EventManager : Event: ======'player_added'====== Args={'player': <Player 1>, 'num': 1}
2026-04-19 10:24:07,109 : INFO : Mode.game : Player added successfully. Total players: 1
2026-04-19 10:24:07,109 : INFO : EventManager : Event: ======'player_index'====== Args={'value': 0, 'prev_value': 0, 'change': 0, 'player_num': 1}
2026-04-19 10:24:07,110 : INFO : EventManager : Event: ======'player_number'====== Args={'value': 1, 'prev_value': 1, 'change': 0, 'player_num': 1}
2026-04-19 10:24:07,110 : INFO : EventManager : Event: ======'player_score'====== Args={'value': 0, 'prev_value': 0, 'change': 0, 'player_num': 1}
2026-04-19 10:24:07,110 : INFO : EventManager : Event: ======'game_started'====== Args={}
2026-04-19 10:24:07,111 : INFO : EventManager : Event: ======'player_turn_will_start'====== Args={'player': <Player 1>, 'number': 1}
2026-04-19 10:24:07,111 : INFO : EventManager : Event: ======'player_turn_starting'====== Args={'player': <Player 1>, 'number': 1}
2026-04-19 10:24:07,111 : INFO : EventManager : Event: ======'player_ball'====== Args={'value': 1, 'prev_value': 0, 'change': 1, 'player_num': 1}
2026-04-19 10:24:07,112 : INFO : EventManager : Event: ======'player_turn_started'====== Args={'player': <Player 1>, 'number': 1}
2026-04-19 10:24:07,117 : INFO : EventManager : Event: ======'ball_will_start'====== Args={'player': 1, 'ball': 1, 'balls_remaining': 2, 'is_extra_ball': False}
2026-04-19 10:24:07,117 : INFO : EventManager : Event: ======'ball_starting'====== Args={'player': 1, 'ball': 1, 'balls_remaining': 2, 'is_extra_ball': False}
2026-04-19 10:24:07,117 : INFO : EventManager : Event: ======'mode_base_will_start'====== Args={'queue': <QueuedEvent>, 'player': 1, 'ball': 1, 'balls_remaining': 2, 'is_extra_ball': False}
2026-04-19 10:24:07,118 : INFO : EventManager : Event: ======'player_shot_homer_h_enabled'====== Args={'value': True, 'prev_value': 0, 'change': 1, 'player_num': 1}
2026-04-19 10:24:07,119 : INFO : EventManager : Event: ======'mode_base_starting'====== Args={'queue': <QueuedEvent>, 'player': 1, 'ball': 1, 'balls_remaining': 2, 'is_extra_ball': False}
2026-04-19 10:24:07,120 : INFO : Mode.base : Started. Priority: 100
2026-04-19 10:24:07,121 : INFO : EventManager : Event: ======'modes_active_modes_changed'====== Args={}
2026-04-19 10:24:07,121 : INFO : EventManager : Event: ======'mode_base_started'====== Args={'queue': <QueuedEvent>, 'player': 1, 'ball': 1, 'balls_remaining': 2, 'is_extra_ball': False}
2026-04-19 10:24:07,121 : INFO : EventManager : Event: ======'start_mode_slingshots'====== Args={'priority': 0}
2026-04-19 10:24:07,121 : INFO : EventManager : Event: ======'mode_slingshots_will_start'====== Args={'priority': 0}
2026-04-19 10:24:07,122 : INFO : EventManager : Event: ======'player_shot_slingshot_left_enabled'====== Args={'value': True, 'prev_value': 0, 'change': 1, 'player_num': 1}
2026-04-19 10:24:07,123 : INFO : EventManager : Event: ======'player_shot_slingshot_right_enabled'====== Args={'value': True, 'prev_value': 0, 'change': 1, 'player_num': 1}
2026-04-19 10:24:07,123 : INFO : EventManager : Event: ======'slingshots_complete'====== Args={'state': 'unlit'}
2026-04-19 10:24:07,123 : INFO : EventManager : Event: ======'slingshots_unlit_complete'====== Args={}
2026-04-19 10:24:07,124 : INFO : EventManager : Event: ======'mode_slingshots_starting'====== Args={'priority': 0}
2026-04-19 10:24:07,124 : INFO : Mode.slingshots : Started. Priority: 200
2026-04-19 10:24:07,124 : INFO : EventManager : Event: ======'modes_active_modes_changed'====== Args={}
2026-04-19 10:24:07,124 : INFO : EventManager : Event: ======'mode_slingshots_started'====== Args={'priority': 0}
2026-04-19 10:24:07,125 : INFO : EventManager : Event: ======'balls_in_play'====== Args={'balls': 1}
2026-04-19 10:24:07,125 : INFO : EventManager : Event: ======'ball_started'====== Args={'player': 1, 'ball': 1, 'balls_remaining': 2, 'is_extra_ball': False}
2026-04-19 10:24:07,127 : INFO : EventManager : Event: ======'single_player_ball_started'====== Args={}
2026-04-19 10:24:07,127 : INFO : EventManager : Event: ======'ball_start_target'====== Args={'target': 'playfield'}
2026-04-19 10:24:07,127 : INFO : ball_device.bd_plunger : Setting up player-controlled eject. Balls: 1, Target: <playfield.playfield>, player_controlled_eject_event: None
2026-04-19 10:24:07,142 : INFO : EventManager : Event: ======'balldevice_balls_available'====== Args={}
2026-04-19 10:24:07,145 : INFO : ball_device.bd_trough : State: waiting_for_target_ready
2026-04-19 10:24:07,145 : INFO : EventManager : Event: ======'balldevice_bd_trough_ball_eject_attempt'====== Args={'balls': 1, 'target': <ball_device.bd_plunger>, 'source': <ball_device.bd_trough>, 'mechanical_eject': True, 'num_attempts': 0}
2026-04-19 10:24:07,145 : INFO : ball_device.bd_plunger : State: waiting_for_ball
2026-04-19 10:24:07,146 : INFO : ball_device.bd_trough : State: ejecting
2026-04-19 10:24:07,146 : INFO : ball_device.bd_trough : Ejecting ball to <ball_device.bd_plunger>
2026-04-19 10:24:07,146 : INFO : EventManager : Event: ======'balldevice_bd_trough_ejecting_ball'====== Args={'balls': 1, 'target': <ball_device.bd_plunger>, 'source': <ball_device.bd_trough>, 'mechanical_eject': True, 'num_attempts': 0}
2026-04-19 10:24:07,146 : INFO : ball_device.bd_trough : Wait for ball to leave device
2026-04-19 10:24:07,147 : INFO : coil.c_trough_release : Pulsing Driver for 20ms (1.0 pulse_power)
2026-04-19 10:24:07,152 : INFO : EventManager : Event: ======'slide_base_slide_created'====== Args={'_from_bcp': True}
2026-04-19 10:24:07,152 : INFO : EventManager : Event: ======'slide_attract_inactive'====== Args={'is_removing': True, '_from_bcp': True}
2026-04-19 10:24:07,153 : INFO : EventManager : Event: ======'slide_base_slide_active'====== Args={'original_context': 'base', 'original_calling_context': 'mode_base_started', 'priority': 100.0, 'queue': '<QueuedEvent>', 'player': 1.0, 'ball': 1.0, 'balls_remaining': 2.0, 'is_extra_ball': False, 'cmd': 'slides_play', '_from_bcp': True}
2026-04-19 10:24:07,153 : INFO : EventManager : Event: ======'slide_attract_removed'====== Args={'_from_bcp': True}
2026-04-19 10:24:08,770 : INFO : SwitchController : <<<<<<< 's_sling_left' active >>>>>>>
2026-04-19 10:24:08,770 : INFO : EventManager : Event: ======'playfield_active'====== Args={'source': 'slingshot_left'}
2026-04-19 10:24:08,771 : INFO : EventManager : Event: ======'unexpected_ball_on_playfield'====== Args={}
2026-04-19 10:24:08,771 : INFO : EventManager : Event: ======'s_sling_left_active'====== Args={}
2026-04-19 10:24:08,771 : INFO : EventManager : Event: ======'machine_var_audits_switches_s_sling_left'====== Args={'value': 45, 'prev_value': 44, 'change': 1}
2026-04-19 10:24:08,772 : INFO : EventManager : Event: ======'player_shot_slingshot_left'====== Args={'value': 1, 'prev_value': 0, 'change': 1, 'player_num': 1}
2026-04-19 10:24:08,772 : INFO : EventManager : Event: ======'machine_var_audits_shots_slingshot_left'====== Args={'value': 45, 'prev_value': 44, 'change': 1}
2026-04-19 10:24:08,772 : INFO : EventManager : Event: ======'slingshot_left_hit'====== Args={'profile': 'default', 'state': 'unlit', 'advancing': True}
2026-04-19 10:24:08,773 : INFO : EventManager : Event: ======'slingshot_left_default_hit'====== Args={'profile': 'default', 'state': 'unlit', 'advancing': True}
2026-04-19 10:24:08,773 : INFO : EventManager : Event: ======'slingshot_left_default_unlit_hit'====== Args={'profile': 'default', 'state': 'unlit', 'advancing': True}
2026-04-19 10:24:08,773 : INFO : EventManager : Event: ======'slingshot_left_unlit_hit'====== Args={'profile': 'default', 'state': 'unlit', 'advancing': True}
2026-04-19 10:24:08,773 : INFO : EventManager : Event: ======'slingshots_hit'====== Args={'shot': 'slingshot_left'}
2026-04-19 10:24:08,773 : INFO : EventManager : Event: ======'slingshots_unlit_hit'====== Args={'shot': 'slingshot_left'}
2026-04-19 10:24:08,773 : INFO : EventManager : Event: ======'player_score'====== Args={'value': 1000, 'prev_value': 0, 'change': 1000, 'player_num': 1, 'source': 'slingshots'}
2026-04-19 10:24:08,869 : INFO : SwitchController : <<<<<<< 's_sling_left' inactive >>>>>>>
2026-04-19 10:24:09,820 : INFO : SwitchController : <<<<<<< 's_homer_h' active >>>>>>>
2026-04-19 10:24:09,821 : INFO : EventManager : Event: ======'playfield_active'====== Args={'source': 'homer_h'}
2026-04-19 10:24:09,821 : INFO : EventManager : Event: ======'unexpected_ball_on_playfield'====== Args={}
2026-04-19 10:24:09,821 : INFO : EventManager : Event: ======'playfield_active'====== Args={'source': 'hurryup'}
2026-04-19 10:24:09,821 : INFO : EventManager : Event: ======'unexpected_ball_on_playfield'====== Args={}
2026-04-19 10:24:09,821 : INFO : EventManager : Event: ======'s_homer_h_active'====== Args={}
2026-04-19 10:24:09,821 : INFO : EventManager : Event: ======'machine_var_audits_switches_s_homer_h'====== Args={'value': 23, 'prev_value': 22, 'change': 1}
2026-04-19 10:24:09,822 : INFO : EventManager : Event: ======'player_shot_homer_h'====== Args={'value': 1, 'prev_value': 0, 'change': 1, 'player_num': 1}
2026-04-19 10:24:09,823 : INFO : EventManager : Event: ======'machine_var_audits_shots_homer_h'====== Args={'value': 23, 'prev_value': 22, 'change': 1}
2026-04-19 10:24:09,823 : INFO : EventManager : Event: ======'homer_h_hit'====== Args={'profile': 'default', 'state': 'unlit', 'advancing': True}
2026-04-19 10:24:09,823 : INFO : EventManager : Event: ======'homer_h_default_hit'====== Args={'profile': 'default', 'state': 'unlit', 'advancing': True}
2026-04-19 10:24:09,823 : INFO : EventManager : Event: ======'homer_h_default_unlit_hit'====== Args={'profile': 'default', 'state': 'unlit', 'advancing': True}
2026-04-19 10:24:09,823 : INFO : EventManager : Event: ======'homer_h_unlit_hit'====== Args={'profile': 'default', 'state': 'unlit', 'advancing': True}
2026-04-19 10:24:09,823 : INFO : EventManager : Event: ======'start_mode_hurryup'====== Args={'priority': 0}
2026-04-19 10:24:09,823 : INFO : EventManager : Event: ======'mode_hurryup_will_start'====== Args={'priority': 0}
2026-04-19 10:24:09,824 : INFO : EventManager : Event: ======'player_shot_hurryup_enabled'====== Args={'value': True, 'prev_value': 0, 'change': 1, 'player_num': 1}
2026-04-19 10:24:09,824 : INFO : EventManager : Event: ======'player_hurryup_hurryup_timer_tick'====== Args={'value': 0, 'prev_value': 0, 'change': 0, 'player_num': 1}
2026-04-19 10:24:09,824 : INFO : Timer.hurryup_timer : Starting Timer.
2026-04-19 10:24:09,824 : INFO : EventManager : Event: ======'timer_hurryup_timer_started'====== Args={'ticks': 0, 'ticks_remaining': 25}
2026-04-19 10:24:09,824 : INFO : EventManager : Event: ======'timer_hurryup_timer_tick'====== Args={'ticks': 0, 'ticks_remaining': 25}
2026-04-19 10:24:09,825 : INFO : EventManager : Event: ======'mode_hurryup_starting'====== Args={'priority': 0}
2026-04-19 10:24:09,825 : INFO : Mode.hurryup : Started. Priority: 1000
2026-04-19 10:24:09,825 : INFO : EventManager : Event: ======'modes_active_modes_changed'====== Args={}
2026-04-19 10:24:09,825 : INFO : EventManager : Event: ======'mode_hurryup_started'====== Args={'priority': 0}
2026-04-19 10:24:09,839 : INFO : EventManager : Event: ======'slide_hurryup_created'====== Args={'_from_bcp': True}
2026-04-19 10:24:09,839 : INFO : EventManager : Event: ======'slide_base_slide_inactive'====== Args={'is_removing': False, '_from_bcp': True}
2026-04-19 10:24:09,839 : INFO : EventManager : Event: ======'slide_hurryup_active'====== Args={'original_context': 'hurryup', 'original_calling_context': 'mode_hurryup_started', 'priority': 1000.0, 'cmd': 'slides_play', '_from_bcp': True}
2026-04-19 10:24:09,903 : INFO : SwitchController : <<<<<<< 's_homer_h' inactive >>>>>>>
2026-04-19 10:24:10,028 : INFO : EventManager : Event: ======'player_hurryup_hurryup_timer_tick'====== Args={'value': 1, 'prev_value': 0, 'change': 1, 'player_num': 1}
2026-04-19 10:24:10,029 : INFO : EventManager : Event: ======'timer_hurryup_timer_tick'====== Args={'ticks': 1, 'ticks_remaining': 24}
2026-04-19 10:24:10,030 : INFO : EventManager : Event: ======'hurryup_value'====== Args={'priority': 0, 'current_hurryup': 98000}
2026-04-19 10:24:10,153 : INFO : EventManager : Event: ======'balldevice_bd_trough_ball_eject_failed'====== Args={'target': <ball_device.bd_plunger>, 'balls': 1, 'retry': True, 'num_attempts': 1}
2026-04-19 10:24:10,154 : INFO : ball_device.bd_trough : State: waiting_for_target_ready
2026-04-19 10:24:10,154 : INFO : EventManager : Event: ======'balldevice_bd_trough_ball_eject_attempt'====== Args={'balls': 1, 'target': <ball_device.bd_plunger>, 'source': <ball_device.bd_trough>, 'mechanical_eject': True, 'num_attempts': 1}
2026-04-19 10:24:10,155 : INFO : ball_device.bd_trough : State: ejecting
2026-04-19 10:24:10,155 : INFO : ball_device.bd_trough : Ejecting ball to <ball_device.bd_plunger>
2026-04-19 10:24:10,155 : INFO : EventManager : Event: ======'balldevice_bd_trough_ejecting_ball'====== Args={'balls': 1, 'target': <ball_device.bd_plunger>, 'source': <ball_device.bd_trough>, 'mechanical_eject': True, 'num_attempts': 1}
2026-04-19 10:24:10,155 : INFO : ball_device.bd_trough : Wait for ball to leave device
2026-04-19 10:24:10,155 : INFO : coil.c_trough_release : Pulsing Driver for 20ms (1.0 pulse_power)
2026-04-19 10:24:10,231 : INFO : EventManager : Event: ======'player_hurryup_hurryup_timer_tick'====== Args={'value': 2, 'prev_value': 1, 'change': 1, 'player_num': 1}
2026-04-19 10:24:10,231 : INFO : EventManager : Event: ======'timer_hurryup_timer_tick'====== Args={'ticks': 2, 'ticks_remaining': 23}
2026-04-19 10:24:10,232 : INFO : EventManager : Event: ======'hurryup_value'====== Args={'priority': 0, 'current_hurryup': 96000}
2026-04-19 10:24:10,434 : INFO : EventManager : Event: ======'player_hurryup_hurryup_timer_tick'====== Args={'value': 3, 'prev_value': 2, 'change': 1, 'player_num': 1}
2026-04-19 10:24:10,434 : INFO : EventManager : Event: ======'timer_hurryup_timer_tick'====== Args={'ticks': 3, 'ticks_remaining': 22}
2026-04-19 10:24:10,436 : INFO : EventManager : Event: ======'hurryup_value'====== Args={'priority': 0, 'current_hurryup': 94000}
2026-04-19 10:24:10,634 : INFO : EventManager : Event: ======'player_hurryup_hurryup_timer_tick'====== Args={'value': 4, 'prev_value': 3, 'change': 1, 'player_num': 1}
2026-04-19 10:24:10,636 : INFO : EventManager : Event: ======'timer_hurryup_timer_tick'====== Args={'ticks': 4, 'ticks_remaining': 21}
2026-04-19 10:24:10,636 : INFO : EventManager : Event: ======'hurryup_value'====== Args={'priority': 0, 'current_hurryup': 92000}
2026-04-19 10:24:10,786 : INFO : SwitchController : <<<<<<< 's_homer_h' active >>>>>>>
2026-04-19 10:24:10,786 : INFO : EventManager : Event: ======'playfield_active'====== Args={'source': 'homer_h'}
2026-04-19 10:24:10,786 : INFO : EventManager : Event: ======'unexpected_ball_on_playfield'====== Args={}
2026-04-19 10:24:10,787 : INFO : EventManager : Event: ======'playfield_active'====== Args={'source': 'hurryup'}
2026-04-19 10:24:10,787 : INFO : EventManager : Event: ======'unexpected_ball_on_playfield'====== Args={}
2026-04-19 10:24:10,787 : INFO : EventManager : Event: ======'s_homer_h_active'====== Args={}
2026-04-19 10:24:10,787 : INFO : EventManager : Event: ======'machine_var_audits_switches_s_homer_h'====== Args={'value': 24, 'prev_value': 23, 'change': 1}
2026-04-19 10:24:10,788 : INFO : EventManager : Event: ======'player_shot_hurryup'====== Args={'value': 1, 'prev_value': 0, 'change': 1, 'player_num': 1}
2026-04-19 10:24:10,788 : INFO : EventManager : Event: ======'machine_var_audits_shots_hurryup'====== Args={'value': 11, 'prev_value': 10, 'change': 1}
2026-04-19 10:24:10,789 : INFO : EventManager : Event: ======'hurryup_hit'====== Args={'profile': 'default', 'state': 'unlit', 'advancing': True}
2026-04-19 10:24:10,789 : INFO : EventManager : Event: ======'hurryup_default_hit'====== Args={'profile': 'default', 'state': 'unlit', 'advancing': True}
2026-04-19 10:24:10,789 : INFO : EventManager : Event: ======'hurryup_default_unlit_hit'====== Args={'profile': 'default', 'state': 'unlit', 'advancing': True}
2026-04-19 10:24:10,789 : INFO : EventManager : Event: ======'hurryup_unlit_hit'====== Args={'profile': 'default', 'state': 'unlit', 'advancing': True}
2026-04-19 10:24:10,789 : INFO : EventManager : Event: ======'machine_var_audits_shots_homer_h'====== Args={'value': 24, 'prev_value': 23, 'change': 1}
2026-04-19 10:24:10,789 : INFO : EventManager : Event: ======'homer_h_hit'====== Args={'profile': 'default', 'state': 'lit', 'advancing': False}
2026-04-19 10:24:10,789 : INFO : EventManager : Event: ======'homer_h_default_hit'====== Args={'profile': 'default', 'state': 'lit', 'advancing': False}
2026-04-19 10:24:10,789 : INFO : EventManager : Event: ======'homer_h_default_lit_hit'====== Args={'profile': 'default', 'state': 'lit', 'advancing': False}
2026-04-19 10:24:10,789 : INFO : EventManager : Event: ======'homer_h_lit_hit'====== Args={'profile': 'default', 'state': 'lit', 'advancing': False}
2026-04-19 10:24:10,789 : INFO : EventManager : Event: ======'stop_mode_hurryup'====== Args={'priority': 0}
2026-04-19 10:24:10,789 : INFO : EventManager : Event: ======'player_score'====== Args={'value': 93000, 'prev_value': 1000, 'change': 92000, 'player_num': 1, 'source': 'hurryup'}
2026-04-19 10:24:10,790 : INFO : EventManager : Event: ======'mode_hurryup_will_stop'====== Args={}
2026-04-19 10:24:10,790 : INFO : EventManager : Event: ======'mode_hurryup_stopping'====== Args={}
2026-04-19 10:24:10,790 : INFO : EventManager : Event: ======'start_mode_hurryup'====== Args={'priority': 0}
2026-04-19 10:24:10,790 : INFO : Mode.hurryup : Stopped.
2026-04-19 10:24:10,790 : INFO : EventManager : Event: ======'modes_active_modes_changed'====== Args={}
2026-04-19 10:24:10,790 : INFO : EventManager : Event: ======'mode_hurryup_stopped'====== Args={}
2026-04-19 10:24:10,790 : INFO : EventManager : Event: ======'clear'====== Args={'key': 'hurryup'}
2026-04-19 10:24:10,791 : INFO : Timer.hurryup_timer : Stopping Timer
2026-04-19 10:24:10,791 : INFO : EventManager : Event: ======'timer_hurryup_timer_stopped'====== Args={'ticks': 4, 'ticks_remaining': 21}
2026-04-19 10:24:10,801 : INFO : EventManager : Event: ======'slide_hurryup_inactive'====== Args={'is_removing': True, '_from_bcp': True}
2026-04-19 10:24:10,802 : INFO : EventManager : Event: ======'slide_base_slide_active'====== Args={'_from_bcp': True}
2026-04-19 10:24:10,802 : INFO : EventManager : Event: ======'slide_hurryup_removed'====== Args={'_from_bcp': True}
2026-04-19 10:24:10,886 : INFO : SwitchController : <<<<<<< 's_homer_h' inactive >>>>>>>
2026-04-19 10:24:11,453 : INFO : SwitchController : <<<<<<< 's_sling_right' active >>>>>>>
2026-04-19 10:24:11,453 : INFO : EventManager : Event: ======'playfield_active'====== Args={'source': 'slingshot_right'}
2026-04-19 10:24:11,453 : INFO : EventManager : Event: ======'unexpected_ball_on_playfield'====== Args={}
2026-04-19 10:24:11,453 : INFO : EventManager : Event: ======'s_sling_right_active'====== Args={}
2026-04-19 10:24:11,454 : INFO : EventManager : Event: ======'machine_var_audits_switches_s_sling_right'====== Args={'value': 35, 'prev_value': 34, 'change': 1}
2026-04-19 10:24:11,456 : INFO : EventManager : Event: ======'player_shot_slingshot_right'====== Args={'value': 1, 'prev_value': 0, 'change': 1, 'player_num': 1}
2026-04-19 10:24:11,456 : INFO : EventManager : Event: ======'machine_var_audits_shots_slingshot_right'====== Args={'value': 35, 'prev_value': 34, 'change': 1}
2026-04-19 10:24:11,456 : INFO : EventManager : Event: ======'slingshot_right_hit'====== Args={'profile': 'default', 'state': 'unlit', 'advancing': True}
2026-04-19 10:24:11,456 : INFO : EventManager : Event: ======'slingshot_right_default_hit'====== Args={'profile': 'default', 'state': 'unlit', 'advancing': True}
2026-04-19 10:24:11,457 : INFO : EventManager : Event: ======'slingshot_right_default_unlit_hit'====== Args={'profile': 'default', 'state': 'unlit', 'advancing': True}
2026-04-19 10:24:11,457 : INFO : EventManager : Event: ======'slingshot_right_unlit_hit'====== Args={'profile': 'default', 'state': 'unlit', 'advancing': True}
2026-04-19 10:24:11,457 : INFO : EventManager : Event: ======'slingshots_complete'====== Args={'state': 'lit'}
2026-04-19 10:24:11,457 : INFO : EventManager : Event: ======'slingshots_lit_complete'====== Args={}
2026-04-19 10:24:11,457 : INFO : EventManager : Event: ======'slingshots_hit'====== Args={'shot': 'slingshot_right'}
2026-04-19 10:24:11,457 : INFO : EventManager : Event: ======'slingshots_unlit_hit'====== Args={'shot': 'slingshot_right'}
2026-04-19 10:24:11,457 : INFO : EventManager : Event: ======'player_score'====== Args={'value': 94000, 'prev_value': 93000, 'change': 1000, 'player_num': 1, 'source': 'slingshots'}
2026-04-19 10:24:11,553 : INFO : SwitchController : <<<<<<< 's_sling_right' inactive >>>>>>>
2026-04-19 10:24:11,969 : INFO : SwitchController : <<<<<<< 's_homer_h' active >>>>>>>
2026-04-19 10:24:11,969 : INFO : EventManager : Event: ======'playfield_active'====== Args={'source': 'homer_h'}
2026-04-19 10:24:11,969 : INFO : EventManager : Event: ======'unexpected_ball_on_playfield'====== Args={}
2026-04-19 10:24:11,969 : INFO : EventManager : Event: ======'playfield_active'====== Args={'source': 'hurryup'}
2026-04-19 10:24:11,969 : INFO : EventManager : Event: ======'unexpected_ball_on_playfield'====== Args={}
2026-04-19 10:24:11,970 : INFO : EventManager : Event: ======'s_homer_h_active'====== Args={}
2026-04-19 10:24:11,970 : INFO : EventManager : Event: ======'machine_var_audits_switches_s_homer_h'====== Args={'value': 25, 'prev_value': 24, 'change': 1}
2026-04-19 10:24:11,971 : INFO : EventManager : Event: ======'machine_var_audits_shots_homer_h'====== Args={'value': 25, 'prev_value': 24, 'change': 1}
2026-04-19 10:24:11,971 : INFO : EventManager : Event: ======'homer_h_hit'====== Args={'profile': 'default', 'state': 'lit', 'advancing': False}
2026-04-19 10:24:11,972 : INFO : EventManager : Event: ======'homer_h_default_hit'====== Args={'profile': 'default', 'state': 'lit', 'advancing': False}
2026-04-19 10:24:11,972 : INFO : EventManager : Event: ======'homer_h_default_lit_hit'====== Args={'profile': 'default', 'state': 'lit', 'advancing': False}
2026-04-19 10:24:11,972 : INFO : EventManager : Event: ======'homer_h_lit_hit'====== Args={'profile': 'default', 'state': 'lit', 'advancing': False}
2026-04-19 10:24:11,972 : INFO : EventManager : Event: ======'start_mode_hurryup'====== Args={'priority': 0}
2026-04-19 10:24:11,972 : INFO : EventManager : Event: ======'mode_hurryup_will_start'====== Args={'priority': 0}
2026-04-19 10:24:11,972 : INFO : EventManager : Event: ======'player_hurryup_hurryup_timer_tick'====== Args={'value': 0, 'prev_value': 4, 'change': -4, 'player_num': 1}
2026-04-19 10:24:11,972 : INFO : Timer.hurryup_timer : Starting Timer.
2026-04-19 10:24:11,973 : INFO : EventManager : Event: ======'timer_hurryup_timer_started'====== Args={'ticks': 0, 'ticks_remaining': 25}
2026-04-19 10:24:11,973 : INFO : EventManager : Event: ======'timer_hurryup_timer_tick'====== Args={'ticks': 0, 'ticks_remaining': 25}
2026-04-19 10:24:11,974 : INFO : EventManager : Event: ======'mode_hurryup_starting'====== Args={'priority': 0}
2026-04-19 10:24:11,974 : INFO : Mode.hurryup : Started. Priority: 1000
2026-04-19 10:24:11,974 : INFO : EventManager : Event: ======'modes_active_modes_changed'====== Args={}
2026-04-19 10:24:11,974 : INFO : EventManager : Event: ======'mode_hurryup_started'====== Args={'priority': 0}
2026-04-19 10:24:11,987 : INFO : EventManager : Event: ======'slide_hurryup_created'====== Args={'_from_bcp': True}
2026-04-19 10:24:11,987 : INFO : EventManager : Event: ======'slide_base_slide_inactive'====== Args={'is_removing': False, '_from_bcp': True}
2026-04-19 10:24:11,987 : INFO : EventManager : Event: ======'slide_hurryup_active'====== Args={'original_context': 'hurryup', 'original_calling_context': 'mode_hurryup_started', 'priority': 1000.0, 'cmd': 'slides_play', '_from_bcp': True}
2026-04-19 10:24:12,069 : INFO : SwitchController : <<<<<<< 's_homer_h' inactive >>>>>>>
2026-04-19 10:24:12,180 : INFO : EventManager : Event: ======'player_hurryup_hurryup_timer_tick'====== Args={'value': 1, 'prev_value': 0, 'change': 1, 'player_num': 1}
2026-04-19 10:24:12,181 : INFO : EventManager : Event: ======'timer_hurryup_timer_tick'====== Args={'ticks': 1, 'ticks_remaining': 24}
2026-04-19 10:24:12,182 : INFO : EventManager : Event: ======'hurryup_value'====== Args={'priority': 0, 'current_hurryup': 98000}
2026-04-19 10:24:12,368 : INFO : EventManager : Event: ======'player_hurryup_hurryup_timer_tick'====== Args={'value': 2, 'prev_value': 1, 'change': 1, 'player_num': 1}
2026-04-19 10:24:12,369 : INFO : EventManager : Event: ======'timer_hurryup_timer_tick'====== Args={'ticks': 2, 'ticks_remaining': 23}
2026-04-19 10:24:12,370 : INFO : EventManager : Event: ======'hurryup_value'====== Args={'priority': 0, 'current_hurryup': 96000}
2026-04-19 10:24:12,573 : INFO : EventManager : Event: ======'player_hurryup_hurryup_timer_tick'====== Args={'value': 3, 'prev_value': 2, 'change': 1, 'player_num': 1}
2026-04-19 10:24:12,574 : INFO : EventManager : Event: ======'timer_hurryup_timer_tick'====== Args={'ticks': 3, 'ticks_remaining': 22}
2026-04-19 10:24:12,574 : INFO : EventManager : Event: ======'hurryup_value'====== Args={'priority': 0, 'current_hurryup': 94000}
2026-04-19 10:24:12,778 : INFO : EventManager : Event: ======'player_hurryup_hurryup_timer_tick'====== Args={'value': 4, 'prev_value': 3, 'change': 1, 'player_num': 1}
2026-04-19 10:24:12,779 : INFO : EventManager : Event: ======'timer_hurryup_timer_tick'====== Args={'ticks': 4, 'ticks_remaining': 21}
2026-04-19 10:24:12,780 : INFO : EventManager : Event: ======'hurryup_value'====== Args={'priority': 0, 'current_hurryup': 92000}
2026-04-19 10:24:12,983 : INFO : EventManager : Event: ======'player_hurryup_hurryup_timer_tick'====== Args={'value': 5, 'prev_value': 4, 'change': 1, 'player_num': 1}
2026-04-19 10:24:12,984 : INFO : EventManager : Event: ======'timer_hurryup_timer_tick'====== Args={'ticks': 5, 'ticks_remaining': 20}
2026-04-19 10:24:12,985 : INFO : EventManager : Event: ======'hurryup_value'====== Args={'priority': 0, 'current_hurryup': 90000}
2026-04-19 10:24:13,170 : INFO : EventManager : Event: ======'player_hurryup_hurryup_timer_tick'====== Args={'value': 6, 'prev_value': 5, 'change': 1, 'player_num': 1}
2026-04-19 10:24:13,171 : INFO : EventManager : Event: ======'timer_hurryup_timer_tick'====== Args={'ticks': 6, 'ticks_remaining': 19}
2026-04-19 10:24:13,172 : INFO : EventManager : Event: ======'balldevice_bd_trough_ball_eject_failed'====== Args={'target': <ball_device.bd_plunger>, 'balls': 1, 'retry': True, 'num_attempts': 2}
2026-04-19 10:24:13,172 : INFO : EventManager : Event: ======'hurryup_value'====== Args={'priority': 0, 'current_hurryup': 88000}
2026-04-19 10:24:13,174 : INFO : ball_device.bd_trough : State: waiting_for_target_ready
2026-04-19 10:24:13,174 : INFO : EventManager : Event: ======'balldevice_bd_trough_ball_eject_attempt'====== Args={'balls': 1, 'target': <ball_device.bd_plunger>, 'source': <ball_device.bd_trough>, 'mechanical_eject': True, 'num_attempts': 2}
2026-04-19 10:24:13,175 : INFO : ball_device.bd_trough : State: ejecting
2026-04-19 10:24:13,175 : INFO : ball_device.bd_trough : Ejecting ball to <ball_device.bd_plunger>
2026-04-19 10:24:13,175 : INFO : EventManager : Event: ======'balldevice_bd_trough_ejecting_ball'====== Args={'balls': 1, 'target': <ball_device.bd_plunger>, 'source': <ball_device.bd_trough>, 'mechanical_eject': True, 'num_attempts': 2}
2026-04-19 10:24:13,175 : INFO : ball_device.bd_trough : Wait for ball to leave device
2026-04-19 10:24:13,175 : INFO : coil.c_trough_release : Pulsing Driver for 20ms (1.0 pulse_power)
2026-04-19 10:24:13,374 : INFO : EventManager : Event: ======'player_hurryup_hurryup_timer_tick'====== Args={'value': 7, 'prev_value': 6, 'change': 1, 'player_num': 1}
2026-04-19 10:24:13,375 : INFO : EventManager : Event: ======'timer_hurryup_timer_tick'====== Args={'ticks': 7, 'ticks_remaining': 18}
2026-04-19 10:24:13,375 : INFO : EventManager : Event: ======'hurryup_value'====== Args={'priority': 0, 'current_hurryup': 86000}
2026-04-19 10:24:13,579 : INFO : EventManager : Event: ======'player_hurryup_hurryup_timer_tick'====== Args={'value': 8, 'prev_value': 7, 'change': 1, 'player_num': 1}
2026-04-19 10:24:13,581 : INFO : EventManager : Event: ======'timer_hurryup_timer_tick'====== Args={'ticks': 8, 'ticks_remaining': 17}
2026-04-19 10:24:13,581 : INFO : EventManager : Event: ======'hurryup_value'====== Args={'priority': 0, 'current_hurryup': 84000}
2026-04-19 10:24:13,685 : INFO : SwitchController : <<<<<<< 's_homer_h' active >>>>>>>
2026-04-19 10:24:13,685 : INFO : EventManager : Event: ======'playfield_active'====== Args={'source': 'homer_h'}
2026-04-19 10:24:13,685 : INFO : EventManager : Event: ======'unexpected_ball_on_playfield'====== Args={}
2026-04-19 10:24:13,686 : INFO : EventManager : Event: ======'playfield_active'====== Args={'source': 'hurryup'}
2026-04-19 10:24:13,686 : INFO : EventManager : Event: ======'unexpected_ball_on_playfield'====== Args={}
2026-04-19 10:24:13,686 : INFO : EventManager : Event: ======'s_homer_h_active'====== Args={}
2026-04-19 10:24:13,686 : INFO : EventManager : Event: ======'machine_var_audits_switches_s_homer_h'====== Args={'value': 26, 'prev_value': 25, 'change': 1}
2026-04-19 10:24:13,688 : INFO : EventManager : Event: ======'machine_var_audits_shots_hurryup'====== Args={'value': 12, 'prev_value': 11, 'change': 1}
2026-04-19 10:24:13,688 : INFO : EventManager : Event: ======'hurryup_hit'====== Args={'profile': 'default', 'state': 'lit', 'advancing': False}
2026-04-19 10:24:13,688 : INFO : EventManager : Event: ======'hurryup_default_hit'====== Args={'profile': 'default', 'state': 'lit', 'advancing': False}
2026-04-19 10:24:13,688 : INFO : EventManager : Event: ======'hurryup_default_lit_hit'====== Args={'profile': 'default', 'state': 'lit', 'advancing': False}
2026-04-19 10:24:13,688 : INFO : EventManager : Event: ======'hurryup_lit_hit'====== Args={'profile': 'default', 'state': 'lit', 'advancing': False}
2026-04-19 10:24:13,688 : INFO : EventManager : Event: ======'machine_var_audits_shots_homer_h'====== Args={'value': 26, 'prev_value': 25, 'change': 1}
2026-04-19 10:24:13,689 : INFO : EventManager : Event: ======'homer_h_hit'====== Args={'profile': 'default', 'state': 'lit', 'advancing': False}
2026-04-19 10:24:13,689 : INFO : EventManager : Event: ======'homer_h_default_hit'====== Args={'profile': 'default', 'state': 'lit', 'advancing': False}
2026-04-19 10:24:13,689 : INFO : EventManager : Event: ======'homer_h_default_lit_hit'====== Args={'profile': 'default', 'state': 'lit', 'advancing': False}
2026-04-19 10:24:13,689 : INFO : EventManager : Event: ======'homer_h_lit_hit'====== Args={'profile': 'default', 'state': 'lit', 'advancing': False}
2026-04-19 10:24:13,689 : INFO : EventManager : Event: ======'stop_mode_hurryup'====== Args={'priority': 0}
2026-04-19 10:24:13,689 : INFO : EventManager : Event: ======'player_score'====== Args={'value': 178000, 'prev_value': 94000, 'change': 84000, 'player_num': 1, 'source': 'hurryup'}
2026-04-19 10:24:13,689 : INFO : EventManager : Event: ======'mode_hurryup_will_stop'====== Args={}
2026-04-19 10:24:13,689 : INFO : EventManager : Event: ======'mode_hurryup_stopping'====== Args={}
2026-04-19 10:24:13,689 : INFO : EventManager : Event: ======'start_mode_hurryup'====== Args={'priority': 0}
2026-04-19 10:24:13,689 : INFO : Mode.hurryup : Stopped.
2026-04-19 10:24:13,690 : INFO : EventManager : Event: ======'modes_active_modes_changed'====== Args={}
2026-04-19 10:24:13,690 : INFO : EventManager : Event: ======'mode_hurryup_stopped'====== Args={}
2026-04-19 10:24:13,690 : INFO : EventManager : Event: ======'clear'====== Args={'key': 'hurryup'}
2026-04-19 10:24:13,691 : INFO : Timer.hurryup_timer : Stopping Timer
2026-04-19 10:24:13,691 : INFO : EventManager : Event: ======'timer_hurryup_timer_stopped'====== Args={'ticks': 8, 'ticks_remaining': 17}
2026-04-19 10:24:13,701 : INFO : EventManager : Event: ======'slide_hurryup_inactive'====== Args={'is_removing': True, '_from_bcp': True}
2026-04-19 10:24:13,701 : INFO : EventManager : Event: ======'slide_base_slide_active'====== Args={'_from_bcp': True}
2026-04-19 10:24:13,702 : INFO : EventManager : Event: ======'slide_hurryup_removed'====== Args={'_from_bcp': True}
2026-04-19 10:24:13,769 : INFO : SwitchController : <<<<<<< 's_homer_h' inactive >>>>>>>
2026-04-19 10:24:16,182 : INFO : EventManager : Event: ======'balldevice_bd_trough_ball_eject_failed'====== Args={'target': <ball_device.bd_plunger>, 'balls': 1, 'retry': True, 'num_attempts': 3}
2026-04-19 10:24:16,183 : INFO : ball_device.bd_trough : State: waiting_for_target_ready
2026-04-19 10:24:16,184 : INFO : EventManager : Event: ======'balldevice_bd_trough_ball_eject_attempt'====== Args={'balls': 1, 'target': <ball_device.bd_plunger>, 'source': <ball_device.bd_trough>, 'mechanical_eject': True, 'num_attempts': 3}
2026-04-19 10:24:16,184 : INFO : ball_device.bd_trough : State: ejecting
2026-04-19 10:24:16,185 : INFO : ball_device.bd_trough : Ejecting ball to <ball_device.bd_plunger>
2026-04-19 10:24:16,185 : INFO : EventManager : Event: ======'balldevice_bd_trough_ejecting_ball'====== Args={'balls': 1, 'target': <ball_device.bd_plunger>, 'source': <ball_device.bd_trough>, 'mechanical_eject': True, 'num_attempts': 3}
2026-04-19 10:24:16,185 : INFO : ball_device.bd_trough : Wait for ball to leave device
2026-04-19 10:24:16,186 : INFO : coil.c_trough_release : Pulsing Driver for 20ms (1.0 pulse_power)
2026-04-19 10:24:19,199 : INFO : EventManager : Event: ======'balldevice_bd_trough_ball_eject_failed'====== Args={'target': <ball_device.bd_plunger>, 'balls': 1, 'retry': True, 'num_attempts': 4}
2026-04-19 10:24:19,200 : INFO : ball_device.bd_trough : State: waiting_for_target_ready
2026-04-19 10:24:19,201 : INFO : EventManager : Event: ======'balldevice_bd_trough_ball_eject_attempt'====== Args={'balls': 1, 'target': <ball_device.bd_plunger>, 'source': <ball_device.bd_trough>, 'mechanical_eject': True, 'num_attempts': 4}
2026-04-19 10:24:19,201 : INFO : ball_device.bd_trough : State: ejecting
2026-04-19 10:24:19,201 : INFO : ball_device.bd_trough : Ejecting ball to <ball_device.bd_plunger>
2026-04-19 10:24:19,201 : INFO : EventManager : Event: ======'balldevice_bd_trough_ejecting_ball'====== Args={'balls': 1, 'target': <ball_device.bd_plunger>, 'source': <ball_device.bd_trough>, 'mechanical_eject': True, 'num_attempts': 4}
2026-04-19 10:24:19,201 : INFO : ball_device.bd_trough : Wait for ball to leave device
2026-04-19 10:24:19,202 : INFO : coil.c_trough_release : Pulsing Driver for 20ms (1.0 pulse_power)
2026-04-19 10:24:22,218 : INFO : EventManager : Event: ======'balldevice_bd_trough_ball_eject_failed'====== Args={'target': <ball_device.bd_plunger>, 'balls': 1, 'retry': True, 'num_attempts': 5}
2026-04-19 10:24:22,221 : INFO : ball_device.bd_trough : State: waiting_for_target_ready
2026-04-19 10:24:22,221 : INFO : EventManager : Event: ======'balldevice_bd_trough_ball_eject_attempt'====== Args={'balls': 1, 'target': <ball_device.bd_plunger>, 'source': <ball_device.bd_trough>, 'mechanical_eject': True, 'num_attempts': 5}
2026-04-19 10:24:22,221 : INFO : ball_device.bd_trough : State: ejecting
2026-04-19 10:24:22,222 : INFO : ball_device.bd_trough : Ejecting ball to <ball_device.bd_plunger>
2026-04-19 10:24:22,222 : INFO : EventManager : Event: ======'balldevice_bd_trough_ejecting_ball'====== Args={'balls': 1, 'target': <ball_device.bd_plunger>, 'source': <ball_device.bd_trough>, 'mechanical_eject': True, 'num_attempts': 5}
2026-04-19 10:24:22,223 : INFO : ball_device.bd_trough : Wait for ball to leave device
2026-04-19 10:24:22,223 : INFO : coil.c_trough_release : Pulsing Driver for 20ms (1.0 pulse_power)
2026-04-19 10:24:25,235 : INFO : EventManager : Event: ======'balldevice_bd_trough_ball_eject_failed'====== Args={'target': <ball_device.bd_plunger>, 'balls': 1, 'retry': True, 'num_attempts': 6}
2026-04-19 10:24:25,237 : INFO : ball_device.bd_trough : State: waiting_for_target_ready
2026-04-19 10:24:25,237 : INFO : EventManager : Event: ======'balldevice_bd_trough_ball_eject_attempt'====== Args={'balls': 1, 'target': <ball_device.bd_plunger>, 'source': <ball_device.bd_trough>, 'mechanical_eject': True, 'num_attempts': 6}
2026-04-19 10:24:25,238 : INFO : ball_device.bd_trough : State: ejecting
2026-04-19 10:24:25,238 : INFO : ball_device.bd_trough : Ejecting ball to <ball_device.bd_plunger>
2026-04-19 10:24:25,239 : INFO : EventManager : Event: ======'balldevice_bd_trough_ejecting_ball'====== Args={'balls': 1, 'target': <ball_device.bd_plunger>, 'source': <ball_device.bd_trough>, 'mechanical_eject': True, 'num_attempts': 6}
2026-04-19 10:24:25,239 : INFO : ball_device.bd_trough : Wait for ball to leave device
2026-04-19 10:24:25,239 : INFO : coil.c_trough_release : Pulsing Driver for 20ms (1.0 pulse_power)
2026-04-19 10:24:28,255 : INFO : EventManager : Event: ======'balldevice_bd_trough_ball_eject_failed'====== Args={'target': <ball_device.bd_plunger>, 'balls': 1, 'retry': True, 'num_attempts': 7}
2026-04-19 10:24:28,255 : INFO : ball_device.bd_trough : State: waiting_for_target_ready
2026-04-19 10:24:28,255 : INFO : EventManager : Event: ======'balldevice_bd_trough_ball_eject_attempt'====== Args={'balls': 1, 'target': <ball_device.bd_plunger>, 'source': <ball_device.bd_trough>, 'mechanical_eject': True, 'num_attempts': 7}
2026-04-19 10:24:28,255 : INFO : ball_device.bd_trough : State: ejecting
2026-04-19 10:24:28,255 : INFO : ball_device.bd_trough : Ejecting ball to <ball_device.bd_plunger>
2026-04-19 10:24:28,255 : INFO : EventManager : Event: ======'balldevice_bd_trough_ejecting_ball'====== Args={'balls': 1, 'target': <ball_device.bd_plunger>, 'source': <ball_device.bd_trough>, 'mechanical_eject': True, 'num_attempts': 7}
2026-04-19 10:24:28,256 : INFO : ball_device.bd_trough : Wait for ball to leave device
2026-04-19 10:24:28,256 : INFO : coil.c_trough_release : Pulsing Driver for 20ms (1.0 pulse_power)
2026-04-19 10:24:31,269 : INFO : EventManager : Event: ======'balldevice_bd_trough_ball_eject_failed'====== Args={'target': <ball_device.bd_plunger>, 'balls': 1, 'retry': True, 'num_attempts': 8}
2026-04-19 10:24:31,269 : INFO : ball_device.bd_trough : State: waiting_for_target_ready
2026-04-19 10:24:31,269 : INFO : EventManager : Event: ======'balldevice_bd_trough_ball_eject_attempt'====== Args={'balls': 1, 'target': <ball_device.bd_plunger>, 'source': <ball_device.bd_trough>, 'mechanical_eject': True, 'num_attempts': 8}
2026-04-19 10:24:31,270 : INFO : ball_device.bd_trough : State: ejecting
2026-04-19 10:24:31,270 : INFO : ball_device.bd_trough : Ejecting ball to <ball_device.bd_plunger>
2026-04-19 10:24:31,270 : INFO : EventManager : Event: ======'balldevice_bd_trough_ejecting_ball'====== Args={'balls': 1, 'target': <ball_device.bd_plunger>, 'source': <ball_device.bd_trough>, 'mechanical_eject': True, 'num_attempts': 8}
2026-04-19 10:24:31,288 : INFO : ball_device.bd_trough : Wait for ball to leave device
2026-04-19 10:24:31,289 : INFO : coil.c_trough_release : Pulsing Driver for 20ms (1.0 pulse_power)
2026-04-19 10:24:34,303 : INFO : EventManager : Event: ======'balldevice_bd_trough_ball_eject_failed'====== Args={'target': <ball_device.bd_plunger>, 'balls': 1, 'retry': True, 'num_attempts': 9}
2026-04-19 10:24:34,305 : INFO : ball_device.bd_trough : State: waiting_for_target_ready
2026-04-19 10:24:34,305 : INFO : EventManager : Event: ======'balldevice_bd_trough_ball_eject_attempt'====== Args={'balls': 1, 'target': <ball_device.bd_plunger>, 'source': <ball_device.bd_trough>, 'mechanical_eject': True, 'num_attempts': 9}
2026-04-19 10:24:34,305 : INFO : ball_device.bd_trough : State: ejecting
2026-04-19 10:24:34,305 : INFO : ball_device.bd_trough : Ejecting ball to <ball_device.bd_plunger>
2026-04-19 10:24:34,305 : INFO : EventManager : Event: ======'balldevice_bd_trough_ejecting_ball'====== Args={'balls': 1, 'target': <ball_device.bd_plunger>, 'source': <ball_device.bd_trough>, 'mechanical_eject': True, 'num_attempts': 9}
2026-04-19 10:24:34,306 : INFO : ball_device.bd_trough : Wait for ball to leave device
2026-04-19 10:24:34,306 : INFO : coil.c_trough_release : Pulsing Driver for 20ms (1.0 pulse_power)
2026-04-19 10:24:37,321 : INFO : EventManager : Event: ======'balldevice_bd_trough_ball_eject_failed'====== Args={'target': <ball_device.bd_plunger>, 'balls': 1, 'retry': True, 'num_attempts': 10}
2026-04-19 10:24:37,322 : INFO : ball_device.bd_trough : State: waiting_for_target_ready
2026-04-19 10:24:37,323 : INFO : EventManager : Event: ======'balldevice_bd_trough_ball_eject_attempt'====== Args={'balls': 1, 'target': <ball_device.bd_plunger>, 'source': <ball_device.bd_trough>, 'mechanical_eject': True, 'num_attempts': 10}
2026-04-19 10:24:37,323 : INFO : ball_device.bd_trough : State: ejecting
2026-04-19 10:24:37,323 : INFO : ball_device.bd_trough : Ejecting ball to <ball_device.bd_plunger>
2026-04-19 10:24:37,323 : INFO : EventManager : Event: ======'balldevice_bd_trough_ejecting_ball'====== Args={'balls': 1, 'target': <ball_device.bd_plunger>, 'source': <ball_device.bd_trough>, 'mechanical_eject': True, 'num_attempts': 10}
2026-04-19 10:24:37,324 : INFO : ball_device.bd_trough : Wait for ball to leave device
2026-04-19 10:24:37,324 : INFO : coil.c_trough_release : Pulsing Driver for 20ms (1.0 pulse_power)
2026-04-19 10:24:38,150 : INFO : Machine : Shutting down...
2026-04-19 10:24:38,150 : INFO : EventManager : Event: ======'shutdown'====== Args={}
2026-04-19 10:24:38,150 : INFO : EventManager : Event: ======'mode_game_will_stop'====== Args={}
2026-04-19 10:24:38,151 : INFO : EventManager : Event: ======'mode_game_stopping'====== Args={}
2026-04-19 10:24:38,151 : INFO : EventManager : Event: ======'mode_slingshots_will_stop'====== Args={}
2026-04-19 10:24:38,151 : INFO : EventManager : Event: ======'mode_slingshots_stopping'====== Args={}
2026-04-19 10:24:38,151 : INFO : EventManager : Event: ======'mode_base_will_stop'====== Args={}
2026-04-19 10:24:38,151 : INFO : EventManager : Event: ======'mode_base_stopping'====== Args={}
2026-04-19 10:24:38,151 : INFO : EventManager : Event: ======'stop_mode_slingshots'====== Args={'priority': 0}
2026-04-19 10:24:38,151 : INFO : Mode.base : Stopped.
2026-04-19 10:24:38,151 : INFO : EventManager : Event: ======'modes_active_modes_changed'====== Args={}
2026-04-19 10:24:38,151 : INFO : EventManager : Event: ======'mode_base_stopped'====== Args={}
2026-04-19 10:24:38,151 : INFO : EventManager : Event: ======'clear'====== Args={'key': 'base'}
2026-04-19 10:24:38,152 : INFO : Mode.slingshots : Stopped.
2026-04-19 10:24:38,152 : INFO : EventManager : Event: ======'modes_active_modes_changed'====== Args={}
2026-04-19 10:24:38,152 : INFO : EventManager : Event: ======'mode_slingshots_stopped'====== Args={}
2026-04-19 10:24:38,152 : INFO : EventManager : Event: ======'clear'====== Args={'key': 'slingshots'}
2026-04-19 10:24:38,152 : INFO : Mode.game : Stopped.
2026-04-19 10:24:38,152 : INFO : EventManager : Event: ======'modes_active_modes_changed'====== Args={}
2026-04-19 10:24:38,152 : INFO : EventManager : Event: ======'mode_game_stopped'====== Args={}
2026-04-19 10:24:38,152 : INFO : EventManager : Event: ======'clear'====== Args={'key': 'game'}
2026-04-19 10:24:38,155 : INFO : root : MPF run loop ended.
