2026-04-13 20:18:42,738 : INFO : root : Loading config.
2026-04-13 20:18:42,754 : INFO : YamlMultifileConfigLoader : Machine config file #1: config.yaml
2026-04-13 20:18:42,754 : WARNING : ConfigProcessor : Config file in cache changed: C:\Users\Lukas\Documents\TSPP\config\config.yaml
2026-04-13 20:18:42,754 : INFO : ConfigProcessor : Loading config from file C:\Users\Lukas\mpftspp\lib\site-packages\mpf\mpfconfig.yaml.
2026-04-13 20:18:42,754 : DEBUG : YAML File Interface : Loading file: C:\Users\Lukas\mpftspp\lib\site-packages\mpf\mpfconfig.yaml
2026-04-13 20:18:42,754 : INFO : ConfigProcessor : Loading config: C:\Users\Lukas\mpftspp\lib\site-packages\mpf\mpfconfig.yaml
2026-04-13 20:18:42,754 : INFO : ConfigProcessor : Loading config from file C:\Users\Lukas\Documents\TSPP\config\config.yaml.
2026-04-13 20:18:42,754 : DEBUG : YAML File Interface : Loading file: C:\Users\Lukas\Documents\TSPP\config\config.yaml
2026-04-13 20:18:42,754 : INFO : ConfigProcessor : Loading config: C:\Users\Lukas\Documents\TSPP\config\config.yaml
2026-04-13 20:18:42,754 : DEBUG : YAML File Interface : Loading file: C:\Users\Lukas\Documents\TSPP\config\config_ball_devices.yaml
2026-04-13 20:18:42,754 : INFO : ConfigProcessor : Loading config: C:\Users\Lukas\Documents\TSPP\config\config_ball_devices.yaml
2026-04-13 20:18:42,754 : DEBUG : YAML File Interface : Loading file: C:\Users\Lukas\Documents\TSPP\config\config_coils.yaml
2026-04-13 20:18:42,754 : INFO : ConfigProcessor : Loading config: C:\Users\Lukas\Documents\TSPP\config\config_coils.yaml
2026-04-13 20:18:42,754 : DEBUG : YAML File Interface : Loading file: C:\Users\Lukas\Documents\TSPP\config\config_switches.yaml
2026-04-13 20:18:42,754 : INFO : ConfigProcessor : Loading config: C:\Users\Lukas\Documents\TSPP\config\config_switches.yaml
2026-04-13 20:18:42,754 : DEBUG : YAML File Interface : Loading file: C:\Users\Lukas\Documents\TSPP\config\config_common.yaml
2026-04-13 20:18:42,754 : INFO : ConfigProcessor : Loading config: C:\Users\Lukas\Documents\TSPP\config\config_common.yaml
2026-04-13 20:18:42,754 : INFO : ConfigProcessor : Config file cache created: C:\Users\Lukas\AppData\Local\Temp\32f39c1debf2d9ee836c41c94f408ffc.mpf_cache
2026-04-13 20:18:42,802 : DEBUG : YamlMultifileConfigLoader : Loading mode attract from C:\Users\Lukas\mpftspp\lib\site-packages\mpf\modes\attract\config\attract.yaml
2026-04-13 20:18:42,802 : DEBUG : YamlMultifileConfigLoader : Loading mode attract from C:\Users\Lukas\mpftspp\lib\site-packages\mpf\modes\attract\config\attract.yaml
2026-04-13 20:18:42,802 : INFO : ConfigProcessor : Loading config from cache: C:\Users\Lukas\AppData\Local\Temp\1cf6e080e232be7da984fc3f9f606af5.mpf_cache
2026-04-13 20:18:42,802 : DEBUG : YamlMultifileConfigLoader : Loading mode game from C:\Users\Lukas\mpftspp\lib\site-packages\mpf\modes\game\config\game.yaml
2026-04-13 20:18:42,802 : INFO : ConfigProcessor : Loading config from cache: C:\Users\Lukas\AppData\Local\Temp\d5d281e4d67cd36b56e6e575dc21d22a.mpf_cache
2026-04-13 20:18:42,802 : DEBUG : YamlMultifileConfigLoader : Loading mode attract from C:\Users\Lukas\mpftspp\lib\site-packages\mpf\modes\attract\config\attract.yaml
2026-04-13 20:18:42,802 : DEBUG : YamlMultifileConfigLoader : Loading mode attract from C:\Users\Lukas\mpftspp\lib\site-packages\mpf\modes\attract\config\attract.yaml
2026-04-13 20:18:42,802 : INFO : ConfigProcessor : Loading config from cache: C:\Users\Lukas\AppData\Local\Temp\1cf6e080e232be7da984fc3f9f606af5.mpf_cache
2026-04-13 20:18:42,802 : DEBUG : YamlMultifileConfigLoader : Loading mode base from C:\Users\Lukas\mpftspp\lib\site-packages\mpf\modes\base\config\base.yaml
2026-04-13 20:18:42,802 : INFO : ConfigProcessor : Loading config from cache: C:\Users\Lukas\AppData\Local\Temp\e915a77df2eb7c954f1557e6bd49ea48.mpf_cache
2026-04-13 20:18:42,802 : DEBUG : YamlMultifileConfigLoader : Loading mode slingshots from C:\Users\Lukas\mpftspp\lib\site-packages\mpf\modes\slingshots\config\slingshots.yaml
2026-04-13 20:18:42,802 : INFO : ConfigProcessor : Loading config from cache: C:\Users\Lukas\AppData\Local\Temp\6720abd7d78775ec476d92be447cc36c.mpf_cache
2026-04-13 20:18:42,818 : DEBUG : YamlMultifileConfigLoader : Loading mode hurryup from C:\Users\Lukas\mpftspp\lib\site-packages\mpf\modes\hurryup\config\hurryup.yaml
2026-04-13 20:18:42,818 : INFO : ConfigProcessor : Loading config from cache: C:\Users\Lukas\AppData\Local\Temp\5c55177e8fd0a80aca73e5066ec16461.mpf_cache
2026-04-13 20:18:42,818 : INFO : Machine : Mission Pinball Framework Core Engine v0.80.0.dev14
2026-04-13 20:18:42,818 : INFO : Machine : Command line arguments: {'no_load_cache': False, 'create_config_cache': True, 'bcp': True, 'configfile': ['config.yaml'], 'force_assets_load': False, 'platform_integration_test': False, 'jsonlogging': False, 'logfile': 'logs\\2026-04-13-20-18-42-mpf-DESKTOP-24N7989.log', 'pause': False, 'production': False, 'text_ui': True, 'loglevel': 10, 'consoleloglevel': 20, 'force_platform': None, 'syslog_address': None, 'full_logfile_path': 'C:\\Users\\Lukas\\Documents\\TSPP\\logs\\2026-04-13-20-18-42-mpf-DESKTOP-24N7989.log'}
2026-04-13 20:18:42,818 : INFO : Machine : MPF path: C:\Users\Lukas\mpftspp\lib\site-packages\mpf
2026-04-13 20:18:42,818 : INFO : Machine : Machine path: C:\Users\Lukas\Documents\TSPP
2026-04-13 20:18:42,818 : INFO : Machine : Platform: win32
2026-04-13 20:18:42,818 : INFO : Machine : Python executable location: C:\Users\Lukas\mpftspp\Scripts\python.exe
2026-04-13 20:18:42,818 : INFO : Machine : Python version: 3.10.0 (64-bit)
2026-04-13 20:18:42,818 : DEBUG : asyncio : Using proactor: IocpProactor
2026-04-13 20:18:42,818 : INFO : Machine : Initializing MPF...
2026-04-13 20:18:42,866 : DEBUG : asciimatics.widgets.layout : Updating: None
2026-04-13 20:18:42,866 : DEBUG : asciimatics.widgets.layout : Updating: None
2026-04-13 20:18:42,866 : DEBUG : asciimatics.widgets.layout : Updating: None
2026-04-13 20:18:42,866 : DEBUG : asciimatics.widgets.layout : Updating: None
2026-04-13 20:18:42,866 : DEBUG : asciimatics.widgets.layout : Updating: None
2026-04-13 20:18:42,866 : DEBUG : asciimatics.widgets.layout : Updating: None
2026-04-13 20:18:42,866 : DEBUG : asciimatics.widgets.layout : Updating: None
2026-04-13 20:18:42,866 : DEBUG : asciimatics.widgets.layout : Updating: None
2026-04-13 20:18:42,866 : DEBUG : asciimatics.widgets.layout : Updating: None
2026-04-13 20:18:42,866 : DEBUG : asciimatics.widgets.layout : Updating: None
2026-04-13 20:18:42,866 : DEBUG : asciimatics.widgets.layout : Updating: None
2026-04-13 20:18:42,866 : DEBUG : asciimatics.widgets.layout : Updating: None
2026-04-13 20:18:42,866 : DEBUG : asciimatics.widgets.widget : Widget blur: <asciimatics.widgets.label.Label object at 0x000001EC6F29DD80>
2026-04-13 20:18:42,866 : DEBUG : asciimatics.widgets.widget : Widget blur: <asciimatics.widgets.label.Label object at 0x000001EC6F4552F0>
2026-04-13 20:18:42,866 : DEBUG : asciimatics.widgets.widget : Widget blur: <asciimatics.widgets.label.Label object at 0x000001EC6F455490>
2026-04-13 20:18:42,866 : DEBUG : asciimatics.widgets.layout : Blur: <asciimatics.widgets.layout.Layout object at 0x000001EC6F6B9420>
2026-04-13 20:18:42,866 : DEBUG : asciimatics.widgets.layout : Blur: <mpf.core.text_ui.MpfLayout object at 0x000001EC6F6C8430>
2026-04-13 20:18:42,866 : DEBUG : asciimatics.widgets.layout : Updating: None
2026-04-13 20:18:42,866 : DEBUG : asciimatics.widgets.layout : Updating: None
2026-04-13 20:18:42,866 : DEBUG : asciimatics.widgets.layout : Updating: None
2026-04-13 20:18:42,866 : DEBUG : asciimatics.widgets.layout : Updating: None
2026-04-13 20:18:42,866 : DEBUG : asciimatics.widgets.layout : Updating: None
2026-04-13 20:18:42,866 : DEBUG : asciimatics.widgets.layout : Updating: None
2026-04-13 20:18:42,866 : DEBUG : asciimatics.widgets.widget : Widget blur: <asciimatics.widgets.label.Label object at 0x000001EC6F4558A0>
2026-04-13 20:18:42,866 : DEBUG : asciimatics.widgets.widget : Widget blur: <asciimatics.widgets.label.Label object at 0x000001EC6F4557D0>
2026-04-13 20:18:42,866 : DEBUG : asciimatics.widgets.widget : Widget blur: <asciimatics.widgets.label.Label object at 0x000001EC6F455970>
2026-04-13 20:18:42,866 : DEBUG : asciimatics.widgets.widget : Widget blur: <asciimatics.widgets.label.Label object at 0x000001EC6F455700>
2026-04-13 20:18:42,866 : DEBUG : asciimatics.widgets.widget : Widget blur: <asciimatics.widgets.label.Label object at 0x000001EC6F455630>
2026-04-13 20:18:42,866 : DEBUG : asciimatics.widgets.widget : Widget blur: <asciimatics.widgets.label.Label object at 0x000001EC6F455560>
2026-04-13 20:18:42,866 : DEBUG : asciimatics.widgets.layout : Blur: <asciimatics.widgets.layout.Layout object at 0x000001EC6F6B94E0>
2026-04-13 20:18:42,866 : DEBUG : asciimatics.widgets.layout : Focus: <asciimatics.widgets.layout.Layout object at 0x000001EC6F6B9420>
2026-04-13 20:18:42,866 : DEBUG : asciimatics.widgets.layout : Focus: <mpf.core.text_ui.MpfLayout object at 0x000001EC6F6C8430>
2026-04-13 20:18:42,866 : DEBUG : asciimatics.widgets.layout : Focus: <asciimatics.widgets.layout.Layout object at 0x000001EC6F6B94E0>
2026-04-13 20:18:42,866 : DEBUG : asciimatics.widgets.frame : Cloning: Test
2026-04-13 20:18:42,866 : DEBUG : asciimatics.widgets.layout : Updating: None
2026-04-13 20:18:42,866 : DEBUG : asciimatics.widgets.layout : Updating: None
2026-04-13 20:18:42,866 : DEBUG : asciimatics.widgets.layout : Updating: None
2026-04-13 20:18:42,866 : DEBUG : asciimatics.widgets.layout : Updating: None
2026-04-13 20:18:42,866 : DEBUG : asciimatics.widgets.layout : Updating: None
2026-04-13 20:18:42,866 : DEBUG : asciimatics.widgets.layout : Updating: None
2026-04-13 20:18:42,866 : DEBUG : asciimatics.widgets.layout : Updating: None
2026-04-13 20:18:42,866 : DEBUG : asciimatics.widgets.layout : Updating: None
2026-04-13 20:18:42,866 : DEBUG : asciimatics.widgets.layout : Updating: None
2026-04-13 20:18:42,866 : DEBUG : asciimatics.widgets.layout : Updating: None
2026-04-13 20:18:42,866 : DEBUG : asciimatics.widgets.layout : Updating: None
2026-04-13 20:18:42,866 : DEBUG : asciimatics.widgets.layout : Updating: None
2026-04-13 20:18:42,866 : DEBUG : asciimatics.widgets.layout : Updating: None
2026-04-13 20:18:42,866 : DEBUG : asciimatics.widgets.layout : Updating: None
2026-04-13 20:18:42,866 : DEBUG : asciimatics.widgets.layout : Updating: None
2026-04-13 20:18:42,866 : DEBUG : asciimatics.widgets.layout : Updating: None
2026-04-13 20:18:42,866 : DEBUG : asciimatics.widgets.layout : Updating: None
2026-04-13 20:18:42,866 : DEBUG : asciimatics.widgets.layout : Updating: None
2026-04-13 20:18:42,866 : DEBUG : asciimatics.screen : Processing key: d
2026-04-13 20:18:43,103 : INFO : OPP : Connecting to COM4 at 115200bps
2026-04-13 20:18:43,885 : DEBUG : asciimatics.screen : Processing mouse: 58, 10
2026-04-13 20:18:43,885 : DEBUG : asciimatics.widgets.frame : New event: MouseEvent (58, 10) 0
2026-04-13 20:18:44,880 : DEBUG : asciimatics.screen : Processing mouse: 57, 10
2026-04-13 20:18:44,880 : DEBUG : asciimatics.widgets.frame : New event: MouseEvent (57, 10) 0
2026-04-13 20:18:45,875 : DEBUG : asciimatics.screen : Processing mouse: 56, 9
2026-04-13 20:18:45,875 : DEBUG : asciimatics.widgets.frame : New event: MouseEvent (56, 9) 0
2026-04-13 20:18:46,881 : DEBUG : asciimatics.screen : Processing mouse: 116, 9
2026-04-13 20:18:46,881 : DEBUG : asciimatics.widgets.frame : New event: MouseEvent (116, 9) 0
2026-04-13 20:18:53,880 : DEBUG : asciimatics.screen : Processing mouse: 111, 0
2026-04-13 20:18:53,880 : DEBUG : asciimatics.widgets.frame : New event: MouseEvent (111, 0) 0
2026-04-13 20:18:54,875 : DEBUG : asciimatics.screen : Processing mouse: 118, 0
2026-04-13 20:18:54,875 : DEBUG : asciimatics.widgets.frame : New event: MouseEvent (118, 0) 0
2026-04-13 20:18:55,879 : DEBUG : asciimatics.screen : Processing mouse: 93, 10
2026-04-13 20:18:55,879 : DEBUG : asciimatics.widgets.frame : New event: MouseEvent (93, 10) 0
2026-04-13 20:18:55,879 : DEBUG : asciimatics.screen : Processing mouse: 93, 10
2026-04-13 20:18:55,879 : DEBUG : asciimatics.widgets.frame : New event: MouseEvent (93, 10) 1
2026-04-13 20:18:55,879 : DEBUG : asciimatics.widgets.frame : Blurring: [<asciimatics.widgets.frame.Frame object at 0x000001EC6F3B6B60>]
2026-04-13 20:18:55,879 : DEBUG : asciimatics.screen : Processing mouse: 93, 10
2026-04-13 20:18:55,879 : DEBUG : asciimatics.widgets.frame : New event: MouseEvent (93, 10) 0
2026-04-13 20:18:55,879 : DEBUG : asciimatics.screen : Processing mouse: 87, 11
2026-04-13 20:18:55,879 : DEBUG : asciimatics.widgets.frame : New event: MouseEvent (87, 11) 0
2026-04-13 20:18:56,295 : INFO : Machine : Starting the main run loop with active modes: []
2026-04-13 20:18:56,295 : ERROR : root : 'attract'
Traceback (most recent call last):
  File "C:\Users\Lukas\mpftspp\lib\site-packages\mpf\commands\game.py", line 229, in __init__
    self.machine.run()
  File "C:\Users\Lukas\mpftspp\lib\site-packages\mpf\core\machine.py", line 703, in run
    if not self.modes['attract'] in self.mode_controller.active_modes:
KeyError: 'attract'
