2026-04-15 20:16:47,622 : INFO : root : Loading config.
2026-04-15 20:16:47,628 : INFO : YamlMultifileConfigLoader : Machine config file #1: config.yaml
2026-04-15 20:16:47,628 : INFO : ConfigProcessor : Loading config from cache: C:\Users\Lukas\AppData\Local\Temp\32f39c1debf2d9ee836c41c94f408ffc.mpf_cache
2026-04-15 20:16:47,693 : DEBUG : YamlMultifileConfigLoader : Loading mode attract from C:\Users\Lukas\mpftspp\lib\site-packages\mpf\modes\attract\config\attract.yaml
2026-04-15 20:16:47,693 : DEBUG : YamlMultifileConfigLoader : Loading mode attract from C:\Users\Lukas\mpftspp\lib\site-packages\mpf\modes\attract\config\attract.yaml
2026-04-15 20:16:47,693 : INFO : ConfigProcessor : Loading config from cache: C:\Users\Lukas\AppData\Local\Temp\1cf6e080e232be7da984fc3f9f606af5.mpf_cache
2026-04-15 20:16:47,693 : DEBUG : YamlMultifileConfigLoader : Loading mode game from C:\Users\Lukas\mpftspp\lib\site-packages\mpf\modes\game\config\game.yaml
2026-04-15 20:16:47,693 : INFO : ConfigProcessor : Loading config from cache: C:\Users\Lukas\AppData\Local\Temp\d5d281e4d67cd36b56e6e575dc21d22a.mpf_cache
2026-04-15 20:16:47,693 : DEBUG : YamlMultifileConfigLoader : Loading mode attract from C:\Users\Lukas\mpftspp\lib\site-packages\mpf\modes\attract\config\attract.yaml
2026-04-15 20:16:47,693 : DEBUG : YamlMultifileConfigLoader : Loading mode attract from C:\Users\Lukas\mpftspp\lib\site-packages\mpf\modes\attract\config\attract.yaml
2026-04-15 20:16:47,693 : INFO : ConfigProcessor : Loading config from cache: C:\Users\Lukas\AppData\Local\Temp\1cf6e080e232be7da984fc3f9f606af5.mpf_cache
2026-04-15 20:16:47,693 : DEBUG : YamlMultifileConfigLoader : Loading mode base from C:\Users\Lukas\mpftspp\lib\site-packages\mpf\modes\base\config\base.yaml
2026-04-15 20:16:47,693 : INFO : ConfigProcessor : Loading config from cache: C:\Users\Lukas\AppData\Local\Temp\e915a77df2eb7c954f1557e6bd49ea48.mpf_cache
2026-04-15 20:16:47,698 : DEBUG : YamlMultifileConfigLoader : Loading mode slingshots from C:\Users\Lukas\mpftspp\lib\site-packages\mpf\modes\slingshots\config\slingshots.yaml
2026-04-15 20:16:47,698 : INFO : ConfigProcessor : Loading config from cache: C:\Users\Lukas\AppData\Local\Temp\6720abd7d78775ec476d92be447cc36c.mpf_cache
2026-04-15 20:16:47,699 : DEBUG : YamlMultifileConfigLoader : Loading mode hurryup from C:\Users\Lukas\mpftspp\lib\site-packages\mpf\modes\hurryup\config\hurryup.yaml
2026-04-15 20:16:47,699 : INFO : ConfigProcessor : Loading config from cache: C:\Users\Lukas\AppData\Local\Temp\5c55177e8fd0a80aca73e5066ec16461.mpf_cache
2026-04-15 20:16:47,701 : INFO : Machine : Mission Pinball Framework Core Engine v0.80.0.dev14
2026-04-15 20:16:47,701 : INFO : Machine : Command line arguments: {'no_load_cache': False, 'create_config_cache': True, 'bcp': True, 'configfile': ['config.yaml'], 'force_assets_load': False, 'platform_integration_test': False, 'jsonlogging': False, 'logfile': 'logs\\2026-04-15-20-16-47-mpf-DESKTOP-24N7989.log', 'pause': False, 'production': False, 'text_ui': True, 'loglevel': 10, 'consoleloglevel': 20, 'force_platform': 'smart_virtual', 'syslog_address': None, 'full_logfile_path': 'C:\\Users\\Lukas\\Documents\\TSPP\\logs\\2026-04-15-20-16-47-mpf-DESKTOP-24N7989.log'}
2026-04-15 20:16:47,701 : INFO : Machine : MPF path: C:\Users\Lukas\mpftspp\lib\site-packages\mpf
2026-04-15 20:16:47,701 : INFO : Machine : Machine path: C:\Users\Lukas\Documents\TSPP
2026-04-15 20:16:47,701 : INFO : Machine : Platform: win32
2026-04-15 20:16:47,701 : INFO : Machine : Python executable location: C:\Users\Lukas\mpftspp\Scripts\python.exe
2026-04-15 20:16:47,701 : INFO : Machine : Python version: 3.10.0 (64-bit)
2026-04-15 20:16:47,701 : DEBUG : asyncio : Using proactor: IocpProactor
2026-04-15 20:16:47,702 : INFO : Machine : Initializing MPF...
2026-04-15 20:16:47,773 : DEBUG : asciimatics.widgets.layout : Updating: None
2026-04-15 20:16:47,775 : DEBUG : asciimatics.widgets.layout : Updating: None
2026-04-15 20:16:47,775 : DEBUG : asciimatics.widgets.layout : Updating: None
2026-04-15 20:16:47,775 : DEBUG : asciimatics.widgets.layout : Updating: None
2026-04-15 20:16:47,775 : DEBUG : asciimatics.widgets.layout : Updating: None
2026-04-15 20:16:47,775 : DEBUG : asciimatics.widgets.layout : Updating: None
2026-04-15 20:16:47,775 : DEBUG : asciimatics.widgets.layout : Updating: None
2026-04-15 20:16:47,775 : DEBUG : asciimatics.widgets.layout : Updating: None
2026-04-15 20:16:47,775 : DEBUG : asciimatics.widgets.layout : Updating: None
2026-04-15 20:16:47,775 : DEBUG : asciimatics.widgets.layout : Updating: None
2026-04-15 20:16:47,775 : DEBUG : asciimatics.widgets.layout : Updating: None
2026-04-15 20:16:47,775 : DEBUG : asciimatics.widgets.layout : Updating: None
2026-04-15 20:16:47,775 : DEBUG : asciimatics.widgets.widget : Widget blur: <asciimatics.widgets.label.Label object at 0x0000026BE1CC9150>
2026-04-15 20:16:47,775 : DEBUG : asciimatics.widgets.widget : Widget blur: <asciimatics.widgets.label.Label object at 0x0000026BE209C860>
2026-04-15 20:16:47,775 : DEBUG : asciimatics.widgets.widget : Widget blur: <asciimatics.widgets.label.Label object at 0x0000026BE209CA00>
2026-04-15 20:16:47,775 : DEBUG : asciimatics.widgets.layout : Blur: <asciimatics.widgets.layout.Layout object at 0x0000026BE208FCA0>
2026-04-15 20:16:47,775 : DEBUG : asciimatics.widgets.layout : Blur: <mpf.core.text_ui.MpfLayout object at 0x0000026BE2006D50>
2026-04-15 20:16:47,775 : DEBUG : asciimatics.widgets.layout : Updating: None
2026-04-15 20:16:47,775 : DEBUG : asciimatics.widgets.layout : Updating: None
2026-04-15 20:16:47,775 : DEBUG : asciimatics.widgets.layout : Updating: None
2026-04-15 20:16:47,775 : DEBUG : asciimatics.widgets.layout : Updating: None
2026-04-15 20:16:47,775 : DEBUG : asciimatics.widgets.layout : Updating: None
2026-04-15 20:16:47,775 : DEBUG : asciimatics.widgets.layout : Updating: None
2026-04-15 20:16:47,775 : DEBUG : asciimatics.widgets.widget : Widget blur: <asciimatics.widgets.label.Label object at 0x0000026BE209CE10>
2026-04-15 20:16:47,775 : DEBUG : asciimatics.widgets.widget : Widget blur: <asciimatics.widgets.label.Label object at 0x0000026BE209CD40>
2026-04-15 20:16:47,775 : DEBUG : asciimatics.widgets.widget : Widget blur: <asciimatics.widgets.label.Label object at 0x0000026BE209CEE0>
2026-04-15 20:16:47,775 : DEBUG : asciimatics.widgets.widget : Widget blur: <asciimatics.widgets.label.Label object at 0x0000026BE209CC70>
2026-04-15 20:16:47,775 : DEBUG : asciimatics.widgets.widget : Widget blur: <asciimatics.widgets.label.Label object at 0x0000026BE209CBA0>
2026-04-15 20:16:47,775 : DEBUG : asciimatics.widgets.widget : Widget blur: <asciimatics.widgets.label.Label object at 0x0000026BE209CAD0>
2026-04-15 20:16:47,775 : DEBUG : asciimatics.widgets.layout : Blur: <asciimatics.widgets.layout.Layout object at 0x0000026BE208FD60>
2026-04-15 20:16:47,775 : DEBUG : asciimatics.widgets.layout : Focus: <asciimatics.widgets.layout.Layout object at 0x0000026BE208FCA0>
2026-04-15 20:16:47,775 : DEBUG : asciimatics.widgets.layout : Focus: <mpf.core.text_ui.MpfLayout object at 0x0000026BE2006D50>
2026-04-15 20:16:47,775 : DEBUG : asciimatics.widgets.layout : Focus: <asciimatics.widgets.layout.Layout object at 0x0000026BE208FD60>
2026-04-15 20:16:47,775 : DEBUG : asciimatics.widgets.frame : Cloning: Test
2026-04-15 20:16:47,775 : DEBUG : asciimatics.widgets.layout : Updating: None
2026-04-15 20:16:47,775 : DEBUG : asciimatics.widgets.layout : Updating: None
2026-04-15 20:16:47,775 : DEBUG : asciimatics.widgets.layout : Updating: None
2026-04-15 20:16:47,775 : DEBUG : asciimatics.widgets.layout : Updating: None
2026-04-15 20:16:47,775 : DEBUG : asciimatics.widgets.layout : Updating: None
2026-04-15 20:16:47,775 : DEBUG : asciimatics.widgets.layout : Updating: None
2026-04-15 20:16:47,775 : DEBUG : asciimatics.widgets.layout : Updating: None
2026-04-15 20:16:47,775 : DEBUG : asciimatics.widgets.layout : Updating: None
2026-04-15 20:16:47,775 : DEBUG : asciimatics.widgets.layout : Updating: None
2026-04-15 20:16:47,775 : DEBUG : asciimatics.widgets.layout : Updating: None
2026-04-15 20:16:47,775 : DEBUG : asciimatics.widgets.layout : Updating: None
2026-04-15 20:16:47,775 : DEBUG : asciimatics.widgets.layout : Updating: None
2026-04-15 20:16:47,775 : DEBUG : asciimatics.widgets.layout : Updating: None
2026-04-15 20:16:47,775 : DEBUG : asciimatics.widgets.layout : Updating: None
2026-04-15 20:16:47,775 : DEBUG : asciimatics.widgets.layout : Updating: None
2026-04-15 20:16:47,775 : DEBUG : asciimatics.widgets.layout : Updating: None
2026-04-15 20:16:47,775 : DEBUG : asciimatics.widgets.layout : Updating: None
2026-04-15 20:16:47,775 : DEBUG : asciimatics.widgets.layout : Updating: None
2026-04-15 20:16:47,775 : DEBUG : asciimatics.screen : Processing key: d
2026-04-15 20:16:47,890 : INFO : EventManager : Event: ======'machine_var_credits_string'====== Args={'value': 'FREE PLAY', 'prev_value': None, 'change': True}
2026-04-15 20:16:47,916 : INFO : EventManager : Event: ======'machine_var_master_volume'====== Args={'value': 0.5, 'prev_value': None, 'change': True}
2026-04-15 20:16:47,916 : INFO : EventManager : Event: ======'machine_var_mpf_version'====== Args={'value': 'Mission Pinball Framework v0.80.0.dev14', 'prev_value': None, 'change': True}
2026-04-15 20:16:47,916 : INFO : EventManager : Event: ======'machine_var_mpf_extended_version'====== Args={'value': 'Mission Pinball Framework v0.80.0.dev14, Config version:6, Show version: 6, BCP version:1.1', 'prev_value': None, 'change': True}
2026-04-15 20:16:47,916 : INFO : EventManager : Event: ======'machine_var_python_version'====== Args={'value': '3.10.0', 'prev_value': None, 'change': True}
2026-04-15 20:16:47,930 : INFO : EventManager : Event: ======'machine_var_platform'====== Args={'value': 'Windows-10-10.0.26200-SP0', 'prev_value': None, 'change': True}
2026-04-15 20:16:47,930 : INFO : EventManager : Event: ======'machine_var_platform_system'====== Args={'value': 'Windows', 'prev_value': None, 'change': True}
2026-04-15 20:16:47,930 : INFO : EventManager : Event: ======'machine_var_platform_release'====== Args={'value': '10', 'prev_value': None, 'change': True}
2026-04-15 20:16:47,930 : INFO : EventManager : Event: ======'machine_var_platform_version'====== Args={'value': '10.0.26200', 'prev_value': None, 'change': True}
2026-04-15 20:16:47,930 : INFO : EventManager : Event: ======'machine_var_platform_machine'====== Args={'value': 'AMD64', 'prev_value': None, 'change': True}
2026-04-15 20:16:47,930 : INFO : EventManager : Event: ======'machine_var_log_file_path'====== Args={'value': 'C:\\Users\\Lukas\\Documents\\TSPP\\logs\\2026-04-15-20-16-47-mpf-DESKTOP-24N7989.log', 'prev_value': None, 'change': True}
2026-04-15 20:16:47,930 : INFO : EventManager : Event: ======'init_phase_1'====== Args={}
2026-04-15 20:16:47,930 : DEBUG : ModeController : Loaded mode base
2026-04-15 20:16:47,930 : DEBUG : ModeController : Loaded mode slingshots
2026-04-15 20:16:47,943 : DEBUG : ModeController : Loaded mode game
2026-04-15 20:16:47,943 : DEBUG : ModeController : Loaded mode hurryup
2026-04-15 20:16:47,943 : DEBUG : ModeController : Loaded mode attract
2026-04-15 20:16:47,957 : INFO : EventManager : Event: ======'init_phase_2'====== Args={}
2026-04-15 20:16:47,957 : INFO : SwitchController : Found active switch: ('1-0-8', <Platform.SmartVirtual>) <switch.s_trough_1>
2026-04-15 20:16:47,957 : INFO : SwitchController : Found active switch: ('1-0-9', <Platform.SmartVirtual>) <switch.s_trough_2>
2026-04-15 20:16:47,957 : INFO : SwitchController : Found active switch: ('1-0-10', <Platform.SmartVirtual>) <switch.s_trough_3>
2026-04-15 20:16:47,957 : INFO : EventManager : Event: ======'bcp_connection_attempt'====== Args={'name': 'local_display', 'host': 'localhost', 'port': 5050}
2026-04-15 20:16:47,972 : DEBUG : asciimatics.widgets.layout : Updating: message
2026-04-15 20:16:47,972 : DEBUG : asciimatics.widgets.layout : Updating: message
2026-04-15 20:16:47,972 : DEBUG : asciimatics.widgets.widget : Widget blur: <asciimatics.widgets.textbox.TextBox object at 0x0000026BE1B9B400>
2026-04-15 20:16:47,972 : DEBUG : asciimatics.widgets.layout : Blur: <asciimatics.widgets.layout.Layout object at 0x0000026BDED176A0>
2026-04-15 20:16:47,972 : DEBUG : asciimatics.widgets.layout : Blur: <asciimatics.widgets.layout.Layout object at 0x0000026BDED17520>
2026-04-15 20:16:47,972 : DEBUG : asciimatics.widgets.layout : Focus: <asciimatics.widgets.layout.Layout object at 0x0000026BDED176A0>
2026-04-15 20:16:47,972 : DEBUG : asciimatics.widgets.layout : Focus: <asciimatics.widgets.layout.Layout object at 0x0000026BDED17520>
2026-04-15 20:16:47,972 : INFO : BCPClientSocket : Connecting BCP to 'local_display' at localhost:5050...
2026-04-15 20:16:48,804 : DEBUG : asciimatics.screen : Processing mouse: 49, 25
2026-04-15 20:16:48,804 : DEBUG : asciimatics.widgets.frame : New event: MouseEvent (12, 12) 0
2026-04-15 20:16:49,786 : DEBUG : asciimatics.screen : Processing mouse: 53, 24
2026-04-15 20:16:49,786 : DEBUG : asciimatics.widgets.frame : New event: MouseEvent (16, 11) 0
2026-04-15 20:16:50,783 : DEBUG : asciimatics.screen : Processing mouse: 52, 22
2026-04-15 20:16:50,783 : DEBUG : asciimatics.widgets.frame : New event: MouseEvent (15, 9) 0
2026-04-15 20:16:54,786 : DEBUG : asciimatics.screen : Processing mouse: 52, 21
2026-04-15 20:16:54,786 : DEBUG : asciimatics.widgets.frame : New event: MouseEvent (15, 8) 0
2026-04-15 20:16:55,803 : DEBUG : asciimatics.screen : Processing mouse: 51, 21
2026-04-15 20:16:55,803 : DEBUG : asciimatics.widgets.frame : New event: MouseEvent (14, 8) 0
2026-04-15 20:16:56,782 : DEBUG : asciimatics.screen : Processing mouse: 53, 22
2026-04-15 20:16:56,782 : DEBUG : asciimatics.widgets.frame : New event: MouseEvent (16, 9) 0
2026-04-15 20:16:57,807 : DEBUG : asciimatics.screen : Processing mouse: 53, 23
2026-04-15 20:16:57,807 : DEBUG : asciimatics.widgets.frame : New event: MouseEvent (16, 10) 0
2026-04-15 20:16:58,803 : DEBUG : asciimatics.screen : Processing mouse: 50, 23
2026-04-15 20:16:58,803 : DEBUG : asciimatics.widgets.frame : New event: MouseEvent (13, 10) 0
2026-04-15 20:17:09,796 : DEBUG : asciimatics.screen : Processing mouse: 52, 22
2026-04-15 20:17:09,796 : DEBUG : asciimatics.widgets.frame : New event: MouseEvent (15, 9) 0
2026-04-15 20:17:10,796 : DEBUG : asciimatics.screen : Processing mouse: 76, 22
2026-04-15 20:17:10,796 : DEBUG : asciimatics.widgets.frame : New event: MouseEvent (39, 9) 0
2026-04-15 20:17:10,798 : DEBUG : asciimatics.screen : Processing mouse: 75, 22
2026-04-15 20:17:10,798 : DEBUG : asciimatics.widgets.frame : New event: MouseEvent (38, 9) 0
2026-04-15 20:17:11,796 : DEBUG : asciimatics.screen : Processing mouse: 73, 16
2026-04-15 20:17:11,798 : DEBUG : asciimatics.widgets.frame : New event: MouseEvent (36, 3) 0
2026-04-15 20:17:12,124 : INFO : Machine : Starting the main run loop with active modes: []
2026-04-15 20:17:12,124 : WARNING : Machine : Attract mode is not active, game will not be playable. Please check your attract mode configuration.
2026-04-15 20:17:12,124 : INFO : Machine : Shutting down...
2026-04-15 20:17:12,124 : INFO : EventManager : Event: ======'shutdown'====== Args={}
2026-04-15 20:17:13,145 : INFO : root : MPF run loop ended.
