2026-04-11 13:26:14,830 : INFO : root : Loading config.
2026-04-11 13:26:14,833 : INFO : YamlMultifileConfigLoader : Machine config file #1: config.yaml
2026-04-11 13:26:14,833 : WARNING : ConfigProcessor : Config file in cache changed: C:\Users\Lukas\Documents\TSPP\config\config.yaml
2026-04-11 13:26:14,833 : INFO : ConfigProcessor : Loading config from file C:\Users\Lukas\mpftspp\lib\site-packages\mpf\mpfconfig.yaml.
2026-04-11 13:26:14,841 : INFO : ConfigProcessor : Loading config: C:\Users\Lukas\mpftspp\lib\site-packages\mpf\mpfconfig.yaml
2026-04-11 13:26:14,841 : INFO : ConfigProcessor : Loading config from file C:\Users\Lukas\Documents\TSPP\config\config.yaml.
2026-04-11 13:26:14,841 : INFO : ConfigProcessor : Loading config: C:\Users\Lukas\Documents\TSPP\config\config.yaml
2026-04-11 13:26:14,841 : INFO : ConfigProcessor : Loading config: C:\Users\Lukas\Documents\TSPP\config\config_ball_devices.yaml
2026-04-11 13:26:14,845 : INFO : ConfigProcessor : Loading config: C:\Users\Lukas\Documents\TSPP\config\config_coils.yaml
2026-04-11 13:26:14,845 : INFO : ConfigProcessor : Loading config: C:\Users\Lukas\Documents\TSPP\config\config_switches.yaml
2026-04-11 13:26:14,845 : INFO : ConfigProcessor : Config file cache created: C:\Users\Lukas\AppData\Local\Temp\32f39c1debf2d9ee836c41c94f408ffc.mpf_cache
2026-04-11 13:26:14,892 : INFO : ConfigProcessor : Loading config from cache: C:\Users\Lukas\AppData\Local\Temp\1cf6e080e232be7da984fc3f9f606af5.mpf_cache
2026-04-11 13:26:14,898 : INFO : ConfigProcessor : Loading config from cache: C:\Users\Lukas\AppData\Local\Temp\d5d281e4d67cd36b56e6e575dc21d22a.mpf_cache
2026-04-11 13:26:14,898 : INFO : ConfigProcessor : Loading config from cache: C:\Users\Lukas\AppData\Local\Temp\1cf6e080e232be7da984fc3f9f606af5.mpf_cache
2026-04-11 13:26:14,898 : INFO : ConfigProcessor : Loading config from cache: C:\Users\Lukas\AppData\Local\Temp\e915a77df2eb7c954f1557e6bd49ea48.mpf_cache
2026-04-11 13:26:14,898 : INFO : Machine : Mission Pinball Framework Core Engine v0.80.0.dev14
2026-04-11 13:26:14,898 : INFO : Machine : Command line arguments: {'no_load_cache': False, 'create_config_cache': True, 'bcp': False, 'configfile': ['config.yaml'], 'force_assets_load': False, 'platform_integration_test': False, 'jsonlogging': False, 'logfile': 'logs\\2026-04-11-13-26-14-mpf-DESKTOP-24N7989.log', 'pause': False, 'production': False, 'text_ui': False, 'loglevel': 15, 'consoleloglevel': 20, 'force_platform': 'virtual', 'syslog_address': None, 'full_logfile_path': 'C:\\Users\\Lukas\\Documents\\TSPP\\logs\\2026-04-11-13-26-14-mpf-DESKTOP-24N7989.log'}
2026-04-11 13:26:14,898 : INFO : Machine : MPF path: C:\Users\Lukas\mpftspp\lib\site-packages\mpf
2026-04-11 13:26:14,898 : INFO : Machine : Machine path: C:\Users\Lukas\Documents\TSPP
2026-04-11 13:26:14,898 : INFO : Machine : Platform: win32
2026-04-11 13:26:14,898 : INFO : Machine : Python executable location: C:\Users\Lukas\mpftspp\Scripts\python.exe
2026-04-11 13:26:14,898 : INFO : Machine : Python version: 3.10.0 (64-bit)
2026-04-11 13:26:14,898 : INFO : Machine : Initializing MPF...
2026-04-11 13:26:14,962 : INFO : EventManager : Event: ======'machine_var_credits_string'====== Args={'value': 'FREE PLAY', 'prev_value': None, 'change': True}
2026-04-11 13:26:14,972 : INFO : EventManager : Event: ======'machine_var_master_volume'====== Args={'value': 0.5, 'prev_value': None, 'change': True}
2026-04-11 13:26:14,972 : INFO : EventManager : Event: ======'machine_var_mpf_version'====== Args={'value': 'Mission Pinball Framework v0.80.0.dev14', 'prev_value': None, 'change': True}
2026-04-11 13:26:14,972 : INFO : EventManager : Event: ======'machine_var_mpf_extended_version'====== Args={'value': 'Mission Pinball Framework v0.80.0.dev14, Config version:6, Show version: 6, BCP version:1.1', 'prev_value': None, 'change': True}
2026-04-11 13:26:14,972 : INFO : EventManager : Event: ======'machine_var_python_version'====== Args={'value': '3.10.0', 'prev_value': None, 'change': True}
2026-04-11 13:26:15,020 : INFO : EventManager : Event: ======'machine_var_platform'====== Args={'value': 'Windows-10-10.0.26100-SP0', 'prev_value': None, 'change': True}
2026-04-11 13:26:15,020 : INFO : EventManager : Event: ======'machine_var_platform_system'====== Args={'value': 'Windows', 'prev_value': None, 'change': True}
2026-04-11 13:26:15,020 : INFO : EventManager : Event: ======'machine_var_platform_release'====== Args={'value': '10', 'prev_value': None, 'change': True}
2026-04-11 13:26:15,020 : INFO : EventManager : Event: ======'machine_var_platform_version'====== Args={'value': '10.0.26100', 'prev_value': None, 'change': True}
2026-04-11 13:26:15,020 : INFO : EventManager : Event: ======'machine_var_platform_machine'====== Args={'value': 'AMD64', 'prev_value': None, 'change': True}
2026-04-11 13:26:15,020 : INFO : EventManager : Event: ======'machine_var_log_file_path'====== Args={'value': 'C:\\Users\\Lukas\\Documents\\TSPP\\logs\\2026-04-11-13-26-14-mpf-DESKTOP-24N7989.log', 'prev_value': None, 'change': True}
2026-04-11 13:26:15,020 : INFO : EventManager : Event: ======'init_phase_1'====== Args={}
2026-04-11 13:26:15,053 : INFO : EventManager : Event: ======'init_phase_2'====== Args={}
2026-04-11 13:26:15,053 : INFO : ball_device.bd_drain : BCH: Initial count: 0
2026-04-11 13:26:15,053 : INFO : ball_device.bd_drain : State: idle
2026-04-11 13:26:15,053 : INFO : ball_device.bd_trough : BCH: Initial count: 0
2026-04-11 13:26:15,053 : INFO : ball_device.bd_trough : State: idle
2026-04-11 13:26:15,053 : INFO : ball_device.bd_plunger : BCH: Initial count: 0
2026-04-11 13:26:15,053 : INFO : ball_device.bd_plunger : State: idle
2026-04-11 13:26:15,053 : INFO : EventManager : Event: ======'init_phase_3'====== Args={}
2026-04-11 13:26:15,053 : INFO : EventManager : Event: ======'init_phase_4'====== Args={}
2026-04-11 13:26:15,053 : INFO : BallController : Initial balls found: 0
2026-04-11 13:26:15,053 : INFO : EventManager : Event: ======'machine_var_audits_switches_s_drain'====== Args={'value': 0, 'prev_value': None, 'change': True}
2026-04-11 13:26:15,053 : INFO : EventManager : Event: ======'machine_var_audits_switches_s_trough_2'====== Args={'value': 0, 'prev_value': None, 'change': True}
2026-04-11 13:26:15,053 : INFO : EventManager : Event: ======'machine_var_audits_switches_s_flipper_rigt'====== Args={'value': 0, 'prev_value': None, 'change': True}
2026-04-11 13:26:15,053 : INFO : EventManager : Event: ======'machine_var_audits_switches_s_flipper_left'====== Args={'value': 0, 'prev_value': None, 'change': True}
2026-04-11 13:26:15,053 : INFO : EventManager : Event: ======'machine_var_audits_switches_s_trough_1'====== Args={'value': 0, 'prev_value': None, 'change': True}
2026-04-11 13:26:15,053 : INFO : EventManager : Event: ======'machine_var_audits_switches_s_plunger_lane'====== Args={'value': 0, 'prev_value': None, 'change': True}
2026-04-11 13:26:15,053 : INFO : EventManager : Event: ======'machine_var_audits_switches_s_trough_3'====== Args={'value': 0, 'prev_value': None, 'change': True}
2026-04-11 13:26:15,053 : INFO : EventManager : Event: ======'machine_var_audits_events_game_started'====== Args={'value': 0, 'prev_value': None, 'change': True}
2026-04-11 13:26:15,053 : INFO : EventManager : Event: ======'machine_var_audits_events_game_ended'====== Args={'value': 0, 'prev_value': None, 'change': True}
2026-04-11 13:26:15,053 : INFO : EventManager : Event: ======'machine_var_audits_player_score'====== Args={'value': {'top': [], 'average': 0, 'total': 0}, 'prev_value': None, 'change': True}
2026-04-11 13:26:15,053 : INFO : EventManager : Event: ======'init_phase_5'====== Args={}
2026-04-11 13:26:15,053 : INFO : EventManager : Event: ======'init_done'====== Args={}
2026-04-11 13:26:15,053 : INFO : EventManager : Event: ======'machine_reset_phase_1'====== Args={}
2026-04-11 13:26:15,053 : INFO : EventManager : Event: ======'machine_reset_phase_2'====== Args={}
2026-04-11 13:26:15,053 : INFO : EventManager : Event: ======'machine_reset_phase_3'====== Args={}
2026-04-11 13:26:15,053 : INFO : EventManager : Event: ======'reset_complete'====== Args={}
2026-04-11 13:26:15,053 : INFO : EventManager : Event: ======'mode_attract_will_start'====== Args={}
2026-04-11 13:26:15,053 : INFO : EventManager : Event: ======'mode_attract_starting'====== Args={}
2026-04-11 13:26:15,053 : INFO : Mode.attract : Started. Priority: 10
2026-04-11 13:26:15,053 : INFO : EventManager : Event: ======'modes_active_modes_changed'====== Args={}
2026-04-11 13:26:15,053 : INFO : EventManager : Event: ======'mode_attract_started'====== Args={}
2026-04-11 13:26:15,053 : INFO : EventManager : Event: ======'collecting_balls_complete'====== Args={}
2026-04-11 13:26:15,053 : INFO : Machine : Starting the main run loop with active modes: [<Mode.attract>]
2026-04-11 13:26:21,279 : INFO : Machine : Shutting down...
2026-04-11 13:26:21,279 : INFO : EventManager : Event: ======'shutdown'====== Args={}
2026-04-11 13:26:21,284 : INFO : root : MPF run loop ended.
