2026-04-13 18:28:55,183 : INFO : root : Loading config.
2026-04-13 18:28:55,186 : INFO : YamlMultifileConfigLoader : Machine config file #1: config.yaml
2026-04-13 18:28:55,186 : WARNING : ConfigProcessor : Config file in cache changed: C:\Users\Lukas\Documents\TSPP\config\config.yaml
2026-04-13 18:28:55,186 : INFO : ConfigProcessor : Loading config from file C:\Users\Lukas\mpftspp\lib\site-packages\mpf\mpfconfig.yaml.
2026-04-13 18:28:55,194 : INFO : ConfigProcessor : Loading config: C:\Users\Lukas\mpftspp\lib\site-packages\mpf\mpfconfig.yaml
2026-04-13 18:28:55,194 : INFO : ConfigProcessor : Loading config from file C:\Users\Lukas\Documents\TSPP\config\config.yaml.
2026-04-13 18:28:55,194 : INFO : ConfigProcessor : Loading config: C:\Users\Lukas\Documents\TSPP\config\config.yaml
2026-04-13 18:28:55,196 : INFO : ConfigProcessor : Loading config: C:\Users\Lukas\Documents\TSPP\config\config_ball_devices.yaml
2026-04-13 18:28:55,197 : INFO : ConfigProcessor : Loading config: C:\Users\Lukas\Documents\TSPP\config\config_coils.yaml
2026-04-13 18:28:55,199 : INFO : ConfigProcessor : Loading config: C:\Users\Lukas\Documents\TSPP\config\config_switches.yaml
2026-04-13 18:28:55,200 : INFO : ConfigProcessor : Loading config: C:\Users\Lukas\Documents\TSPP\config\config_common.yaml
2026-04-13 18:28:55,200 : INFO : ConfigProcessor : Config file cache created: C:\Users\Lukas\AppData\Local\Temp\32f39c1debf2d9ee836c41c94f408ffc.mpf_cache
2026-04-13 18:28:55,249 : INFO : ConfigProcessor : Loading config from cache: C:\Users\Lukas\AppData\Local\Temp\1cf6e080e232be7da984fc3f9f606af5.mpf_cache
2026-04-13 18:28:55,250 : INFO : ConfigProcessor : Loading config from cache: C:\Users\Lukas\AppData\Local\Temp\d5d281e4d67cd36b56e6e575dc21d22a.mpf_cache
2026-04-13 18:28:55,250 : INFO : ConfigProcessor : Loading config from cache: C:\Users\Lukas\AppData\Local\Temp\1cf6e080e232be7da984fc3f9f606af5.mpf_cache
2026-04-13 18:28:55,251 : INFO : ConfigProcessor : Loading config from cache: C:\Users\Lukas\AppData\Local\Temp\e915a77df2eb7c954f1557e6bd49ea48.mpf_cache
2026-04-13 18:28:55,252 : INFO : ConfigProcessor : Loading config from cache: C:\Users\Lukas\AppData\Local\Temp\6720abd7d78775ec476d92be447cc36c.mpf_cache
2026-04-13 18:28:55,253 : INFO : ConfigProcessor : Loading config from cache: C:\Users\Lukas\AppData\Local\Temp\5c55177e8fd0a80aca73e5066ec16461.mpf_cache
2026-04-13 18:28:55,254 : INFO : Machine : Mission Pinball Framework Core Engine v0.80.0.dev14
2026-04-13 18:28:55,254 : INFO : Machine : Command line arguments: {'no_load_cache': False, 'create_config_cache': True, 'bcp': True, 'configfile': ['config.yaml'], 'force_assets_load': False, 'platform_integration_test': False, 'jsonlogging': False, 'logfile': 'logs\\2026-04-13-18-28-55-mpf-DESKTOP-24N7989.log', 'pause': False, 'production': False, 'text_ui': True, 'loglevel': 15, 'consoleloglevel': 20, 'force_platform': None, 'syslog_address': None, 'full_logfile_path': 'C:\\Users\\Lukas\\Documents\\TSPP\\logs\\2026-04-13-18-28-55-mpf-DESKTOP-24N7989.log'}
2026-04-13 18:28:55,254 : INFO : Machine : MPF path: C:\Users\Lukas\mpftspp\lib\site-packages\mpf
2026-04-13 18:28:55,254 : INFO : Machine : Machine path: C:\Users\Lukas\Documents\TSPP
2026-04-13 18:28:55,254 : INFO : Machine : Platform: win32
2026-04-13 18:28:55,254 : INFO : Machine : Python executable location: C:\Users\Lukas\mpftspp\Scripts\python.exe
2026-04-13 18:28:55,254 : INFO : Machine : Python version: 3.10.0 (64-bit)
2026-04-13 18:28:55,255 : INFO : Machine : Initializing MPF...
2026-04-13 18:28:55,645 : INFO : OPP : Connecting to COM4 at 115200bps
2026-04-13 18:29:13,397 : INFO : Machine : Starting the main run loop with active modes: []
2026-04-13 18:29:13,397 : ERROR : root : 'attract'
Traceback (most recent call last):
  File "C:\Users\Lukas\mpftspp\lib\site-packages\mpf\commands\game.py", line 229, in __init__
    self.machine.run()
  File "C:\Users\Lukas\mpftspp\lib\site-packages\mpf\core\machine.py", line 703, in run
    if not self.modes['attract'] in self.mode_controller.active_modes:
KeyError: 'attract'
