2026-04-13 17:25:28,903 : INFO : root : Loading config.
2026-04-13 17:25:28,908 : INFO : YamlMultifileConfigLoader : Machine config file #1: config.yaml
2026-04-13 17:25:28,910 : INFO : ConfigProcessor : Loading config from cache: C:\Users\Lukas\AppData\Local\Temp\32f39c1debf2d9ee836c41c94f408ffc.mpf_cache
2026-04-13 17:25:29,015 : INFO : ConfigProcessor : Loading config from cache: C:\Users\Lukas\AppData\Local\Temp\1cf6e080e232be7da984fc3f9f606af5.mpf_cache
2026-04-13 17:25:29,017 : INFO : ConfigProcessor : Loading config from cache: C:\Users\Lukas\AppData\Local\Temp\d5d281e4d67cd36b56e6e575dc21d22a.mpf_cache
2026-04-13 17:25:29,019 : INFO : ConfigProcessor : Loading config from cache: C:\Users\Lukas\AppData\Local\Temp\1cf6e080e232be7da984fc3f9f606af5.mpf_cache
2026-04-13 17:25:29,021 : INFO : ConfigProcessor : Loading config from cache: C:\Users\Lukas\AppData\Local\Temp\e915a77df2eb7c954f1557e6bd49ea48.mpf_cache
2026-04-13 17:25:29,023 : INFO : ConfigProcessor : Loading config from cache: C:\Users\Lukas\AppData\Local\Temp\6720abd7d78775ec476d92be447cc36c.mpf_cache
2026-04-13 17:25:29,024 : INFO : ConfigProcessor : Loading config from cache: C:\Users\Lukas\AppData\Local\Temp\5c55177e8fd0a80aca73e5066ec16461.mpf_cache
2026-04-13 17:25:29,025 : INFO : Machine : Mission Pinball Framework Core Engine v0.80.0.dev14
2026-04-13 17:25:29,025 : INFO : Machine : Command line arguments: {'no_load_cache': False, 'create_config_cache': True, 'bcp': True, 'configfile': ['config.yaml'], 'force_assets_load': False, 'platform_integration_test': False, 'jsonlogging': False, 'logfile': 'logs\\2026-04-13-17-25-28-mpf-DESKTOP-24N7989.log', 'pause': False, 'production': False, 'text_ui': True, 'loglevel': 15, 'consoleloglevel': 20, 'force_platform': None, 'syslog_address': None, 'full_logfile_path': 'C:\\Users\\Lukas\\Documents\\TSPP\\logs\\2026-04-13-17-25-28-mpf-DESKTOP-24N7989.log'}
2026-04-13 17:25:29,025 : INFO : Machine : MPF path: C:\Users\Lukas\mpftspp\lib\site-packages\mpf
2026-04-13 17:25:29,025 : INFO : Machine : Machine path: C:\Users\Lukas\Documents\TSPP
2026-04-13 17:25:29,025 : INFO : Machine : Platform: win32
2026-04-13 17:25:29,025 : INFO : Machine : Python executable location: C:\Users\Lukas\mpftspp\Scripts\python.exe
2026-04-13 17:25:29,025 : INFO : Machine : Python version: 3.10.0 (64-bit)
2026-04-13 17:25:29,029 : INFO : Machine : Initializing MPF...
2026-04-13 17:25:29,355 : INFO : EventManager : Event: ======'machine_var_credits_string'====== Args={'value': 'FREE PLAY', 'prev_value': None, 'change': True}
2026-04-13 17:25:29,382 : INFO : EventManager : Event: ======'machine_var_master_volume'====== Args={'value': 0.5, 'prev_value': None, 'change': True}
2026-04-13 17:25:29,382 : INFO : EventManager : Event: ======'machine_var_mpf_version'====== Args={'value': 'Mission Pinball Framework v0.80.0.dev14', 'prev_value': None, 'change': True}
2026-04-13 17:25:29,382 : INFO : EventManager : Event: ======'machine_var_mpf_extended_version'====== Args={'value': 'Mission Pinball Framework v0.80.0.dev14, Config version:6, Show version: 6, BCP version:1.1', 'prev_value': None, 'change': True}
2026-04-13 17:25:29,382 : INFO : EventManager : Event: ======'machine_var_python_version'====== Args={'value': '3.10.0', 'prev_value': None, 'change': True}
2026-04-13 17:25:29,423 : INFO : EventManager : Event: ======'machine_var_platform'====== Args={'value': 'Windows-10-10.0.26200-SP0', 'prev_value': None, 'change': True}
2026-04-13 17:25:29,423 : INFO : EventManager : Event: ======'machine_var_platform_system'====== Args={'value': 'Windows', 'prev_value': None, 'change': True}
2026-04-13 17:25:29,423 : INFO : EventManager : Event: ======'machine_var_platform_release'====== Args={'value': '10', 'prev_value': None, 'change': True}
2026-04-13 17:25:29,423 : INFO : EventManager : Event: ======'machine_var_platform_version'====== Args={'value': '10.0.26200', 'prev_value': None, 'change': True}
2026-04-13 17:25:29,423 : INFO : EventManager : Event: ======'machine_var_platform_machine'====== Args={'value': 'AMD64', 'prev_value': None, 'change': True}
2026-04-13 17:25:29,423 : INFO : EventManager : Event: ======'machine_var_log_file_path'====== Args={'value': 'C:\\Users\\Lukas\\Documents\\TSPP\\logs\\2026-04-13-17-25-28-mpf-DESKTOP-24N7989.log', 'prev_value': None, 'change': True}
2026-04-13 17:25:29,423 : INFO : EventManager : Event: ======'init_phase_1'====== Args={}
2026-04-13 17:25:29,448 : INFO : EventManager : Event: ======'init_phase_2'====== Args={}
2026-04-13 17:25:29,449 : INFO : SwitchController : Found active switch: ('1-0-8', <Platform.SmartVirtual>) <switch.s_trough_1>
2026-04-13 17:25:29,449 : INFO : SwitchController : Found active switch: ('1-0-9', <Platform.SmartVirtual>) <switch.s_trough_2>
2026-04-13 17:25:29,449 : INFO : SwitchController : Found active switch: ('1-0-10', <Platform.SmartVirtual>) <switch.s_trough_3>
2026-04-13 17:25:29,452 : INFO : EventManager : Event: ======'bcp_connection_attempt'====== Args={'name': 'local_display', 'host': 'localhost', 'port': 5050}
2026-04-13 17:25:29,455 : INFO : BCPClientSocket : Connecting BCP to 'local_display' at localhost:5050...
2026-04-13 17:25:40,817 : INFO : BCPClientSocket : Connected BCP to 'local_display' localhost:5050
2026-04-13 17:25:40,819 : INFO : EventManager : Event: ======'bcp_clients_connected'====== Args={}
2026-04-13 17:25:41,085 : INFO : ball_device.bd_drain : BCH: Initial count: 0
2026-04-13 17:25:41,086 : INFO : ball_device.bd_drain : State: idle
2026-04-13 17:25:41,087 : INFO : ball_device.bd_trough : BCH: Initial count: 3
2026-04-13 17:25:41,087 : INFO : ball_device.bd_trough : State: idle
2026-04-13 17:25:41,087 : INFO : ball_device.bd_plunger : BCH: Initial count: 0
2026-04-13 17:25:41,089 : INFO : ball_device.bd_plunger : State: idle
2026-04-13 17:25:41,108 : INFO : EventManager : Event: ======'init_phase_3'====== Args={}
2026-04-13 17:25:41,215 : INFO : EventManager : Event: ======'init_phase_4'====== Args={}
2026-04-13 17:25:41,216 : INFO : BallController : Initial balls found: 3
2026-04-13 17:25:41,217 : INFO : EventManager : Event: ======'machine_var_audits_events_game_ended'====== Args={'value': 0, 'prev_value': None, 'change': True}
2026-04-13 17:25:41,218 : INFO : EventManager : Event: ======'machine_var_audits_events_game_started'====== Args={'value': 6, 'prev_value': None, 'change': True}
2026-04-13 17:25:41,218 : INFO : EventManager : Event: ======'machine_var_audits_missing_switches_s_drain'====== Args={'value': 6, 'prev_value': None, 'change': True}
2026-04-13 17:25:41,218 : INFO : EventManager : Event: ======'machine_var_audits_missing_switches_s_dt_m'====== Args={'value': 6, 'prev_value': None, 'change': True}
2026-04-13 17:25:41,218 : INFO : EventManager : Event: ======'machine_var_audits_missing_switches_s_dt_o'====== Args={'value': 6, 'prev_value': None, 'change': True}
2026-04-13 17:25:41,218 : INFO : EventManager : Event: ======'machine_var_audits_missing_switches_s_dt_u'====== Args={'value': 6, 'prev_value': None, 'change': True}
2026-04-13 17:25:41,218 : INFO : EventManager : Event: ======'machine_var_audits_missing_switches_s_flipper_left'====== Args={'value': 6, 'prev_value': None, 'change': True}
2026-04-13 17:25:41,218 : INFO : EventManager : Event: ======'machine_var_audits_missing_switches_s_flipper_rigt'====== Args={'value': 6, 'prev_value': None, 'change': True}
2026-04-13 17:25:41,219 : INFO : EventManager : Event: ======'machine_var_audits_missing_switches_s_homer_h'====== Args={'value': 1, 'prev_value': None, 'change': True}
2026-04-13 17:25:41,219 : INFO : EventManager : Event: ======'machine_var_audits_missing_switches_s_kickout'====== Args={'value': 4, 'prev_value': None, 'change': True}
2026-04-13 17:25:41,219 : INFO : EventManager : Event: ======'machine_var_audits_missing_switches_s_ramp_1'====== Args={'value': 6, 'prev_value': None, 'change': True}
2026-04-13 17:25:41,219 : INFO : EventManager : Event: ======'machine_var_audits_missing_switches_s_sling_left'====== Args={'value': 2, 'prev_value': None, 'change': True}
2026-04-13 17:25:41,219 : INFO : EventManager : Event: ======'machine_var_audits_missing_switches_s_sling_right'====== Args={'value': 1, 'prev_value': None, 'change': True}
2026-04-13 17:25:41,219 : INFO : EventManager : Event: ======'machine_var_audits_missing_switches_s_start'====== Args={'value': 4, 'prev_value': None, 'change': True}
2026-04-13 17:25:41,220 : INFO : EventManager : Event: ======'machine_var_audits_missing_switches_s_trough_1'====== Args={'value': 6, 'prev_value': None, 'change': True}
2026-04-13 17:25:41,220 : INFO : EventManager : Event: ======'machine_var_audits_missing_switches_s_trough_2'====== Args={'value': 6, 'prev_value': None, 'change': True}
2026-04-13 17:25:41,220 : INFO : EventManager : Event: ======'machine_var_audits_missing_switches_s_trough_3'====== Args={'value': 6, 'prev_value': None, 'change': True}
2026-04-13 17:25:41,220 : INFO : EventManager : Event: ======'machine_var_audits_player_score'====== Args={'value': {'average': 0, 'top': [], 'total': 0}, 'prev_value': None, 'change': True}
2026-04-13 17:25:41,220 : INFO : EventManager : Event: ======'machine_var_audits_shots_homer_h'====== Args={'value': 8, 'prev_value': None, 'change': True}
2026-04-13 17:25:41,220 : INFO : EventManager : Event: ======'machine_var_audits_shots_hurryup'====== Args={'value': 3, 'prev_value': None, 'change': True}
2026-04-13 17:25:41,220 : INFO : EventManager : Event: ======'machine_var_audits_shots_slingshot_left'====== Args={'value': 35, 'prev_value': None, 'change': True}
2026-04-13 17:25:41,220 : INFO : EventManager : Event: ======'machine_var_audits_shots_slingshot_right'====== Args={'value': 25, 'prev_value': None, 'change': True}
2026-04-13 17:25:41,220 : INFO : EventManager : Event: ======'machine_var_audits_switches_s_drain'====== Args={'value': 0, 'prev_value': None, 'change': True}
2026-04-13 17:25:41,220 : INFO : EventManager : Event: ======'machine_var_audits_switches_s_dt_m'====== Args={'value': 0, 'prev_value': None, 'change': True}
2026-04-13 17:25:41,221 : INFO : EventManager : Event: ======'machine_var_audits_switches_s_dt_o'====== Args={'value': 0, 'prev_value': None, 'change': True}
2026-04-13 17:25:41,221 : INFO : EventManager : Event: ======'machine_var_audits_switches_s_dt_u'====== Args={'value': 0, 'prev_value': None, 'change': True}
2026-04-13 17:25:41,221 : INFO : EventManager : Event: ======'machine_var_audits_switches_s_flipper_left'====== Args={'value': 0, 'prev_value': None, 'change': True}
2026-04-13 17:25:41,221 : INFO : EventManager : Event: ======'machine_var_audits_switches_s_flipper_rigt'====== Args={'value': 0, 'prev_value': None, 'change': True}
2026-04-13 17:25:41,221 : INFO : EventManager : Event: ======'machine_var_audits_switches_s_homer_h'====== Args={'value': 8, 'prev_value': None, 'change': True}
2026-04-13 17:25:41,221 : INFO : EventManager : Event: ======'machine_var_audits_switches_s_kickout'====== Args={'value': 1, 'prev_value': None, 'change': True}
2026-04-13 17:25:41,221 : INFO : EventManager : Event: ======'machine_var_audits_switches_s_plunger_lane'====== Args={'value': 1, 'prev_value': None, 'change': True}
2026-04-13 17:25:41,221 : INFO : EventManager : Event: ======'machine_var_audits_switches_s_ramp_1'====== Args={'value': 0, 'prev_value': None, 'change': True}
2026-04-13 17:25:41,222 : INFO : EventManager : Event: ======'machine_var_audits_switches_s_sling_left'====== Args={'value': 35, 'prev_value': None, 'change': True}
2026-04-13 17:25:41,222 : INFO : EventManager : Event: ======'machine_var_audits_switches_s_sling_right'====== Args={'value': 25, 'prev_value': None, 'change': True}
2026-04-13 17:25:41,222 : INFO : EventManager : Event: ======'machine_var_audits_switches_s_start'====== Args={'value': 2, 'prev_value': None, 'change': True}
2026-04-13 17:25:41,222 : INFO : EventManager : Event: ======'machine_var_audits_switches_s_trough_1'====== Args={'value': 0, 'prev_value': None, 'change': True}
2026-04-13 17:25:41,222 : INFO : EventManager : Event: ======'machine_var_audits_switches_s_trough_2'====== Args={'value': 0, 'prev_value': None, 'change': True}
2026-04-13 17:25:41,222 : INFO : EventManager : Event: ======'machine_var_audits_switches_s_trough_3'====== Args={'value': 0, 'prev_value': None, 'change': True}
2026-04-13 17:25:41,223 : INFO : EventManager : Event: ======'init_phase_5'====== Args={}
2026-04-13 17:25:41,242 : INFO : EventManager : Event: ======'init_done'====== Args={}
2026-04-13 17:25:41,242 : INFO : EventManager : Event: ======'machine_reset_phase_1'====== Args={}
2026-04-13 17:25:41,256 : INFO : EventManager : Event: ======'machine_reset_phase_2'====== Args={}
2026-04-13 17:25:41,257 : INFO : EventManager : Event: ======'machine_reset_phase_3'====== Args={}
2026-04-13 17:25:41,257 : INFO : EventManager : Event: ======'reset_complete'====== Args={}
2026-04-13 17:25:41,257 : INFO : EventManager : Event: ======'mode_attract_will_start'====== Args={}
2026-04-13 17:25:41,259 : INFO : Timer.attract_carousel_timer : Starting Timer.
2026-04-13 17:25:41,259 : INFO : EventManager : Event: ======'timer_attract_carousel_timer_started'====== Args={'ticks': 0, 'ticks_remaining': 1}
2026-04-13 17:25:41,259 : INFO : EventManager : Event: ======'timer_attract_carousel_timer_tick'====== Args={'ticks': 0, 'ticks_remaining': 1}
2026-04-13 17:25:41,260 : INFO : EventManager : Event: ======'mode_attract_starting'====== Args={}
2026-04-13 17:25:41,260 : INFO : Mode.attract : Started. Priority: 10
2026-04-13 17:25:41,260 : INFO : EventManager : Event: ======'modes_active_modes_changed'====== Args={}
2026-04-13 17:25:41,261 : INFO : EventManager : Event: ======'mode_attract_started'====== Args={}
2026-04-13 17:25:41,261 : INFO : EventManager : Event: ======'collecting_balls_complete'====== Args={}
2026-04-13 17:25:41,262 : INFO : EventManager : Event: ======'carousel_item_highlighted'====== Args={'carousel': 'attract', 'direction': None, 'item': 'title'}
2026-04-13 17:25:41,262 : INFO : EventManager : Event: ======'timer_attract_carousel_timer_tick'====== Args={'ticks': 0, 'ticks_remaining': 1}
2026-04-13 17:25:41,288 : INFO : Machine : Starting the main run loop with active modes: [<Mode.attract>]
2026-04-13 17:25:41,289 : INFO : EventManager : Event: ======'slide_attract_created'====== Args={'_from_bcp': True}
2026-04-13 17:25:41,289 : INFO : EventManager : Event: ======'slide__removed'====== Args={'_from_bcp': True}
2026-04-13 17:25:41,289 : INFO : EventManager : Event: ======'slide_attract_active'====== Args={'original_context': 'attract', 'original_calling_context': 'mode_attract_started', 'priority': 10.0, 'cmd': 'slides_play', '_from_bcp': True}
2026-04-13 17:25:46,266 : INFO : Timer.attract_carousel_timer : Timer Complete
2026-04-13 17:25:46,266 : INFO : Timer.attract_carousel_timer : Stopping Timer
2026-04-13 17:25:46,266 : INFO : EventManager : Event: ======'timer_attract_carousel_timer_stopped'====== Args={'ticks': 1, 'ticks_remaining': 1}
2026-04-13 17:25:46,266 : INFO : EventManager : Event: ======'timer_attract_carousel_timer_complete'====== Args={'ticks': 1, 'ticks_remaining': 1}
2026-04-13 17:25:46,266 : INFO : EventManager : Event: ======'carousel_item_highlighted'====== Args={'carousel': 'attract', 'direction': 'forwards', 'item': 'credits'}
2026-04-13 17:25:46,267 : INFO : Timer.attract_carousel_timer : Starting Timer.
2026-04-13 17:25:46,267 : INFO : EventManager : Event: ======'timer_attract_carousel_timer_started'====== Args={'ticks': 0, 'ticks_remaining': 1}
2026-04-13 17:25:46,267 : INFO : EventManager : Event: ======'timer_attract_carousel_timer_tick'====== Args={'ticks': 0, 'ticks_remaining': 1}
2026-04-13 17:25:51,291 : INFO : Timer.attract_carousel_timer : Timer Complete
2026-04-13 17:25:51,292 : INFO : Timer.attract_carousel_timer : Stopping Timer
2026-04-13 17:25:51,292 : INFO : EventManager : Event: ======'timer_attract_carousel_timer_stopped'====== Args={'ticks': 1, 'ticks_remaining': 1}
2026-04-13 17:25:51,292 : INFO : EventManager : Event: ======'timer_attract_carousel_timer_complete'====== Args={'ticks': 1, 'ticks_remaining': 1}
2026-04-13 17:25:51,292 : INFO : EventManager : Event: ======'carousel_item_highlighted'====== Args={'carousel': 'attract', 'direction': 'forwards', 'item': 'mpf_logo'}
2026-04-13 17:25:51,294 : INFO : Timer.attract_carousel_timer : Starting Timer.
2026-04-13 17:25:51,294 : INFO : EventManager : Event: ======'timer_attract_carousel_timer_started'====== Args={'ticks': 0, 'ticks_remaining': 1}
2026-04-13 17:25:51,294 : INFO : EventManager : Event: ======'timer_attract_carousel_timer_tick'====== Args={'ticks': 0, 'ticks_remaining': 1}
2026-04-13 17:25:56,316 : INFO : Timer.attract_carousel_timer : Timer Complete
2026-04-13 17:25:56,316 : INFO : Timer.attract_carousel_timer : Stopping Timer
2026-04-13 17:25:56,316 : INFO : EventManager : Event: ======'timer_attract_carousel_timer_stopped'====== Args={'ticks': 1, 'ticks_remaining': 1}
2026-04-13 17:25:56,317 : INFO : EventManager : Event: ======'timer_attract_carousel_timer_complete'====== Args={'ticks': 1, 'ticks_remaining': 1}
2026-04-13 17:25:56,317 : INFO : EventManager : Event: ======'carousel_item_highlighted'====== Args={'carousel': 'attract', 'direction': 'forwards', 'item': 'title'}
2026-04-13 17:25:56,318 : INFO : Timer.attract_carousel_timer : Starting Timer.
2026-04-13 17:25:56,318 : INFO : EventManager : Event: ======'timer_attract_carousel_timer_started'====== Args={'ticks': 0, 'ticks_remaining': 1}
2026-04-13 17:25:56,318 : INFO : EventManager : Event: ======'timer_attract_carousel_timer_tick'====== Args={'ticks': 0, 'ticks_remaining': 1}
2026-04-13 17:25:56,859 : INFO : SwitchController : <<<<<<< 's_sling_left' active >>>>>>>
2026-04-13 17:25:56,860 : INFO : EventManager : Event: ======'playfield_active'====== Args={'source': 'slingshot_left'}
2026-04-13 17:25:56,860 : INFO : EventManager : Event: ======'unexpected_ball_on_playfield'====== Args={}
2026-04-13 17:25:56,944 : INFO : SwitchController : <<<<<<< 's_sling_left' inactive >>>>>>>
2026-04-13 17:25:59,026 : INFO : SwitchController : <<<<<<< 's_sling_right' active >>>>>>>
2026-04-13 17:25:59,026 : INFO : EventManager : Event: ======'playfield_active'====== Args={'source': 'slingshot_right'}
2026-04-13 17:25:59,026 : INFO : EventManager : Event: ======'unexpected_ball_on_playfield'====== Args={}
2026-04-13 17:25:59,144 : INFO : SwitchController : <<<<<<< 's_sling_right' inactive >>>>>>>
2026-04-13 17:25:59,642 : INFO : SwitchController : <<<<<<< 's_start' active >>>>>>>
2026-04-13 17:25:59,776 : INFO : SwitchController : <<<<<<< 's_start' inactive >>>>>>>
2026-04-13 17:25:59,777 : INFO : EventManager : Event: ======'request_to_start_game'====== Args={}
2026-04-13 17:25:59,777 : INFO : EventManager : Event: ======'game_start'====== Args={'buttons': [], 'hold_time': 0.125}
2026-04-13 17:25:59,777 : INFO : EventManager : Event: ======'mode_game_will_start'====== Args={'buttons': [], 'hold_time': 0.125}
2026-04-13 17:25:59,779 : INFO : EventManager : Event: ======'mode_game_starting'====== Args={'buttons': [], 'hold_time': 0.125}
2026-04-13 17:25:59,779 : INFO : EventManager : Event: ======'mode_attract_will_stop'====== Args={}
2026-04-13 17:25:59,779 : INFO : EventManager : Event: ======'mode_attract_stopping'====== Args={}
2026-04-13 17:25:59,779 : INFO : Mode.attract : Stopped.
2026-04-13 17:25:59,779 : INFO : EventManager : Event: ======'modes_active_modes_changed'====== Args={}
2026-04-13 17:25:59,780 : INFO : EventManager : Event: ======'mode_attract_stopped'====== Args={}
2026-04-13 17:25:59,780 : INFO : EventManager : Event: ======'clear'====== Args={'key': 'attract'}
2026-04-13 17:25:59,780 : INFO : Timer.attract_carousel_timer : Stopping Timer
2026-04-13 17:25:59,780 : INFO : EventManager : Event: ======'timer_attract_carousel_timer_stopped'====== Args={'ticks': 0, 'ticks_remaining': 1}
2026-04-13 17:25:59,780 : INFO : Mode.game : Started. Priority: 20
2026-04-13 17:25:59,780 : INFO : EventManager : Event: ======'modes_active_modes_changed'====== Args={}
2026-04-13 17:25:59,780 : INFO : EventManager : Event: ======'mode_game_started'====== Args={'buttons': [], 'hold_time': 0.125}
2026-04-13 17:25:59,791 : INFO : EventManager : Event: ======'game_will_start'====== Args={}
2026-04-13 17:25:59,791 : INFO : EventManager : Event: ======'game_starting'====== Args={'game': <Mode.game>}
2026-04-13 17:25:59,792 : INFO : EventManager : Unordered handler for class <Auditor> on event game_ended with priority 1. Handlers: [RegisteredHandler(callback=<bound method Auditor.disable of <Auditor>>, priority=1, kwargs={}, key=UUID('078e3f77-96c2-4d40-a2dc-c42ba9724324'), condition=None, blocking_facility=None), RegisteredHandler(callback=<bound method Auditor._save_audits of <Auditor>>, priority=1, kwargs={}, key=UUID('7d750529-747f-463f-965b-b7b6bbd8b7dd'), condition=None, blocking_facility=None)]. The order of those handlers is not defined and they will be executed in random order. This might lead to race conditions and potential bugs.
2026-04-13 17:25:59,792 : INFO : EventManager : Event: ======'player_add_request'====== Args={}
2026-04-13 17:25:59,793 : INFO : EventManager : Event: ======'player_will_add'====== Args={'number': 1}
2026-04-13 17:25:59,793 : INFO : EventManager : Event: ======'player_adding'====== Args={'player': <Player 1>, 'number': 1}
2026-04-13 17:25:59,793 : INFO : EventManager : Event: ======'player_added'====== Args={'player': <Player 1>, 'num': 1}
2026-04-13 17:25:59,793 : INFO : Mode.game : Player added successfully. Total players: 1
2026-04-13 17:25:59,794 : INFO : EventManager : Event: ======'player_index'====== Args={'value': 0, 'prev_value': 0, 'change': 0, 'player_num': 1}
2026-04-13 17:25:59,794 : INFO : EventManager : Event: ======'player_number'====== Args={'value': 1, 'prev_value': 1, 'change': 0, 'player_num': 1}
2026-04-13 17:25:59,794 : INFO : EventManager : Event: ======'player_score'====== Args={'value': 0, 'prev_value': 0, 'change': 0, 'player_num': 1}
2026-04-13 17:25:59,795 : INFO : EventManager : Event: ======'game_started'====== Args={}
2026-04-13 17:25:59,815 : INFO : EventManager : Event: ======'player_turn_will_start'====== Args={'player': <Player 1>, 'number': 1}
2026-04-13 17:25:59,815 : INFO : EventManager : Event: ======'player_turn_starting'====== Args={'player': <Player 1>, 'number': 1}
2026-04-13 17:25:59,815 : INFO : EventManager : Event: ======'player_ball'====== Args={'value': 1, 'prev_value': 0, 'change': 1, 'player_num': 1}
2026-04-13 17:25:59,816 : INFO : EventManager : Event: ======'player_turn_started'====== Args={'player': <Player 1>, 'number': 1}
2026-04-13 17:25:59,817 : INFO : EventManager : Event: ======'ball_will_start'====== Args={'player': 1, 'ball': 1, 'balls_remaining': 2, 'is_extra_ball': False}
2026-04-13 17:25:59,819 : INFO : EventManager : Event: ======'ball_starting'====== Args={'player': 1, 'ball': 1, 'balls_remaining': 2, 'is_extra_ball': False}
2026-04-13 17:25:59,820 : INFO : EventManager : Event: ======'mode_base_will_start'====== Args={'queue': <QueuedEvent>, 'player': 1, 'ball': 1, 'balls_remaining': 2, 'is_extra_ball': False}
2026-04-13 17:25:59,820 : INFO : EventManager : Event: ======'player_shot_homer_h_enabled'====== Args={'value': True, 'prev_value': 0, 'change': 1, 'player_num': 1}
2026-04-13 17:25:59,821 : INFO : EventManager : Event: ======'mode_base_starting'====== Args={'queue': <QueuedEvent>, 'player': 1, 'ball': 1, 'balls_remaining': 2, 'is_extra_ball': False}
2026-04-13 17:25:59,823 : INFO : Mode.base : Started. Priority: 100
2026-04-13 17:25:59,823 : INFO : EventManager : Event: ======'modes_active_modes_changed'====== Args={}
2026-04-13 17:25:59,824 : INFO : EventManager : Event: ======'mode_base_started'====== Args={'queue': <QueuedEvent>, 'player': 1, 'ball': 1, 'balls_remaining': 2, 'is_extra_ball': False}
2026-04-13 17:25:59,824 : INFO : EventManager : Event: ======'start_mode_slingshots'====== Args={'priority': 0}
2026-04-13 17:25:59,824 : INFO : EventManager : Event: ======'mode_slingshots_will_start'====== Args={'priority': 0}
2026-04-13 17:25:59,824 : INFO : EventManager : Event: ======'player_shot_slingshot_left_enabled'====== Args={'value': True, 'prev_value': 0, 'change': 1, 'player_num': 1}
2026-04-13 17:25:59,825 : INFO : EventManager : Event: ======'player_shot_slingshot_right_enabled'====== Args={'value': True, 'prev_value': 0, 'change': 1, 'player_num': 1}
2026-04-13 17:25:59,825 : INFO : EventManager : Event: ======'slingshots_complete'====== Args={'state': 'unlit'}
2026-04-13 17:25:59,825 : INFO : EventManager : Event: ======'slingshots_unlit_complete'====== Args={}
2026-04-13 17:25:59,825 : INFO : EventManager : Event: ======'mode_slingshots_starting'====== Args={'priority': 0}
2026-04-13 17:25:59,826 : INFO : Mode.slingshots : Started. Priority: 200
2026-04-13 17:25:59,826 : INFO : EventManager : Event: ======'modes_active_modes_changed'====== Args={}
2026-04-13 17:25:59,826 : INFO : EventManager : Event: ======'mode_slingshots_started'====== Args={'priority': 0}
2026-04-13 17:25:59,826 : INFO : EventManager : Event: ======'balls_in_play'====== Args={'balls': 1}
2026-04-13 17:25:59,826 : INFO : EventManager : Event: ======'ball_started'====== Args={'player': 1, 'ball': 1, 'balls_remaining': 2, 'is_extra_ball': False}
2026-04-13 17:25:59,852 : INFO : EventManager : Event: ======'single_player_ball_started'====== Args={}
2026-04-13 17:25:59,853 : INFO : EventManager : Event: ======'ball_start_target'====== Args={'target': 'playfield'}
2026-04-13 17:25:59,853 : INFO : ball_device.bd_trough : Setting up player-controlled eject. Balls: 1, Target: <playfield.playfield>, player_controlled_eject_event: None
2026-04-13 17:25:59,853 : INFO : ball_device.bd_trough : Adding 1 ball(s) to the eject_queue with target <playfield.playfield>.
2026-04-13 17:25:59,853 : INFO : EventManager : Event: ======'balldevice_balls_available'====== Args={}
2026-04-13 17:25:59,853 : INFO : EventManager : Event: ======'slide_base_slide_created'====== Args={'_from_bcp': True}
2026-04-13 17:25:59,853 : INFO : EventManager : Event: ======'slide_attract_inactive'====== Args={'is_removing': True, '_from_bcp': True}
2026-04-13 17:25:59,853 : INFO : EventManager : Event: ======'slide_base_slide_active'====== Args={'original_context': 'base', 'original_calling_context': 'mode_base_started', 'priority': 100.0, 'queue': '<QueuedEvent>', 'player': 1.0, 'ball': 1.0, 'balls_remaining': 2.0, 'is_extra_ball': False, 'cmd': 'slides_play', '_from_bcp': True}
2026-04-13 17:25:59,854 : INFO : EventManager : Event: ======'slide_attract_removed'====== Args={'_from_bcp': True}
2026-04-13 17:25:59,854 : INFO : ball_device.bd_trough : State: waiting_for_target_ready
2026-04-13 17:25:59,854 : INFO : EventManager : Event: ======'balldevice_bd_trough_ball_eject_attempt'====== Args={'balls': 1, 'target': <ball_device.bd_plunger>, 'source': <ball_device.bd_trough>, 'mechanical_eject': False, 'num_attempts': 0}
2026-04-13 17:25:59,854 : INFO : ball_device.bd_plunger : State: waiting_for_ball
2026-04-13 17:25:59,854 : INFO : ball_device.bd_trough : State: ejecting
2026-04-13 17:25:59,854 : INFO : ball_device.bd_trough : Ejecting ball to <ball_device.bd_plunger>
2026-04-13 17:25:59,855 : INFO : EventManager : Event: ======'balldevice_bd_trough_ejecting_ball'====== Args={'balls': 1, 'target': <ball_device.bd_plunger>, 'source': <ball_device.bd_trough>, 'mechanical_eject': False, 'num_attempts': 0}
2026-04-13 17:25:59,855 : INFO : ball_device.bd_trough : Wait for ball to leave device
2026-04-13 17:25:59,855 : INFO : coil.c_trough_release : Pulsing Driver for 20ms (1.0 pulse_power)
2026-04-13 17:25:59,855 : INFO : SwitchController : <<<<<<< 's_trough_1' inactive >>>>>>>
2026-04-13 17:25:59,857 : INFO : ball_device.bd_trough : State: ball_left
2026-04-13 17:25:59,857 : INFO : ball_device.bd_trough : Ball left
2026-04-13 17:25:59,857 : INFO : ball_device.bd_trough : Wait for confirm with timeout 3.0
2026-04-13 17:25:59,956 : INFO : SwitchController : <<<<<<< 's_plunger_lane' active >>>>>>>
2026-04-13 17:25:59,957 : INFO : EventManager : Event: ======'machine_var_audits_switches_s_plunger_lane'====== Args={'value': 2, 'prev_value': 1, 'change': 1}
2026-04-13 17:26:00,456 : INFO : ball_device.bd_plunger : Received ball from <ball_device.bd_trough>
2026-04-13 17:26:00,457 : INFO : EventManager : Event: ======'balldevice_bd_plunger_ball_enter'====== Args={'new_balls': 1, 'unclaimed_balls': 0, 'new_available_balls': 0, 'device': <ball_device.bd_plunger>}
2026-04-13 17:26:00,458 : INFO : EventManager : Event: ======'balldevice_bd_plunger_ball_entered'====== Args={'new_balls': 0, 'device': <ball_device.bd_plunger>}
2026-04-13 17:26:00,459 : INFO : EventManager : Event: ======'balldevice_bd_plunger_ball_count_changed'====== Args={'balls': 1}
2026-04-13 17:26:00,459 : INFO : ball_device.bd_trough : Got eject confirm
2026-04-13 17:26:00,459 : INFO : ball_device.bd_trough : Eject successful
2026-04-13 17:26:00,459 : INFO : EventManager : Event: ======'balldevice_bd_trough_ball_eject_success'====== Args={'balls': 1, 'target': <ball_device.bd_plunger>}
2026-04-13 17:26:00,459 : INFO : ball_device.bd_plunger : State: waiting_for_target_ready
2026-04-13 17:26:00,459 : INFO : EventManager : Event: ======'balldevice_bd_plunger_ball_eject_attempt'====== Args={'balls': 1, 'target': <playfield.playfield>, 'source': <ball_device.bd_plunger>, 'mechanical_eject': False, 'num_attempts': 0}
2026-04-13 17:26:00,459 : INFO : EventManager : Event: ======'balldevice_bd_trough_ball_count_changed'====== Args={'balls': 2}
2026-04-13 17:26:00,460 : INFO : ball_device.bd_trough : State: idle
2026-04-13 17:26:00,460 : INFO : ball_device.bd_plunger : State: ejecting
2026-04-13 17:26:00,460 : INFO : ball_device.bd_plunger : Ejecting ball to <playfield.playfield>
2026-04-13 17:26:00,461 : INFO : EventManager : Event: ======'balldevice_bd_plunger_ejecting_ball'====== Args={'balls': 1, 'target': <playfield.playfield>, 'source': <ball_device.bd_plunger>, 'mechanical_eject': False, 'num_attempts': 0}
2026-04-13 17:26:00,462 : INFO : ball_device.bd_plunger : Wait for ball to leave device
2026-04-13 17:26:07,492 : INFO : SwitchController : <<<<<<< 's_sling_left' active >>>>>>>
2026-04-13 17:26:07,492 : INFO : EventManager : Event: ======'playfield_active'====== Args={'source': 'slingshot_left'}
2026-04-13 17:26:07,492 : INFO : EventManager : Event: ======'s_sling_left_active'====== Args={}
2026-04-13 17:26:07,493 : INFO : EventManager : Event: ======'machine_var_audits_switches_s_sling_left'====== Args={'value': 36, 'prev_value': 35, 'change': 1}
2026-04-13 17:26:07,494 : INFO : EventManager : Event: ======'player_shot_slingshot_left'====== Args={'value': 1, 'prev_value': 0, 'change': 1, 'player_num': 1}
2026-04-13 17:26:07,495 : INFO : EventManager : Event: ======'machine_var_audits_shots_slingshot_left'====== Args={'value': 36, 'prev_value': 35, 'change': 1}
2026-04-13 17:26:07,495 : INFO : EventManager : Event: ======'slingshot_left_hit'====== Args={'profile': 'default', 'state': 'unlit', 'advancing': True}
2026-04-13 17:26:07,495 : INFO : EventManager : Event: ======'slingshot_left_default_hit'====== Args={'profile': 'default', 'state': 'unlit', 'advancing': True}
2026-04-13 17:26:07,495 : INFO : EventManager : Event: ======'slingshot_left_default_unlit_hit'====== Args={'profile': 'default', 'state': 'unlit', 'advancing': True}
2026-04-13 17:26:07,495 : INFO : EventManager : Event: ======'slingshot_left_unlit_hit'====== Args={'profile': 'default', 'state': 'unlit', 'advancing': True}
2026-04-13 17:26:07,495 : INFO : EventManager : Event: ======'slingshots_hit'====== Args={'shot': 'slingshot_left'}
2026-04-13 17:26:07,496 : INFO : EventManager : Event: ======'slingshots_unlit_hit'====== Args={'shot': 'slingshot_left'}
2026-04-13 17:26:07,496 : INFO : EventManager : Event: ======'player_score'====== Args={'value': 1000, 'prev_value': 0, 'change': 1000, 'player_num': 1, 'source': 'slingshots'}
2026-04-13 17:26:07,609 : INFO : SwitchController : <<<<<<< 's_sling_left' inactive >>>>>>>
2026-04-13 17:26:07,991 : INFO : SwitchController : <<<<<<< 's_sling_left' active >>>>>>>
2026-04-13 17:26:07,992 : INFO : EventManager : Event: ======'playfield_active'====== Args={'source': 'slingshot_left'}
2026-04-13 17:26:07,992 : INFO : EventManager : Event: ======'s_sling_left_active'====== Args={}
2026-04-13 17:26:07,992 : INFO : EventManager : Event: ======'machine_var_audits_switches_s_sling_left'====== Args={'value': 37, 'prev_value': 36, 'change': 1}
2026-04-13 17:26:07,994 : INFO : EventManager : Event: ======'machine_var_audits_shots_slingshot_left'====== Args={'value': 37, 'prev_value': 36, 'change': 1}
2026-04-13 17:26:07,994 : INFO : EventManager : Event: ======'slingshot_left_hit'====== Args={'profile': 'default', 'state': 'lit', 'advancing': False}
2026-04-13 17:26:07,994 : INFO : EventManager : Event: ======'slingshot_left_default_hit'====== Args={'profile': 'default', 'state': 'lit', 'advancing': False}
2026-04-13 17:26:07,994 : INFO : EventManager : Event: ======'slingshot_left_default_lit_hit'====== Args={'profile': 'default', 'state': 'lit', 'advancing': False}
2026-04-13 17:26:07,994 : INFO : EventManager : Event: ======'slingshot_left_lit_hit'====== Args={'profile': 'default', 'state': 'lit', 'advancing': False}
2026-04-13 17:26:07,994 : INFO : EventManager : Event: ======'slingshots_hit'====== Args={'shot': 'slingshot_left'}
2026-04-13 17:26:07,995 : INFO : EventManager : Event: ======'slingshots_lit_hit'====== Args={'shot': 'slingshot_left'}
2026-04-13 17:26:07,995 : INFO : EventManager : Event: ======'player_score'====== Args={'value': 2000, 'prev_value': 1000, 'change': 1000, 'player_num': 1, 'source': 'slingshots'}
2026-04-13 17:26:08,109 : INFO : SwitchController : <<<<<<< 's_sling_left' inactive >>>>>>>
2026-04-13 17:26:10,468 : INFO : EventManager : Event: ======'balldevice_bd_plunger_ball_eject_failed'====== Args={'target': <playfield.playfield>, 'balls': 1, 'retry': True, 'num_attempts': 1}
2026-04-13 17:26:10,469 : INFO : ball_device.bd_plunger : State: waiting_for_target_ready
2026-04-13 17:26:10,469 : INFO : EventManager : Event: ======'balldevice_bd_plunger_ball_eject_attempt'====== Args={'balls': 1, 'target': <playfield.playfield>, 'source': <ball_device.bd_plunger>, 'mechanical_eject': False, 'num_attempts': 1}
2026-04-13 17:26:10,469 : INFO : ball_device.bd_plunger : State: ejecting
2026-04-13 17:26:10,469 : INFO : ball_device.bd_plunger : Ejecting ball to <playfield.playfield>
2026-04-13 17:26:10,469 : INFO : EventManager : Event: ======'balldevice_bd_plunger_ejecting_ball'====== Args={'balls': 1, 'target': <playfield.playfield>, 'source': <ball_device.bd_plunger>, 'mechanical_eject': False, 'num_attempts': 1}
2026-04-13 17:26:10,470 : INFO : ball_device.bd_plunger : Wait for ball to leave device
2026-04-13 17:26:20,473 : INFO : EventManager : Event: ======'balldevice_bd_plunger_ball_eject_failed'====== Args={'target': <playfield.playfield>, 'balls': 1, 'retry': True, 'num_attempts': 2}
2026-04-13 17:26:20,474 : INFO : ball_device.bd_plunger : State: waiting_for_target_ready
2026-04-13 17:26:20,475 : INFO : EventManager : Event: ======'balldevice_bd_plunger_ball_eject_attempt'====== Args={'balls': 1, 'target': <playfield.playfield>, 'source': <ball_device.bd_plunger>, 'mechanical_eject': False, 'num_attempts': 2}
2026-04-13 17:26:20,475 : INFO : ball_device.bd_plunger : State: ejecting
2026-04-13 17:26:20,475 : INFO : ball_device.bd_plunger : Ejecting ball to <playfield.playfield>
2026-04-13 17:26:20,475 : INFO : EventManager : Event: ======'balldevice_bd_plunger_ejecting_ball'====== Args={'balls': 1, 'target': <playfield.playfield>, 'source': <ball_device.bd_plunger>, 'mechanical_eject': False, 'num_attempts': 2}
2026-04-13 17:26:20,476 : INFO : ball_device.bd_plunger : Wait for ball to leave device
2026-04-13 17:26:30,484 : INFO : EventManager : Event: ======'balldevice_bd_plunger_ball_eject_failed'====== Args={'target': <playfield.playfield>, 'balls': 1, 'retry': True, 'num_attempts': 3}
2026-04-13 17:26:30,487 : INFO : ball_device.bd_plunger : State: waiting_for_target_ready
2026-04-13 17:26:30,487 : INFO : EventManager : Event: ======'balldevice_bd_plunger_ball_eject_attempt'====== Args={'balls': 1, 'target': <playfield.playfield>, 'source': <ball_device.bd_plunger>, 'mechanical_eject': False, 'num_attempts': 3}
2026-04-13 17:26:30,487 : INFO : ball_device.bd_plunger : State: ejecting
2026-04-13 17:26:30,487 : INFO : ball_device.bd_plunger : Ejecting ball to <playfield.playfield>
2026-04-13 17:26:30,487 : INFO : EventManager : Event: ======'balldevice_bd_plunger_ejecting_ball'====== Args={'balls': 1, 'target': <playfield.playfield>, 'source': <ball_device.bd_plunger>, 'mechanical_eject': False, 'num_attempts': 3}
2026-04-13 17:26:30,489 : INFO : ball_device.bd_plunger : Wait for ball to leave device
2026-04-13 17:26:40,503 : INFO : EventManager : Event: ======'balldevice_bd_plunger_ball_eject_failed'====== Args={'target': <playfield.playfield>, 'balls': 1, 'retry': True, 'num_attempts': 4}
2026-04-13 17:26:40,505 : INFO : ball_device.bd_plunger : State: waiting_for_target_ready
2026-04-13 17:26:40,505 : INFO : EventManager : Event: ======'balldevice_bd_plunger_ball_eject_attempt'====== Args={'balls': 1, 'target': <playfield.playfield>, 'source': <ball_device.bd_plunger>, 'mechanical_eject': False, 'num_attempts': 4}
2026-04-13 17:26:40,506 : INFO : ball_device.bd_plunger : State: ejecting
2026-04-13 17:26:40,506 : INFO : ball_device.bd_plunger : Ejecting ball to <playfield.playfield>
2026-04-13 17:26:40,506 : INFO : EventManager : Event: ======'balldevice_bd_plunger_ejecting_ball'====== Args={'balls': 1, 'target': <playfield.playfield>, 'source': <ball_device.bd_plunger>, 'mechanical_eject': False, 'num_attempts': 4}
2026-04-13 17:26:40,507 : INFO : ball_device.bd_plunger : Wait for ball to leave device
2026-04-13 17:26:50,518 : INFO : EventManager : Event: ======'balldevice_bd_plunger_ball_eject_failed'====== Args={'target': <playfield.playfield>, 'balls': 1, 'retry': True, 'num_attempts': 5}
2026-04-13 17:26:50,520 : INFO : ball_device.bd_plunger : State: waiting_for_target_ready
2026-04-13 17:26:50,520 : INFO : EventManager : Event: ======'balldevice_bd_plunger_ball_eject_attempt'====== Args={'balls': 1, 'target': <playfield.playfield>, 'source': <ball_device.bd_plunger>, 'mechanical_eject': False, 'num_attempts': 5}
2026-04-13 17:26:50,521 : INFO : ball_device.bd_plunger : State: ejecting
2026-04-13 17:26:50,521 : INFO : ball_device.bd_plunger : Ejecting ball to <playfield.playfield>
2026-04-13 17:26:50,521 : INFO : EventManager : Event: ======'balldevice_bd_plunger_ejecting_ball'====== Args={'balls': 1, 'target': <playfield.playfield>, 'source': <ball_device.bd_plunger>, 'mechanical_eject': False, 'num_attempts': 5}
2026-04-13 17:26:50,523 : INFO : ball_device.bd_plunger : Wait for ball to leave device
2026-04-13 17:27:00,531 : INFO : EventManager : Event: ======'balldevice_bd_plunger_ball_eject_failed'====== Args={'target': <playfield.playfield>, 'balls': 1, 'retry': True, 'num_attempts': 6}
2026-04-13 17:27:00,532 : INFO : ball_device.bd_plunger : State: waiting_for_target_ready
2026-04-13 17:27:00,532 : INFO : EventManager : Event: ======'balldevice_bd_plunger_ball_eject_attempt'====== Args={'balls': 1, 'target': <playfield.playfield>, 'source': <ball_device.bd_plunger>, 'mechanical_eject': False, 'num_attempts': 6}
2026-04-13 17:27:00,532 : INFO : ball_device.bd_plunger : State: ejecting
2026-04-13 17:27:00,532 : INFO : ball_device.bd_plunger : Ejecting ball to <playfield.playfield>
2026-04-13 17:27:00,532 : INFO : EventManager : Event: ======'balldevice_bd_plunger_ejecting_ball'====== Args={'balls': 1, 'target': <playfield.playfield>, 'source': <ball_device.bd_plunger>, 'mechanical_eject': False, 'num_attempts': 6}
2026-04-13 17:27:00,533 : INFO : ball_device.bd_plunger : Wait for ball to leave device
2026-04-13 17:27:09,819 : INFO : SwitchController : <<<<<<< 's_homer_h' active >>>>>>>
2026-04-13 17:27:09,819 : INFO : EventManager : Event: ======'playfield_active'====== Args={'source': 'hurryup'}
2026-04-13 17:27:09,819 : INFO : EventManager : Event: ======'playfield_active'====== Args={'source': 'homer_h'}
2026-04-13 17:27:09,819 : INFO : EventManager : Event: ======'s_homer_h_active'====== Args={}
2026-04-13 17:27:09,819 : INFO : EventManager : Event: ======'machine_var_audits_switches_s_homer_h'====== Args={'value': 9, 'prev_value': 8, 'change': 1}
2026-04-13 17:27:09,821 : INFO : EventManager : Event: ======'player_shot_homer_h'====== Args={'value': 1, 'prev_value': 0, 'change': 1, 'player_num': 1}
2026-04-13 17:27:09,821 : INFO : EventManager : Event: ======'machine_var_audits_shots_homer_h'====== Args={'value': 9, 'prev_value': 8, 'change': 1}
2026-04-13 17:27:09,822 : INFO : EventManager : Event: ======'homer_h_hit'====== Args={'profile': 'default', 'state': 'unlit', 'advancing': True}
2026-04-13 17:27:09,822 : INFO : EventManager : Event: ======'homer_h_default_hit'====== Args={'profile': 'default', 'state': 'unlit', 'advancing': True}
2026-04-13 17:27:09,822 : INFO : EventManager : Event: ======'homer_h_default_unlit_hit'====== Args={'profile': 'default', 'state': 'unlit', 'advancing': True}
2026-04-13 17:27:09,822 : INFO : EventManager : Event: ======'homer_h_unlit_hit'====== Args={'profile': 'default', 'state': 'unlit', 'advancing': True}
2026-04-13 17:27:09,822 : INFO : EventManager : Event: ======'start_mode_hurryup'====== Args={'priority': 0}
2026-04-13 17:27:09,822 : INFO : EventManager : Event: ======'mode_hurryup_will_start'====== Args={'priority': 0}
2026-04-13 17:27:09,822 : INFO : EventManager : Event: ======'player_shot_hurryup_enabled'====== Args={'value': True, 'prev_value': 0, 'change': 1, 'player_num': 1}
2026-04-13 17:27:09,823 : INFO : EventManager : Event: ======'player_hurryup_hurryup_timer_tick'====== Args={'value': 0, 'prev_value': 0, 'change': 0, 'player_num': 1}
2026-04-13 17:27:09,823 : INFO : Timer.hurryup_timer : Starting Timer.
2026-04-13 17:27:09,823 : INFO : EventManager : Event: ======'timer_hurryup_timer_started'====== Args={'ticks': 0, 'ticks_remaining': 25}
2026-04-13 17:27:09,823 : INFO : EventManager : Event: ======'timer_hurryup_timer_tick'====== Args={'ticks': 0, 'ticks_remaining': 25}
2026-04-13 17:27:09,824 : INFO : EventManager : Event: ======'mode_hurryup_starting'====== Args={'priority': 0}
2026-04-13 17:27:09,824 : INFO : Mode.hurryup : Started. Priority: 1000
2026-04-13 17:27:09,824 : INFO : EventManager : Event: ======'modes_active_modes_changed'====== Args={}
2026-04-13 17:27:09,824 : INFO : EventManager : Event: ======'mode_hurryup_started'====== Args={'priority': 0}
2026-04-13 17:27:09,847 : INFO : EventManager : Event: ======'slide_hurryup_created'====== Args={'_from_bcp': True}
2026-04-13 17:27:09,847 : INFO : EventManager : Event: ======'slide_base_slide_inactive'====== Args={'is_removing': False, '_from_bcp': True}
2026-04-13 17:27:09,847 : INFO : EventManager : Event: ======'slide_hurryup_active'====== Args={'original_context': 'hurryup', 'original_calling_context': 'mode_hurryup_started', 'priority': 1000.0, 'cmd': 'slides_play', '_from_bcp': True}
2026-04-13 17:27:09,902 : INFO : SwitchController : <<<<<<< 's_homer_h' inactive >>>>>>>
2026-04-13 17:27:10,029 : INFO : EventManager : Event: ======'player_hurryup_hurryup_timer_tick'====== Args={'value': 1, 'prev_value': 0, 'change': 1, 'player_num': 1}
2026-04-13 17:27:10,029 : INFO : EventManager : Event: ======'timer_hurryup_timer_tick'====== Args={'ticks': 1, 'ticks_remaining': 24}
2026-04-13 17:27:10,030 : INFO : EventManager : Event: ======'hurryup_value'====== Args={'priority': 0, 'current_hurryup': 98000}
2026-04-13 17:27:10,231 : INFO : EventManager : Event: ======'player_hurryup_hurryup_timer_tick'====== Args={'value': 2, 'prev_value': 1, 'change': 1, 'player_num': 1}
2026-04-13 17:27:10,233 : INFO : EventManager : Event: ======'timer_hurryup_timer_tick'====== Args={'ticks': 2, 'ticks_remaining': 23}
2026-04-13 17:27:10,233 : INFO : EventManager : Event: ======'hurryup_value'====== Args={'priority': 0, 'current_hurryup': 96000}
2026-04-13 17:27:10,418 : INFO : EventManager : Event: ======'player_hurryup_hurryup_timer_tick'====== Args={'value': 3, 'prev_value': 2, 'change': 1, 'player_num': 1}
2026-04-13 17:27:10,419 : INFO : EventManager : Event: ======'timer_hurryup_timer_tick'====== Args={'ticks': 3, 'ticks_remaining': 22}
2026-04-13 17:27:10,420 : INFO : EventManager : Event: ======'hurryup_value'====== Args={'priority': 0, 'current_hurryup': 94000}
2026-04-13 17:27:10,542 : INFO : EventManager : Event: ======'balldevice_bd_plunger_ball_eject_failed'====== Args={'target': <playfield.playfield>, 'balls': 1, 'retry': True, 'num_attempts': 7}
2026-04-13 17:27:10,544 : INFO : ball_device.bd_plunger : State: waiting_for_target_ready
2026-04-13 17:27:10,544 : INFO : EventManager : Event: ======'balldevice_bd_plunger_ball_eject_attempt'====== Args={'balls': 1, 'target': <playfield.playfield>, 'source': <ball_device.bd_plunger>, 'mechanical_eject': False, 'num_attempts': 7}
2026-04-13 17:27:10,544 : INFO : ball_device.bd_plunger : State: ejecting
2026-04-13 17:27:10,545 : INFO : ball_device.bd_plunger : Ejecting ball to <playfield.playfield>
2026-04-13 17:27:10,545 : INFO : EventManager : Event: ======'balldevice_bd_plunger_ejecting_ball'====== Args={'balls': 1, 'target': <playfield.playfield>, 'source': <ball_device.bd_plunger>, 'mechanical_eject': False, 'num_attempts': 7}
2026-04-13 17:27:10,545 : INFO : ball_device.bd_plunger : Wait for ball to leave device
2026-04-13 17:27:10,620 : INFO : EventManager : Event: ======'player_hurryup_hurryup_timer_tick'====== Args={'value': 4, 'prev_value': 3, 'change': 1, 'player_num': 1}
2026-04-13 17:27:10,621 : INFO : EventManager : Event: ======'timer_hurryup_timer_tick'====== Args={'ticks': 4, 'ticks_remaining': 21}
2026-04-13 17:27:10,621 : INFO : EventManager : Event: ======'hurryup_value'====== Args={'priority': 0, 'current_hurryup': 92000}
2026-04-13 17:27:10,819 : INFO : EventManager : Event: ======'player_hurryup_hurryup_timer_tick'====== Args={'value': 5, 'prev_value': 4, 'change': 1, 'player_num': 1}
2026-04-13 17:27:10,820 : INFO : EventManager : Event: ======'timer_hurryup_timer_tick'====== Args={'ticks': 5, 'ticks_remaining': 20}
2026-04-13 17:27:10,820 : INFO : SwitchController : <<<<<<< 's_homer_h' active >>>>>>>
2026-04-13 17:27:10,820 : INFO : EventManager : Event: ======'playfield_active'====== Args={'source': 'hurryup'}
2026-04-13 17:27:10,820 : INFO : EventManager : Event: ======'playfield_active'====== Args={'source': 'homer_h'}
2026-04-13 17:27:10,820 : INFO : EventManager : Event: ======'s_homer_h_active'====== Args={}
2026-04-13 17:27:10,821 : INFO : EventManager : Event: ======'machine_var_audits_switches_s_homer_h'====== Args={'value': 10, 'prev_value': 9, 'change': 1}
2026-04-13 17:27:10,822 : INFO : EventManager : Event: ======'hurryup_value'====== Args={'priority': 0, 'current_hurryup': 90000}
2026-04-13 17:27:10,822 : INFO : EventManager : Event: ======'player_shot_hurryup'====== Args={'value': 1, 'prev_value': 0, 'change': 1, 'player_num': 1}
2026-04-13 17:27:10,823 : INFO : EventManager : Event: ======'machine_var_audits_shots_hurryup'====== Args={'value': 4, 'prev_value': 3, 'change': 1}
2026-04-13 17:27:10,823 : INFO : EventManager : Event: ======'hurryup_hit'====== Args={'profile': 'default', 'state': 'unlit', 'advancing': True}
2026-04-13 17:27:10,823 : INFO : EventManager : Event: ======'hurryup_default_hit'====== Args={'profile': 'default', 'state': 'unlit', 'advancing': True}
2026-04-13 17:27:10,823 : INFO : EventManager : Event: ======'hurryup_default_unlit_hit'====== Args={'profile': 'default', 'state': 'unlit', 'advancing': True}
2026-04-13 17:27:10,823 : INFO : EventManager : Event: ======'hurryup_unlit_hit'====== Args={'profile': 'default', 'state': 'unlit', 'advancing': True}
2026-04-13 17:27:10,823 : INFO : EventManager : Event: ======'machine_var_audits_shots_homer_h'====== Args={'value': 10, 'prev_value': 9, 'change': 1}
2026-04-13 17:27:10,823 : INFO : EventManager : Event: ======'homer_h_hit'====== Args={'profile': 'default', 'state': 'lit', 'advancing': False}
2026-04-13 17:27:10,823 : INFO : EventManager : Event: ======'homer_h_default_hit'====== Args={'profile': 'default', 'state': 'lit', 'advancing': False}
2026-04-13 17:27:10,823 : INFO : EventManager : Event: ======'homer_h_default_lit_hit'====== Args={'profile': 'default', 'state': 'lit', 'advancing': False}
2026-04-13 17:27:10,824 : INFO : EventManager : Event: ======'homer_h_lit_hit'====== Args={'profile': 'default', 'state': 'lit', 'advancing': False}
2026-04-13 17:27:10,824 : INFO : EventManager : Event: ======'stop_mode_hurryup'====== Args={'priority': 0}
2026-04-13 17:27:10,824 : INFO : EventManager : Event: ======'player_score'====== Args={'value': 92000, 'prev_value': 2000, 'change': 90000, 'player_num': 1, 'source': 'hurryup'}
2026-04-13 17:27:10,824 : INFO : EventManager : Event: ======'mode_hurryup_will_stop'====== Args={}
2026-04-13 17:27:10,824 : INFO : EventManager : Event: ======'mode_hurryup_stopping'====== Args={}
2026-04-13 17:27:10,825 : INFO : EventManager : Event: ======'start_mode_hurryup'====== Args={'priority': 0}
2026-04-13 17:27:10,825 : INFO : Mode.hurryup : Stopped.
2026-04-13 17:27:10,825 : INFO : EventManager : Event: ======'modes_active_modes_changed'====== Args={}
2026-04-13 17:27:10,825 : INFO : EventManager : Event: ======'mode_hurryup_stopped'====== Args={}
2026-04-13 17:27:10,825 : INFO : EventManager : Event: ======'clear'====== Args={'key': 'hurryup'}
2026-04-13 17:27:10,826 : INFO : Timer.hurryup_timer : Stopping Timer
2026-04-13 17:27:10,826 : INFO : EventManager : Event: ======'timer_hurryup_timer_stopped'====== Args={'ticks': 5, 'ticks_remaining': 20}
2026-04-13 17:27:10,863 : INFO : EventManager : Event: ======'slide_hurryup_inactive'====== Args={'is_removing': True, '_from_bcp': True}
2026-04-13 17:27:10,864 : INFO : EventManager : Event: ======'slide_base_slide_active'====== Args={'_from_bcp': True}
2026-04-13 17:27:10,864 : INFO : EventManager : Event: ======'slide_hurryup_removed'====== Args={'_from_bcp': True}
2026-04-13 17:27:10,885 : INFO : SwitchController : <<<<<<< 's_homer_h' inactive >>>>>>>
2026-04-13 17:27:13,585 : INFO : SwitchController : <<<<<<< 's_flipper_left' active >>>>>>>
2026-04-13 17:27:13,586 : INFO : EventManager : Event: ======'machine_var_audits_switches_s_flipper_left'====== Args={'value': 1, 'prev_value': 0, 'change': 1}
2026-04-13 17:27:13,685 : INFO : SwitchController : <<<<<<< 's_flipper_left' inactive >>>>>>>
2026-04-13 17:27:14,252 : INFO : SwitchController : <<<<<<< 's_flipper_left' active >>>>>>>
2026-04-13 17:27:14,253 : INFO : EventManager : Event: ======'machine_var_audits_switches_s_flipper_left'====== Args={'value': 2, 'prev_value': 1, 'change': 1}
2026-04-13 17:27:14,353 : INFO : SwitchController : <<<<<<< 's_flipper_left' inactive >>>>>>>
2026-04-13 17:27:15,035 : INFO : SwitchController : <<<<<<< 's_flipper_left' active >>>>>>>
2026-04-13 17:27:15,035 : INFO : EventManager : Event: ======'machine_var_audits_switches_s_flipper_left'====== Args={'value': 3, 'prev_value': 2, 'change': 1}
2026-04-13 17:27:15,170 : INFO : SwitchController : <<<<<<< 's_flipper_left' inactive >>>>>>>
2026-04-13 17:27:15,468 : WARNING : BcpInterface : Received BCP switch message with invalid switchname: 's_flipper_right'
2026-04-13 17:27:15,586 : WARNING : BcpInterface : Received BCP switch message with invalid switchname: 's_flipper_right'
2026-04-13 17:27:17,121 : WARNING : BcpInterface : Received BCP switch message with invalid switchname: 's_flipper_right'
2026-04-13 17:27:17,234 : WARNING : BcpInterface : Received BCP switch message with invalid switchname: 's_flipper_right'
2026-04-13 17:27:19,934 : INFO : SwitchController : <<<<<<< 's_sling_right' active >>>>>>>
2026-04-13 17:27:19,934 : INFO : EventManager : Event: ======'playfield_active'====== Args={'source': 'slingshot_right'}
2026-04-13 17:27:19,935 : INFO : EventManager : Event: ======'s_sling_right_active'====== Args={}
2026-04-13 17:27:19,935 : INFO : EventManager : Event: ======'machine_var_audits_switches_s_sling_right'====== Args={'value': 26, 'prev_value': 25, 'change': 1}
2026-04-13 17:27:19,936 : INFO : EventManager : Event: ======'player_shot_slingshot_right'====== Args={'value': 1, 'prev_value': 0, 'change': 1, 'player_num': 1}
2026-04-13 17:27:19,936 : INFO : EventManager : Event: ======'machine_var_audits_shots_slingshot_right'====== Args={'value': 26, 'prev_value': 25, 'change': 1}
2026-04-13 17:27:19,937 : INFO : EventManager : Event: ======'slingshot_right_hit'====== Args={'profile': 'default', 'state': 'unlit', 'advancing': True}
2026-04-13 17:27:19,937 : INFO : EventManager : Event: ======'slingshot_right_default_hit'====== Args={'profile': 'default', 'state': 'unlit', 'advancing': True}
2026-04-13 17:27:19,937 : INFO : EventManager : Event: ======'slingshot_right_default_unlit_hit'====== Args={'profile': 'default', 'state': 'unlit', 'advancing': True}
2026-04-13 17:27:19,937 : INFO : EventManager : Event: ======'slingshot_right_unlit_hit'====== Args={'profile': 'default', 'state': 'unlit', 'advancing': True}
2026-04-13 17:27:19,937 : INFO : EventManager : Event: ======'slingshots_complete'====== Args={'state': 'lit'}
2026-04-13 17:27:19,937 : INFO : EventManager : Event: ======'slingshots_lit_complete'====== Args={}
2026-04-13 17:27:19,937 : INFO : EventManager : Event: ======'slingshots_hit'====== Args={'shot': 'slingshot_right'}
2026-04-13 17:27:19,937 : INFO : EventManager : Event: ======'slingshots_unlit_hit'====== Args={'shot': 'slingshot_right'}
2026-04-13 17:27:19,937 : INFO : EventManager : Event: ======'player_score'====== Args={'value': 93000, 'prev_value': 92000, 'change': 1000, 'player_num': 1, 'source': 'slingshots'}
2026-04-13 17:27:20,034 : INFO : SwitchController : <<<<<<< 's_sling_right' inactive >>>>>>>
2026-04-13 17:27:20,557 : INFO : EventManager : Event: ======'balldevice_bd_plunger_ball_eject_failed'====== Args={'target': <playfield.playfield>, 'balls': 1, 'retry': True, 'num_attempts': 8}
2026-04-13 17:27:20,559 : INFO : ball_device.bd_plunger : State: waiting_for_target_ready
2026-04-13 17:27:20,559 : INFO : EventManager : Event: ======'balldevice_bd_plunger_ball_eject_attempt'====== Args={'balls': 1, 'target': <playfield.playfield>, 'source': <ball_device.bd_plunger>, 'mechanical_eject': False, 'num_attempts': 8}
2026-04-13 17:27:20,560 : INFO : ball_device.bd_plunger : State: ejecting
2026-04-13 17:27:20,561 : INFO : ball_device.bd_plunger : Ejecting ball to <playfield.playfield>
2026-04-13 17:27:20,561 : INFO : EventManager : Event: ======'balldevice_bd_plunger_ejecting_ball'====== Args={'balls': 1, 'target': <playfield.playfield>, 'source': <ball_device.bd_plunger>, 'mechanical_eject': False, 'num_attempts': 8}
2026-04-13 17:27:20,561 : INFO : ball_device.bd_plunger : Wait for ball to leave device
2026-04-13 17:27:20,868 : INFO : SwitchController : <<<<<<< 's_sling_left' active >>>>>>>
2026-04-13 17:27:20,868 : INFO : EventManager : Event: ======'playfield_active'====== Args={'source': 'slingshot_left'}
2026-04-13 17:27:20,868 : INFO : EventManager : Event: ======'s_sling_left_active'====== Args={}
2026-04-13 17:27:20,868 : INFO : EventManager : Event: ======'machine_var_audits_switches_s_sling_left'====== Args={'value': 38, 'prev_value': 37, 'change': 1}
2026-04-13 17:27:20,869 : INFO : EventManager : Event: ======'machine_var_audits_shots_slingshot_left'====== Args={'value': 38, 'prev_value': 37, 'change': 1}
2026-04-13 17:27:20,869 : INFO : EventManager : Event: ======'slingshot_left_hit'====== Args={'profile': 'default', 'state': 'lit', 'advancing': False}
2026-04-13 17:27:20,869 : INFO : EventManager : Event: ======'slingshot_left_default_hit'====== Args={'profile': 'default', 'state': 'lit', 'advancing': False}
2026-04-13 17:27:20,869 : INFO : EventManager : Event: ======'slingshot_left_default_lit_hit'====== Args={'profile': 'default', 'state': 'lit', 'advancing': False}
2026-04-13 17:27:20,869 : INFO : EventManager : Event: ======'slingshot_left_lit_hit'====== Args={'profile': 'default', 'state': 'lit', 'advancing': False}
2026-04-13 17:27:20,869 : INFO : EventManager : Event: ======'slingshots_hit'====== Args={'shot': 'slingshot_left'}
2026-04-13 17:27:20,869 : INFO : EventManager : Event: ======'slingshots_lit_hit'====== Args={'shot': 'slingshot_left'}
2026-04-13 17:27:20,870 : INFO : EventManager : Event: ======'player_score'====== Args={'value': 94000, 'prev_value': 93000, 'change': 1000, 'player_num': 1, 'source': 'slingshots'}
2026-04-13 17:27:20,967 : INFO : SwitchController : <<<<<<< 's_sling_left' inactive >>>>>>>
2026-04-13 17:27:30,576 : INFO : EventManager : Event: ======'balldevice_bd_plunger_ball_eject_failed'====== Args={'target': <playfield.playfield>, 'balls': 1, 'retry': True, 'num_attempts': 9}
2026-04-13 17:27:30,577 : INFO : ball_device.bd_plunger : State: waiting_for_target_ready
2026-04-13 17:27:30,579 : INFO : EventManager : Event: ======'balldevice_bd_plunger_ball_eject_attempt'====== Args={'balls': 1, 'target': <playfield.playfield>, 'source': <ball_device.bd_plunger>, 'mechanical_eject': False, 'num_attempts': 9}
2026-04-13 17:27:30,579 : INFO : ball_device.bd_plunger : State: ejecting
2026-04-13 17:27:30,579 : INFO : ball_device.bd_plunger : Ejecting ball to <playfield.playfield>
2026-04-13 17:27:30,579 : INFO : EventManager : Event: ======'balldevice_bd_plunger_ejecting_ball'====== Args={'balls': 1, 'target': <playfield.playfield>, 'source': <ball_device.bd_plunger>, 'mechanical_eject': False, 'num_attempts': 9}
2026-04-13 17:27:30,580 : INFO : ball_device.bd_plunger : Wait for ball to leave device
2026-04-13 17:27:40,580 : INFO : EventManager : Event: ======'balldevice_bd_plunger_ball_eject_failed'====== Args={'target': <playfield.playfield>, 'balls': 1, 'retry': True, 'num_attempts': 10}
2026-04-13 17:27:40,582 : INFO : ball_device.bd_plunger : State: waiting_for_target_ready
2026-04-13 17:27:40,582 : INFO : EventManager : Event: ======'balldevice_bd_plunger_ball_eject_attempt'====== Args={'balls': 1, 'target': <playfield.playfield>, 'source': <ball_device.bd_plunger>, 'mechanical_eject': False, 'num_attempts': 10}
2026-04-13 17:27:40,583 : INFO : ball_device.bd_plunger : State: ejecting
2026-04-13 17:27:40,583 : INFO : ball_device.bd_plunger : Ejecting ball to <playfield.playfield>
2026-04-13 17:27:40,583 : INFO : EventManager : Event: ======'balldevice_bd_plunger_ejecting_ball'====== Args={'balls': 1, 'target': <playfield.playfield>, 'source': <ball_device.bd_plunger>, 'mechanical_eject': False, 'num_attempts': 10}
2026-04-13 17:27:40,584 : INFO : ball_device.bd_plunger : Wait for ball to leave device
2026-04-13 17:27:50,588 : INFO : EventManager : Event: ======'balldevice_bd_plunger_ball_eject_failed'====== Args={'target': <playfield.playfield>, 'balls': 1, 'retry': True, 'num_attempts': 11}
2026-04-13 17:27:50,589 : INFO : ball_device.bd_plunger : State: waiting_for_target_ready
2026-04-13 17:27:50,589 : INFO : EventManager : Event: ======'balldevice_bd_plunger_ball_eject_attempt'====== Args={'balls': 1, 'target': <playfield.playfield>, 'source': <ball_device.bd_plunger>, 'mechanical_eject': False, 'num_attempts': 11}
2026-04-13 17:27:50,590 : INFO : ball_device.bd_plunger : State: ejecting
2026-04-13 17:27:50,590 : INFO : ball_device.bd_plunger : Ejecting ball to <playfield.playfield>
2026-04-13 17:27:50,591 : INFO : EventManager : Event: ======'balldevice_bd_plunger_ejecting_ball'====== Args={'balls': 1, 'target': <playfield.playfield>, 'source': <ball_device.bd_plunger>, 'mechanical_eject': False, 'num_attempts': 11}
2026-04-13 17:27:50,591 : INFO : ball_device.bd_plunger : Wait for ball to leave device
2026-04-13 17:27:53,397 : INFO : SwitchController : <<<<<<< 's_sling_left' active >>>>>>>
2026-04-13 17:27:53,397 : INFO : EventManager : Event: ======'playfield_active'====== Args={'source': 'slingshot_left'}
2026-04-13 17:27:53,397 : INFO : EventManager : Event: ======'s_sling_left_active'====== Args={}
2026-04-13 17:27:53,399 : INFO : EventManager : Event: ======'machine_var_audits_switches_s_sling_left'====== Args={'value': 39, 'prev_value': 38, 'change': 1}
2026-04-13 17:27:53,400 : INFO : EventManager : Event: ======'machine_var_audits_shots_slingshot_left'====== Args={'value': 39, 'prev_value': 38, 'change': 1}
2026-04-13 17:27:53,400 : INFO : EventManager : Event: ======'slingshot_left_hit'====== Args={'profile': 'default', 'state': 'lit', 'advancing': False}
2026-04-13 17:27:53,400 : INFO : EventManager : Event: ======'slingshot_left_default_hit'====== Args={'profile': 'default', 'state': 'lit', 'advancing': False}
2026-04-13 17:27:53,401 : INFO : EventManager : Event: ======'slingshot_left_default_lit_hit'====== Args={'profile': 'default', 'state': 'lit', 'advancing': False}
2026-04-13 17:27:53,401 : INFO : EventManager : Event: ======'slingshot_left_lit_hit'====== Args={'profile': 'default', 'state': 'lit', 'advancing': False}
2026-04-13 17:27:53,401 : INFO : EventManager : Event: ======'slingshots_hit'====== Args={'shot': 'slingshot_left'}
2026-04-13 17:27:53,401 : INFO : EventManager : Event: ======'slingshots_lit_hit'====== Args={'shot': 'slingshot_left'}
2026-04-13 17:27:53,401 : INFO : EventManager : Event: ======'player_score'====== Args={'value': 95000, 'prev_value': 94000, 'change': 1000, 'player_num': 1, 'source': 'slingshots'}
2026-04-13 17:27:53,498 : INFO : SwitchController : <<<<<<< 's_sling_left' inactive >>>>>>>
2026-04-13 17:28:00,607 : INFO : EventManager : Event: ======'balldevice_bd_plunger_ball_eject_failed'====== Args={'target': <playfield.playfield>, 'balls': 1, 'retry': True, 'num_attempts': 12}
2026-04-13 17:28:00,608 : INFO : ball_device.bd_plunger : State: waiting_for_target_ready
2026-04-13 17:28:00,608 : INFO : EventManager : Event: ======'balldevice_bd_plunger_ball_eject_attempt'====== Args={'balls': 1, 'target': <playfield.playfield>, 'source': <ball_device.bd_plunger>, 'mechanical_eject': False, 'num_attempts': 12}
2026-04-13 17:28:00,609 : INFO : ball_device.bd_plunger : State: ejecting
2026-04-13 17:28:00,609 : INFO : ball_device.bd_plunger : Ejecting ball to <playfield.playfield>
2026-04-13 17:28:00,609 : INFO : EventManager : Event: ======'balldevice_bd_plunger_ejecting_ball'====== Args={'balls': 1, 'target': <playfield.playfield>, 'source': <ball_device.bd_plunger>, 'mechanical_eject': False, 'num_attempts': 12}
2026-04-13 17:28:00,609 : INFO : ball_device.bd_plunger : Wait for ball to leave device
2026-04-13 17:28:10,621 : INFO : EventManager : Event: ======'balldevice_bd_plunger_ball_eject_failed'====== Args={'target': <playfield.playfield>, 'balls': 1, 'retry': True, 'num_attempts': 13}
2026-04-13 17:28:10,623 : INFO : ball_device.bd_plunger : State: waiting_for_target_ready
2026-04-13 17:28:10,623 : INFO : EventManager : Event: ======'balldevice_bd_plunger_ball_eject_attempt'====== Args={'balls': 1, 'target': <playfield.playfield>, 'source': <ball_device.bd_plunger>, 'mechanical_eject': False, 'num_attempts': 13}
2026-04-13 17:28:10,623 : INFO : ball_device.bd_plunger : State: ejecting
2026-04-13 17:28:10,624 : INFO : ball_device.bd_plunger : Ejecting ball to <playfield.playfield>
2026-04-13 17:28:10,624 : INFO : EventManager : Event: ======'balldevice_bd_plunger_ejecting_ball'====== Args={'balls': 1, 'target': <playfield.playfield>, 'source': <ball_device.bd_plunger>, 'mechanical_eject': False, 'num_attempts': 13}
2026-04-13 17:28:10,624 : INFO : ball_device.bd_plunger : Wait for ball to leave device
2026-04-13 17:28:20,628 : INFO : EventManager : Event: ======'balldevice_bd_plunger_ball_eject_failed'====== Args={'target': <playfield.playfield>, 'balls': 1, 'retry': True, 'num_attempts': 14}
2026-04-13 17:28:20,629 : INFO : ball_device.bd_plunger : State: waiting_for_target_ready
2026-04-13 17:28:20,629 : INFO : EventManager : Event: ======'balldevice_bd_plunger_ball_eject_attempt'====== Args={'balls': 1, 'target': <playfield.playfield>, 'source': <ball_device.bd_plunger>, 'mechanical_eject': False, 'num_attempts': 14}
2026-04-13 17:28:20,631 : INFO : ball_device.bd_plunger : State: ejecting
2026-04-13 17:28:20,631 : INFO : ball_device.bd_plunger : Ejecting ball to <playfield.playfield>
2026-04-13 17:28:20,631 : INFO : EventManager : Event: ======'balldevice_bd_plunger_ejecting_ball'====== Args={'balls': 1, 'target': <playfield.playfield>, 'source': <ball_device.bd_plunger>, 'mechanical_eject': False, 'num_attempts': 14}
2026-04-13 17:28:20,631 : INFO : ball_device.bd_plunger : Wait for ball to leave device
2026-04-13 17:28:30,647 : INFO : EventManager : Event: ======'balldevice_bd_plunger_ball_eject_failed'====== Args={'target': <playfield.playfield>, 'balls': 1, 'retry': True, 'num_attempts': 15}
2026-04-13 17:28:30,648 : INFO : ball_device.bd_plunger : State: waiting_for_target_ready
2026-04-13 17:28:30,649 : INFO : EventManager : Event: ======'balldevice_bd_plunger_ball_eject_attempt'====== Args={'balls': 1, 'target': <playfield.playfield>, 'source': <ball_device.bd_plunger>, 'mechanical_eject': False, 'num_attempts': 15}
2026-04-13 17:28:30,649 : INFO : ball_device.bd_plunger : State: ejecting
2026-04-13 17:28:30,649 : INFO : ball_device.bd_plunger : Ejecting ball to <playfield.playfield>
2026-04-13 17:28:30,649 : INFO : EventManager : Event: ======'balldevice_bd_plunger_ejecting_ball'====== Args={'balls': 1, 'target': <playfield.playfield>, 'source': <ball_device.bd_plunger>, 'mechanical_eject': False, 'num_attempts': 15}
2026-04-13 17:28:30,650 : INFO : ball_device.bd_plunger : Wait for ball to leave device
2026-04-13 17:28:40,663 : INFO : EventManager : Event: ======'balldevice_bd_plunger_ball_eject_failed'====== Args={'target': <playfield.playfield>, 'balls': 1, 'retry': True, 'num_attempts': 16}
2026-04-13 17:28:40,665 : INFO : ball_device.bd_plunger : State: waiting_for_target_ready
2026-04-13 17:28:40,665 : INFO : EventManager : Event: ======'balldevice_bd_plunger_ball_eject_attempt'====== Args={'balls': 1, 'target': <playfield.playfield>, 'source': <ball_device.bd_plunger>, 'mechanical_eject': False, 'num_attempts': 16}
2026-04-13 17:28:40,665 : INFO : ball_device.bd_plunger : State: ejecting
2026-04-13 17:28:40,666 : INFO : ball_device.bd_plunger : Ejecting ball to <playfield.playfield>
2026-04-13 17:28:40,666 : INFO : EventManager : Event: ======'balldevice_bd_plunger_ejecting_ball'====== Args={'balls': 1, 'target': <playfield.playfield>, 'source': <ball_device.bd_plunger>, 'mechanical_eject': False, 'num_attempts': 16}
2026-04-13 17:28:40,666 : INFO : ball_device.bd_plunger : Wait for ball to leave device
2026-04-13 17:28:49,392 : INFO : SwitchController : <<<<<<< 's_sling_right' active >>>>>>>
2026-04-13 17:28:49,392 : INFO : EventManager : Event: ======'playfield_active'====== Args={'source': 'slingshot_right'}
2026-04-13 17:28:49,392 : INFO : EventManager : Event: ======'s_sling_right_active'====== Args={}
2026-04-13 17:28:49,392 : INFO : EventManager : Event: ======'machine_var_audits_switches_s_sling_right'====== Args={'value': 27, 'prev_value': 26, 'change': 1}
2026-04-13 17:28:49,394 : INFO : EventManager : Event: ======'machine_var_audits_shots_slingshot_right'====== Args={'value': 27, 'prev_value': 26, 'change': 1}
2026-04-13 17:28:49,395 : INFO : EventManager : Event: ======'slingshot_right_hit'====== Args={'profile': 'default', 'state': 'lit', 'advancing': False}
2026-04-13 17:28:49,395 : INFO : EventManager : Event: ======'slingshot_right_default_hit'====== Args={'profile': 'default', 'state': 'lit', 'advancing': False}
2026-04-13 17:28:49,395 : INFO : EventManager : Event: ======'slingshot_right_default_lit_hit'====== Args={'profile': 'default', 'state': 'lit', 'advancing': False}
2026-04-13 17:28:49,395 : INFO : EventManager : Event: ======'slingshot_right_lit_hit'====== Args={'profile': 'default', 'state': 'lit', 'advancing': False}
2026-04-13 17:28:49,395 : INFO : EventManager : Event: ======'slingshots_hit'====== Args={'shot': 'slingshot_right'}
2026-04-13 17:28:49,395 : INFO : EventManager : Event: ======'slingshots_lit_hit'====== Args={'shot': 'slingshot_right'}
2026-04-13 17:28:49,395 : INFO : EventManager : Event: ======'player_score'====== Args={'value': 96000, 'prev_value': 95000, 'change': 1000, 'player_num': 1, 'source': 'slingshots'}
2026-04-13 17:28:49,491 : INFO : SwitchController : <<<<<<< 's_sling_right' inactive >>>>>>>
2026-04-13 17:28:50,675 : INFO : EventManager : Event: ======'balldevice_bd_plunger_ball_eject_failed'====== Args={'target': <playfield.playfield>, 'balls': 1, 'retry': True, 'num_attempts': 17}
2026-04-13 17:28:50,677 : INFO : ball_device.bd_plunger : State: waiting_for_target_ready
2026-04-13 17:28:50,677 : INFO : EventManager : Event: ======'balldevice_bd_plunger_ball_eject_attempt'====== Args={'balls': 1, 'target': <playfield.playfield>, 'source': <ball_device.bd_plunger>, 'mechanical_eject': False, 'num_attempts': 17}
2026-04-13 17:28:50,677 : INFO : ball_device.bd_plunger : State: ejecting
2026-04-13 17:28:50,677 : INFO : ball_device.bd_plunger : Ejecting ball to <playfield.playfield>
2026-04-13 17:28:50,677 : INFO : EventManager : Event: ======'balldevice_bd_plunger_ejecting_ball'====== Args={'balls': 1, 'target': <playfield.playfield>, 'source': <ball_device.bd_plunger>, 'mechanical_eject': False, 'num_attempts': 17}
2026-04-13 17:28:50,677 : INFO : ball_device.bd_plunger : Wait for ball to leave device
2026-04-13 17:28:54,853 : INFO : Machine : Shutting down...
2026-04-13 17:28:54,853 : INFO : EventManager : Event: ======'shutdown'====== Args={}
2026-04-13 17:28:54,856 : INFO : EventManager : Event: ======'mode_game_will_stop'====== Args={}
2026-04-13 17:28:54,856 : INFO : EventManager : Event: ======'mode_game_stopping'====== Args={}
2026-04-13 17:28:54,857 : INFO : EventManager : Event: ======'mode_slingshots_will_stop'====== Args={}
2026-04-13 17:28:54,857 : INFO : EventManager : Event: ======'mode_slingshots_stopping'====== Args={}
2026-04-13 17:28:54,857 : INFO : EventManager : Event: ======'mode_base_will_stop'====== Args={}
2026-04-13 17:28:54,858 : INFO : EventManager : Event: ======'mode_base_stopping'====== Args={}
2026-04-13 17:28:54,858 : INFO : EventManager : Event: ======'stop_mode_slingshots'====== Args={'priority': 0}
2026-04-13 17:28:54,858 : INFO : Mode.base : Stopped.
2026-04-13 17:28:54,859 : INFO : EventManager : Event: ======'modes_active_modes_changed'====== Args={}
2026-04-13 17:28:54,859 : INFO : EventManager : Event: ======'mode_base_stopped'====== Args={}
2026-04-13 17:28:54,859 : INFO : EventManager : Event: ======'clear'====== Args={'key': 'base'}
2026-04-13 17:28:54,859 : INFO : Mode.slingshots : Stopped.
2026-04-13 17:28:54,860 : INFO : EventManager : Event: ======'modes_active_modes_changed'====== Args={}
2026-04-13 17:28:54,860 : INFO : EventManager : Event: ======'mode_slingshots_stopped'====== Args={}
2026-04-13 17:28:54,860 : INFO : EventManager : Event: ======'clear'====== Args={'key': 'slingshots'}
2026-04-13 17:28:54,860 : INFO : Mode.game : Stopped.
2026-04-13 17:28:54,861 : INFO : EventManager : Event: ======'modes_active_modes_changed'====== Args={}
2026-04-13 17:28:54,861 : INFO : EventManager : Event: ======'mode_game_stopped'====== Args={}
2026-04-13 17:28:54,861 : INFO : EventManager : Event: ======'clear'====== Args={'key': 'game'}
2026-04-13 17:28:54,865 : INFO : root : MPF run loop ended.
