2026-04-13 20:10:55,301 : INFO : root : Loading config.
2026-04-13 20:10:55,304 : INFO : YamlMultifileConfigLoader : Machine config file #1: config.yaml
2026-04-13 20:10:55,305 : INFO : ConfigProcessor : Loading config from cache: C:\Users\Lukas\AppData\Local\Temp\32f39c1debf2d9ee836c41c94f408ffc.mpf_cache
2026-04-13 20:10:55,365 : DEBUG : YamlMultifileConfigLoader : Loading mode attract from C:\Users\Lukas\mpftspp\lib\site-packages\mpf\modes\attract\config\attract.yaml
2026-04-13 20:10:55,365 : DEBUG : YamlMultifileConfigLoader : Loading mode attract from C:\Users\Lukas\mpftspp\lib\site-packages\mpf\modes\attract\config\attract.yaml
2026-04-13 20:10:55,366 : INFO : ConfigProcessor : Loading config from cache: C:\Users\Lukas\AppData\Local\Temp\1cf6e080e232be7da984fc3f9f606af5.mpf_cache
2026-04-13 20:10:55,366 : DEBUG : YamlMultifileConfigLoader : Loading mode game from C:\Users\Lukas\mpftspp\lib\site-packages\mpf\modes\game\config\game.yaml
2026-04-13 20:10:55,367 : INFO : ConfigProcessor : Loading config from cache: C:\Users\Lukas\AppData\Local\Temp\d5d281e4d67cd36b56e6e575dc21d22a.mpf_cache
2026-04-13 20:10:55,368 : DEBUG : YamlMultifileConfigLoader : Loading mode attract from C:\Users\Lukas\mpftspp\lib\site-packages\mpf\modes\attract\config\attract.yaml
2026-04-13 20:10:55,368 : DEBUG : YamlMultifileConfigLoader : Loading mode attract from C:\Users\Lukas\mpftspp\lib\site-packages\mpf\modes\attract\config\attract.yaml
2026-04-13 20:10:55,369 : INFO : ConfigProcessor : Loading config from cache: C:\Users\Lukas\AppData\Local\Temp\1cf6e080e232be7da984fc3f9f606af5.mpf_cache
2026-04-13 20:10:55,369 : DEBUG : YamlMultifileConfigLoader : Loading mode base from C:\Users\Lukas\mpftspp\lib\site-packages\mpf\modes\base\config\base.yaml
2026-04-13 20:10:55,369 : INFO : ConfigProcessor : Loading config from cache: C:\Users\Lukas\AppData\Local\Temp\e915a77df2eb7c954f1557e6bd49ea48.mpf_cache
2026-04-13 20:10:55,370 : DEBUG : YamlMultifileConfigLoader : Loading mode slingshots from C:\Users\Lukas\mpftspp\lib\site-packages\mpf\modes\slingshots\config\slingshots.yaml
2026-04-13 20:10:55,370 : INFO : ConfigProcessor : Loading config from cache: C:\Users\Lukas\AppData\Local\Temp\6720abd7d78775ec476d92be447cc36c.mpf_cache
2026-04-13 20:10:55,371 : DEBUG : YamlMultifileConfigLoader : Loading mode hurryup from C:\Users\Lukas\mpftspp\lib\site-packages\mpf\modes\hurryup\config\hurryup.yaml
2026-04-13 20:10:55,371 : INFO : ConfigProcessor : Loading config from cache: C:\Users\Lukas\AppData\Local\Temp\5c55177e8fd0a80aca73e5066ec16461.mpf_cache
2026-04-13 20:10:55,372 : INFO : Machine : Mission Pinball Framework Core Engine v0.80.0.dev14
2026-04-13 20:10:55,372 : INFO : Machine : Command line arguments: {'no_load_cache': False, 'create_config_cache': True, 'bcp': True, 'configfile': ['config.yaml'], 'force_assets_load': False, 'platform_integration_test': False, 'jsonlogging': False, 'logfile': 'logs\\2026-04-13-20-10-55-mpf-DESKTOP-24N7989.log', 'pause': False, 'production': False, 'text_ui': True, 'loglevel': 10, 'consoleloglevel': 20, 'force_platform': None, 'syslog_address': None, 'full_logfile_path': 'C:\\Users\\Lukas\\Documents\\TSPP\\logs\\2026-04-13-20-10-55-mpf-DESKTOP-24N7989.log'}
2026-04-13 20:10:55,372 : INFO : Machine : MPF path: C:\Users\Lukas\mpftspp\lib\site-packages\mpf
2026-04-13 20:10:55,372 : INFO : Machine : Machine path: C:\Users\Lukas\Documents\TSPP
2026-04-13 20:10:55,372 : INFO : Machine : Platform: win32
2026-04-13 20:10:55,372 : INFO : Machine : Python executable location: C:\Users\Lukas\mpftspp\Scripts\python.exe
2026-04-13 20:10:55,372 : INFO : Machine : Python version: 3.10.0 (64-bit)
2026-04-13 20:10:55,373 : DEBUG : asyncio : Using proactor: IocpProactor
2026-04-13 20:10:55,386 : INFO : Machine : Initializing MPF...
2026-04-13 20:10:55,451 : DEBUG : asciimatics.widgets.layout : Updating: None
2026-04-13 20:10:55,451 : DEBUG : asciimatics.widgets.layout : Updating: None
2026-04-13 20:10:55,451 : DEBUG : asciimatics.widgets.layout : Updating: None
2026-04-13 20:10:55,451 : DEBUG : asciimatics.widgets.layout : Updating: None
2026-04-13 20:10:55,451 : DEBUG : asciimatics.widgets.layout : Updating: None
2026-04-13 20:10:55,451 : DEBUG : asciimatics.widgets.layout : Updating: None
2026-04-13 20:10:55,451 : DEBUG : asciimatics.widgets.layout : Updating: None
2026-04-13 20:10:55,451 : DEBUG : asciimatics.widgets.layout : Updating: None
2026-04-13 20:10:55,451 : DEBUG : asciimatics.widgets.layout : Updating: None
2026-04-13 20:10:55,451 : DEBUG : asciimatics.widgets.layout : Updating: None
2026-04-13 20:10:55,451 : DEBUG : asciimatics.widgets.layout : Updating: None
2026-04-13 20:10:55,451 : DEBUG : asciimatics.widgets.layout : Updating: None
2026-04-13 20:10:55,451 : DEBUG : asciimatics.widgets.widget : Widget blur: <asciimatics.widgets.label.Label object at 0x0000012A1525DBE0>
2026-04-13 20:10:55,451 : DEBUG : asciimatics.widgets.widget : Widget blur: <asciimatics.widgets.label.Label object at 0x0000012A1540D150>
2026-04-13 20:10:55,451 : DEBUG : asciimatics.widgets.widget : Widget blur: <asciimatics.widgets.label.Label object at 0x0000012A1540D2F0>
2026-04-13 20:10:55,451 : DEBUG : asciimatics.widgets.layout : Blur: <asciimatics.widgets.layout.Layout object at 0x0000012A15671240>
2026-04-13 20:10:55,452 : DEBUG : asciimatics.widgets.layout : Blur: <mpf.core.text_ui.MpfLayout object at 0x0000012A15684270>
2026-04-13 20:10:55,452 : DEBUG : asciimatics.widgets.layout : Updating: None
2026-04-13 20:10:55,452 : DEBUG : asciimatics.widgets.layout : Updating: None
2026-04-13 20:10:55,452 : DEBUG : asciimatics.widgets.layout : Updating: None
2026-04-13 20:10:55,452 : DEBUG : asciimatics.widgets.layout : Updating: None
2026-04-13 20:10:55,452 : DEBUG : asciimatics.widgets.layout : Updating: None
2026-04-13 20:10:55,452 : DEBUG : asciimatics.widgets.layout : Updating: None
2026-04-13 20:10:55,452 : DEBUG : asciimatics.widgets.widget : Widget blur: <asciimatics.widgets.label.Label object at 0x0000012A1540D700>
2026-04-13 20:10:55,452 : DEBUG : asciimatics.widgets.widget : Widget blur: <asciimatics.widgets.label.Label object at 0x0000012A1540D630>
2026-04-13 20:10:55,452 : DEBUG : asciimatics.widgets.widget : Widget blur: <asciimatics.widgets.label.Label object at 0x0000012A1540D7D0>
2026-04-13 20:10:55,452 : DEBUG : asciimatics.widgets.widget : Widget blur: <asciimatics.widgets.label.Label object at 0x0000012A1540D560>
2026-04-13 20:10:55,452 : DEBUG : asciimatics.widgets.widget : Widget blur: <asciimatics.widgets.label.Label object at 0x0000012A1540D490>
2026-04-13 20:10:55,452 : DEBUG : asciimatics.widgets.widget : Widget blur: <asciimatics.widgets.label.Label object at 0x0000012A1540D3C0>
2026-04-13 20:10:55,452 : DEBUG : asciimatics.widgets.layout : Blur: <asciimatics.widgets.layout.Layout object at 0x0000012A15671300>
2026-04-13 20:10:55,452 : DEBUG : asciimatics.widgets.layout : Focus: <asciimatics.widgets.layout.Layout object at 0x0000012A15671240>
2026-04-13 20:10:55,452 : DEBUG : asciimatics.widgets.layout : Focus: <mpf.core.text_ui.MpfLayout object at 0x0000012A15684270>
2026-04-13 20:10:55,452 : DEBUG : asciimatics.widgets.layout : Focus: <asciimatics.widgets.layout.Layout object at 0x0000012A15671300>
2026-04-13 20:10:55,452 : DEBUG : asciimatics.widgets.frame : Cloning: Test
2026-04-13 20:10:55,452 : DEBUG : asciimatics.widgets.layout : Updating: None
2026-04-13 20:10:55,452 : DEBUG : asciimatics.widgets.layout : Updating: None
2026-04-13 20:10:55,452 : DEBUG : asciimatics.widgets.layout : Updating: None
2026-04-13 20:10:55,452 : DEBUG : asciimatics.widgets.layout : Updating: None
2026-04-13 20:10:55,452 : DEBUG : asciimatics.widgets.layout : Updating: None
2026-04-13 20:10:55,452 : DEBUG : asciimatics.widgets.layout : Updating: None
2026-04-13 20:10:55,452 : DEBUG : asciimatics.widgets.layout : Updating: None
2026-04-13 20:10:55,452 : DEBUG : asciimatics.widgets.layout : Updating: None
2026-04-13 20:10:55,452 : DEBUG : asciimatics.widgets.layout : Updating: None
2026-04-13 20:10:55,452 : DEBUG : asciimatics.widgets.layout : Updating: None
2026-04-13 20:10:55,452 : DEBUG : asciimatics.widgets.layout : Updating: None
2026-04-13 20:10:55,452 : DEBUG : asciimatics.widgets.layout : Updating: None
2026-04-13 20:10:55,452 : DEBUG : asciimatics.widgets.layout : Updating: None
2026-04-13 20:10:55,452 : DEBUG : asciimatics.widgets.layout : Updating: None
2026-04-13 20:10:55,452 : DEBUG : asciimatics.widgets.layout : Updating: None
2026-04-13 20:10:55,452 : DEBUG : asciimatics.widgets.layout : Updating: None
2026-04-13 20:10:55,452 : DEBUG : asciimatics.widgets.layout : Updating: None
2026-04-13 20:10:55,452 : DEBUG : asciimatics.widgets.layout : Updating: None
2026-04-13 20:10:55,456 : DEBUG : asciimatics.screen : Processing key: d
2026-04-13 20:10:55,800 : INFO : OPP : Connecting to COM4 at 115200bps
2026-04-13 20:10:56,464 : DEBUG : asciimatics.screen : Processing mouse: 61, 11
2026-04-13 20:10:56,464 : DEBUG : asciimatics.widgets.frame : New event: MouseEvent (61, 11) 0
2026-04-13 20:10:59,456 : DEBUG : asciimatics.screen : Processing mouse: 55, 12
2026-04-13 20:10:59,456 : DEBUG : asciimatics.widgets.frame : New event: MouseEvent (55, 12) 0
2026-04-13 20:11:00,455 : DEBUG : asciimatics.screen : Processing mouse: 3, 13
2026-04-13 20:11:00,455 : DEBUG : asciimatics.widgets.frame : New event: MouseEvent (3, 13) 0
2026-04-13 20:11:03,456 : DEBUG : asciimatics.screen : Processing mouse: 26, 11
2026-04-13 20:11:03,456 : DEBUG : asciimatics.widgets.frame : New event: MouseEvent (26, 11) 0
2026-04-13 20:11:03,457 : DEBUG : asciimatics.screen : Processing mouse: 26, 11
2026-04-13 20:11:03,457 : DEBUG : asciimatics.widgets.frame : New event: MouseEvent (26, 11) 1
2026-04-13 20:11:03,457 : DEBUG : asciimatics.widgets.frame : Blurring: [<asciimatics.widgets.frame.Frame object at 0x0000012A1536EA10>]
2026-04-13 20:11:03,458 : DEBUG : asciimatics.screen : Processing mouse: 26, 11
2026-04-13 20:11:03,458 : DEBUG : asciimatics.widgets.frame : New event: MouseEvent (26, 11) 0
2026-04-13 20:11:03,459 : DEBUG : asciimatics.screen : Processing mouse: 25, 10
2026-04-13 20:11:03,459 : DEBUG : asciimatics.widgets.frame : New event: MouseEvent (25, 10) 0
2026-04-13 20:11:04,103 : INFO : Machine : Starting the main run loop with active modes: []
2026-04-13 20:11:04,103 : ERROR : root : 'attract'
Traceback (most recent call last):
  File "C:\Users\Lukas\mpftspp\lib\site-packages\mpf\commands\game.py", line 229, in __init__
    self.machine.run()
  File "C:\Users\Lukas\mpftspp\lib\site-packages\mpf\core\machine.py", line 703, in run
    if not self.modes['attract'] in self.mode_controller.active_modes:
KeyError: 'attract'
