2026-04-13 19:46:57,194 : INFO : root : Loading config.
2026-04-13 19:46:57,199 : INFO : YamlMultifileConfigLoader : Machine config file #1: config.yaml
2026-04-13 19:46:57,202 : INFO : ConfigProcessor : Loading config from cache: C:\Users\Lukas\AppData\Local\Temp\32f39c1debf2d9ee836c41c94f408ffc.mpf_cache
2026-04-13 19:46:57,325 : DEBUG : YamlMultifileConfigLoader : Loading mode attract from C:\Users\Lukas\mpftspp\lib\site-packages\mpf\modes\attract\config\attract.yaml
2026-04-13 19:46:57,326 : DEBUG : YamlMultifileConfigLoader : Loading mode attract from C:\Users\Lukas\mpftspp\lib\site-packages\mpf\modes\attract\config\attract.yaml
2026-04-13 19:46:57,327 : INFO : ConfigProcessor : Loading config from cache: C:\Users\Lukas\AppData\Local\Temp\1cf6e080e232be7da984fc3f9f606af5.mpf_cache
2026-04-13 19:46:57,328 : DEBUG : YamlMultifileConfigLoader : Loading mode game from C:\Users\Lukas\mpftspp\lib\site-packages\mpf\modes\game\config\game.yaml
2026-04-13 19:46:57,329 : INFO : ConfigProcessor : Loading config from cache: C:\Users\Lukas\AppData\Local\Temp\d5d281e4d67cd36b56e6e575dc21d22a.mpf_cache
2026-04-13 19:46:57,330 : DEBUG : YamlMultifileConfigLoader : Loading mode attract from C:\Users\Lukas\mpftspp\lib\site-packages\mpf\modes\attract\config\attract.yaml
2026-04-13 19:46:57,330 : DEBUG : YamlMultifileConfigLoader : Loading mode attract from C:\Users\Lukas\mpftspp\lib\site-packages\mpf\modes\attract\config\attract.yaml
2026-04-13 19:46:57,331 : INFO : ConfigProcessor : Loading config from cache: C:\Users\Lukas\AppData\Local\Temp\1cf6e080e232be7da984fc3f9f606af5.mpf_cache
2026-04-13 19:46:57,332 : DEBUG : YamlMultifileConfigLoader : Loading mode base from C:\Users\Lukas\mpftspp\lib\site-packages\mpf\modes\base\config\base.yaml
2026-04-13 19:46:57,332 : INFO : ConfigProcessor : Loading config from cache: C:\Users\Lukas\AppData\Local\Temp\e915a77df2eb7c954f1557e6bd49ea48.mpf_cache
2026-04-13 19:46:57,334 : DEBUG : YamlMultifileConfigLoader : Loading mode slingshots from C:\Users\Lukas\mpftspp\lib\site-packages\mpf\modes\slingshots\config\slingshots.yaml
2026-04-13 19:46:57,334 : INFO : ConfigProcessor : Loading config from cache: C:\Users\Lukas\AppData\Local\Temp\6720abd7d78775ec476d92be447cc36c.mpf_cache
2026-04-13 19:46:57,335 : DEBUG : YamlMultifileConfigLoader : Loading mode hurryup from C:\Users\Lukas\mpftspp\lib\site-packages\mpf\modes\hurryup\config\hurryup.yaml
2026-04-13 19:46:57,335 : INFO : ConfigProcessor : Loading config from cache: C:\Users\Lukas\AppData\Local\Temp\5c55177e8fd0a80aca73e5066ec16461.mpf_cache
2026-04-13 19:46:57,338 : INFO : Machine : Mission Pinball Framework Core Engine v0.80.0.dev14
2026-04-13 19:46:57,339 : INFO : Machine : Command line arguments: {'no_load_cache': False, 'create_config_cache': True, 'bcp': True, 'configfile': ['config.yaml'], 'force_assets_load': False, 'platform_integration_test': False, 'jsonlogging': False, 'logfile': 'logs\\2026-04-13-19-46-57-mpf-DESKTOP-24N7989.log', 'pause': False, 'production': False, 'text_ui': True, 'loglevel': 10, 'consoleloglevel': 20, 'force_platform': None, 'syslog_address': None, 'full_logfile_path': 'C:\\Users\\Lukas\\Documents\\TSPP\\logs\\2026-04-13-19-46-57-mpf-DESKTOP-24N7989.log'}
2026-04-13 19:46:57,339 : INFO : Machine : MPF path: C:\Users\Lukas\mpftspp\lib\site-packages\mpf
2026-04-13 19:46:57,339 : INFO : Machine : Machine path: C:\Users\Lukas\Documents\TSPP
2026-04-13 19:46:57,339 : INFO : Machine : Platform: win32
2026-04-13 19:46:57,339 : INFO : Machine : Python executable location: C:\Users\Lukas\mpftspp\Scripts\python.exe
2026-04-13 19:46:57,339 : INFO : Machine : Python version: 3.10.0 (64-bit)
2026-04-13 19:46:57,339 : DEBUG : asyncio : Using proactor: IocpProactor
2026-04-13 19:46:57,342 : INFO : Machine : Initializing MPF...
2026-04-13 19:46:57,465 : DEBUG : asciimatics.widgets.layout : Updating: None
2026-04-13 19:46:57,466 : DEBUG : asciimatics.widgets.layout : Updating: None
2026-04-13 19:46:57,466 : DEBUG : asciimatics.widgets.layout : Updating: None
2026-04-13 19:46:57,466 : DEBUG : asciimatics.widgets.layout : Updating: None
2026-04-13 19:46:57,466 : DEBUG : asciimatics.widgets.layout : Updating: None
2026-04-13 19:46:57,466 : DEBUG : asciimatics.widgets.layout : Updating: None
2026-04-13 19:46:57,466 : DEBUG : asciimatics.widgets.layout : Updating: None
2026-04-13 19:46:57,466 : DEBUG : asciimatics.widgets.layout : Updating: None
2026-04-13 19:46:57,466 : DEBUG : asciimatics.widgets.layout : Updating: None
2026-04-13 19:46:57,466 : DEBUG : asciimatics.widgets.layout : Updating: None
2026-04-13 19:46:57,467 : DEBUG : asciimatics.widgets.layout : Updating: None
2026-04-13 19:46:57,467 : DEBUG : asciimatics.widgets.layout : Updating: None
2026-04-13 19:46:57,467 : DEBUG : asciimatics.widgets.widget : Widget blur: <asciimatics.widgets.label.Label object at 0x000001C3C483DBE0>
2026-04-13 19:46:57,467 : DEBUG : asciimatics.widgets.widget : Widget blur: <asciimatics.widgets.label.Label object at 0x000001C3C49F1150>
2026-04-13 19:46:57,467 : DEBUG : asciimatics.widgets.widget : Widget blur: <asciimatics.widgets.label.Label object at 0x000001C3C49F12F0>
2026-04-13 19:46:57,467 : DEBUG : asciimatics.widgets.layout : Blur: <asciimatics.widgets.layout.Layout object at 0x000001C3C4C45240>
2026-04-13 19:46:57,467 : DEBUG : asciimatics.widgets.layout : Blur: <mpf.core.text_ui.MpfLayout object at 0x000001C3C4C54270>
2026-04-13 19:46:57,467 : DEBUG : asciimatics.widgets.layout : Updating: None
2026-04-13 19:46:57,467 : DEBUG : asciimatics.widgets.layout : Updating: None
2026-04-13 19:46:57,467 : DEBUG : asciimatics.widgets.layout : Updating: None
2026-04-13 19:46:57,467 : DEBUG : asciimatics.widgets.layout : Updating: None
2026-04-13 19:46:57,467 : DEBUG : asciimatics.widgets.layout : Updating: None
2026-04-13 19:46:57,467 : DEBUG : asciimatics.widgets.layout : Updating: None
2026-04-13 19:46:57,467 : DEBUG : asciimatics.widgets.widget : Widget blur: <asciimatics.widgets.label.Label object at 0x000001C3C49F1700>
2026-04-13 19:46:57,467 : DEBUG : asciimatics.widgets.widget : Widget blur: <asciimatics.widgets.label.Label object at 0x000001C3C49F1630>
2026-04-13 19:46:57,467 : DEBUG : asciimatics.widgets.widget : Widget blur: <asciimatics.widgets.label.Label object at 0x000001C3C49F17D0>
2026-04-13 19:46:57,468 : DEBUG : asciimatics.widgets.widget : Widget blur: <asciimatics.widgets.label.Label object at 0x000001C3C49F1560>
2026-04-13 19:46:57,468 : DEBUG : asciimatics.widgets.widget : Widget blur: <asciimatics.widgets.label.Label object at 0x000001C3C49F1490>
2026-04-13 19:46:57,468 : DEBUG : asciimatics.widgets.widget : Widget blur: <asciimatics.widgets.label.Label object at 0x000001C3C49F13C0>
2026-04-13 19:46:57,468 : DEBUG : asciimatics.widgets.layout : Blur: <asciimatics.widgets.layout.Layout object at 0x000001C3C4C45300>
2026-04-13 19:46:57,468 : DEBUG : asciimatics.widgets.layout : Focus: <asciimatics.widgets.layout.Layout object at 0x000001C3C4C45240>
2026-04-13 19:46:57,468 : DEBUG : asciimatics.widgets.layout : Focus: <mpf.core.text_ui.MpfLayout object at 0x000001C3C4C54270>
2026-04-13 19:46:57,468 : DEBUG : asciimatics.widgets.layout : Focus: <asciimatics.widgets.layout.Layout object at 0x000001C3C4C45300>
2026-04-13 19:46:57,468 : DEBUG : asciimatics.widgets.frame : Cloning: Test
2026-04-13 19:46:57,468 : DEBUG : asciimatics.widgets.layout : Updating: None
2026-04-13 19:46:57,468 : DEBUG : asciimatics.widgets.layout : Updating: None
2026-04-13 19:46:57,468 : DEBUG : asciimatics.widgets.layout : Updating: None
2026-04-13 19:46:57,468 : DEBUG : asciimatics.widgets.layout : Updating: None
2026-04-13 19:46:57,468 : DEBUG : asciimatics.widgets.layout : Updating: None
2026-04-13 19:46:57,468 : DEBUG : asciimatics.widgets.layout : Updating: None
2026-04-13 19:46:57,468 : DEBUG : asciimatics.widgets.layout : Updating: None
2026-04-13 19:46:57,468 : DEBUG : asciimatics.widgets.layout : Updating: None
2026-04-13 19:46:57,468 : DEBUG : asciimatics.widgets.layout : Updating: None
2026-04-13 19:46:57,468 : DEBUG : asciimatics.widgets.layout : Updating: None
2026-04-13 19:46:57,469 : DEBUG : asciimatics.widgets.layout : Updating: None
2026-04-13 19:46:57,469 : DEBUG : asciimatics.widgets.layout : Updating: None
2026-04-13 19:46:57,469 : DEBUG : asciimatics.widgets.layout : Updating: None
2026-04-13 19:46:57,469 : DEBUG : asciimatics.widgets.layout : Updating: None
2026-04-13 19:46:57,469 : DEBUG : asciimatics.widgets.layout : Updating: None
2026-04-13 19:46:57,469 : DEBUG : asciimatics.widgets.layout : Updating: None
2026-04-13 19:46:57,469 : DEBUG : asciimatics.widgets.layout : Updating: None
2026-04-13 19:46:57,469 : DEBUG : asciimatics.widgets.layout : Updating: None
2026-04-13 19:46:57,472 : DEBUG : asciimatics.screen : Processing key: d
2026-04-13 19:46:57,728 : INFO : OPP : Connecting to COM4 at 115200bps
2026-04-13 19:46:59,462 : DEBUG : asciimatics.screen : Processing mouse: 82, 4
2026-04-13 19:46:59,462 : DEBUG : asciimatics.widgets.frame : New event: MouseEvent (82, 4) 0
2026-04-13 19:47:00,452 : DEBUG : asciimatics.screen : Processing mouse: 87, 18
2026-04-13 19:47:00,452 : DEBUG : asciimatics.widgets.frame : New event: MouseEvent (87, 18) 0
2026-04-13 19:47:00,454 : DEBUG : asciimatics.screen : Processing mouse: 87, 18
2026-04-13 19:47:00,454 : DEBUG : asciimatics.widgets.frame : New event: MouseEvent (87, 18) 0
2026-04-13 19:47:00,454 : DEBUG : asciimatics.screen : Processing mouse: 87, 18
2026-04-13 19:47:00,454 : DEBUG : asciimatics.widgets.frame : New event: MouseEvent (87, 18) 0
2026-04-13 19:47:00,454 : DEBUG : asciimatics.screen : Processing mouse: 87, 18
2026-04-13 19:47:00,454 : DEBUG : asciimatics.widgets.frame : New event: MouseEvent (87, 18) 0
2026-04-13 19:47:00,454 : DEBUG : asciimatics.screen : Processing mouse: 87, 18
2026-04-13 19:47:00,454 : DEBUG : asciimatics.widgets.frame : New event: MouseEvent (87, 18) 0
2026-04-13 19:47:00,454 : DEBUG : asciimatics.screen : Processing mouse: 87, 17
2026-04-13 19:47:00,454 : DEBUG : asciimatics.widgets.frame : New event: MouseEvent (87, 17) 0
2026-04-13 19:47:00,455 : DEBUG : asciimatics.screen : Processing mouse: 87, 17
2026-04-13 19:47:00,455 : DEBUG : asciimatics.widgets.frame : New event: MouseEvent (87, 17) 0
2026-04-13 19:47:01,458 : DEBUG : asciimatics.screen : Processing mouse: 87, 15
2026-04-13 19:47:01,458 : DEBUG : asciimatics.widgets.frame : New event: MouseEvent (87, 15) 0
2026-04-13 19:47:01,459 : DEBUG : asciimatics.screen : Processing mouse: 87, 15
2026-04-13 19:47:01,459 : DEBUG : asciimatics.widgets.frame : New event: MouseEvent (87, 15) 1
2026-04-13 19:47:01,459 : DEBUG : asciimatics.widgets.frame : Blurring: [<asciimatics.widgets.frame.Frame object at 0x000001C3C494A980>]
2026-04-13 19:47:01,460 : DEBUG : asciimatics.screen : Processing mouse: 87, 15
2026-04-13 19:47:01,460 : DEBUG : asciimatics.widgets.frame : New event: MouseEvent (87, 15) 4
2026-04-13 19:47:01,460 : DEBUG : asciimatics.widgets.frame : Blurring: [<asciimatics.widgets.frame.Frame object at 0x000001C3C494A980>]
2026-04-13 19:47:01,461 : DEBUG : asciimatics.screen : Processing mouse: 87, 15
2026-04-13 19:47:01,461 : DEBUG : asciimatics.widgets.frame : New event: MouseEvent (87, 15) 0
2026-04-13 19:47:01,461 : DEBUG : asciimatics.screen : Processing mouse: 93, 14
2026-04-13 19:47:01,461 : DEBUG : asciimatics.widgets.frame : New event: MouseEvent (93, 14) 0
2026-04-13 19:47:02,466 : DEBUG : asciimatics.screen : Processing mouse: 97, 13
2026-04-13 19:47:02,467 : DEBUG : asciimatics.widgets.frame : New event: MouseEvent (97, 13) 0
2026-04-13 19:47:02,467 : DEBUG : asciimatics.screen : Processing mouse: 97, 13
2026-04-13 19:47:02,467 : DEBUG : asciimatics.widgets.frame : New event: MouseEvent (97, 13) 0
2026-04-13 19:47:02,468 : DEBUG : asciimatics.screen : Processing mouse: 103, 11
2026-04-13 19:47:02,468 : DEBUG : asciimatics.widgets.frame : New event: MouseEvent (103, 11) 0
2026-04-13 19:47:02,468 : DEBUG : asciimatics.screen : Processing mouse: 103, 11
2026-04-13 19:47:02,468 : DEBUG : asciimatics.widgets.frame : New event: MouseEvent (103, 11) 0
2026-04-13 19:47:02,468 : DEBUG : asciimatics.screen : Processing mouse: 104, 10
2026-04-13 19:47:02,468 : DEBUG : asciimatics.widgets.frame : New event: MouseEvent (104, 10) 0
2026-04-13 19:47:02,468 : DEBUG : asciimatics.screen : Processing mouse: 104, 10
2026-04-13 19:47:02,468 : DEBUG : asciimatics.widgets.frame : New event: MouseEvent (104, 10) 0
2026-04-13 19:47:02,468 : DEBUG : asciimatics.screen : Processing mouse: 115, 3
2026-04-13 19:47:02,468 : DEBUG : asciimatics.widgets.frame : New event: MouseEvent (115, 3) 0
2026-04-13 19:47:03,451 : DEBUG : asciimatics.screen : Processing mouse: 112, 24
2026-04-13 19:47:03,452 : DEBUG : asciimatics.widgets.frame : New event: MouseEvent (112, 24) 0
2026-04-13 19:47:03,452 : DEBUG : asciimatics.screen : Processing mouse: 112, 25
2026-04-13 19:47:03,452 : DEBUG : asciimatics.widgets.frame : New event: MouseEvent (112, 25) 0
2026-04-13 19:47:04,467 : DEBUG : asciimatics.screen : Processing mouse: 115, 27
2026-04-13 19:47:04,468 : DEBUG : asciimatics.widgets.frame : New event: MouseEvent (115, 27) 0
2026-04-13 19:47:06,455 : DEBUG : asciimatics.screen : Processing mouse: 47, 0
2026-04-13 19:47:06,455 : DEBUG : asciimatics.widgets.frame : New event: MouseEvent (47, 0) 0
2026-04-13 19:47:07,456 : DEBUG : asciimatics.screen : Processing mouse: 52, 0
2026-04-13 19:47:07,457 : DEBUG : asciimatics.widgets.frame : New event: MouseEvent (52, 0) 0
2026-04-13 19:47:08,455 : DEBUG : asciimatics.screen : Processing mouse: 50, 0
2026-04-13 19:47:08,456 : DEBUG : asciimatics.widgets.frame : New event: MouseEvent (50, 0) 0
2026-04-13 19:47:09,467 : DEBUG : asciimatics.screen : Processing mouse: 51, 0
2026-04-13 19:47:09,467 : DEBUG : asciimatics.widgets.frame : New event: MouseEvent (51, 0) 0
2026-04-13 19:47:09,467 : DEBUG : asciimatics.screen : Processing mouse: 51, 0
2026-04-13 19:47:09,467 : DEBUG : asciimatics.widgets.frame : New event: MouseEvent (51, 0) 1
2026-04-13 19:47:09,467 : DEBUG : asciimatics.widgets.frame : Blurring: [<asciimatics.widgets.frame.Frame object at 0x000001C3C494A980>]
2026-04-13 19:47:10,455 : DEBUG : asciimatics.screen : Processing mouse: 51, 0
2026-04-13 19:47:10,455 : DEBUG : asciimatics.widgets.frame : New event: MouseEvent (51, 0) 4
2026-04-13 19:47:10,455 : DEBUG : asciimatics.widgets.frame : Blurring: [<asciimatics.widgets.frame.Frame object at 0x000001C3C494A980>]
2026-04-13 19:47:10,457 : DEBUG : asciimatics.screen : Processing mouse: 17, 0
2026-04-13 19:47:10,457 : DEBUG : asciimatics.widgets.frame : New event: MouseEvent (17, 0) 0
2026-04-13 19:47:10,457 : DEBUG : asciimatics.screen : Processing mouse: 17, 0
2026-04-13 19:47:10,457 : DEBUG : asciimatics.widgets.frame : New event: MouseEvent (17, 0) 0
2026-04-13 19:47:10,457 : DEBUG : asciimatics.screen : Processing mouse: 3, 0
2026-04-13 19:47:10,458 : DEBUG : asciimatics.widgets.frame : New event: MouseEvent (3, 0) 0
2026-04-13 19:47:11,458 : DEBUG : asciimatics.screen : Processing mouse: 0, 0
2026-04-13 19:47:11,459 : DEBUG : asciimatics.widgets.frame : New event: MouseEvent (0, 0) 0
2026-04-13 19:47:11,459 : DEBUG : asciimatics.screen : Processing mouse: 0, 0
2026-04-13 19:47:11,459 : DEBUG : asciimatics.widgets.frame : New event: MouseEvent (0, 0) 1
2026-04-13 19:47:11,459 : DEBUG : asciimatics.widgets.frame : Blurring: [<asciimatics.widgets.frame.Frame object at 0x000001C3C494A980>]
2026-04-13 19:47:11,460 : DEBUG : asciimatics.screen : Processing mouse: 0, 0
2026-04-13 19:47:11,460 : DEBUG : asciimatics.widgets.frame : New event: MouseEvent (0, 0) 4
2026-04-13 19:47:11,460 : DEBUG : asciimatics.widgets.frame : Blurring: [<asciimatics.widgets.frame.Frame object at 0x000001C3C494A980>]
2026-04-13 19:47:11,460 : DEBUG : asciimatics.screen : Processing mouse: 3, 0
2026-04-13 19:47:11,460 : DEBUG : asciimatics.widgets.frame : New event: MouseEvent (3, 0) 0
2026-04-13 19:47:12,452 : DEBUG : asciimatics.screen : Processing mouse: 4, 0
2026-04-13 19:47:12,453 : DEBUG : asciimatics.widgets.frame : New event: MouseEvent (4, 0) 0
2026-04-13 19:47:12,453 : DEBUG : asciimatics.screen : Processing mouse: 4, 0
2026-04-13 19:47:12,453 : DEBUG : asciimatics.widgets.frame : New event: MouseEvent (4, 0) 0
2026-04-13 19:47:12,454 : DEBUG : asciimatics.screen : Processing mouse: 5, 0
2026-04-13 19:47:12,454 : DEBUG : asciimatics.widgets.frame : New event: MouseEvent (5, 0) 0
2026-04-13 19:47:12,454 : DEBUG : asciimatics.screen : Processing mouse: 5, 0
2026-04-13 19:47:12,454 : DEBUG : asciimatics.widgets.frame : New event: MouseEvent (5, 0) 1
2026-04-13 19:47:12,454 : DEBUG : asciimatics.widgets.frame : Blurring: [<asciimatics.widgets.frame.Frame object at 0x000001C3C494A980>]
2026-04-13 19:47:12,455 : DEBUG : asciimatics.screen : Processing mouse: 5, 0
2026-04-13 19:47:12,455 : DEBUG : asciimatics.widgets.frame : New event: MouseEvent (5, 0) 0
2026-04-13 19:47:12,456 : DEBUG : asciimatics.screen : Processing mouse: 5, 0
2026-04-13 19:47:12,456 : DEBUG : asciimatics.widgets.frame : New event: MouseEvent (5, 0) 4
2026-04-13 19:47:12,456 : DEBUG : asciimatics.widgets.frame : Blurring: [<asciimatics.widgets.frame.Frame object at 0x000001C3C494A980>]
2026-04-13 19:47:12,456 : DEBUG : asciimatics.screen : Processing mouse: 5, 0
2026-04-13 19:47:12,457 : DEBUG : asciimatics.widgets.frame : New event: MouseEvent (5, 0) 0
2026-04-13 19:47:12,457 : DEBUG : asciimatics.screen : Processing mouse: 5, 0
2026-04-13 19:47:12,457 : DEBUG : asciimatics.widgets.frame : New event: MouseEvent (5, 0) 0
2026-04-13 19:47:12,458 : DEBUG : asciimatics.screen : Processing mouse: 23, 0
2026-04-13 19:47:12,458 : DEBUG : asciimatics.widgets.frame : New event: MouseEvent (23, 0) 0
2026-04-13 19:47:13,456 : DEBUG : asciimatics.screen : Processing mouse: 49, 0
2026-04-13 19:47:13,456 : DEBUG : asciimatics.widgets.frame : New event: MouseEvent (49, 0) 0
2026-04-13 19:47:14,454 : DEBUG : asciimatics.screen : Processing mouse: 65, 0
2026-04-13 19:47:14,455 : DEBUG : asciimatics.widgets.frame : New event: MouseEvent (65, 0) 0
2026-04-13 19:47:14,455 : DEBUG : asciimatics.screen : Processing mouse: 65, 0
2026-04-13 19:47:14,455 : DEBUG : asciimatics.widgets.frame : New event: MouseEvent (65, 0) 0
2026-04-13 19:47:14,456 : DEBUG : asciimatics.screen : Processing mouse: 65, 0
2026-04-13 19:47:14,456 : DEBUG : asciimatics.widgets.frame : New event: MouseEvent (65, 0) 0
2026-04-13 19:47:14,456 : DEBUG : asciimatics.screen : Processing mouse: 65, 0
2026-04-13 19:47:14,456 : DEBUG : asciimatics.widgets.frame : New event: MouseEvent (65, 0) 0
2026-04-13 19:47:14,457 : DEBUG : asciimatics.screen : Processing mouse: 65, 0
2026-04-13 19:47:14,457 : DEBUG : asciimatics.widgets.frame : New event: MouseEvent (65, 0) 0
2026-04-13 19:47:14,458 : DEBUG : asciimatics.screen : Processing mouse: 65, 0
2026-04-13 19:47:14,458 : DEBUG : asciimatics.widgets.frame : New event: MouseEvent (65, 0) 0
2026-04-13 19:47:14,458 : DEBUG : asciimatics.screen : Processing mouse: 67, 0
2026-04-13 19:47:14,459 : DEBUG : asciimatics.widgets.frame : New event: MouseEvent (67, 0) 0
2026-04-13 19:47:14,459 : DEBUG : asciimatics.screen : Processing mouse: 67, 0
2026-04-13 19:47:14,459 : DEBUG : asciimatics.widgets.frame : New event: MouseEvent (67, 0) 0
2026-04-13 19:47:14,459 : DEBUG : asciimatics.screen : Processing mouse: 71, 0
2026-04-13 19:47:14,459 : DEBUG : asciimatics.widgets.frame : New event: MouseEvent (71, 0) 0
2026-04-13 19:47:15,455 : DEBUG : asciimatics.screen : Processing mouse: 112, 1
2026-04-13 19:47:15,456 : DEBUG : asciimatics.widgets.frame : New event: MouseEvent (112, 1) 0
2026-04-13 19:47:16,454 : DEBUG : asciimatics.screen : Processing mouse: 115, 4
2026-04-13 19:47:16,454 : DEBUG : asciimatics.widgets.frame : New event: MouseEvent (115, 4) 0
2026-04-13 19:47:22,453 : DEBUG : asciimatics.screen : Processing mouse: 72, 15
2026-04-13 19:47:22,453 : DEBUG : asciimatics.widgets.frame : New event: MouseEvent (72, 15) 0
2026-04-13 19:47:22,454 : DEBUG : asciimatics.screen : Processing mouse: 72, 15
2026-04-13 19:47:22,454 : DEBUG : asciimatics.widgets.frame : New event: MouseEvent (72, 15) 1
2026-04-13 19:47:22,454 : DEBUG : asciimatics.widgets.frame : Blurring: [<asciimatics.widgets.frame.Frame object at 0x000001C3C494A980>]
2026-04-13 19:47:22,454 : DEBUG : asciimatics.screen : Processing mouse: 72, 15
2026-04-13 19:47:22,455 : DEBUG : asciimatics.widgets.frame : New event: MouseEvent (72, 15) 0
2026-04-13 19:47:22,455 : DEBUG : asciimatics.screen : Processing mouse: 72, 15
2026-04-13 19:47:22,455 : DEBUG : asciimatics.widgets.frame : New event: MouseEvent (72, 15) 0
2026-04-13 19:47:22,456 : DEBUG : asciimatics.screen : Processing mouse: 72, 15
2026-04-13 19:47:22,456 : DEBUG : asciimatics.widgets.frame : New event: MouseEvent (72, 15) 4
2026-04-13 19:47:22,456 : DEBUG : asciimatics.widgets.frame : Blurring: [<asciimatics.widgets.frame.Frame object at 0x000001C3C494A980>]
2026-04-13 19:47:22,457 : DEBUG : asciimatics.screen : Processing mouse: 72, 15
2026-04-13 19:47:22,457 : DEBUG : asciimatics.widgets.frame : New event: MouseEvent (72, 15) 0
2026-04-13 19:47:22,458 : DEBUG : asciimatics.screen : Processing mouse: 68, 14
2026-04-13 19:47:22,458 : DEBUG : asciimatics.widgets.frame : New event: MouseEvent (68, 14) 0
2026-04-13 19:47:23,453 : DEBUG : asciimatics.screen : Processing mouse: 108, 0
2026-04-13 19:47:23,453 : DEBUG : asciimatics.widgets.frame : New event: MouseEvent (108, 0) 0
2026-04-13 19:47:23,454 : DEBUG : asciimatics.screen : Processing mouse: 108, 0
2026-04-13 19:47:23,454 : DEBUG : asciimatics.widgets.frame : New event: MouseEvent (108, 0) 1
2026-04-13 19:47:23,454 : DEBUG : asciimatics.widgets.frame : Blurring: [<asciimatics.widgets.frame.Frame object at 0x000001C3C494A980>]
2026-04-13 19:47:23,454 : DEBUG : asciimatics.screen : Processing mouse: 108, 0
2026-04-13 19:47:23,455 : DEBUG : asciimatics.widgets.frame : New event: MouseEvent (108, 0) 4
2026-04-13 19:47:23,455 : DEBUG : asciimatics.widgets.frame : Blurring: [<asciimatics.widgets.frame.Frame object at 0x000001C3C494A980>]
2026-04-13 19:47:23,455 : DEBUG : asciimatics.screen : Processing mouse: 108, 0
2026-04-13 19:47:23,455 : DEBUG : asciimatics.widgets.frame : New event: MouseEvent (108, 0) 0
2026-04-13 19:47:23,456 : DEBUG : asciimatics.screen : Processing mouse: 108, 0
2026-04-13 19:47:23,456 : DEBUG : asciimatics.widgets.frame : New event: MouseEvent (108, 0) 0
2026-04-13 19:47:23,457 : DEBUG : asciimatics.screen : Processing mouse: 108, 0
2026-04-13 19:47:23,457 : DEBUG : asciimatics.widgets.frame : New event: MouseEvent (108, 0) 1
2026-04-13 19:47:23,457 : DEBUG : asciimatics.widgets.frame : Blurring: [<asciimatics.widgets.frame.Frame object at 0x000001C3C494A980>]
2026-04-13 19:47:24,457 : DEBUG : asciimatics.screen : Processing mouse: 108, 0
2026-04-13 19:47:24,458 : DEBUG : asciimatics.widgets.frame : New event: MouseEvent (108, 0) 4
2026-04-13 19:47:24,458 : DEBUG : asciimatics.widgets.frame : Blurring: [<asciimatics.widgets.frame.Frame object at 0x000001C3C494A980>]
2026-04-13 19:47:24,459 : DEBUG : asciimatics.screen : Processing mouse: 109, 0
2026-04-13 19:47:24,459 : DEBUG : asciimatics.widgets.frame : New event: MouseEvent (109, 0) 0
2026-04-13 19:47:24,460 : DEBUG : asciimatics.screen : Processing mouse: 109, 0
2026-04-13 19:47:24,460 : DEBUG : asciimatics.widgets.frame : New event: MouseEvent (109, 0) 0
2026-04-13 19:47:24,461 : DEBUG : asciimatics.screen : Processing mouse: 111, 0
2026-04-13 19:47:24,461 : DEBUG : asciimatics.widgets.frame : New event: MouseEvent (111, 0) 0
2026-04-13 19:47:24,462 : DEBUG : asciimatics.screen : Processing mouse: 111, 0
2026-04-13 19:47:24,462 : DEBUG : asciimatics.widgets.frame : New event: MouseEvent (111, 0) 1
2026-04-13 19:47:24,462 : DEBUG : asciimatics.widgets.frame : Blurring: [<asciimatics.widgets.frame.Frame object at 0x000001C3C494A980>]
2026-04-13 19:47:24,463 : DEBUG : asciimatics.screen : Processing mouse: 111, 0
2026-04-13 19:47:24,463 : DEBUG : asciimatics.widgets.frame : New event: MouseEvent (111, 0) 4
2026-04-13 19:47:24,463 : DEBUG : asciimatics.widgets.frame : Blurring: [<asciimatics.widgets.frame.Frame object at 0x000001C3C494A980>]
2026-04-13 19:47:24,464 : DEBUG : asciimatics.screen : Processing mouse: 111, 0
2026-04-13 19:47:24,464 : DEBUG : asciimatics.widgets.frame : New event: MouseEvent (111, 0) 0
2026-04-13 19:47:24,464 : DEBUG : asciimatics.screen : Processing mouse: 111, 0
2026-04-13 19:47:24,465 : DEBUG : asciimatics.widgets.frame : New event: MouseEvent (111, 0) 1
2026-04-13 19:47:24,465 : DEBUG : asciimatics.widgets.frame : Blurring: [<asciimatics.widgets.frame.Frame object at 0x000001C3C494A980>]
2026-04-13 19:47:24,465 : DEBUG : asciimatics.screen : Processing mouse: 111, 0
2026-04-13 19:47:24,466 : DEBUG : asciimatics.widgets.frame : New event: MouseEvent (111, 0) 4
2026-04-13 19:47:24,466 : DEBUG : asciimatics.widgets.frame : Blurring: [<asciimatics.widgets.frame.Frame object at 0x000001C3C494A980>]
2026-04-13 19:47:24,466 : DEBUG : asciimatics.screen : Processing mouse: 111, 0
2026-04-13 19:47:24,466 : DEBUG : asciimatics.widgets.frame : New event: MouseEvent (111, 0) 0
2026-04-13 19:47:24,466 : DEBUG : asciimatics.screen : Processing mouse: 111, 0
2026-04-13 19:47:24,468 : DEBUG : asciimatics.widgets.frame : New event: MouseEvent (111, 0) 0
2026-04-13 19:47:25,463 : DEBUG : asciimatics.screen : Processing mouse: 111, 0
2026-04-13 19:47:25,463 : DEBUG : asciimatics.widgets.frame : New event: MouseEvent (111, 0) 1
2026-04-13 19:47:25,464 : DEBUG : asciimatics.widgets.frame : Blurring: [<asciimatics.widgets.frame.Frame object at 0x000001C3C494A980>]
2026-04-13 19:47:25,464 : DEBUG : asciimatics.screen : Processing mouse: 111, 0
2026-04-13 19:47:25,464 : DEBUG : asciimatics.widgets.frame : New event: MouseEvent (111, 0) 0
2026-04-13 19:47:25,465 : DEBUG : asciimatics.screen : Processing mouse: 111, 0
2026-04-13 19:47:25,465 : DEBUG : asciimatics.widgets.frame : New event: MouseEvent (111, 0) 4
2026-04-13 19:47:25,465 : DEBUG : asciimatics.widgets.frame : Blurring: [<asciimatics.widgets.frame.Frame object at 0x000001C3C494A980>]
2026-04-13 19:47:25,466 : DEBUG : asciimatics.screen : Processing mouse: 111, 0
2026-04-13 19:47:25,466 : DEBUG : asciimatics.widgets.frame : New event: MouseEvent (111, 0) 0
2026-04-13 19:47:25,466 : DEBUG : asciimatics.screen : Processing mouse: 63, 10
2026-04-13 19:47:25,466 : DEBUG : asciimatics.widgets.frame : New event: MouseEvent (63, 10) 0
2026-04-13 19:47:26,466 : DEBUG : asciimatics.screen : Processing mouse: 62, 10
2026-04-13 19:47:26,466 : DEBUG : asciimatics.widgets.frame : New event: MouseEvent (62, 10) 0
2026-04-13 19:47:26,467 : DEBUG : asciimatics.screen : Processing mouse: 62, 10
2026-04-13 19:47:26,467 : DEBUG : asciimatics.widgets.frame : New event: MouseEvent (62, 10) 0
2026-04-13 19:47:26,467 : DEBUG : asciimatics.screen : Processing mouse: 63, 11
2026-04-13 19:47:26,467 : DEBUG : asciimatics.widgets.frame : New event: MouseEvent (63, 11) 0
2026-04-13 19:47:26,467 : DEBUG : asciimatics.screen : Processing mouse: 63, 11
2026-04-13 19:47:26,467 : DEBUG : asciimatics.widgets.frame : New event: MouseEvent (63, 11) 0
2026-04-13 19:47:26,467 : DEBUG : asciimatics.screen : Processing mouse: 63, 11
2026-04-13 19:47:26,467 : DEBUG : asciimatics.widgets.frame : New event: MouseEvent (63, 11) 0
2026-04-13 19:47:26,468 : DEBUG : asciimatics.screen : Processing mouse: 63, 11
2026-04-13 19:47:26,468 : DEBUG : asciimatics.widgets.frame : New event: MouseEvent (63, 11) 0
2026-04-13 19:47:26,468 : DEBUG : asciimatics.screen : Processing mouse: 63, 11
2026-04-13 19:47:26,468 : DEBUG : asciimatics.widgets.frame : New event: MouseEvent (63, 11) 0
2026-04-13 19:47:26,468 : DEBUG : asciimatics.screen : Processing mouse: 63, 11
2026-04-13 19:47:26,468 : DEBUG : asciimatics.widgets.frame : New event: MouseEvent (63, 11) 0
2026-04-13 19:47:26,468 : DEBUG : asciimatics.screen : Processing mouse: 63, 12
2026-04-13 19:47:26,468 : DEBUG : asciimatics.widgets.frame : New event: MouseEvent (63, 12) 0
2026-04-13 19:47:26,468 : DEBUG : asciimatics.screen : Processing mouse: 63, 12
2026-04-13 19:47:26,468 : DEBUG : asciimatics.widgets.frame : New event: MouseEvent (63, 12) 0
2026-04-13 19:47:26,468 : DEBUG : asciimatics.screen : Processing mouse: 63, 12
2026-04-13 19:47:26,469 : DEBUG : asciimatics.widgets.frame : New event: MouseEvent (63, 12) 0
2026-04-13 19:47:26,469 : DEBUG : asciimatics.screen : Processing mouse: 72, 17
2026-04-13 19:47:26,469 : DEBUG : asciimatics.widgets.frame : New event: MouseEvent (72, 17) 0
2026-04-13 19:47:27,456 : DEBUG : asciimatics.screen : Processing mouse: 82, 19
2026-04-13 19:47:27,457 : DEBUG : asciimatics.widgets.frame : New event: MouseEvent (82, 19) 0
2026-04-13 19:47:28,456 : DEBUG : asciimatics.screen : Processing mouse: 79, 15
2026-04-13 19:47:28,457 : DEBUG : asciimatics.widgets.frame : New event: MouseEvent (79, 15) 0
2026-04-13 19:47:28,458 : DEBUG : asciimatics.screen : Processing mouse: 79, 15
2026-04-13 19:47:28,458 : DEBUG : asciimatics.widgets.frame : New event: MouseEvent (79, 15) 1
2026-04-13 19:47:28,458 : DEBUG : asciimatics.widgets.frame : Blurring: [<asciimatics.widgets.frame.Frame object at 0x000001C3C494A980>]
2026-04-13 19:47:28,459 : DEBUG : asciimatics.screen : Processing mouse: 79, 15
2026-04-13 19:47:28,459 : DEBUG : asciimatics.widgets.frame : New event: MouseEvent (79, 15) 4
2026-04-13 19:47:28,459 : DEBUG : asciimatics.widgets.frame : Blurring: [<asciimatics.widgets.frame.Frame object at 0x000001C3C494A980>]
2026-04-13 19:47:28,460 : DEBUG : asciimatics.screen : Processing mouse: 79, 15
2026-04-13 19:47:28,460 : DEBUG : asciimatics.widgets.frame : New event: MouseEvent (79, 15) 0
2026-04-13 19:47:28,460 : DEBUG : asciimatics.screen : Processing mouse: 79, 15
2026-04-13 19:47:28,460 : DEBUG : asciimatics.widgets.frame : New event: MouseEvent (79, 15) 0
2026-04-13 19:47:29,114 : INFO : Machine : Starting the main run loop with active modes: []
2026-04-13 19:47:29,115 : ERROR : root : 'attract'
Traceback (most recent call last):
  File "C:\Users\Lukas\mpftspp\lib\site-packages\mpf\commands\game.py", line 229, in __init__
    self.machine.run()
  File "C:\Users\Lukas\mpftspp\lib\site-packages\mpf\core\machine.py", line 703, in run
    if not self.modes['attract'] in self.mode_controller.active_modes:
KeyError: 'attract'
