2026-04-15 20:14:45,493 : INFO : root : Loading config.
2026-04-15 20:14:45,500 : INFO : YamlMultifileConfigLoader : Machine config file #1: config.yaml
2026-04-15 20:14:45,502 : INFO : ConfigProcessor : Loading config from cache: C:\Users\Lukas\AppData\Local\Temp\32f39c1debf2d9ee836c41c94f408ffc.mpf_cache
2026-04-15 20:14:45,616 : INFO : ConfigProcessor : Loading config from cache: C:\Users\Lukas\AppData\Local\Temp\1cf6e080e232be7da984fc3f9f606af5.mpf_cache
2026-04-15 20:14:45,618 : INFO : ConfigProcessor : Loading config from cache: C:\Users\Lukas\AppData\Local\Temp\d5d281e4d67cd36b56e6e575dc21d22a.mpf_cache
2026-04-15 20:14:45,620 : INFO : ConfigProcessor : Loading config from cache: C:\Users\Lukas\AppData\Local\Temp\1cf6e080e232be7da984fc3f9f606af5.mpf_cache
2026-04-15 20:14:45,622 : INFO : ConfigProcessor : Loading config from cache: C:\Users\Lukas\AppData\Local\Temp\e915a77df2eb7c954f1557e6bd49ea48.mpf_cache
2026-04-15 20:14:45,623 : INFO : ConfigProcessor : Loading config from cache: C:\Users\Lukas\AppData\Local\Temp\6720abd7d78775ec476d92be447cc36c.mpf_cache
2026-04-15 20:14:45,625 : INFO : ConfigProcessor : Loading config from cache: C:\Users\Lukas\AppData\Local\Temp\5c55177e8fd0a80aca73e5066ec16461.mpf_cache
2026-04-15 20:14:45,627 : INFO : Machine : Mission Pinball Framework Core Engine v0.80.0.dev14
2026-04-15 20:14:45,627 : INFO : Machine : Command line arguments: {'no_load_cache': False, 'create_config_cache': True, 'bcp': True, 'configfile': ['config.yaml'], 'force_assets_load': False, 'platform_integration_test': False, 'jsonlogging': False, 'logfile': 'logs\\2026-04-15-20-14-45-mpf-DESKTOP-24N7989.log', 'pause': False, 'production': False, 'text_ui': True, 'loglevel': 15, 'consoleloglevel': 20, 'force_platform': 'smart_virtual', 'syslog_address': None, 'full_logfile_path': 'C:\\Users\\Lukas\\Documents\\TSPP\\logs\\2026-04-15-20-14-45-mpf-DESKTOP-24N7989.log'}
2026-04-15 20:14:45,627 : INFO : Machine : MPF path: C:\Users\Lukas\mpftspp\lib\site-packages\mpf
2026-04-15 20:14:45,627 : INFO : Machine : Machine path: C:\Users\Lukas\Documents\TSPP
2026-04-15 20:14:45,627 : INFO : Machine : Platform: win32
2026-04-15 20:14:45,627 : INFO : Machine : Python executable location: C:\Users\Lukas\mpftspp\Scripts\python.exe
2026-04-15 20:14:45,627 : INFO : Machine : Python version: 3.10.0 (64-bit)
2026-04-15 20:14:45,656 : INFO : Machine : Initializing MPF...
2026-04-15 20:14:46,365 : INFO : EventManager : Event: ======'machine_var_credits_string'====== Args={'value': 'FREE PLAY', 'prev_value': None, 'change': True}
2026-04-15 20:14:46,427 : INFO : EventManager : Event: ======'machine_var_master_volume'====== Args={'value': 0.5, 'prev_value': None, 'change': True}
2026-04-15 20:14:46,427 : INFO : EventManager : Event: ======'machine_var_mpf_version'====== Args={'value': 'Mission Pinball Framework v0.80.0.dev14', 'prev_value': None, 'change': True}
2026-04-15 20:14:46,427 : INFO : EventManager : Event: ======'machine_var_mpf_extended_version'====== Args={'value': 'Mission Pinball Framework v0.80.0.dev14, Config version:6, Show version: 6, BCP version:1.1', 'prev_value': None, 'change': True}
2026-04-15 20:14:46,427 : INFO : EventManager : Event: ======'machine_var_python_version'====== Args={'value': '3.10.0', 'prev_value': None, 'change': True}
2026-04-15 20:14:46,449 : INFO : EventManager : Event: ======'machine_var_platform'====== Args={'value': 'Windows-10-10.0.26200-SP0', 'prev_value': None, 'change': True}
2026-04-15 20:14:46,449 : INFO : EventManager : Event: ======'machine_var_platform_system'====== Args={'value': 'Windows', 'prev_value': None, 'change': True}
2026-04-15 20:14:46,449 : INFO : EventManager : Event: ======'machine_var_platform_release'====== Args={'value': '10', 'prev_value': None, 'change': True}
2026-04-15 20:14:46,449 : INFO : EventManager : Event: ======'machine_var_platform_version'====== Args={'value': '10.0.26200', 'prev_value': None, 'change': True}
2026-04-15 20:14:46,449 : INFO : EventManager : Event: ======'machine_var_platform_machine'====== Args={'value': 'AMD64', 'prev_value': None, 'change': True}
2026-04-15 20:14:46,449 : INFO : EventManager : Event: ======'machine_var_log_file_path'====== Args={'value': 'C:\\Users\\Lukas\\Documents\\TSPP\\logs\\2026-04-15-20-14-45-mpf-DESKTOP-24N7989.log', 'prev_value': None, 'change': True}
2026-04-15 20:14:46,449 : INFO : EventManager : Event: ======'init_phase_1'====== Args={}
2026-04-15 20:14:46,485 : INFO : EventManager : Event: ======'init_phase_2'====== Args={}
2026-04-15 20:14:46,486 : INFO : SwitchController : Found active switch: ('1-0-8', <Platform.SmartVirtual>) <switch.s_trough_1>
2026-04-15 20:14:46,486 : INFO : SwitchController : Found active switch: ('1-0-9', <Platform.SmartVirtual>) <switch.s_trough_2>
2026-04-15 20:14:46,486 : INFO : SwitchController : Found active switch: ('1-0-10', <Platform.SmartVirtual>) <switch.s_trough_3>
2026-04-15 20:14:46,508 : INFO : EventManager : Event: ======'bcp_connection_attempt'====== Args={'name': 'local_display', 'host': 'localhost', 'port': 5050}
2026-04-15 20:14:46,512 : INFO : BCPClientSocket : Connecting BCP to 'local_display' at localhost:5050...
2026-04-15 20:14:49,111 : INFO : BCPClientSocket : Connected BCP to 'local_display' localhost:5050
2026-04-15 20:14:49,112 : INFO : EventManager : Event: ======'bcp_clients_connected'====== Args={}
2026-04-15 20:14:49,272 : INFO : ball_device.bd_drain : BCH: Initial count: 0
2026-04-15 20:14:49,272 : INFO : ball_device.bd_drain : State: idle
2026-04-15 20:14:49,272 : INFO : ball_device.bd_trough : BCH: Initial count: 3
2026-04-15 20:14:49,273 : INFO : ball_device.bd_trough : State: idle
2026-04-15 20:14:49,273 : INFO : ball_device.bd_plunger : BCH: Initial count: 0
2026-04-15 20:14:49,273 : INFO : ball_device.bd_plunger : State: idle
2026-04-15 20:14:49,305 : INFO : EventManager : Event: ======'init_phase_3'====== Args={}
2026-04-15 20:14:49,307 : INFO : EventManager : Event: ======'init_phase_4'====== Args={}
2026-04-15 20:14:49,307 : INFO : BallController : Initial balls found: 3
2026-04-15 20:14:49,309 : INFO : EventManager : Event: ======'machine_var_audits_events_game_ended'====== Args={'value': 0, 'prev_value': None, 'change': True}
2026-04-15 20:14:49,309 : INFO : EventManager : Event: ======'machine_var_audits_events_game_started'====== Args={'value': 12, 'prev_value': None, 'change': True}
2026-04-15 20:14:49,309 : INFO : EventManager : Event: ======'machine_var_audits_missing_switches_s_drain'====== Args={'value': 12, 'prev_value': None, 'change': True}
2026-04-15 20:14:49,309 : INFO : EventManager : Event: ======'machine_var_audits_missing_switches_s_dt_m'====== Args={'value': 12, 'prev_value': None, 'change': True}
2026-04-15 20:14:49,309 : INFO : EventManager : Event: ======'machine_var_audits_missing_switches_s_dt_o'====== Args={'value': 12, 'prev_value': None, 'change': True}
2026-04-15 20:14:49,309 : INFO : EventManager : Event: ======'machine_var_audits_missing_switches_s_dt_u'====== Args={'value': 12, 'prev_value': None, 'change': True}
2026-04-15 20:14:49,309 : INFO : EventManager : Event: ======'machine_var_audits_missing_switches_s_flipper_left'====== Args={'value': 2, 'prev_value': None, 'change': True}
2026-04-15 20:14:49,309 : INFO : EventManager : Event: ======'machine_var_audits_missing_switches_s_flipper_right'====== Args={'value': 2, 'prev_value': None, 'change': True}
2026-04-15 20:14:49,309 : INFO : EventManager : Event: ======'machine_var_audits_missing_switches_s_flipper_rigt'====== Args={'value': 7, 'prev_value': None, 'change': True}
2026-04-15 20:14:49,310 : INFO : EventManager : Event: ======'machine_var_audits_missing_switches_s_kickout'====== Args={'value': 10, 'prev_value': None, 'change': True}
2026-04-15 20:14:49,310 : INFO : EventManager : Event: ======'machine_var_audits_missing_switches_s_plunger_lane'====== Args={'value': 5, 'prev_value': None, 'change': True}
2026-04-15 20:14:49,310 : INFO : EventManager : Event: ======'machine_var_audits_missing_switches_s_ramp_1'====== Args={'value': 12, 'prev_value': None, 'change': True}
2026-04-15 20:14:49,310 : INFO : EventManager : Event: ======'machine_var_audits_missing_switches_s_trough_1'====== Args={'value': 12, 'prev_value': None, 'change': True}
2026-04-15 20:14:49,310 : INFO : EventManager : Event: ======'machine_var_audits_missing_switches_s_trough_2'====== Args={'value': 12, 'prev_value': None, 'change': True}
2026-04-15 20:14:49,310 : INFO : EventManager : Event: ======'machine_var_audits_missing_switches_s_trough_3'====== Args={'value': 12, 'prev_value': None, 'change': True}
2026-04-15 20:14:49,310 : INFO : EventManager : Event: ======'machine_var_audits_player_score'====== Args={'value': {'average': 0, 'top': [], 'total': 0}, 'prev_value': None, 'change': True}
2026-04-15 20:14:49,310 : INFO : EventManager : Event: ======'machine_var_audits_shots_homer_h'====== Args={'value': 18, 'prev_value': None, 'change': True}
2026-04-15 20:14:49,311 : INFO : EventManager : Event: ======'machine_var_audits_shots_hurryup'====== Args={'value': 8, 'prev_value': None, 'change': True}
2026-04-15 20:14:49,311 : INFO : EventManager : Event: ======'machine_var_audits_shots_slingshot_left'====== Args={'value': 40, 'prev_value': None, 'change': True}
2026-04-15 20:14:49,311 : INFO : EventManager : Event: ======'machine_var_audits_shots_slingshot_right'====== Args={'value': 33, 'prev_value': None, 'change': True}
2026-04-15 20:14:49,311 : INFO : EventManager : Event: ======'machine_var_audits_switches_s_drain'====== Args={'value': 0, 'prev_value': None, 'change': True}
2026-04-15 20:14:49,311 : INFO : EventManager : Event: ======'machine_var_audits_switches_s_dt_m'====== Args={'value': 0, 'prev_value': None, 'change': True}
2026-04-15 20:14:49,311 : INFO : EventManager : Event: ======'machine_var_audits_switches_s_dt_o'====== Args={'value': 0, 'prev_value': None, 'change': True}
2026-04-15 20:14:49,311 : INFO : EventManager : Event: ======'machine_var_audits_switches_s_dt_u'====== Args={'value': 0, 'prev_value': None, 'change': True}
2026-04-15 20:14:49,311 : INFO : EventManager : Event: ======'machine_var_audits_switches_s_flipper_left'====== Args={'value': 4, 'prev_value': None, 'change': True}
2026-04-15 20:14:49,311 : INFO : EventManager : Event: ======'machine_var_audits_switches_s_flipper_right'====== Args={'value': 2, 'prev_value': None, 'change': True}
2026-04-15 20:14:49,311 : INFO : EventManager : Event: ======'machine_var_audits_switches_s_flipper_rigt'====== Args={'value': 0, 'prev_value': None, 'change': True}
2026-04-15 20:14:49,311 : INFO : EventManager : Event: ======'machine_var_audits_switches_s_homer_h'====== Args={'value': 18, 'prev_value': None, 'change': True}
2026-04-15 20:14:49,311 : INFO : EventManager : Event: ======'machine_var_audits_switches_s_kickout'====== Args={'value': 1, 'prev_value': None, 'change': True}
2026-04-15 20:14:49,311 : INFO : EventManager : Event: ======'machine_var_audits_switches_s_plunger_lane'====== Args={'value': 2, 'prev_value': None, 'change': True}
2026-04-15 20:14:49,311 : INFO : EventManager : Event: ======'machine_var_audits_switches_s_ramp_1'====== Args={'value': 0, 'prev_value': None, 'change': True}
2026-04-15 20:14:49,312 : INFO : EventManager : Event: ======'machine_var_audits_switches_s_sling_left'====== Args={'value': 40, 'prev_value': None, 'change': True}
2026-04-15 20:14:49,312 : INFO : EventManager : Event: ======'machine_var_audits_switches_s_sling_right'====== Args={'value': 33, 'prev_value': None, 'change': True}
2026-04-15 20:14:49,312 : INFO : EventManager : Event: ======'machine_var_audits_switches_s_start'====== Args={'value': 3, 'prev_value': None, 'change': True}
2026-04-15 20:14:49,312 : INFO : EventManager : Event: ======'machine_var_audits_switches_s_trough_1'====== Args={'value': 0, 'prev_value': None, 'change': True}
2026-04-15 20:14:49,312 : INFO : EventManager : Event: ======'machine_var_audits_switches_s_trough_2'====== Args={'value': 0, 'prev_value': None, 'change': True}
2026-04-15 20:14:49,312 : INFO : EventManager : Event: ======'machine_var_audits_switches_s_trough_3'====== Args={'value': 0, 'prev_value': None, 'change': True}
2026-04-15 20:14:49,312 : INFO : EventManager : Event: ======'init_phase_5'====== Args={}
2026-04-15 20:14:49,355 : INFO : EventManager : Event: ======'init_done'====== Args={}
2026-04-15 20:14:49,355 : INFO : EventManager : Event: ======'machine_reset_phase_1'====== Args={}
2026-04-15 20:14:49,366 : INFO : EventManager : Event: ======'machine_reset_phase_2'====== Args={}
2026-04-15 20:14:49,366 : INFO : EventManager : Event: ======'machine_reset_phase_3'====== Args={}
2026-04-15 20:14:49,367 : INFO : EventManager : Event: ======'reset_complete'====== Args={}
2026-04-15 20:14:49,367 : INFO : Machine : Starting the main run loop with active modes: []
2026-04-15 20:14:49,367 : WARNING : Machine : Attract mode is not active, game will not be playable. Please check your attract mode configuration.
2026-04-15 20:15:26,179 : INFO : SwitchController : <<<<<<< 's_sling_left' active >>>>>>>
2026-04-15 20:15:26,179 : INFO : EventManager : Event: ======'playfield_active'====== Args={'source': 'slingshot_left'}
2026-04-15 20:15:26,179 : INFO : EventManager : Event: ======'unexpected_ball_on_playfield'====== Args={}
2026-04-15 20:15:26,278 : INFO : SwitchController : <<<<<<< 's_sling_left' inactive >>>>>>>
2026-04-15 20:15:27,212 : INFO : SwitchController : <<<<<<< 's_sling_right' active >>>>>>>
2026-04-15 20:15:27,213 : INFO : EventManager : Event: ======'playfield_active'====== Args={'source': 'slingshot_right'}
2026-04-15 20:15:27,213 : INFO : EventManager : Event: ======'unexpected_ball_on_playfield'====== Args={}
2026-04-15 20:15:27,294 : INFO : SwitchController : <<<<<<< 's_sling_right' inactive >>>>>>>
2026-04-15 20:15:30,368 : INFO : Machine : Shutting down...
2026-04-15 20:15:30,368 : INFO : EventManager : Event: ======'shutdown'====== Args={}
2026-04-15 20:15:30,373 : INFO : root : MPF run loop ended.
